<?xml version="1.0" encoding="UTF-8"?>
<testsuite xmlns:xsi="http://www.w3.org/2001/XMLSchema-instance" xsi:noNamespaceSchemaLocation="https://maven.apache.org/surefire/maven-surefire-plugin/xsd/surefire-test-report-3.0.xsd" version="3.0" name="study.api.AccuWeatherApiTests" time="6.878" tests="20" errors="0" skipped="0" failures="0">
  <properties>
    <property name="java.specification.version" value="17"/>
    <property name="sun.jnu.encoding" value="UTF-8"/>
    <property name="java.class.path" value="/Users/anastasiyashagrai/Desktop/accuweather-restassured/target/test-classes:/Users/anastasiyashagrai/Desktop/accuweather-restassured/target/classes:/Users/anastasiyashagrai/.m2/repository/io/rest-assured/rest-assured/5.4.0/rest-assured-5.4.0.jar:/Users/anastasiyashagrai/.m2/repository/org/apache/groovy/groovy/4.0.16/groovy-4.0.16.jar:/Users/anastasiyashagrai/.m2/repository/org/apache/groovy/groovy-xml/4.0.16/groovy-xml-4.0.16.jar:/Users/anastasiyashagrai/.m2/repository/org/apache/httpcomponents/httpclient/4.5.13/httpclient-4.5.13.jar:/Users/anastasiyashagrai/.m2/repository/org/apache/httpcomponents/httpcore/4.4.13/httpcore-4.4.13.jar:/Users/anastasiyashagrai/.m2/repository/commons-logging/commons-logging/1.2/commons-logging-1.2.jar:/Users/anastasiyashagrai/.m2/repository/commons-codec/commons-codec/1.11/commons-codec-1.11.jar:/Users/anastasiyashagrai/.m2/repository/org/apache/httpcomponents/httpmime/4.5.13/httpmime-4.5.13.jar:/Users/anastasiyashagrai/.m2/repository/org/hamcrest/hamcrest/2.2/hamcrest-2.2.jar:/Users/anastasiyashagrai/.m2/repository/org/ccil/cowan/tagsoup/tagsoup/1.2.1/tagsoup-1.2.1.jar:/Users/anastasiyashagrai/.m2/repository/io/rest-assured/json-path/5.4.0/json-path-5.4.0.jar:/Users/anastasiyashagrai/.m2/repository/org/apache/groovy/groovy-json/4.0.16/groovy-json-4.0.16.jar:/Users/anastasiyashagrai/.m2/repository/io/rest-assured/rest-assured-common/5.4.0/rest-assured-common-5.4.0.jar:/Users/anastasiyashagrai/.m2/repository/io/rest-assured/xml-path/5.4.0/xml-path-5.4.0.jar:/Users/anastasiyashagrai/.m2/repository/org/apache/commons/commons-lang3/3.11/commons-lang3-3.11.jar:/Users/anastasiyashagrai/.m2/repository/org/junit/jupiter/junit-jupiter-api/5.10.2/junit-jupiter-api-5.10.2.jar:/Users/anastasiyashagrai/.m2/repository/org/opentest4j/opentest4j/1.3.0/opentest4j-1.3.0.jar:/Users/anastasiyashagrai/.m2/repository/org/junit/platform/junit-platform-commons/1.10.2/junit-platform-commons-1.10.2.jar:/Users/anastasiyashagrai/.m2/repository/org/apiguardian/apiguardian-api/1.1.2/apiguardian-api-1.1.2.jar:/Users/anastasiyashagrai/.m2/repository/org/junit/jupiter/junit-jupiter-engine/5.10.2/junit-jupiter-engine-5.10.2.jar:/Users/anastasiyashagrai/.m2/repository/org/junit/platform/junit-platform-engine/1.10.2/junit-platform-engine-1.10.2.jar:/Users/anastasiyashagrai/.m2/repository/com/fasterxml/jackson/core/jackson-databind/2.17.1/jackson-databind-2.17.1.jar:/Users/anastasiyashagrai/.m2/repository/com/fasterxml/jackson/core/jackson-annotations/2.17.1/jackson-annotations-2.17.1.jar:/Users/anastasiyashagrai/.m2/repository/com/fasterxml/jackson/core/jackson-core/2.17.1/jackson-core-2.17.1.jar:/Users/anastasiyashagrai/.m2/repository/com/github/tomakehurst/wiremock-jre8-standalone/2.35.1/wiremock-jre8-standalone-2.35.1.jar:/Users/anastasiyashagrai/.m2/repository/org/slf4j/slf4j-api/2.0.13/slf4j-api-2.0.13.jar:/Users/anastasiyashagrai/.m2/repository/ch/qos/logback/logback-classic/1.5.6/logback-classic-1.5.6.jar:/Users/anastasiyashagrai/.m2/repository/ch/qos/logback/logback-core/1.5.6/logback-core-1.5.6.jar:/Users/anastasiyashagrai/.m2/repository/org/assertj/assertj-core/3.26.0/assertj-core-3.26.0.jar:/Users/anastasiyashagrai/.m2/repository/net/bytebuddy/byte-buddy/1.14.16/byte-buddy-1.14.16.jar:/Users/anastasiyashagrai/.m2/repository/io/qameta/allure/allure-junit5/2.26.0/allure-junit5-2.26.0.jar:/Users/anastasiyashagrai/.m2/repository/io/qameta/allure/allure-junit-platform/2.26.0/allure-junit-platform-2.26.0.jar:/Users/anastasiyashagrai/.m2/repository/io/qameta/allure/allure-java-commons/2.26.0/allure-java-commons-2.26.0.jar:/Users/anastasiyashagrai/.m2/repository/io/qameta/allure/allure-model/2.26.0/allure-model-2.26.0.jar:/Users/anastasiyashagrai/.m2/repository/io/qameta/allure/allure-test-filter/2.26.0/allure-test-filter-2.26.0.jar:/Users/anastasiyashagrai/.m2/repository/org/junit/platform/junit-platform-launcher/1.9.2/junit-platform-launcher-1.9.2.jar:/Users/anastasiyashagrai/.m2/repository/io/qameta/allure/allure-rest-assured/2.13.0/allure-rest-assured-2.13.0.jar:/Users/anastasiyashagrai/.m2/repository/io/qameta/allure/allure-attachments/2.13.0/allure-attachments-2.13.0.jar:/Users/anastasiyashagrai/.m2/repository/org/freemarker/freemarker/2.3.28/freemarker-2.3.28.jar:"/>
    <property name="java.vm.vendor" value="Eclipse Adoptium"/>
    <property name="sun.arch.data.model" value="64"/>
    <property name="java.vendor.url" value="https://adoptium.net/"/>
    <property name="user.timezone" value="Europe/Minsk"/>
    <property name="os.name" value="Mac OS X"/>
    <property name="java.vm.specification.version" value="17"/>
    <property name="sun.java.launcher" value="SUN_STANDARD"/>
    <property name="user.country" value="BY"/>
    <property name="sun.boot.library.path" value="/Library/Java/JavaVirtualMachines/temurin-17.jdk/Contents/Home/lib"/>
    <property name="sun.java.command" value="/Users/anastasiyashagrai/Desktop/accuweather-restassured/target/surefire/surefirebooter-20250912175250920_3.jar /Users/anastasiyashagrai/Desktop/accuweather-restassured/target/surefire 2025-09-12T17-52-50_884-jvmRun1 surefire-20250912175250920_1tmp surefire_0-20250912175250920_2tmp"/>
    <property name="jdk.debug" value="release"/>
    <property name="surefire.test.class.path" value="/Users/anastasiyashagrai/Desktop/accuweather-restassured/target/test-classes:/Users/anastasiyashagrai/Desktop/accuweather-restassured/target/classes:/Users/anastasiyashagrai/.m2/repository/io/rest-assured/rest-assured/5.4.0/rest-assured-5.4.0.jar:/Users/anastasiyashagrai/.m2/repository/org/apache/groovy/groovy/4.0.16/groovy-4.0.16.jar:/Users/anastasiyashagrai/.m2/repository/org/apache/groovy/groovy-xml/4.0.16/groovy-xml-4.0.16.jar:/Users/anastasiyashagrai/.m2/repository/org/apache/httpcomponents/httpclient/4.5.13/httpclient-4.5.13.jar:/Users/anastasiyashagrai/.m2/repository/org/apache/httpcomponents/httpcore/4.4.13/httpcore-4.4.13.jar:/Users/anastasiyashagrai/.m2/repository/commons-logging/commons-logging/1.2/commons-logging-1.2.jar:/Users/anastasiyashagrai/.m2/repository/commons-codec/commons-codec/1.11/commons-codec-1.11.jar:/Users/anastasiyashagrai/.m2/repository/org/apache/httpcomponents/httpmime/4.5.13/httpmime-4.5.13.jar:/Users/anastasiyashagrai/.m2/repository/org/hamcrest/hamcrest/2.2/hamcrest-2.2.jar:/Users/anastasiyashagrai/.m2/repository/org/ccil/cowan/tagsoup/tagsoup/1.2.1/tagsoup-1.2.1.jar:/Users/anastasiyashagrai/.m2/repository/io/rest-assured/json-path/5.4.0/json-path-5.4.0.jar:/Users/anastasiyashagrai/.m2/repository/org/apache/groovy/groovy-json/4.0.16/groovy-json-4.0.16.jar:/Users/anastasiyashagrai/.m2/repository/io/rest-assured/rest-assured-common/5.4.0/rest-assured-common-5.4.0.jar:/Users/anastasiyashagrai/.m2/repository/io/rest-assured/xml-path/5.4.0/xml-path-5.4.0.jar:/Users/anastasiyashagrai/.m2/repository/org/apache/commons/commons-lang3/3.11/commons-lang3-3.11.jar:/Users/anastasiyashagrai/.m2/repository/org/junit/jupiter/junit-jupiter-api/5.10.2/junit-jupiter-api-5.10.2.jar:/Users/anastasiyashagrai/.m2/repository/org/opentest4j/opentest4j/1.3.0/opentest4j-1.3.0.jar:/Users/anastasiyashagrai/.m2/repository/org/junit/platform/junit-platform-commons/1.10.2/junit-platform-commons-1.10.2.jar:/Users/anastasiyashagrai/.m2/repository/org/apiguardian/apiguardian-api/1.1.2/apiguardian-api-1.1.2.jar:/Users/anastasiyashagrai/.m2/repository/org/junit/jupiter/junit-jupiter-engine/5.10.2/junit-jupiter-engine-5.10.2.jar:/Users/anastasiyashagrai/.m2/repository/org/junit/platform/junit-platform-engine/1.10.2/junit-platform-engine-1.10.2.jar:/Users/anastasiyashagrai/.m2/repository/com/fasterxml/jackson/core/jackson-databind/2.17.1/jackson-databind-2.17.1.jar:/Users/anastasiyashagrai/.m2/repository/com/fasterxml/jackson/core/jackson-annotations/2.17.1/jackson-annotations-2.17.1.jar:/Users/anastasiyashagrai/.m2/repository/com/fasterxml/jackson/core/jackson-core/2.17.1/jackson-core-2.17.1.jar:/Users/anastasiyashagrai/.m2/repository/com/github/tomakehurst/wiremock-jre8-standalone/2.35.1/wiremock-jre8-standalone-2.35.1.jar:/Users/anastasiyashagrai/.m2/repository/org/slf4j/slf4j-api/2.0.13/slf4j-api-2.0.13.jar:/Users/anastasiyashagrai/.m2/repository/ch/qos/logback/logback-classic/1.5.6/logback-classic-1.5.6.jar:/Users/anastasiyashagrai/.m2/repository/ch/qos/logback/logback-core/1.5.6/logback-core-1.5.6.jar:/Users/anastasiyashagrai/.m2/repository/org/assertj/assertj-core/3.26.0/assertj-core-3.26.0.jar:/Users/anastasiyashagrai/.m2/repository/net/bytebuddy/byte-buddy/1.14.16/byte-buddy-1.14.16.jar:/Users/anastasiyashagrai/.m2/repository/io/qameta/allure/allure-junit5/2.26.0/allure-junit5-2.26.0.jar:/Users/anastasiyashagrai/.m2/repository/io/qameta/allure/allure-junit-platform/2.26.0/allure-junit-platform-2.26.0.jar:/Users/anastasiyashagrai/.m2/repository/io/qameta/allure/allure-java-commons/2.26.0/allure-java-commons-2.26.0.jar:/Users/anastasiyashagrai/.m2/repository/io/qameta/allure/allure-model/2.26.0/allure-model-2.26.0.jar:/Users/anastasiyashagrai/.m2/repository/io/qameta/allure/allure-test-filter/2.26.0/allure-test-filter-2.26.0.jar:/Users/anastasiyashagrai/.m2/repository/org/junit/platform/junit-platform-launcher/1.9.2/junit-platform-launcher-1.9.2.jar:/Users/anastasiyashagrai/.m2/repository/io/qameta/allure/allure-rest-assured/2.13.0/allure-rest-assured-2.13.0.jar:/Users/anastasiyashagrai/.m2/repository/io/qameta/allure/allure-attachments/2.13.0/allure-attachments-2.13.0.jar:/Users/anastasiyashagrai/.m2/repository/org/freemarker/freemarker/2.3.28/freemarker-2.3.28.jar:"/>
    <property name="allure.results.directory" value="/Users/anastasiyashagrai/Desktop/accuweather-restassured/target/allure-results"/>
    <property name="sun.cpu.endian" value="little"/>
    <property name="user.home" value="/Users/anastasiyashagrai"/>
    <property name="user.language" value="ru"/>
    <property name="java.specification.vendor" value="Oracle Corporation"/>
    <property name="java.version.date" value="2024-01-16"/>
    <property name="java.home" value="/Library/Java/JavaVirtualMachines/temurin-17.jdk/Contents/Home"/>
    <property name="file.separator" value="/"/>
    <property name="basedir" value="/Users/anastasiyashagrai/Desktop/accuweather-restassured"/>
    <property name="java.vm.compressedOopsMode" value="Zero based"/>
    <property name="line.separator" value="&#10;"/>
    <property name="java.specification.name" value="Java Platform API Specification"/>
    <property name="java.vm.specification.vendor" value="Oracle Corporation"/>
    <property name="surefire.real.class.path" value="/Users/anastasiyashagrai/Desktop/accuweather-restassured/target/surefire/surefirebooter-20250912175250920_3.jar"/>
    <property name="sun.management.compiler" value="HotSpot 64-Bit Tiered Compilers"/>
    <property name="java.runtime.version" value="17.0.10+7"/>
    <property name="user.name" value="anastasiyashagrai"/>
    <property name="path.separator" value=":"/>
    <property name="os.version" value="15.1"/>
    <property name="java.runtime.name" value="OpenJDK Runtime Environment"/>
    <property name="API_KEY" value=""/>
    <property name="file.encoding" value="UTF-8"/>
    <property name="java.vm.name" value="OpenJDK 64-Bit Server VM"/>
    <property name="java.vendor.version" value="Temurin-17.0.10+7"/>
    <property name="localRepository" value="/Users/anastasiyashagrai/.m2/repository"/>
    <property name="java.vendor.url.bug" value="https://github.com/adoptium/adoptium-support/issues"/>
    <property name="java.io.tmpdir" value="/var/folders/hr/56f9fygs78nb8r4pg8qvc_xc0000gn/T/"/>
    <property name="java.version" value="17.0.10"/>
    <property name="user.dir" value="/Users/anastasiyashagrai/Desktop/accuweather-restassured"/>
    <property name="os.arch" value="aarch64"/>
    <property name="java.vm.specification.name" value="Java Virtual Machine Specification"/>
    <property name="native.encoding" value="UTF-8"/>
    <property name="java.library.path" value="/Users/anastasiyashagrai/Library/Java/Extensions:/Library/Java/Extensions:/Network/Library/Java/Extensions:/System/Library/Java/Extensions:/usr/lib/java:."/>
    <property name="java.vm.info" value="mixed mode"/>
    <property name="java.vendor" value="Eclipse Adoptium"/>
    <property name="java.vm.version" value="17.0.10+7"/>
    <property name="sun.io.unicode.encoding" value="UnicodeBig"/>
    <property name="java.class.version" value="61.0"/>
    <property name="BASE_URL" value=""/>
  </properties>
  <testcase name="citiesSearch" classname="study.api.AccuWeatherApiTests" time="0.733">
    <system-out><![CDATA[Request method:	GET
Request URI:	https://dataservice.accuweather.com/locations/v1/cities/search?apikey=AOAG2WhmzCsb9h5PVDoF8PicU9rbkRvB&q=Minsk
Proxy:			<none>
Request params:	<none>
Query params:	apikey=AOAG2WhmzCsb9h5PVDoF8PicU9rbkRvB
				q=Minsk
Form params:	<none>
Path params:	<none>
Headers:		Accept=*/*
Cookies:		<none>
Multiparts:		<none>
Body:			<none>
HTTP/1.1 401 Unauthorized
Content-Type: application/problem+json
zp-rid: dabe7dd0-608b-4e30-a7e9-0c2e3e3395a9
Vary: Accept-Encoding
Content-Encoding: gzip
Content-Length: 392
Date: Fri, 12 Sep 2025 14:52:52 GMT
Alt-Svc: h3=":443"; ma=93600,h3-29=":443"; ma=93600
Connection: keep-alive
Server-Timing: cdn-cache; desc=MISS
Server-Timing: edge; dur=37
Server-Timing: origin; dur=41
Strict-Transport-Security: max-age=86400 ; includeSubDomains
Server-Timing: ak_p; desc="1757688772145_1600473287_2079627548_7745_2037_36_74_-";dur=1

{
    "type": "https://httpproblems.com/http-status/401",
    "title": "Unauthorized",
    "status": 401,
    "instance": "/locations/v1/cities/search",
    "trace": {
        "timestamp": "2025-09-12T14:52:52.281Z",
        "requestId": "dabe7dd0-608b-4e30-a7e9-0c2e3e3395a9",
        "buildId": "f2cb8906-d568-4c43-a987-c19acf6faff6"
    },
    "Code": "Unauthorized",
    "Message": "API authorization failed",
    "Reference": "https://dataservice.accuweather.com/locations/v1/cities/search?apikey=REDACTED&q=Minsk"
}
]]></system-out>
  </testcase>
  <testcase name="conditionsTopCities" classname="study.api.AccuWeatherApiTests" time="0.514">
    <system-out><![CDATA[Request method:	GET
Request URI:	https://dataservice.accuweather.com/currentconditions/v1/topcities/50?apikey=AOAG2WhmzCsb9h5PVDoF8PicU9rbkRvB
Proxy:			<none>
Request params:	<none>
Query params:	apikey=AOAG2WhmzCsb9h5PVDoF8PicU9rbkRvB
Form params:	<none>
Path params:	<none>
Headers:		Accept=*/*
Cookies:		<none>
Multiparts:		<none>
Body:			<none>
Request method:	GET
Request URI:	https://dataservice.accuweather.com/currentconditions/v1/topcities/50?apikey=AOAG2WhmzCsb9h5PVDoF8PicU9rbkRvB
Proxy:			<none>
Request params:	<none>
Query params:	apikey=AOAG2WhmzCsb9h5PVDoF8PicU9rbkRvB
Form params:	<none>
Path params:	<none>
Headers:		Accept=*/*
Cookies:		<none>
Multiparts:		<none>
Body:			<none>
HTTP/1.1 401 Unauthorized
Content-Type: application/problem+json
zp-rid: 00271177-7479-41d8-a0c1-32dd937f74c7
Vary: Accept-Encoding
Content-Encoding: gzip
Content-Length: 392
Date: Fri, 12 Sep 2025 14:52:52 GMT
Alt-Svc: h3=":443"; ma=93600,h3-29=":443"; ma=93600
Connection: keep-alive
Server-Timing: cdn-cache; desc=MISS
Server-Timing: edge; dur=31
Server-Timing: origin; dur=49
Strict-Transport-Security: max-age=86400 ; includeSubDomains
Server-Timing: ak_p; desc="1757688772446_1600473305_945164012_8025_1436_36_325_-";dur=1

{
    "type": "https://httpproblems.com/http-status/401",
    "title": "Unauthorized",
    "status": 401,
    "instance": "/currentconditions/v1/topcities/50",
    "trace": {
        "timestamp": "2025-09-12T14:52:52.838Z",
        "requestId": "00271177-7479-41d8-a0c1-32dd937f74c7",
        "buildId": "f2cb8906-d568-4c43-a987-c19acf6faff6"
    },
    "Code": "Unauthorized",
    "Message": "API authorization failed",
    "Reference": "https://dataservice.accuweather.com/currentconditions/v1/topcities/50?apikey=REDACTED"
}
HTTP/1.1 401 Unauthorized
Content-Type: application/problem+json
zp-rid: 00271177-7479-41d8-a0c1-32dd937f74c7
Vary: Accept-Encoding
Content-Encoding: gzip
Content-Length: 392
Date: Fri, 12 Sep 2025 14:52:52 GMT
Alt-Svc: h3=":443"; ma=93600,h3-29=":443"; ma=93600
Connection: keep-alive
Server-Timing: cdn-cache; desc=MISS
Server-Timing: edge; dur=31
Server-Timing: origin; dur=49
Strict-Transport-Security: max-age=86400 ; includeSubDomains
Server-Timing: ak_p; desc="1757688772446_1600473305_945164012_8025_1436_36_325_-";dur=1

{
    "type": "https://httpproblems.com/http-status/401",
    "title": "Unauthorized",
    "status": 401,
    "instance": "/currentconditions/v1/topcities/50",
    "trace": {
        "timestamp": "2025-09-12T14:52:52.838Z",
        "requestId": "00271177-7479-41d8-a0c1-32dd937f74c7",
        "buildId": "f2cb8906-d568-4c43-a987-c19acf6faff6"
    },
    "Code": "Unauthorized",
    "Message": "API authorization failed",
    "Reference": "https://dataservice.accuweather.com/currentconditions/v1/topcities/50?apikey=REDACTED"
}
]]></system-out>
  </testcase>
  <testcase name="forecast1day" classname="study.api.AccuWeatherApiTests" time="0.228">
    <system-out><![CDATA[Request method:	GET
Request URI:	https://dataservice.accuweather.com/forecasts/v1/daily/1day/294021?apikey=AOAG2WhmzCsb9h5PVDoF8PicU9rbkRvB&language=ru-ru&metric=true
Proxy:			<none>
Request params:	<none>
Query params:	apikey=AOAG2WhmzCsb9h5PVDoF8PicU9rbkRvB
				language=ru-ru
				metric=true
Form params:	<none>
Path params:	<none>
Headers:		Accept=*/*
Cookies:		<none>
Multiparts:		<none>
Body:			<none>
Request method:	GET
Request URI:	https://dataservice.accuweather.com/forecasts/v1/daily/1day/294021?apikey=AOAG2WhmzCsb9h5PVDoF8PicU9rbkRvB&language=ru-ru&metric=true
Proxy:			<none>
Request params:	<none>
Query params:	apikey=AOAG2WhmzCsb9h5PVDoF8PicU9rbkRvB
				language=ru-ru
				metric=true
Form params:	<none>
Path params:	<none>
Headers:		Accept=*/*
Cookies:		<none>
Multiparts:		<none>
Body:			<none>
Request method:	GET
Request URI:	https://dataservice.accuweather.com/forecasts/v1/daily/1day/294021?apikey=AOAG2WhmzCsb9h5PVDoF8PicU9rbkRvB&language=ru-ru&metric=true
Proxy:			<none>
Request params:	<none>
Query params:	apikey=AOAG2WhmzCsb9h5PVDoF8PicU9rbkRvB
				language=ru-ru
				metric=true
Form params:	<none>
Path params:	<none>
Headers:		Accept=*/*
Cookies:		<none>
Multiparts:		<none>
Body:			<none>
HTTP/1.1 401 Unauthorized
Content-Type: application/problem+json
zp-rid: 0a9f4dd9-4850-40a8-a0e2-eca14ddf76af
Vary: Accept-Encoding
Content-Encoding: gzip
Date: Fri, 12 Sep 2025 14:52:53 GMT
Alt-Svc: h3=":443"; ma=93600,h3-29=":443"; ma=93600
Connection: close
Server-Timing: edge; dur=1
Server-Timing: origin; dur=72
Server-Timing: cdn-cache; desc=MISS
Strict-Transport-Security: max-age=86400 ; includeSubDomains
Server-Timing: ak_p; desc="1757688772973_1600473287_2079636314_7181_1715_38_44_-";dur=1

{
    "type": "https://httpproblems.com/http-status/401",
    "title": "Unauthorized",
    "status": 401,
    "instance": "/forecasts/v1/daily/1day/294021",
    "trace": {
        "timestamp": "2025-09-12T14:52:53.077Z",
        "requestId": "0a9f4dd9-4850-40a8-a0e2-eca14ddf76af",
        "buildId": "f2cb8906-d568-4c43-a987-c19acf6faff6"
    },
    "Code": "Unauthorized",
    "Message": "API authorization failed",
    "Reference": "https://dataservice.accuweather.com/forecasts/v1/daily/1day/294021?apikey=REDACTED&language=ru-ru&metric=true"
}
HTTP/1.1 401 Unauthorized
Content-Type: application/problem+json
zp-rid: 0a9f4dd9-4850-40a8-a0e2-eca14ddf76af
Vary: Accept-Encoding
Content-Encoding: gzip
Date: Fri, 12 Sep 2025 14:52:53 GMT
Alt-Svc: h3=":443"; ma=93600,h3-29=":443"; ma=93600
Connection: close
Server-Timing: edge; dur=1
Server-Timing: origin; dur=72
Server-Timing: cdn-cache; desc=MISS
Strict-Transport-Security: max-age=86400 ; includeSubDomains
Server-Timing: ak_p; desc="1757688772973_1600473287_2079636314_7181_1715_38_44_-";dur=1

{
    "type": "https://httpproblems.com/http-status/401",
    "title": "Unauthorized",
    "status": 401,
    "instance": "/forecasts/v1/daily/1day/294021",
    "trace": {
        "timestamp": "2025-09-12T14:52:53.077Z",
        "requestId": "0a9f4dd9-4850-40a8-a0e2-eca14ddf76af",
        "buildId": "f2cb8906-d568-4c43-a987-c19acf6faff6"
    },
    "Code": "Unauthorized",
    "Message": "API authorization failed",
    "Reference": "https://dataservice.accuweather.com/forecasts/v1/daily/1day/294021?apikey=REDACTED&language=ru-ru&metric=true"
}
HTTP/1.1 401 Unauthorized
Content-Type: application/problem+json
zp-rid: 0a9f4dd9-4850-40a8-a0e2-eca14ddf76af
Vary: Accept-Encoding
Content-Encoding: gzip
Date: Fri, 12 Sep 2025 14:52:53 GMT
Alt-Svc: h3=":443"; ma=93600,h3-29=":443"; ma=93600
Connection: close
Server-Timing: edge; dur=1
Server-Timing: origin; dur=72
Server-Timing: cdn-cache; desc=MISS
Strict-Transport-Security: max-age=86400 ; includeSubDomains
Server-Timing: ak_p; desc="1757688772973_1600473287_2079636314_7181_1715_38_44_-";dur=1

{
    "type": "https://httpproblems.com/http-status/401",
    "title": "Unauthorized",
    "status": 401,
    "instance": "/forecasts/v1/daily/1day/294021",
    "trace": {
        "timestamp": "2025-09-12T14:52:53.077Z",
        "requestId": "0a9f4dd9-4850-40a8-a0e2-eca14ddf76af",
        "buildId": "f2cb8906-d568-4c43-a987-c19acf6faff6"
    },
    "Code": "Unauthorized",
    "Message": "API authorization failed",
    "Reference": "https://dataservice.accuweather.com/forecasts/v1/daily/1day/294021?apikey=REDACTED&language=ru-ru&metric=true"
}
]]></system-out>
  </testcase>
  <testcase name="forecast5day" classname="study.api.AccuWeatherApiTests" time="0.512">
    <system-out><![CDATA[Request method:	GET
Request URI:	https://dataservice.accuweather.com/forecasts/v1/daily/5day/294021?apikey=AOAG2WhmzCsb9h5PVDoF8PicU9rbkRvB&metric=true
Proxy:			<none>
Request params:	<none>
Query params:	apikey=AOAG2WhmzCsb9h5PVDoF8PicU9rbkRvB
				metric=true
Form params:	<none>
Path params:	<none>
Headers:		Accept=*/*
Cookies:		<none>
Multiparts:		<none>
Body:			<none>
Request method:	GET
Request URI:	https://dataservice.accuweather.com/forecasts/v1/daily/5day/294021?apikey=AOAG2WhmzCsb9h5PVDoF8PicU9rbkRvB&metric=true
Proxy:			<none>
Request params:	<none>
Query params:	apikey=AOAG2WhmzCsb9h5PVDoF8PicU9rbkRvB
				metric=true
Form params:	<none>
Path params:	<none>
Headers:		Accept=*/*
Cookies:		<none>
Multiparts:		<none>
Body:			<none>
Request method:	GET
Request URI:	https://dataservice.accuweather.com/forecasts/v1/daily/5day/294021?apikey=AOAG2WhmzCsb9h5PVDoF8PicU9rbkRvB&metric=true
Proxy:			<none>
Request params:	<none>
Query params:	apikey=AOAG2WhmzCsb9h5PVDoF8PicU9rbkRvB
				metric=true
Form params:	<none>
Path params:	<none>
Headers:		Accept=*/*
Cookies:		<none>
Multiparts:		<none>
Body:			<none>
Request method:	GET
Request URI:	https://dataservice.accuweather.com/forecasts/v1/daily/5day/294021?apikey=AOAG2WhmzCsb9h5PVDoF8PicU9rbkRvB&metric=true
Proxy:			<none>
Request params:	<none>
Query params:	apikey=AOAG2WhmzCsb9h5PVDoF8PicU9rbkRvB
				metric=true
Form params:	<none>
Path params:	<none>
Headers:		Accept=*/*
Cookies:		<none>
Multiparts:		<none>
Body:			<none>
HTTP/1.1 401 Unauthorized
Content-Type: application/problem+json
zp-rid: dc12eb6f-60f5-4410-b121-0ba60b477c6a
Vary: Accept-Encoding
Content-Encoding: gzip
Content-Length: 401
Date: Fri, 12 Sep 2025 14:52:53 GMT
Alt-Svc: h3=":443"; ma=93600,h3-29=":443"; ma=93600
Connection: keep-alive
Server-Timing: cdn-cache; desc=MISS
Server-Timing: edge; dur=32
Server-Timing: origin; dur=42
Strict-Transport-Security: max-age=86400 ; includeSubDomains
Server-Timing: ak_p; desc="1757688773199_1600473305_945173683_7390_1637_38_327_-";dur=1

{
    "type": "https://httpproblems.com/http-status/401",
    "title": "Unauthorized",
    "status": 401,
    "instance": "/forecasts/v1/daily/5day/294021",
    "trace": {
        "timestamp": "2025-09-12T14:52:53.587Z",
        "requestId": "dc12eb6f-60f5-4410-b121-0ba60b477c6a",
        "buildId": "f2cb8906-d568-4c43-a987-c19acf6faff6"
    },
    "Code": "Unauthorized",
    "Message": "API authorization failed",
    "Reference": "https://dataservice.accuweather.com/forecasts/v1/daily/5day/294021?apikey=REDACTED&metric=true"
}
HTTP/1.1 401 Unauthorized
Content-Type: application/problem+json
zp-rid: dc12eb6f-60f5-4410-b121-0ba60b477c6a
Vary: Accept-Encoding
Content-Encoding: gzip
Content-Length: 401
Date: Fri, 12 Sep 2025 14:52:53 GMT
Alt-Svc: h3=":443"; ma=93600,h3-29=":443"; ma=93600
Connection: keep-alive
Server-Timing: cdn-cache; desc=MISS
Server-Timing: edge; dur=32
Server-Timing: origin; dur=42
Strict-Transport-Security: max-age=86400 ; includeSubDomains
Server-Timing: ak_p; desc="1757688773199_1600473305_945173683_7390_1637_38_327_-";dur=1

{
    "type": "https://httpproblems.com/http-status/401",
    "title": "Unauthorized",
    "status": 401,
    "instance": "/forecasts/v1/daily/5day/294021",
    "trace": {
        "timestamp": "2025-09-12T14:52:53.587Z",
        "requestId": "dc12eb6f-60f5-4410-b121-0ba60b477c6a",
        "buildId": "f2cb8906-d568-4c43-a987-c19acf6faff6"
    },
    "Code": "Unauthorized",
    "Message": "API authorization failed",
    "Reference": "https://dataservice.accuweather.com/forecasts/v1/daily/5day/294021?apikey=REDACTED&metric=true"
}
HTTP/1.1 401 Unauthorized
Content-Type: application/problem+json
zp-rid: dc12eb6f-60f5-4410-b121-0ba60b477c6a
Vary: Accept-Encoding
Content-Encoding: gzip
Content-Length: 401
Date: Fri, 12 Sep 2025 14:52:53 GMT
Alt-Svc: h3=":443"; ma=93600,h3-29=":443"; ma=93600
Connection: keep-alive
Server-Timing: cdn-cache; desc=MISS
Server-Timing: edge; dur=32
Server-Timing: origin; dur=42
Strict-Transport-Security: max-age=86400 ; includeSubDomains
Server-Timing: ak_p; desc="1757688773199_1600473305_945173683_7390_1637_38_327_-";dur=1

{
    "type": "https://httpproblems.com/http-status/401",
    "title": "Unauthorized",
    "status": 401,
    "instance": "/forecasts/v1/daily/5day/294021",
    "trace": {
        "timestamp": "2025-09-12T14:52:53.587Z",
        "requestId": "dc12eb6f-60f5-4410-b121-0ba60b477c6a",
        "buildId": "f2cb8906-d568-4c43-a987-c19acf6faff6"
    },
    "Code": "Unauthorized",
    "Message": "API authorization failed",
    "Reference": "https://dataservice.accuweather.com/forecasts/v1/daily/5day/294021?apikey=REDACTED&metric=true"
}
HTTP/1.1 401 Unauthorized
Content-Type: application/problem+json
zp-rid: dc12eb6f-60f5-4410-b121-0ba60b477c6a
Vary: Accept-Encoding
Content-Encoding: gzip
Content-Length: 401
Date: Fri, 12 Sep 2025 14:52:53 GMT
Alt-Svc: h3=":443"; ma=93600,h3-29=":443"; ma=93600
Connection: keep-alive
Server-Timing: cdn-cache; desc=MISS
Server-Timing: edge; dur=32
Server-Timing: origin; dur=42
Strict-Transport-Security: max-age=86400 ; includeSubDomains
Server-Timing: ak_p; desc="1757688773199_1600473305_945173683_7390_1637_38_327_-";dur=1

{
    "type": "https://httpproblems.com/http-status/401",
    "title": "Unauthorized",
    "status": 401,
    "instance": "/forecasts/v1/daily/5day/294021",
    "trace": {
        "timestamp": "2025-09-12T14:52:53.587Z",
        "requestId": "dc12eb6f-60f5-4410-b121-0ba60b477c6a",
        "buildId": "f2cb8906-d568-4c43-a987-c19acf6faff6"
    },
    "Code": "Unauthorized",
    "Message": "API authorization failed",
    "Reference": "https://dataservice.accuweather.com/forecasts/v1/daily/5day/294021?apikey=REDACTED&metric=true"
}
]]></system-out>
  </testcase>
  <testcase name="forecast12hour" classname="study.api.AccuWeatherApiTests" time="0.221">
    <system-out><![CDATA[Request method:	GET
Request URI:	https://dataservice.accuweather.com/forecasts/v1/hourly/12hour/294021?apikey=AOAG2WhmzCsb9h5PVDoF8PicU9rbkRvB&metric=true
Proxy:			<none>
Request params:	<none>
Query params:	apikey=AOAG2WhmzCsb9h5PVDoF8PicU9rbkRvB
				metric=true
Form params:	<none>
Path params:	<none>
Headers:		Accept=*/*
Cookies:		<none>
Multiparts:		<none>
Body:			<none>
Request method:	GET
Request URI:	https://dataservice.accuweather.com/forecasts/v1/hourly/12hour/294021?apikey=AOAG2WhmzCsb9h5PVDoF8PicU9rbkRvB&metric=true
Proxy:			<none>
Request params:	<none>
Query params:	apikey=AOAG2WhmzCsb9h5PVDoF8PicU9rbkRvB
				metric=true
Form params:	<none>
Path params:	<none>
Headers:		Accept=*/*
Cookies:		<none>
Multiparts:		<none>
Body:			<none>
Request method:	GET
Request URI:	https://dataservice.accuweather.com/forecasts/v1/hourly/12hour/294021?apikey=AOAG2WhmzCsb9h5PVDoF8PicU9rbkRvB&metric=true
Proxy:			<none>
Request params:	<none>
Query params:	apikey=AOAG2WhmzCsb9h5PVDoF8PicU9rbkRvB
				metric=true
Form params:	<none>
Path params:	<none>
Headers:		Accept=*/*
Cookies:		<none>
Multiparts:		<none>
Body:			<none>
Request method:	GET
Request URI:	https://dataservice.accuweather.com/forecasts/v1/hourly/12hour/294021?apikey=AOAG2WhmzCsb9h5PVDoF8PicU9rbkRvB&metric=true
Proxy:			<none>
Request params:	<none>
Query params:	apikey=AOAG2WhmzCsb9h5PVDoF8PicU9rbkRvB
				metric=true
Form params:	<none>
Path params:	<none>
Headers:		Accept=*/*
Cookies:		<none>
Multiparts:		<none>
Body:			<none>
Request method:	GET
Request URI:	https://dataservice.accuweather.com/forecasts/v1/hourly/12hour/294021?apikey=AOAG2WhmzCsb9h5PVDoF8PicU9rbkRvB&metric=true
Proxy:			<none>
Request params:	<none>
Query params:	apikey=AOAG2WhmzCsb9h5PVDoF8PicU9rbkRvB
				metric=true
Form params:	<none>
Path params:	<none>
Headers:		Accept=*/*
Cookies:		<none>
Multiparts:		<none>
Body:			<none>
HTTP/1.1 401 Unauthorized
Content-Type: application/problem+json
zp-rid: a193e2c1-2a35-42c0-9710-92f5c6ab6132
Vary: Accept-Encoding
Content-Encoding: gzip
Date: Fri, 12 Sep 2025 14:52:53 GMT
Alt-Svc: h3=":443"; ma=93600,h3-29=":443"; ma=93600
Connection: close
Server-Timing: edge; dur=1
Server-Timing: origin; dur=72
Server-Timing: cdn-cache; desc=MISS
Strict-Transport-Security: max-age=86400 ; includeSubDomains
Server-Timing: ak_p; desc="1757688773713_1600473287_2079644316_7251_1656_37_42_-";dur=1

{
    "type": "https://httpproblems.com/http-status/401",
    "title": "Unauthorized",
    "status": 401,
    "instance": "/forecasts/v1/hourly/12hour/294021",
    "trace": {
        "timestamp": "2025-09-12T14:52:53.816Z",
        "requestId": "a193e2c1-2a35-42c0-9710-92f5c6ab6132",
        "buildId": "f2cb8906-d568-4c43-a987-c19acf6faff6"
    },
    "Code": "Unauthorized",
    "Message": "API authorization failed",
    "Reference": "https://dataservice.accuweather.com/forecasts/v1/hourly/12hour/294021?apikey=REDACTED&metric=true"
}
HTTP/1.1 401 Unauthorized
Content-Type: application/problem+json
zp-rid: a193e2c1-2a35-42c0-9710-92f5c6ab6132
Vary: Accept-Encoding
Content-Encoding: gzip
Date: Fri, 12 Sep 2025 14:52:53 GMT
Alt-Svc: h3=":443"; ma=93600,h3-29=":443"; ma=93600
Connection: close
Server-Timing: edge; dur=1
Server-Timing: origin; dur=72
Server-Timing: cdn-cache; desc=MISS
Strict-Transport-Security: max-age=86400 ; includeSubDomains
Server-Timing: ak_p; desc="1757688773713_1600473287_2079644316_7251_1656_37_42_-";dur=1

{
    "type": "https://httpproblems.com/http-status/401",
    "title": "Unauthorized",
    "status": 401,
    "instance": "/forecasts/v1/hourly/12hour/294021",
    "trace": {
        "timestamp": "2025-09-12T14:52:53.816Z",
        "requestId": "a193e2c1-2a35-42c0-9710-92f5c6ab6132",
        "buildId": "f2cb8906-d568-4c43-a987-c19acf6faff6"
    },
    "Code": "Unauthorized",
    "Message": "API authorization failed",
    "Reference": "https://dataservice.accuweather.com/forecasts/v1/hourly/12hour/294021?apikey=REDACTED&metric=true"
}
HTTP/1.1 401 Unauthorized
Content-Type: application/problem+json
zp-rid: a193e2c1-2a35-42c0-9710-92f5c6ab6132
Vary: Accept-Encoding
Content-Encoding: gzip
Date: Fri, 12 Sep 2025 14:52:53 GMT
Alt-Svc: h3=":443"; ma=93600,h3-29=":443"; ma=93600
Connection: close
Server-Timing: edge; dur=1
Server-Timing: origin; dur=72
Server-Timing: cdn-cache; desc=MISS
Strict-Transport-Security: max-age=86400 ; includeSubDomains
Server-Timing: ak_p; desc="1757688773713_1600473287_2079644316_7251_1656_37_42_-";dur=1

{
    "type": "https://httpproblems.com/http-status/401",
    "title": "Unauthorized",
    "status": 401,
    "instance": "/forecasts/v1/hourly/12hour/294021",
    "trace": {
        "timestamp": "2025-09-12T14:52:53.816Z",
        "requestId": "a193e2c1-2a35-42c0-9710-92f5c6ab6132",
        "buildId": "f2cb8906-d568-4c43-a987-c19acf6faff6"
    },
    "Code": "Unauthorized",
    "Message": "API authorization failed",
    "Reference": "https://dataservice.accuweather.com/forecasts/v1/hourly/12hour/294021?apikey=REDACTED&metric=true"
}
HTTP/1.1 401 Unauthorized
Content-Type: application/problem+json
zp-rid: a193e2c1-2a35-42c0-9710-92f5c6ab6132
Vary: Accept-Encoding
Content-Encoding: gzip
Date: Fri, 12 Sep 2025 14:52:53 GMT
Alt-Svc: h3=":443"; ma=93600,h3-29=":443"; ma=93600
Connection: close
Server-Timing: edge; dur=1
Server-Timing: origin; dur=72
Server-Timing: cdn-cache; desc=MISS
Strict-Transport-Security: max-age=86400 ; includeSubDomains
Server-Timing: ak_p; desc="1757688773713_1600473287_2079644316_7251_1656_37_42_-";dur=1

{
    "type": "https://httpproblems.com/http-status/401",
    "title": "Unauthorized",
    "status": 401,
    "instance": "/forecasts/v1/hourly/12hour/294021",
    "trace": {
        "timestamp": "2025-09-12T14:52:53.816Z",
        "requestId": "a193e2c1-2a35-42c0-9710-92f5c6ab6132",
        "buildId": "f2cb8906-d568-4c43-a987-c19acf6faff6"
    },
    "Code": "Unauthorized",
    "Message": "API authorization failed",
    "Reference": "https://dataservice.accuweather.com/forecasts/v1/hourly/12hour/294021?apikey=REDACTED&metric=true"
}
HTTP/1.1 401 Unauthorized
Content-Type: application/problem+json
zp-rid: a193e2c1-2a35-42c0-9710-92f5c6ab6132
Vary: Accept-Encoding
Content-Encoding: gzip
Date: Fri, 12 Sep 2025 14:52:53 GMT
Alt-Svc: h3=":443"; ma=93600,h3-29=":443"; ma=93600
Connection: close
Server-Timing: edge; dur=1
Server-Timing: origin; dur=72
Server-Timing: cdn-cache; desc=MISS
Strict-Transport-Security: max-age=86400 ; includeSubDomains
Server-Timing: ak_p; desc="1757688773713_1600473287_2079644316_7251_1656_37_42_-";dur=1

{
    "type": "https://httpproblems.com/http-status/401",
    "title": "Unauthorized",
    "status": 401,
    "instance": "/forecasts/v1/hourly/12hour/294021",
    "trace": {
        "timestamp": "2025-09-12T14:52:53.816Z",
        "requestId": "a193e2c1-2a35-42c0-9710-92f5c6ab6132",
        "buildId": "f2cb8906-d568-4c43-a987-c19acf6faff6"
    },
    "Code": "Unauthorized",
    "Message": "API authorization failed",
    "Reference": "https://dataservice.accuweather.com/forecasts/v1/hourly/12hour/294021?apikey=REDACTED&metric=true"
}
]]></system-out>
  </testcase>
  <testcase name="forecast24hour" classname="study.api.AccuWeatherApiTests" time="0.496">
    <system-out><![CDATA[Request method:	GET
Request URI:	https://dataservice.accuweather.com/forecasts/v1/hourly/24hour/294021?apikey=AOAG2WhmzCsb9h5PVDoF8PicU9rbkRvB&metric=true
Proxy:			<none>
Request params:	<none>
Query params:	apikey=AOAG2WhmzCsb9h5PVDoF8PicU9rbkRvB
				metric=true
Form params:	<none>
Path params:	<none>
Headers:		Accept=*/*
Cookies:		<none>
Multiparts:		<none>
Body:			<none>
Request method:	GET
Request URI:	https://dataservice.accuweather.com/forecasts/v1/hourly/24hour/294021?apikey=AOAG2WhmzCsb9h5PVDoF8PicU9rbkRvB&metric=true
Proxy:			<none>
Request params:	<none>
Query params:	apikey=AOAG2WhmzCsb9h5PVDoF8PicU9rbkRvB
				metric=true
Form params:	<none>
Path params:	<none>
Headers:		Accept=*/*
Cookies:		<none>
Multiparts:		<none>
Body:			<none>
Request method:	GET
Request URI:	https://dataservice.accuweather.com/forecasts/v1/hourly/24hour/294021?apikey=AOAG2WhmzCsb9h5PVDoF8PicU9rbkRvB&metric=true
Proxy:			<none>
Request params:	<none>
Query params:	apikey=AOAG2WhmzCsb9h5PVDoF8PicU9rbkRvB
				metric=true
Form params:	<none>
Path params:	<none>
Headers:		Accept=*/*
Cookies:		<none>
Multiparts:		<none>
Body:			<none>
Request method:	GET
Request URI:	https://dataservice.accuweather.com/forecasts/v1/hourly/24hour/294021?apikey=AOAG2WhmzCsb9h5PVDoF8PicU9rbkRvB&metric=true
Proxy:			<none>
Request params:	<none>
Query params:	apikey=AOAG2WhmzCsb9h5PVDoF8PicU9rbkRvB
				metric=true
Form params:	<none>
Path params:	<none>
Headers:		Accept=*/*
Cookies:		<none>
Multiparts:		<none>
Body:			<none>
Request method:	GET
Request URI:	https://dataservice.accuweather.com/forecasts/v1/hourly/24hour/294021?apikey=AOAG2WhmzCsb9h5PVDoF8PicU9rbkRvB&metric=true
Proxy:			<none>
Request params:	<none>
Query params:	apikey=AOAG2WhmzCsb9h5PVDoF8PicU9rbkRvB
				metric=true
Form params:	<none>
Path params:	<none>
Headers:		Accept=*/*
Cookies:		<none>
Multiparts:		<none>
Body:			<none>
Request method:	GET
Request URI:	https://dataservice.accuweather.com/forecasts/v1/hourly/24hour/294021?apikey=AOAG2WhmzCsb9h5PVDoF8PicU9rbkRvB&metric=true
Proxy:			<none>
Request params:	<none>
Query params:	apikey=AOAG2WhmzCsb9h5PVDoF8PicU9rbkRvB
				metric=true
Form params:	<none>
Path params:	<none>
Headers:		Accept=*/*
Cookies:		<none>
Multiparts:		<none>
Body:			<none>
HTTP/1.1 401 Unauthorized
Content-Type: application/problem+json
zp-rid: f707d440-238c-45f9-ace2-ee4575d6e5ad
Vary: Accept-Encoding
Content-Encoding: gzip
Date: Fri, 12 Sep 2025 14:52:54 GMT
Alt-Svc: h3=":443"; ma=93600,h3-29=":443"; ma=93600
Connection: close
Server-Timing: edge; dur=1
Server-Timing: origin; dur=70
Server-Timing: cdn-cache; desc=MISS
Strict-Transport-Security: max-age=86400 ; includeSubDomains
Server-Timing: ak_p; desc="1757688773933_1600473305_945182582_7079_1438_36_323_-";dur=1

{
    "type": "https://httpproblems.com/http-status/401",
    "title": "Unauthorized",
    "status": 401,
    "instance": "/forecasts/v1/hourly/24hour/294021",
    "trace": {
        "timestamp": "2025-09-12T14:52:54.316Z",
        "requestId": "f707d440-238c-45f9-ace2-ee4575d6e5ad",
        "buildId": "f2cb8906-d568-4c43-a987-c19acf6faff6"
    },
    "Code": "Unauthorized",
    "Message": "API authorization failed",
    "Reference": "https://dataservice.accuweather.com/forecasts/v1/hourly/24hour/294021?apikey=REDACTED&metric=true"
}
HTTP/1.1 401 Unauthorized
Content-Type: application/problem+json
zp-rid: f707d440-238c-45f9-ace2-ee4575d6e5ad
Vary: Accept-Encoding
Content-Encoding: gzip
Date: Fri, 12 Sep 2025 14:52:54 GMT
Alt-Svc: h3=":443"; ma=93600,h3-29=":443"; ma=93600
Connection: close
Server-Timing: edge; dur=1
Server-Timing: origin; dur=70
Server-Timing: cdn-cache; desc=MISS
Strict-Transport-Security: max-age=86400 ; includeSubDomains
Server-Timing: ak_p; desc="1757688773933_1600473305_945182582_7079_1438_36_323_-";dur=1

{
    "type": "https://httpproblems.com/http-status/401",
    "title": "Unauthorized",
    "status": 401,
    "instance": "/forecasts/v1/hourly/24hour/294021",
    "trace": {
        "timestamp": "2025-09-12T14:52:54.316Z",
        "requestId": "f707d440-238c-45f9-ace2-ee4575d6e5ad",
        "buildId": "f2cb8906-d568-4c43-a987-c19acf6faff6"
    },
    "Code": "Unauthorized",
    "Message": "API authorization failed",
    "Reference": "https://dataservice.accuweather.com/forecasts/v1/hourly/24hour/294021?apikey=REDACTED&metric=true"
}
HTTP/1.1 401 Unauthorized
Content-Type: application/problem+json
zp-rid: f707d440-238c-45f9-ace2-ee4575d6e5ad
Vary: Accept-Encoding
Content-Encoding: gzip
Date: Fri, 12 Sep 2025 14:52:54 GMT
Alt-Svc: h3=":443"; ma=93600,h3-29=":443"; ma=93600
Connection: close
Server-Timing: edge; dur=1
Server-Timing: origin; dur=70
Server-Timing: cdn-cache; desc=MISS
Strict-Transport-Security: max-age=86400 ; includeSubDomains
Server-Timing: ak_p; desc="1757688773933_1600473305_945182582_7079_1438_36_323_-";dur=1

{
    "type": "https://httpproblems.com/http-status/401",
    "title": "Unauthorized",
    "status": 401,
    "instance": "/forecasts/v1/hourly/24hour/294021",
    "trace": {
        "timestamp": "2025-09-12T14:52:54.316Z",
        "requestId": "f707d440-238c-45f9-ace2-ee4575d6e5ad",
        "buildId": "f2cb8906-d568-4c43-a987-c19acf6faff6"
    },
    "Code": "Unauthorized",
    "Message": "API authorization failed",
    "Reference": "https://dataservice.accuweather.com/forecasts/v1/hourly/24hour/294021?apikey=REDACTED&metric=true"
}
HTTP/1.1 401 Unauthorized
Content-Type: application/problem+json
zp-rid: f707d440-238c-45f9-ace2-ee4575d6e5ad
Vary: Accept-Encoding
Content-Encoding: gzip
Date: Fri, 12 Sep 2025 14:52:54 GMT
Alt-Svc: h3=":443"; ma=93600,h3-29=":443"; ma=93600
Connection: close
Server-Timing: edge; dur=1
Server-Timing: origin; dur=70
Server-Timing: cdn-cache; desc=MISS
Strict-Transport-Security: max-age=86400 ; includeSubDomains
Server-Timing: ak_p; desc="1757688773933_1600473305_945182582_7079_1438_36_323_-";dur=1

{
    "type": "https://httpproblems.com/http-status/401",
    "title": "Unauthorized",
    "status": 401,
    "instance": "/forecasts/v1/hourly/24hour/294021",
    "trace": {
        "timestamp": "2025-09-12T14:52:54.316Z",
        "requestId": "f707d440-238c-45f9-ace2-ee4575d6e5ad",
        "buildId": "f2cb8906-d568-4c43-a987-c19acf6faff6"
    },
    "Code": "Unauthorized",
    "Message": "API authorization failed",
    "Reference": "https://dataservice.accuweather.com/forecasts/v1/hourly/24hour/294021?apikey=REDACTED&metric=true"
}
HTTP/1.1 401 Unauthorized
Content-Type: application/problem+json
zp-rid: f707d440-238c-45f9-ace2-ee4575d6e5ad
Vary: Accept-Encoding
Content-Encoding: gzip
Date: Fri, 12 Sep 2025 14:52:54 GMT
Alt-Svc: h3=":443"; ma=93600,h3-29=":443"; ma=93600
Connection: close
Server-Timing: edge; dur=1
Server-Timing: origin; dur=70
Server-Timing: cdn-cache; desc=MISS
Strict-Transport-Security: max-age=86400 ; includeSubDomains
Server-Timing: ak_p; desc="1757688773933_1600473305_945182582_7079_1438_36_323_-";dur=1

{
    "type": "https://httpproblems.com/http-status/401",
    "title": "Unauthorized",
    "status": 401,
    "instance": "/forecasts/v1/hourly/24hour/294021",
    "trace": {
        "timestamp": "2025-09-12T14:52:54.316Z",
        "requestId": "f707d440-238c-45f9-ace2-ee4575d6e5ad",
        "buildId": "f2cb8906-d568-4c43-a987-c19acf6faff6"
    },
    "Code": "Unauthorized",
    "Message": "API authorization failed",
    "Reference": "https://dataservice.accuweather.com/forecasts/v1/hourly/24hour/294021?apikey=REDACTED&metric=true"
}
HTTP/1.1 401 Unauthorized
Content-Type: application/problem+json
zp-rid: f707d440-238c-45f9-ace2-ee4575d6e5ad
Vary: Accept-Encoding
Content-Encoding: gzip
Date: Fri, 12 Sep 2025 14:52:54 GMT
Alt-Svc: h3=":443"; ma=93600,h3-29=":443"; ma=93600
Connection: close
Server-Timing: edge; dur=1
Server-Timing: origin; dur=70
Server-Timing: cdn-cache; desc=MISS
Strict-Transport-Security: max-age=86400 ; includeSubDomains
Server-Timing: ak_p; desc="1757688773933_1600473305_945182582_7079_1438_36_323_-";dur=1

{
    "type": "https://httpproblems.com/http-status/401",
    "title": "Unauthorized",
    "status": 401,
    "instance": "/forecasts/v1/hourly/24hour/294021",
    "trace": {
        "timestamp": "2025-09-12T14:52:54.316Z",
        "requestId": "f707d440-238c-45f9-ace2-ee4575d6e5ad",
        "buildId": "f2cb8906-d568-4c43-a987-c19acf6faff6"
    },
    "Code": "Unauthorized",
    "Message": "API authorization failed",
    "Reference": "https://dataservice.accuweather.com/forecasts/v1/hourly/24hour/294021?apikey=REDACTED&metric=true"
}
]]></system-out>
  </testcase>
  <testcase name="forecastQuarterDay1" classname="study.api.AccuWeatherApiTests" time="0.18">
    <system-out><![CDATA[Request method:	GET
Request URI:	https://dataservice.accuweather.com/forecasts/v1/quarterday/1day/294021?apikey=AOAG2WhmzCsb9h5PVDoF8PicU9rbkRvB&metric=true
Proxy:			<none>
Request params:	<none>
Query params:	apikey=AOAG2WhmzCsb9h5PVDoF8PicU9rbkRvB
				metric=true
Form params:	<none>
Path params:	<none>
Headers:		Accept=*/*
Cookies:		<none>
Multiparts:		<none>
Body:			<none>
Request method:	GET
Request URI:	https://dataservice.accuweather.com/forecasts/v1/quarterday/1day/294021?apikey=AOAG2WhmzCsb9h5PVDoF8PicU9rbkRvB&metric=true
Proxy:			<none>
Request params:	<none>
Query params:	apikey=AOAG2WhmzCsb9h5PVDoF8PicU9rbkRvB
				metric=true
Form params:	<none>
Path params:	<none>
Headers:		Accept=*/*
Cookies:		<none>
Multiparts:		<none>
Body:			<none>
Request method:	GET
Request URI:	https://dataservice.accuweather.com/forecasts/v1/quarterday/1day/294021?apikey=AOAG2WhmzCsb9h5PVDoF8PicU9rbkRvB&metric=true
Proxy:			<none>
Request params:	<none>
Query params:	apikey=AOAG2WhmzCsb9h5PVDoF8PicU9rbkRvB
				metric=true
Form params:	<none>
Path params:	<none>
Headers:		Accept=*/*
Cookies:		<none>
Multiparts:		<none>
Body:			<none>
Request method:	GET
Request URI:	https://dataservice.accuweather.com/forecasts/v1/quarterday/1day/294021?apikey=AOAG2WhmzCsb9h5PVDoF8PicU9rbkRvB&metric=true
Proxy:			<none>
Request params:	<none>
Query params:	apikey=AOAG2WhmzCsb9h5PVDoF8PicU9rbkRvB
				metric=true
Form params:	<none>
Path params:	<none>
Headers:		Accept=*/*
Cookies:		<none>
Multiparts:		<none>
Body:			<none>
Request method:	GET
Request URI:	https://dataservice.accuweather.com/forecasts/v1/quarterday/1day/294021?apikey=AOAG2WhmzCsb9h5PVDoF8PicU9rbkRvB&metric=true
Proxy:			<none>
Request params:	<none>
Query params:	apikey=AOAG2WhmzCsb9h5PVDoF8PicU9rbkRvB
				metric=true
Form params:	<none>
Path params:	<none>
Headers:		Accept=*/*
Cookies:		<none>
Multiparts:		<none>
Body:			<none>
Request method:	GET
Request URI:	https://dataservice.accuweather.com/forecasts/v1/quarterday/1day/294021?apikey=AOAG2WhmzCsb9h5PVDoF8PicU9rbkRvB&metric=true
Proxy:			<none>
Request params:	<none>
Query params:	apikey=AOAG2WhmzCsb9h5PVDoF8PicU9rbkRvB
				metric=true
Form params:	<none>
Path params:	<none>
Headers:		Accept=*/*
Cookies:		<none>
Multiparts:		<none>
Body:			<none>
Request method:	GET
Request URI:	https://dataservice.accuweather.com/forecasts/v1/quarterday/1day/294021?apikey=AOAG2WhmzCsb9h5PVDoF8PicU9rbkRvB&metric=true
Proxy:			<none>
Request params:	<none>
Query params:	apikey=AOAG2WhmzCsb9h5PVDoF8PicU9rbkRvB
				metric=true
Form params:	<none>
Path params:	<none>
Headers:		Accept=*/*
Cookies:		<none>
Multiparts:		<none>
Body:			<none>
HTTP/1.1 404 Not Found
Content-Type: application/problem+json
zp-rid: baeef3a3-a314-4b30-a82c-9f7ed1e38b83
Vary: Accept-Encoding
Content-Encoding: gzip
Content-Length: 391
Date: Fri, 12 Sep 2025 14:52:54 GMT
Alt-Svc: h3=":443"; ma=93600,h3-29=":443"; ma=93600
Connection: keep-alive
Server-Timing: cdn-cache; desc=MISS
Server-Timing: edge; dur=33
Server-Timing: origin; dur=5
Strict-Transport-Security: max-age=86400 ; includeSubDomains
Server-Timing: ak_p; desc="1757688774428_1600473287_2079652311_3833_1573_36_41_-";dur=1

{
    "type": "https://httpproblems.com/http-status/404",
    "title": "Not Found",
    "status": 404,
    "instance": "/forecasts/v1/quarterday/1day/294021",
    "trace": {
        "timestamp": "2025-09-12T14:52:54.493Z",
        "requestId": "baeef3a3-a314-4b30-a82c-9f7ed1e38b83",
        "buildId": "f2cb8906-d568-4c43-a987-c19acf6faff6"
    },
    "Code": 404,
    "Message": "Not found",
    "Reference": "https://dataservice.accuweather.com/forecasts/v1/quarterday/1day/294021?apikey=REDACTED&metric=true"
}
HTTP/1.1 404 Not Found
Content-Type: application/problem+json
zp-rid: baeef3a3-a314-4b30-a82c-9f7ed1e38b83
Vary: Accept-Encoding
Content-Encoding: gzip
Content-Length: 391
Date: Fri, 12 Sep 2025 14:52:54 GMT
Alt-Svc: h3=":443"; ma=93600,h3-29=":443"; ma=93600
Connection: keep-alive
Server-Timing: cdn-cache; desc=MISS
Server-Timing: edge; dur=33
Server-Timing: origin; dur=5
Strict-Transport-Security: max-age=86400 ; includeSubDomains
Server-Timing: ak_p; desc="1757688774428_1600473287_2079652311_3833_1573_36_41_-";dur=1

{
    "type": "https://httpproblems.com/http-status/404",
    "title": "Not Found",
    "status": 404,
    "instance": "/forecasts/v1/quarterday/1day/294021",
    "trace": {
        "timestamp": "2025-09-12T14:52:54.493Z",
        "requestId": "baeef3a3-a314-4b30-a82c-9f7ed1e38b83",
        "buildId": "f2cb8906-d568-4c43-a987-c19acf6faff6"
    },
    "Code": 404,
    "Message": "Not found",
    "Reference": "https://dataservice.accuweather.com/forecasts/v1/quarterday/1day/294021?apikey=REDACTED&metric=true"
}
HTTP/1.1 404 Not Found
Content-Type: application/problem+json
zp-rid: baeef3a3-a314-4b30-a82c-9f7ed1e38b83
Vary: Accept-Encoding
Content-Encoding: gzip
Content-Length: 391
Date: Fri, 12 Sep 2025 14:52:54 GMT
Alt-Svc: h3=":443"; ma=93600,h3-29=":443"; ma=93600
Connection: keep-alive
Server-Timing: cdn-cache; desc=MISS
Server-Timing: edge; dur=33
Server-Timing: origin; dur=5
Strict-Transport-Security: max-age=86400 ; includeSubDomains
Server-Timing: ak_p; desc="1757688774428_1600473287_2079652311_3833_1573_36_41_-";dur=1

{
    "type": "https://httpproblems.com/http-status/404",
    "title": "Not Found",
    "status": 404,
    "instance": "/forecasts/v1/quarterday/1day/294021",
    "trace": {
        "timestamp": "2025-09-12T14:52:54.493Z",
        "requestId": "baeef3a3-a314-4b30-a82c-9f7ed1e38b83",
        "buildId": "f2cb8906-d568-4c43-a987-c19acf6faff6"
    },
    "Code": 404,
    "Message": "Not found",
    "Reference": "https://dataservice.accuweather.com/forecasts/v1/quarterday/1day/294021?apikey=REDACTED&metric=true"
}
HTTP/1.1 404 Not Found
Content-Type: application/problem+json
zp-rid: baeef3a3-a314-4b30-a82c-9f7ed1e38b83
Vary: Accept-Encoding
Content-Encoding: gzip
Content-Length: 391
Date: Fri, 12 Sep 2025 14:52:54 GMT
Alt-Svc: h3=":443"; ma=93600,h3-29=":443"; ma=93600
Connection: keep-alive
Server-Timing: cdn-cache; desc=MISS
Server-Timing: edge; dur=33
Server-Timing: origin; dur=5
Strict-Transport-Security: max-age=86400 ; includeSubDomains
Server-Timing: ak_p; desc="1757688774428_1600473287_2079652311_3833_1573_36_41_-";dur=1

{
    "type": "https://httpproblems.com/http-status/404",
    "title": "Not Found",
    "status": 404,
    "instance": "/forecasts/v1/quarterday/1day/294021",
    "trace": {
        "timestamp": "2025-09-12T14:52:54.493Z",
        "requestId": "baeef3a3-a314-4b30-a82c-9f7ed1e38b83",
        "buildId": "f2cb8906-d568-4c43-a987-c19acf6faff6"
    },
    "Code": 404,
    "Message": "Not found",
    "Reference": "https://dataservice.accuweather.com/forecasts/v1/quarterday/1day/294021?apikey=REDACTED&metric=true"
}
HTTP/1.1 404 Not Found
Content-Type: application/problem+json
zp-rid: baeef3a3-a314-4b30-a82c-9f7ed1e38b83
Vary: Accept-Encoding
Content-Encoding: gzip
Content-Length: 391
Date: Fri, 12 Sep 2025 14:52:54 GMT
Alt-Svc: h3=":443"; ma=93600,h3-29=":443"; ma=93600
Connection: keep-alive
Server-Timing: cdn-cache; desc=MISS
Server-Timing: edge; dur=33
Server-Timing: origin; dur=5
Strict-Transport-Security: max-age=86400 ; includeSubDomains
Server-Timing: ak_p; desc="1757688774428_1600473287_2079652311_3833_1573_36_41_-";dur=1

{
    "type": "https://httpproblems.com/http-status/404",
    "title": "Not Found",
    "status": 404,
    "instance": "/forecasts/v1/quarterday/1day/294021",
    "trace": {
        "timestamp": "2025-09-12T14:52:54.493Z",
        "requestId": "baeef3a3-a314-4b30-a82c-9f7ed1e38b83",
        "buildId": "f2cb8906-d568-4c43-a987-c19acf6faff6"
    },
    "Code": 404,
    "Message": "Not found",
    "Reference": "https://dataservice.accuweather.com/forecasts/v1/quarterday/1day/294021?apikey=REDACTED&metric=true"
}
HTTP/1.1 404 Not Found
Content-Type: application/problem+json
zp-rid: baeef3a3-a314-4b30-a82c-9f7ed1e38b83
Vary: Accept-Encoding
Content-Encoding: gzip
Content-Length: 391
Date: Fri, 12 Sep 2025 14:52:54 GMT
Alt-Svc: h3=":443"; ma=93600,h3-29=":443"; ma=93600
Connection: keep-alive
Server-Timing: cdn-cache; desc=MISS
Server-Timing: edge; dur=33
Server-Timing: origin; dur=5
Strict-Transport-Security: max-age=86400 ; includeSubDomains
Server-Timing: ak_p; desc="1757688774428_1600473287_2079652311_3833_1573_36_41_-";dur=1

{
    "type": "https://httpproblems.com/http-status/404",
    "title": "Not Found",
    "status": 404,
    "instance": "/forecasts/v1/quarterday/1day/294021",
    "trace": {
        "timestamp": "2025-09-12T14:52:54.493Z",
        "requestId": "baeef3a3-a314-4b30-a82c-9f7ed1e38b83",
        "buildId": "f2cb8906-d568-4c43-a987-c19acf6faff6"
    },
    "Code": 404,
    "Message": "Not found",
    "Reference": "https://dataservice.accuweather.com/forecasts/v1/quarterday/1day/294021?apikey=REDACTED&metric=true"
}
HTTP/1.1 404 Not Found
Content-Type: application/problem+json
zp-rid: baeef3a3-a314-4b30-a82c-9f7ed1e38b83
Vary: Accept-Encoding
Content-Encoding: gzip
Content-Length: 391
Date: Fri, 12 Sep 2025 14:52:54 GMT
Alt-Svc: h3=":443"; ma=93600,h3-29=":443"; ma=93600
Connection: keep-alive
Server-Timing: cdn-cache; desc=MISS
Server-Timing: edge; dur=33
Server-Timing: origin; dur=5
Strict-Transport-Security: max-age=86400 ; includeSubDomains
Server-Timing: ak_p; desc="1757688774428_1600473287_2079652311_3833_1573_36_41_-";dur=1

{
    "type": "https://httpproblems.com/http-status/404",
    "title": "Not Found",
    "status": 404,
    "instance": "/forecasts/v1/quarterday/1day/294021",
    "trace": {
        "timestamp": "2025-09-12T14:52:54.493Z",
        "requestId": "baeef3a3-a314-4b30-a82c-9f7ed1e38b83",
        "buildId": "f2cb8906-d568-4c43-a987-c19acf6faff6"
    },
    "Code": 404,
    "Message": "Not found",
    "Reference": "https://dataservice.accuweather.com/forecasts/v1/quarterday/1day/294021?apikey=REDACTED&metric=true"
}
]]></system-out>
  </testcase>
  <testcase name="indices1day" classname="study.api.AccuWeatherApiTests" time="0.234">
    <system-out><![CDATA[Request method:	GET
Request URI:	https://dataservice.accuweather.com/indices/v1/daily/1day/294021?apikey=AOAG2WhmzCsb9h5PVDoF8PicU9rbkRvB
Proxy:			<none>
Request params:	<none>
Query params:	apikey=AOAG2WhmzCsb9h5PVDoF8PicU9rbkRvB
Form params:	<none>
Path params:	<none>
Headers:		Accept=*/*
Cookies:		<none>
Multiparts:		<none>
Body:			<none>
Request method:	GET
Request URI:	https://dataservice.accuweather.com/indices/v1/daily/1day/294021?apikey=AOAG2WhmzCsb9h5PVDoF8PicU9rbkRvB
Proxy:			<none>
Request params:	<none>
Query params:	apikey=AOAG2WhmzCsb9h5PVDoF8PicU9rbkRvB
Form params:	<none>
Path params:	<none>
Headers:		Accept=*/*
Cookies:		<none>
Multiparts:		<none>
Body:			<none>
Request method:	GET
Request URI:	https://dataservice.accuweather.com/indices/v1/daily/1day/294021?apikey=AOAG2WhmzCsb9h5PVDoF8PicU9rbkRvB
Proxy:			<none>
Request params:	<none>
Query params:	apikey=AOAG2WhmzCsb9h5PVDoF8PicU9rbkRvB
Form params:	<none>
Path params:	<none>
Headers:		Accept=*/*
Cookies:		<none>
Multiparts:		<none>
Body:			<none>
Request method:	GET
Request URI:	https://dataservice.accuweather.com/indices/v1/daily/1day/294021?apikey=AOAG2WhmzCsb9h5PVDoF8PicU9rbkRvB
Proxy:			<none>
Request params:	<none>
Query params:	apikey=AOAG2WhmzCsb9h5PVDoF8PicU9rbkRvB
Form params:	<none>
Path params:	<none>
Headers:		Accept=*/*
Cookies:		<none>
Multiparts:		<none>
Body:			<none>
Request method:	GET
Request URI:	https://dataservice.accuweather.com/indices/v1/daily/1day/294021?apikey=AOAG2WhmzCsb9h5PVDoF8PicU9rbkRvB
Proxy:			<none>
Request params:	<none>
Query params:	apikey=AOAG2WhmzCsb9h5PVDoF8PicU9rbkRvB
Form params:	<none>
Path params:	<none>
Headers:		Accept=*/*
Cookies:		<none>
Multiparts:		<none>
Body:			<none>
Request method:	GET
Request URI:	https://dataservice.accuweather.com/indices/v1/daily/1day/294021?apikey=AOAG2WhmzCsb9h5PVDoF8PicU9rbkRvB
Proxy:			<none>
Request params:	<none>
Query params:	apikey=AOAG2WhmzCsb9h5PVDoF8PicU9rbkRvB
Form params:	<none>
Path params:	<none>
Headers:		Accept=*/*
Cookies:		<none>
Multiparts:		<none>
Body:			<none>
Request method:	GET
Request URI:	https://dataservice.accuweather.com/indices/v1/daily/1day/294021?apikey=AOAG2WhmzCsb9h5PVDoF8PicU9rbkRvB
Proxy:			<none>
Request params:	<none>
Query params:	apikey=AOAG2WhmzCsb9h5PVDoF8PicU9rbkRvB
Form params:	<none>
Path params:	<none>
Headers:		Accept=*/*
Cookies:		<none>
Multiparts:		<none>
Body:			<none>
Request method:	GET
Request URI:	https://dataservice.accuweather.com/indices/v1/daily/1day/294021?apikey=AOAG2WhmzCsb9h5PVDoF8PicU9rbkRvB
Proxy:			<none>
Request params:	<none>
Query params:	apikey=AOAG2WhmzCsb9h5PVDoF8PicU9rbkRvB
Form params:	<none>
Path params:	<none>
Headers:		Accept=*/*
Cookies:		<none>
Multiparts:		<none>
Body:			<none>
HTTP/1.1 401 Unauthorized
Content-Type: application/problem+json
zp-rid: 6ee71eb3-ac03-41c0-9000-c64deff7af9a
Vary: Accept-Encoding
Content-Encoding: gzip
Content-Length: 387
Date: Fri, 12 Sep 2025 14:52:54 GMT
Alt-Svc: h3=":443"; ma=93600,h3-29=":443"; ma=93600
Connection: keep-alive
Server-Timing: cdn-cache; desc=MISS
Server-Timing: edge; dur=32
Server-Timing: origin; dur=57
Strict-Transport-Security: max-age=86400 ; includeSubDomains
Server-Timing: ak_p; desc="1757688774612_1600473287_2079654399_8885_1719_36_41_-";dur=1

{
    "type": "https://httpproblems.com/http-status/401",
    "title": "Unauthorized",
    "status": 401,
    "instance": "/indices/v1/daily/1day/294021",
    "trace": {
        "timestamp": "2025-09-12T14:52:54.723Z",
        "requestId": "6ee71eb3-ac03-41c0-9000-c64deff7af9a",
        "buildId": "f2cb8906-d568-4c43-a987-c19acf6faff6"
    },
    "Code": "Unauthorized",
    "Message": "API authorization failed",
    "Reference": "https://dataservice.accuweather.com/indices/v1/daily/1day/294021?apikey=REDACTED"
}
HTTP/1.1 401 Unauthorized
Content-Type: application/problem+json
zp-rid: 6ee71eb3-ac03-41c0-9000-c64deff7af9a
Vary: Accept-Encoding
Content-Encoding: gzip
Content-Length: 387
Date: Fri, 12 Sep 2025 14:52:54 GMT
Alt-Svc: h3=":443"; ma=93600,h3-29=":443"; ma=93600
Connection: keep-alive
Server-Timing: cdn-cache; desc=MISS
Server-Timing: edge; dur=32
Server-Timing: origin; dur=57
Strict-Transport-Security: max-age=86400 ; includeSubDomains
Server-Timing: ak_p; desc="1757688774612_1600473287_2079654399_8885_1719_36_41_-";dur=1

{
    "type": "https://httpproblems.com/http-status/401",
    "title": "Unauthorized",
    "status": 401,
    "instance": "/indices/v1/daily/1day/294021",
    "trace": {
        "timestamp": "2025-09-12T14:52:54.723Z",
        "requestId": "6ee71eb3-ac03-41c0-9000-c64deff7af9a",
        "buildId": "f2cb8906-d568-4c43-a987-c19acf6faff6"
    },
    "Code": "Unauthorized",
    "Message": "API authorization failed",
    "Reference": "https://dataservice.accuweather.com/indices/v1/daily/1day/294021?apikey=REDACTED"
}
HTTP/1.1 401 Unauthorized
Content-Type: application/problem+json
zp-rid: 6ee71eb3-ac03-41c0-9000-c64deff7af9a
Vary: Accept-Encoding
Content-Encoding: gzip
Content-Length: 387
Date: Fri, 12 Sep 2025 14:52:54 GMT
Alt-Svc: h3=":443"; ma=93600,h3-29=":443"; ma=93600
Connection: keep-alive
Server-Timing: cdn-cache; desc=MISS
Server-Timing: edge; dur=32
Server-Timing: origin; dur=57
Strict-Transport-Security: max-age=86400 ; includeSubDomains
Server-Timing: ak_p; desc="1757688774612_1600473287_2079654399_8885_1719_36_41_-";dur=1

{
    "type": "https://httpproblems.com/http-status/401",
    "title": "Unauthorized",
    "status": 401,
    "instance": "/indices/v1/daily/1day/294021",
    "trace": {
        "timestamp": "2025-09-12T14:52:54.723Z",
        "requestId": "6ee71eb3-ac03-41c0-9000-c64deff7af9a",
        "buildId": "f2cb8906-d568-4c43-a987-c19acf6faff6"
    },
    "Code": "Unauthorized",
    "Message": "API authorization failed",
    "Reference": "https://dataservice.accuweather.com/indices/v1/daily/1day/294021?apikey=REDACTED"
}
HTTP/1.1 401 Unauthorized
Content-Type: application/problem+json
zp-rid: 6ee71eb3-ac03-41c0-9000-c64deff7af9a
Vary: Accept-Encoding
Content-Encoding: gzip
Content-Length: 387
Date: Fri, 12 Sep 2025 14:52:54 GMT
Alt-Svc: h3=":443"; ma=93600,h3-29=":443"; ma=93600
Connection: keep-alive
Server-Timing: cdn-cache; desc=MISS
Server-Timing: edge; dur=32
Server-Timing: origin; dur=57
Strict-Transport-Security: max-age=86400 ; includeSubDomains
Server-Timing: ak_p; desc="1757688774612_1600473287_2079654399_8885_1719_36_41_-";dur=1

{
    "type": "https://httpproblems.com/http-status/401",
    "title": "Unauthorized",
    "status": 401,
    "instance": "/indices/v1/daily/1day/294021",
    "trace": {
        "timestamp": "2025-09-12T14:52:54.723Z",
        "requestId": "6ee71eb3-ac03-41c0-9000-c64deff7af9a",
        "buildId": "f2cb8906-d568-4c43-a987-c19acf6faff6"
    },
    "Code": "Unauthorized",
    "Message": "API authorization failed",
    "Reference": "https://dataservice.accuweather.com/indices/v1/daily/1day/294021?apikey=REDACTED"
}
HTTP/1.1 401 Unauthorized
Content-Type: application/problem+json
zp-rid: 6ee71eb3-ac03-41c0-9000-c64deff7af9a
Vary: Accept-Encoding
Content-Encoding: gzip
Content-Length: 387
Date: Fri, 12 Sep 2025 14:52:54 GMT
Alt-Svc: h3=":443"; ma=93600,h3-29=":443"; ma=93600
Connection: keep-alive
Server-Timing: cdn-cache; desc=MISS
Server-Timing: edge; dur=32
Server-Timing: origin; dur=57
Strict-Transport-Security: max-age=86400 ; includeSubDomains
Server-Timing: ak_p; desc="1757688774612_1600473287_2079654399_8885_1719_36_41_-";dur=1

{
    "type": "https://httpproblems.com/http-status/401",
    "title": "Unauthorized",
    "status": 401,
    "instance": "/indices/v1/daily/1day/294021",
    "trace": {
        "timestamp": "2025-09-12T14:52:54.723Z",
        "requestId": "6ee71eb3-ac03-41c0-9000-c64deff7af9a",
        "buildId": "f2cb8906-d568-4c43-a987-c19acf6faff6"
    },
    "Code": "Unauthorized",
    "Message": "API authorization failed",
    "Reference": "https://dataservice.accuweather.com/indices/v1/daily/1day/294021?apikey=REDACTED"
}
HTTP/1.1 401 Unauthorized
Content-Type: application/problem+json
zp-rid: 6ee71eb3-ac03-41c0-9000-c64deff7af9a
Vary: Accept-Encoding
Content-Encoding: gzip
Content-Length: 387
Date: Fri, 12 Sep 2025 14:52:54 GMT
Alt-Svc: h3=":443"; ma=93600,h3-29=":443"; ma=93600
Connection: keep-alive
Server-Timing: cdn-cache; desc=MISS
Server-Timing: edge; dur=32
Server-Timing: origin; dur=57
Strict-Transport-Security: max-age=86400 ; includeSubDomains
Server-Timing: ak_p; desc="1757688774612_1600473287_2079654399_8885_1719_36_41_-";dur=1

{
    "type": "https://httpproblems.com/http-status/401",
    "title": "Unauthorized",
    "status": 401,
    "instance": "/indices/v1/daily/1day/294021",
    "trace": {
        "timestamp": "2025-09-12T14:52:54.723Z",
        "requestId": "6ee71eb3-ac03-41c0-9000-c64deff7af9a",
        "buildId": "f2cb8906-d568-4c43-a987-c19acf6faff6"
    },
    "Code": "Unauthorized",
    "Message": "API authorization failed",
    "Reference": "https://dataservice.accuweather.com/indices/v1/daily/1day/294021?apikey=REDACTED"
}
HTTP/1.1 401 Unauthorized
Content-Type: application/problem+json
zp-rid: 6ee71eb3-ac03-41c0-9000-c64deff7af9a
Vary: Accept-Encoding
Content-Encoding: gzip
Content-Length: 387
Date: Fri, 12 Sep 2025 14:52:54 GMT
Alt-Svc: h3=":443"; ma=93600,h3-29=":443"; ma=93600
Connection: keep-alive
Server-Timing: cdn-cache; desc=MISS
Server-Timing: edge; dur=32
Server-Timing: origin; dur=57
Strict-Transport-Security: max-age=86400 ; includeSubDomains
Server-Timing: ak_p; desc="1757688774612_1600473287_2079654399_8885_1719_36_41_-";dur=1

{
    "type": "https://httpproblems.com/http-status/401",
    "title": "Unauthorized",
    "status": 401,
    "instance": "/indices/v1/daily/1day/294021",
    "trace": {
        "timestamp": "2025-09-12T14:52:54.723Z",
        "requestId": "6ee71eb3-ac03-41c0-9000-c64deff7af9a",
        "buildId": "f2cb8906-d568-4c43-a987-c19acf6faff6"
    },
    "Code": "Unauthorized",
    "Message": "API authorization failed",
    "Reference": "https://dataservice.accuweather.com/indices/v1/daily/1day/294021?apikey=REDACTED"
}
HTTP/1.1 401 Unauthorized
Content-Type: application/problem+json
zp-rid: 6ee71eb3-ac03-41c0-9000-c64deff7af9a
Vary: Accept-Encoding
Content-Encoding: gzip
Content-Length: 387
Date: Fri, 12 Sep 2025 14:52:54 GMT
Alt-Svc: h3=":443"; ma=93600,h3-29=":443"; ma=93600
Connection: keep-alive
Server-Timing: cdn-cache; desc=MISS
Server-Timing: edge; dur=32
Server-Timing: origin; dur=57
Strict-Transport-Security: max-age=86400 ; includeSubDomains
Server-Timing: ak_p; desc="1757688774612_1600473287_2079654399_8885_1719_36_41_-";dur=1

{
    "type": "https://httpproblems.com/http-status/401",
    "title": "Unauthorized",
    "status": 401,
    "instance": "/indices/v1/daily/1day/294021",
    "trace": {
        "timestamp": "2025-09-12T14:52:54.723Z",
        "requestId": "6ee71eb3-ac03-41c0-9000-c64deff7af9a",
        "buildId": "f2cb8906-d568-4c43-a987-c19acf6faff6"
    },
    "Code": "Unauthorized",
    "Message": "API authorization failed",
    "Reference": "https://dataservice.accuweather.com/indices/v1/daily/1day/294021?apikey=REDACTED"
}
]]></system-out>
  </testcase>
  <testcase name="indices5day" classname="study.api.AccuWeatherApiTests" time="0.228">
    <system-out><![CDATA[Request method:	GET
Request URI:	https://dataservice.accuweather.com/indices/v1/daily/5day/294021?apikey=AOAG2WhmzCsb9h5PVDoF8PicU9rbkRvB
Proxy:			<none>
Request params:	<none>
Query params:	apikey=AOAG2WhmzCsb9h5PVDoF8PicU9rbkRvB
Form params:	<none>
Path params:	<none>
Headers:		Accept=*/*
Cookies:		<none>
Multiparts:		<none>
Body:			<none>
Request method:	GET
Request URI:	https://dataservice.accuweather.com/indices/v1/daily/5day/294021?apikey=AOAG2WhmzCsb9h5PVDoF8PicU9rbkRvB
Proxy:			<none>
Request params:	<none>
Query params:	apikey=AOAG2WhmzCsb9h5PVDoF8PicU9rbkRvB
Form params:	<none>
Path params:	<none>
Headers:		Accept=*/*
Cookies:		<none>
Multiparts:		<none>
Body:			<none>
Request method:	GET
Request URI:	https://dataservice.accuweather.com/indices/v1/daily/5day/294021?apikey=AOAG2WhmzCsb9h5PVDoF8PicU9rbkRvB
Proxy:			<none>
Request params:	<none>
Query params:	apikey=AOAG2WhmzCsb9h5PVDoF8PicU9rbkRvB
Form params:	<none>
Path params:	<none>
Headers:		Accept=*/*
Cookies:		<none>
Multiparts:		<none>
Body:			<none>
Request method:	GET
Request URI:	https://dataservice.accuweather.com/indices/v1/daily/5day/294021?apikey=AOAG2WhmzCsb9h5PVDoF8PicU9rbkRvB
Proxy:			<none>
Request params:	<none>
Query params:	apikey=AOAG2WhmzCsb9h5PVDoF8PicU9rbkRvB
Form params:	<none>
Path params:	<none>
Headers:		Accept=*/*
Cookies:		<none>
Multiparts:		<none>
Body:			<none>
Request method:	GET
Request URI:	https://dataservice.accuweather.com/indices/v1/daily/5day/294021?apikey=AOAG2WhmzCsb9h5PVDoF8PicU9rbkRvB
Proxy:			<none>
Request params:	<none>
Query params:	apikey=AOAG2WhmzCsb9h5PVDoF8PicU9rbkRvB
Form params:	<none>
Path params:	<none>
Headers:		Accept=*/*
Cookies:		<none>
Multiparts:		<none>
Body:			<none>
Request method:	GET
Request URI:	https://dataservice.accuweather.com/indices/v1/daily/5day/294021?apikey=AOAG2WhmzCsb9h5PVDoF8PicU9rbkRvB
Proxy:			<none>
Request params:	<none>
Query params:	apikey=AOAG2WhmzCsb9h5PVDoF8PicU9rbkRvB
Form params:	<none>
Path params:	<none>
Headers:		Accept=*/*
Cookies:		<none>
Multiparts:		<none>
Body:			<none>
Request method:	GET
Request URI:	https://dataservice.accuweather.com/indices/v1/daily/5day/294021?apikey=AOAG2WhmzCsb9h5PVDoF8PicU9rbkRvB
Proxy:			<none>
Request params:	<none>
Query params:	apikey=AOAG2WhmzCsb9h5PVDoF8PicU9rbkRvB
Form params:	<none>
Path params:	<none>
Headers:		Accept=*/*
Cookies:		<none>
Multiparts:		<none>
Body:			<none>
Request method:	GET
Request URI:	https://dataservice.accuweather.com/indices/v1/daily/5day/294021?apikey=AOAG2WhmzCsb9h5PVDoF8PicU9rbkRvB
Proxy:			<none>
Request params:	<none>
Query params:	apikey=AOAG2WhmzCsb9h5PVDoF8PicU9rbkRvB
Form params:	<none>
Path params:	<none>
Headers:		Accept=*/*
Cookies:		<none>
Multiparts:		<none>
Body:			<none>
Request method:	GET
Request URI:	https://dataservice.accuweather.com/indices/v1/daily/5day/294021?apikey=AOAG2WhmzCsb9h5PVDoF8PicU9rbkRvB
Proxy:			<none>
Request params:	<none>
Query params:	apikey=AOAG2WhmzCsb9h5PVDoF8PicU9rbkRvB
Form params:	<none>
Path params:	<none>
Headers:		Accept=*/*
Cookies:		<none>
Multiparts:		<none>
Body:			<none>
HTTP/1.1 401 Unauthorized
Content-Type: application/problem+json
zp-rid: 6e5bba33-8515-4d13-a3e5-f61abaf7121a
Vary: Accept-Encoding
Content-Encoding: gzip
Date: Fri, 12 Sep 2025 14:52:54 GMT
Alt-Svc: h3=":443"; ma=93600,h3-29=":443"; ma=93600
Connection: close
Server-Timing: edge; dur=1
Server-Timing: origin; dur=79
Server-Timing: cdn-cache; desc=MISS
Strict-Transport-Security: max-age=86400 ; includeSubDomains
Server-Timing: ak_p; desc="1757688774846_1600473305_945190251_7990_1582_36_44_-";dur=1

{
    "type": "https://httpproblems.com/http-status/401",
    "title": "Unauthorized",
    "status": 401,
    "instance": "/indices/v1/daily/5day/294021",
    "trace": {
        "timestamp": "2025-09-12T14:52:54.958Z",
        "requestId": "6e5bba33-8515-4d13-a3e5-f61abaf7121a",
        "buildId": "f2cb8906-d568-4c43-a987-c19acf6faff6"
    },
    "Code": "Unauthorized",
    "Message": "API authorization failed",
    "Reference": "https://dataservice.accuweather.com/indices/v1/daily/5day/294021?apikey=REDACTED"
}
HTTP/1.1 401 Unauthorized
Content-Type: application/problem+json
zp-rid: 6e5bba33-8515-4d13-a3e5-f61abaf7121a
Vary: Accept-Encoding
Content-Encoding: gzip
Date: Fri, 12 Sep 2025 14:52:54 GMT
Alt-Svc: h3=":443"; ma=93600,h3-29=":443"; ma=93600
Connection: close
Server-Timing: edge; dur=1
Server-Timing: origin; dur=79
Server-Timing: cdn-cache; desc=MISS
Strict-Transport-Security: max-age=86400 ; includeSubDomains
Server-Timing: ak_p; desc="1757688774846_1600473305_945190251_7990_1582_36_44_-";dur=1

{
    "type": "https://httpproblems.com/http-status/401",
    "title": "Unauthorized",
    "status": 401,
    "instance": "/indices/v1/daily/5day/294021",
    "trace": {
        "timestamp": "2025-09-12T14:52:54.958Z",
        "requestId": "6e5bba33-8515-4d13-a3e5-f61abaf7121a",
        "buildId": "f2cb8906-d568-4c43-a987-c19acf6faff6"
    },
    "Code": "Unauthorized",
    "Message": "API authorization failed",
    "Reference": "https://dataservice.accuweather.com/indices/v1/daily/5day/294021?apikey=REDACTED"
}
HTTP/1.1 401 Unauthorized
Content-Type: application/problem+json
zp-rid: 6e5bba33-8515-4d13-a3e5-f61abaf7121a
Vary: Accept-Encoding
Content-Encoding: gzip
Date: Fri, 12 Sep 2025 14:52:54 GMT
Alt-Svc: h3=":443"; ma=93600,h3-29=":443"; ma=93600
Connection: close
Server-Timing: edge; dur=1
Server-Timing: origin; dur=79
Server-Timing: cdn-cache; desc=MISS
Strict-Transport-Security: max-age=86400 ; includeSubDomains
Server-Timing: ak_p; desc="1757688774846_1600473305_945190251_7990_1582_36_44_-";dur=1

{
    "type": "https://httpproblems.com/http-status/401",
    "title": "Unauthorized",
    "status": 401,
    "instance": "/indices/v1/daily/5day/294021",
    "trace": {
        "timestamp": "2025-09-12T14:52:54.958Z",
        "requestId": "6e5bba33-8515-4d13-a3e5-f61abaf7121a",
        "buildId": "f2cb8906-d568-4c43-a987-c19acf6faff6"
    },
    "Code": "Unauthorized",
    "Message": "API authorization failed",
    "Reference": "https://dataservice.accuweather.com/indices/v1/daily/5day/294021?apikey=REDACTED"
}
HTTP/1.1 401 Unauthorized
Content-Type: application/problem+json
zp-rid: 6e5bba33-8515-4d13-a3e5-f61abaf7121a
Vary: Accept-Encoding
Content-Encoding: gzip
Date: Fri, 12 Sep 2025 14:52:54 GMT
Alt-Svc: h3=":443"; ma=93600,h3-29=":443"; ma=93600
Connection: close
Server-Timing: edge; dur=1
Server-Timing: origin; dur=79
Server-Timing: cdn-cache; desc=MISS
Strict-Transport-Security: max-age=86400 ; includeSubDomains
Server-Timing: ak_p; desc="1757688774846_1600473305_945190251_7990_1582_36_44_-";dur=1

{
    "type": "https://httpproblems.com/http-status/401",
    "title": "Unauthorized",
    "status": 401,
    "instance": "/indices/v1/daily/5day/294021",
    "trace": {
        "timestamp": "2025-09-12T14:52:54.958Z",
        "requestId": "6e5bba33-8515-4d13-a3e5-f61abaf7121a",
        "buildId": "f2cb8906-d568-4c43-a987-c19acf6faff6"
    },
    "Code": "Unauthorized",
    "Message": "API authorization failed",
    "Reference": "https://dataservice.accuweather.com/indices/v1/daily/5day/294021?apikey=REDACTED"
}
HTTP/1.1 401 Unauthorized
Content-Type: application/problem+json
zp-rid: 6e5bba33-8515-4d13-a3e5-f61abaf7121a
Vary: Accept-Encoding
Content-Encoding: gzip
Date: Fri, 12 Sep 2025 14:52:54 GMT
Alt-Svc: h3=":443"; ma=93600,h3-29=":443"; ma=93600
Connection: close
Server-Timing: edge; dur=1
Server-Timing: origin; dur=79
Server-Timing: cdn-cache; desc=MISS
Strict-Transport-Security: max-age=86400 ; includeSubDomains
Server-Timing: ak_p; desc="1757688774846_1600473305_945190251_7990_1582_36_44_-";dur=1

{
    "type": "https://httpproblems.com/http-status/401",
    "title": "Unauthorized",
    "status": 401,
    "instance": "/indices/v1/daily/5day/294021",
    "trace": {
        "timestamp": "2025-09-12T14:52:54.958Z",
        "requestId": "6e5bba33-8515-4d13-a3e5-f61abaf7121a",
        "buildId": "f2cb8906-d568-4c43-a987-c19acf6faff6"
    },
    "Code": "Unauthorized",
    "Message": "API authorization failed",
    "Reference": "https://dataservice.accuweather.com/indices/v1/daily/5day/294021?apikey=REDACTED"
}
HTTP/1.1 401 Unauthorized
Content-Type: application/problem+json
zp-rid: 6e5bba33-8515-4d13-a3e5-f61abaf7121a
Vary: Accept-Encoding
Content-Encoding: gzip
Date: Fri, 12 Sep 2025 14:52:54 GMT
Alt-Svc: h3=":443"; ma=93600,h3-29=":443"; ma=93600
Connection: close
Server-Timing: edge; dur=1
Server-Timing: origin; dur=79
Server-Timing: cdn-cache; desc=MISS
Strict-Transport-Security: max-age=86400 ; includeSubDomains
Server-Timing: ak_p; desc="1757688774846_1600473305_945190251_7990_1582_36_44_-";dur=1

{
    "type": "https://httpproblems.com/http-status/401",
    "title": "Unauthorized",
    "status": 401,
    "instance": "/indices/v1/daily/5day/294021",
    "trace": {
        "timestamp": "2025-09-12T14:52:54.958Z",
        "requestId": "6e5bba33-8515-4d13-a3e5-f61abaf7121a",
        "buildId": "f2cb8906-d568-4c43-a987-c19acf6faff6"
    },
    "Code": "Unauthorized",
    "Message": "API authorization failed",
    "Reference": "https://dataservice.accuweather.com/indices/v1/daily/5day/294021?apikey=REDACTED"
}
HTTP/1.1 401 Unauthorized
Content-Type: application/problem+json
zp-rid: 6e5bba33-8515-4d13-a3e5-f61abaf7121a
Vary: Accept-Encoding
Content-Encoding: gzip
Date: Fri, 12 Sep 2025 14:52:54 GMT
Alt-Svc: h3=":443"; ma=93600,h3-29=":443"; ma=93600
Connection: close
Server-Timing: edge; dur=1
Server-Timing: origin; dur=79
Server-Timing: cdn-cache; desc=MISS
Strict-Transport-Security: max-age=86400 ; includeSubDomains
Server-Timing: ak_p; desc="1757688774846_1600473305_945190251_7990_1582_36_44_-";dur=1

{
    "type": "https://httpproblems.com/http-status/401",
    "title": "Unauthorized",
    "status": 401,
    "instance": "/indices/v1/daily/5day/294021",
    "trace": {
        "timestamp": "2025-09-12T14:52:54.958Z",
        "requestId": "6e5bba33-8515-4d13-a3e5-f61abaf7121a",
        "buildId": "f2cb8906-d568-4c43-a987-c19acf6faff6"
    },
    "Code": "Unauthorized",
    "Message": "API authorization failed",
    "Reference": "https://dataservice.accuweather.com/indices/v1/daily/5day/294021?apikey=REDACTED"
}
HTTP/1.1 401 Unauthorized
Content-Type: application/problem+json
zp-rid: 6e5bba33-8515-4d13-a3e5-f61abaf7121a
Vary: Accept-Encoding
Content-Encoding: gzip
Date: Fri, 12 Sep 2025 14:52:54 GMT
Alt-Svc: h3=":443"; ma=93600,h3-29=":443"; ma=93600
Connection: close
Server-Timing: edge; dur=1
Server-Timing: origin; dur=79
Server-Timing: cdn-cache; desc=MISS
Strict-Transport-Security: max-age=86400 ; includeSubDomains
Server-Timing: ak_p; desc="1757688774846_1600473305_945190251_7990_1582_36_44_-";dur=1

{
    "type": "https://httpproblems.com/http-status/401",
    "title": "Unauthorized",
    "status": 401,
    "instance": "/indices/v1/daily/5day/294021",
    "trace": {
        "timestamp": "2025-09-12T14:52:54.958Z",
        "requestId": "6e5bba33-8515-4d13-a3e5-f61abaf7121a",
        "buildId": "f2cb8906-d568-4c43-a987-c19acf6faff6"
    },
    "Code": "Unauthorized",
    "Message": "API authorization failed",
    "Reference": "https://dataservice.accuweather.com/indices/v1/daily/5day/294021?apikey=REDACTED"
}
HTTP/1.1 401 Unauthorized
Content-Type: application/problem+json
zp-rid: 6e5bba33-8515-4d13-a3e5-f61abaf7121a
Vary: Accept-Encoding
Content-Encoding: gzip
Date: Fri, 12 Sep 2025 14:52:54 GMT
Alt-Svc: h3=":443"; ma=93600,h3-29=":443"; ma=93600
Connection: close
Server-Timing: edge; dur=1
Server-Timing: origin; dur=79
Server-Timing: cdn-cache; desc=MISS
Strict-Transport-Security: max-age=86400 ; includeSubDomains
Server-Timing: ak_p; desc="1757688774846_1600473305_945190251_7990_1582_36_44_-";dur=1

{
    "type": "https://httpproblems.com/http-status/401",
    "title": "Unauthorized",
    "status": 401,
    "instance": "/indices/v1/daily/5day/294021",
    "trace": {
        "timestamp": "2025-09-12T14:52:54.958Z",
        "requestId": "6e5bba33-8515-4d13-a3e5-f61abaf7121a",
        "buildId": "f2cb8906-d568-4c43-a987-c19acf6faff6"
    },
    "Code": "Unauthorized",
    "Message": "API authorization failed",
    "Reference": "https://dataservice.accuweather.com/indices/v1/daily/5day/294021?apikey=REDACTED"
}
]]></system-out>
  </testcase>
  <testcase name="alerts" classname="study.api.AccuWeatherApiTests" time="0.217">
    <system-out><![CDATA[Request method:	GET
Request URI:	https://dataservice.accuweather.com/alerts/v1/294021?apikey=AOAG2WhmzCsb9h5PVDoF8PicU9rbkRvB
Proxy:			<none>
Request params:	<none>
Query params:	apikey=AOAG2WhmzCsb9h5PVDoF8PicU9rbkRvB
Form params:	<none>
Path params:	<none>
Headers:		Accept=*/*
Cookies:		<none>
Multiparts:		<none>
Body:			<none>
Request method:	GET
Request URI:	https://dataservice.accuweather.com/alerts/v1/294021?apikey=AOAG2WhmzCsb9h5PVDoF8PicU9rbkRvB
Proxy:			<none>
Request params:	<none>
Query params:	apikey=AOAG2WhmzCsb9h5PVDoF8PicU9rbkRvB
Form params:	<none>
Path params:	<none>
Headers:		Accept=*/*
Cookies:		<none>
Multiparts:		<none>
Body:			<none>
Request method:	GET
Request URI:	https://dataservice.accuweather.com/alerts/v1/294021?apikey=AOAG2WhmzCsb9h5PVDoF8PicU9rbkRvB
Proxy:			<none>
Request params:	<none>
Query params:	apikey=AOAG2WhmzCsb9h5PVDoF8PicU9rbkRvB
Form params:	<none>
Path params:	<none>
Headers:		Accept=*/*
Cookies:		<none>
Multiparts:		<none>
Body:			<none>
Request method:	GET
Request URI:	https://dataservice.accuweather.com/alerts/v1/294021?apikey=AOAG2WhmzCsb9h5PVDoF8PicU9rbkRvB
Proxy:			<none>
Request params:	<none>
Query params:	apikey=AOAG2WhmzCsb9h5PVDoF8PicU9rbkRvB
Form params:	<none>
Path params:	<none>
Headers:		Accept=*/*
Cookies:		<none>
Multiparts:		<none>
Body:			<none>
Request method:	GET
Request URI:	https://dataservice.accuweather.com/alerts/v1/294021?apikey=AOAG2WhmzCsb9h5PVDoF8PicU9rbkRvB
Proxy:			<none>
Request params:	<none>
Query params:	apikey=AOAG2WhmzCsb9h5PVDoF8PicU9rbkRvB
Form params:	<none>
Path params:	<none>
Headers:		Accept=*/*
Cookies:		<none>
Multiparts:		<none>
Body:			<none>
Request method:	GET
Request URI:	https://dataservice.accuweather.com/alerts/v1/294021?apikey=AOAG2WhmzCsb9h5PVDoF8PicU9rbkRvB
Proxy:			<none>
Request params:	<none>
Query params:	apikey=AOAG2WhmzCsb9h5PVDoF8PicU9rbkRvB
Form params:	<none>
Path params:	<none>
Headers:		Accept=*/*
Cookies:		<none>
Multiparts:		<none>
Body:			<none>
Request method:	GET
Request URI:	https://dataservice.accuweather.com/alerts/v1/294021?apikey=AOAG2WhmzCsb9h5PVDoF8PicU9rbkRvB
Proxy:			<none>
Request params:	<none>
Query params:	apikey=AOAG2WhmzCsb9h5PVDoF8PicU9rbkRvB
Form params:	<none>
Path params:	<none>
Headers:		Accept=*/*
Cookies:		<none>
Multiparts:		<none>
Body:			<none>
Request method:	GET
Request URI:	https://dataservice.accuweather.com/alerts/v1/294021?apikey=AOAG2WhmzCsb9h5PVDoF8PicU9rbkRvB
Proxy:			<none>
Request params:	<none>
Query params:	apikey=AOAG2WhmzCsb9h5PVDoF8PicU9rbkRvB
Form params:	<none>
Path params:	<none>
Headers:		Accept=*/*
Cookies:		<none>
Multiparts:		<none>
Body:			<none>
Request method:	GET
Request URI:	https://dataservice.accuweather.com/alerts/v1/294021?apikey=AOAG2WhmzCsb9h5PVDoF8PicU9rbkRvB
Proxy:			<none>
Request params:	<none>
Query params:	apikey=AOAG2WhmzCsb9h5PVDoF8PicU9rbkRvB
Form params:	<none>
Path params:	<none>
Headers:		Accept=*/*
Cookies:		<none>
Multiparts:		<none>
Body:			<none>
Request method:	GET
Request URI:	https://dataservice.accuweather.com/alerts/v1/294021?apikey=AOAG2WhmzCsb9h5PVDoF8PicU9rbkRvB
Proxy:			<none>
Request params:	<none>
Query params:	apikey=AOAG2WhmzCsb9h5PVDoF8PicU9rbkRvB
Form params:	<none>
Path params:	<none>
Headers:		Accept=*/*
Cookies:		<none>
Multiparts:		<none>
Body:			<none>
HTTP/1.1 401 Unauthorized
Content-Type: application/problem+json
zp-rid: 743281cf-ebcf-438f-8563-0865c0f5c88a
Vary: Accept-Encoding
Content-Encoding: gzip
Content-Length: 375
Date: Fri, 12 Sep 2025 14:52:55 GMT
Alt-Svc: h3=":443"; ma=93600,h3-29=":443"; ma=93600
Connection: keep-alive
Server-Timing: cdn-cache; desc=MISS
Server-Timing: edge; dur=32
Server-Timing: origin; dur=43
Strict-Transport-Security: max-age=86400 ; includeSubDomains
Server-Timing: ak_p; desc="1757688775072_1600473287_2079659743_7509_2025_36_42_-";dur=1

{
    "type": "https://httpproblems.com/http-status/401",
    "title": "Unauthorized",
    "status": 401,
    "instance": "/alerts/v1/294021",
    "trace": {
        "timestamp": "2025-09-12T14:52:55.175Z",
        "requestId": "743281cf-ebcf-438f-8563-0865c0f5c88a",
        "buildId": "f2cb8906-d568-4c43-a987-c19acf6faff6"
    },
    "Code": "Unauthorized",
    "Message": "API authorization failed",
    "Reference": "https://dataservice.accuweather.com/alerts/v1/294021?apikey=REDACTED"
}
HTTP/1.1 401 Unauthorized
Content-Type: application/problem+json
zp-rid: 743281cf-ebcf-438f-8563-0865c0f5c88a
Vary: Accept-Encoding
Content-Encoding: gzip
Content-Length: 375
Date: Fri, 12 Sep 2025 14:52:55 GMT
Alt-Svc: h3=":443"; ma=93600,h3-29=":443"; ma=93600
Connection: keep-alive
Server-Timing: cdn-cache; desc=MISS
Server-Timing: edge; dur=32
Server-Timing: origin; dur=43
Strict-Transport-Security: max-age=86400 ; includeSubDomains
Server-Timing: ak_p; desc="1757688775072_1600473287_2079659743_7509_2025_36_42_-";dur=1

{
    "type": "https://httpproblems.com/http-status/401",
    "title": "Unauthorized",
    "status": 401,
    "instance": "/alerts/v1/294021",
    "trace": {
        "timestamp": "2025-09-12T14:52:55.175Z",
        "requestId": "743281cf-ebcf-438f-8563-0865c0f5c88a",
        "buildId": "f2cb8906-d568-4c43-a987-c19acf6faff6"
    },
    "Code": "Unauthorized",
    "Message": "API authorization failed",
    "Reference": "https://dataservice.accuweather.com/alerts/v1/294021?apikey=REDACTED"
}
HTTP/1.1 401 Unauthorized
Content-Type: application/problem+json
zp-rid: 743281cf-ebcf-438f-8563-0865c0f5c88a
Vary: Accept-Encoding
Content-Encoding: gzip
Content-Length: 375
Date: Fri, 12 Sep 2025 14:52:55 GMT
Alt-Svc: h3=":443"; ma=93600,h3-29=":443"; ma=93600
Connection: keep-alive
Server-Timing: cdn-cache; desc=MISS
Server-Timing: edge; dur=32
Server-Timing: origin; dur=43
Strict-Transport-Security: max-age=86400 ; includeSubDomains
Server-Timing: ak_p; desc="1757688775072_1600473287_2079659743_7509_2025_36_42_-";dur=1

{
    "type": "https://httpproblems.com/http-status/401",
    "title": "Unauthorized",
    "status": 401,
    "instance": "/alerts/v1/294021",
    "trace": {
        "timestamp": "2025-09-12T14:52:55.175Z",
        "requestId": "743281cf-ebcf-438f-8563-0865c0f5c88a",
        "buildId": "f2cb8906-d568-4c43-a987-c19acf6faff6"
    },
    "Code": "Unauthorized",
    "Message": "API authorization failed",
    "Reference": "https://dataservice.accuweather.com/alerts/v1/294021?apikey=REDACTED"
}
HTTP/1.1 401 Unauthorized
Content-Type: application/problem+json
zp-rid: 743281cf-ebcf-438f-8563-0865c0f5c88a
Vary: Accept-Encoding
Content-Encoding: gzip
Content-Length: 375
Date: Fri, 12 Sep 2025 14:52:55 GMT
Alt-Svc: h3=":443"; ma=93600,h3-29=":443"; ma=93600
Connection: keep-alive
Server-Timing: cdn-cache; desc=MISS
Server-Timing: edge; dur=32
Server-Timing: origin; dur=43
Strict-Transport-Security: max-age=86400 ; includeSubDomains
Server-Timing: ak_p; desc="1757688775072_1600473287_2079659743_7509_2025_36_42_-";dur=1

{
    "type": "https://httpproblems.com/http-status/401",
    "title": "Unauthorized",
    "status": 401,
    "instance": "/alerts/v1/294021",
    "trace": {
        "timestamp": "2025-09-12T14:52:55.175Z",
        "requestId": "743281cf-ebcf-438f-8563-0865c0f5c88a",
        "buildId": "f2cb8906-d568-4c43-a987-c19acf6faff6"
    },
    "Code": "Unauthorized",
    "Message": "API authorization failed",
    "Reference": "https://dataservice.accuweather.com/alerts/v1/294021?apikey=REDACTED"
}
HTTP/1.1 401 Unauthorized
Content-Type: application/problem+json
zp-rid: 743281cf-ebcf-438f-8563-0865c0f5c88a
Vary: Accept-Encoding
Content-Encoding: gzip
Content-Length: 375
Date: Fri, 12 Sep 2025 14:52:55 GMT
Alt-Svc: h3=":443"; ma=93600,h3-29=":443"; ma=93600
Connection: keep-alive
Server-Timing: cdn-cache; desc=MISS
Server-Timing: edge; dur=32
Server-Timing: origin; dur=43
Strict-Transport-Security: max-age=86400 ; includeSubDomains
Server-Timing: ak_p; desc="1757688775072_1600473287_2079659743_7509_2025_36_42_-";dur=1

{
    "type": "https://httpproblems.com/http-status/401",
    "title": "Unauthorized",
    "status": 401,
    "instance": "/alerts/v1/294021",
    "trace": {
        "timestamp": "2025-09-12T14:52:55.175Z",
        "requestId": "743281cf-ebcf-438f-8563-0865c0f5c88a",
        "buildId": "f2cb8906-d568-4c43-a987-c19acf6faff6"
    },
    "Code": "Unauthorized",
    "Message": "API authorization failed",
    "Reference": "https://dataservice.accuweather.com/alerts/v1/294021?apikey=REDACTED"
}
HTTP/1.1 401 Unauthorized
Content-Type: application/problem+json
zp-rid: 743281cf-ebcf-438f-8563-0865c0f5c88a
Vary: Accept-Encoding
Content-Encoding: gzip
Content-Length: 375
Date: Fri, 12 Sep 2025 14:52:55 GMT
Alt-Svc: h3=":443"; ma=93600,h3-29=":443"; ma=93600
Connection: keep-alive
Server-Timing: cdn-cache; desc=MISS
Server-Timing: edge; dur=32
Server-Timing: origin; dur=43
Strict-Transport-Security: max-age=86400 ; includeSubDomains
Server-Timing: ak_p; desc="1757688775072_1600473287_2079659743_7509_2025_36_42_-";dur=1

{
    "type": "https://httpproblems.com/http-status/401",
    "title": "Unauthorized",
    "status": 401,
    "instance": "/alerts/v1/294021",
    "trace": {
        "timestamp": "2025-09-12T14:52:55.175Z",
        "requestId": "743281cf-ebcf-438f-8563-0865c0f5c88a",
        "buildId": "f2cb8906-d568-4c43-a987-c19acf6faff6"
    },
    "Code": "Unauthorized",
    "Message": "API authorization failed",
    "Reference": "https://dataservice.accuweather.com/alerts/v1/294021?apikey=REDACTED"
}
HTTP/1.1 401 Unauthorized
Content-Type: application/problem+json
zp-rid: 743281cf-ebcf-438f-8563-0865c0f5c88a
Vary: Accept-Encoding
Content-Encoding: gzip
Content-Length: 375
Date: Fri, 12 Sep 2025 14:52:55 GMT
Alt-Svc: h3=":443"; ma=93600,h3-29=":443"; ma=93600
Connection: keep-alive
Server-Timing: cdn-cache; desc=MISS
Server-Timing: edge; dur=32
Server-Timing: origin; dur=43
Strict-Transport-Security: max-age=86400 ; includeSubDomains
Server-Timing: ak_p; desc="1757688775072_1600473287_2079659743_7509_2025_36_42_-";dur=1

{
    "type": "https://httpproblems.com/http-status/401",
    "title": "Unauthorized",
    "status": 401,
    "instance": "/alerts/v1/294021",
    "trace": {
        "timestamp": "2025-09-12T14:52:55.175Z",
        "requestId": "743281cf-ebcf-438f-8563-0865c0f5c88a",
        "buildId": "f2cb8906-d568-4c43-a987-c19acf6faff6"
    },
    "Code": "Unauthorized",
    "Message": "API authorization failed",
    "Reference": "https://dataservice.accuweather.com/alerts/v1/294021?apikey=REDACTED"
}
HTTP/1.1 401 Unauthorized
Content-Type: application/problem+json
zp-rid: 743281cf-ebcf-438f-8563-0865c0f5c88a
Vary: Accept-Encoding
Content-Encoding: gzip
Content-Length: 375
Date: Fri, 12 Sep 2025 14:52:55 GMT
Alt-Svc: h3=":443"; ma=93600,h3-29=":443"; ma=93600
Connection: keep-alive
Server-Timing: cdn-cache; desc=MISS
Server-Timing: edge; dur=32
Server-Timing: origin; dur=43
Strict-Transport-Security: max-age=86400 ; includeSubDomains
Server-Timing: ak_p; desc="1757688775072_1600473287_2079659743_7509_2025_36_42_-";dur=1

{
    "type": "https://httpproblems.com/http-status/401",
    "title": "Unauthorized",
    "status": 401,
    "instance": "/alerts/v1/294021",
    "trace": {
        "timestamp": "2025-09-12T14:52:55.175Z",
        "requestId": "743281cf-ebcf-438f-8563-0865c0f5c88a",
        "buildId": "f2cb8906-d568-4c43-a987-c19acf6faff6"
    },
    "Code": "Unauthorized",
    "Message": "API authorization failed",
    "Reference": "https://dataservice.accuweather.com/alerts/v1/294021?apikey=REDACTED"
}
HTTP/1.1 401 Unauthorized
Content-Type: application/problem+json
zp-rid: 743281cf-ebcf-438f-8563-0865c0f5c88a
Vary: Accept-Encoding
Content-Encoding: gzip
Content-Length: 375
Date: Fri, 12 Sep 2025 14:52:55 GMT
Alt-Svc: h3=":443"; ma=93600,h3-29=":443"; ma=93600
Connection: keep-alive
Server-Timing: cdn-cache; desc=MISS
Server-Timing: edge; dur=32
Server-Timing: origin; dur=43
Strict-Transport-Security: max-age=86400 ; includeSubDomains
Server-Timing: ak_p; desc="1757688775072_1600473287_2079659743_7509_2025_36_42_-";dur=1

{
    "type": "https://httpproblems.com/http-status/401",
    "title": "Unauthorized",
    "status": 401,
    "instance": "/alerts/v1/294021",
    "trace": {
        "timestamp": "2025-09-12T14:52:55.175Z",
        "requestId": "743281cf-ebcf-438f-8563-0865c0f5c88a",
        "buildId": "f2cb8906-d568-4c43-a987-c19acf6faff6"
    },
    "Code": "Unauthorized",
    "Message": "API authorization failed",
    "Reference": "https://dataservice.accuweather.com/alerts/v1/294021?apikey=REDACTED"
}
HTTP/1.1 401 Unauthorized
Content-Type: application/problem+json
zp-rid: 743281cf-ebcf-438f-8563-0865c0f5c88a
Vary: Accept-Encoding
Content-Encoding: gzip
Content-Length: 375
Date: Fri, 12 Sep 2025 14:52:55 GMT
Alt-Svc: h3=":443"; ma=93600,h3-29=":443"; ma=93600
Connection: keep-alive
Server-Timing: cdn-cache; desc=MISS
Server-Timing: edge; dur=32
Server-Timing: origin; dur=43
Strict-Transport-Security: max-age=86400 ; includeSubDomains
Server-Timing: ak_p; desc="1757688775072_1600473287_2079659743_7509_2025_36_42_-";dur=1

{
    "type": "https://httpproblems.com/http-status/401",
    "title": "Unauthorized",
    "status": 401,
    "instance": "/alerts/v1/294021",
    "trace": {
        "timestamp": "2025-09-12T14:52:55.175Z",
        "requestId": "743281cf-ebcf-438f-8563-0865c0f5c88a",
        "buildId": "f2cb8906-d568-4c43-a987-c19acf6faff6"
    },
    "Code": "Unauthorized",
    "Message": "API authorization failed",
    "Reference": "https://dataservice.accuweather.com/alerts/v1/294021?apikey=REDACTED"
}
]]></system-out>
  </testcase>
  <testcase name="forecastLocalized" classname="study.api.AccuWeatherApiTests" time="0.535">
    <system-out><![CDATA[Request method:	GET
Request URI:	https://dataservice.accuweather.com/forecasts/v1/daily/1day/294021?apikey=AOAG2WhmzCsb9h5PVDoF8PicU9rbkRvB&language=ru-ru&metric=true
Proxy:			<none>
Request params:	<none>
Query params:	apikey=AOAG2WhmzCsb9h5PVDoF8PicU9rbkRvB
				language=ru-ru
				metric=true
Form params:	<none>
Path params:	<none>
Headers:		Accept=*/*
Cookies:		<none>
Multiparts:		<none>
Body:			<none>
Request method:	GET
Request URI:	https://dataservice.accuweather.com/forecasts/v1/daily/1day/294021?apikey=AOAG2WhmzCsb9h5PVDoF8PicU9rbkRvB&language=ru-ru&metric=true
Proxy:			<none>
Request params:	<none>
Query params:	apikey=AOAG2WhmzCsb9h5PVDoF8PicU9rbkRvB
				language=ru-ru
				metric=true
Form params:	<none>
Path params:	<none>
Headers:		Accept=*/*
Cookies:		<none>
Multiparts:		<none>
Body:			<none>
Request method:	GET
Request URI:	https://dataservice.accuweather.com/forecasts/v1/daily/1day/294021?apikey=AOAG2WhmzCsb9h5PVDoF8PicU9rbkRvB&language=ru-ru&metric=true
Proxy:			<none>
Request params:	<none>
Query params:	apikey=AOAG2WhmzCsb9h5PVDoF8PicU9rbkRvB
				language=ru-ru
				metric=true
Form params:	<none>
Path params:	<none>
Headers:		Accept=*/*
Cookies:		<none>
Multiparts:		<none>
Body:			<none>
Request method:	GET
Request URI:	https://dataservice.accuweather.com/forecasts/v1/daily/1day/294021?apikey=AOAG2WhmzCsb9h5PVDoF8PicU9rbkRvB&language=ru-ru&metric=true
Proxy:			<none>
Request params:	<none>
Query params:	apikey=AOAG2WhmzCsb9h5PVDoF8PicU9rbkRvB
				language=ru-ru
				metric=true
Form params:	<none>
Path params:	<none>
Headers:		Accept=*/*
Cookies:		<none>
Multiparts:		<none>
Body:			<none>
Request method:	GET
Request URI:	https://dataservice.accuweather.com/forecasts/v1/daily/1day/294021?apikey=AOAG2WhmzCsb9h5PVDoF8PicU9rbkRvB&language=ru-ru&metric=true
Proxy:			<none>
Request params:	<none>
Query params:	apikey=AOAG2WhmzCsb9h5PVDoF8PicU9rbkRvB
				language=ru-ru
				metric=true
Form params:	<none>
Path params:	<none>
Headers:		Accept=*/*
Cookies:		<none>
Multiparts:		<none>
Body:			<none>
Request method:	GET
Request URI:	https://dataservice.accuweather.com/forecasts/v1/daily/1day/294021?apikey=AOAG2WhmzCsb9h5PVDoF8PicU9rbkRvB&language=ru-ru&metric=true
Proxy:			<none>
Request params:	<none>
Query params:	apikey=AOAG2WhmzCsb9h5PVDoF8PicU9rbkRvB
				language=ru-ru
				metric=true
Form params:	<none>
Path params:	<none>
Headers:		Accept=*/*
Cookies:		<none>
Multiparts:		<none>
Body:			<none>
Request method:	GET
Request URI:	https://dataservice.accuweather.com/forecasts/v1/daily/1day/294021?apikey=AOAG2WhmzCsb9h5PVDoF8PicU9rbkRvB&language=ru-ru&metric=true
Proxy:			<none>
Request params:	<none>
Query params:	apikey=AOAG2WhmzCsb9h5PVDoF8PicU9rbkRvB
				language=ru-ru
				metric=true
Form params:	<none>
Path params:	<none>
Headers:		Accept=*/*
Cookies:		<none>
Multiparts:		<none>
Body:			<none>
Request method:	GET
Request URI:	https://dataservice.accuweather.com/forecasts/v1/daily/1day/294021?apikey=AOAG2WhmzCsb9h5PVDoF8PicU9rbkRvB&language=ru-ru&metric=true
Proxy:			<none>
Request params:	<none>
Query params:	apikey=AOAG2WhmzCsb9h5PVDoF8PicU9rbkRvB
				language=ru-ru
				metric=true
Form params:	<none>
Path params:	<none>
Headers:		Accept=*/*
Cookies:		<none>
Multiparts:		<none>
Body:			<none>
Request method:	GET
Request URI:	https://dataservice.accuweather.com/forecasts/v1/daily/1day/294021?apikey=AOAG2WhmzCsb9h5PVDoF8PicU9rbkRvB&language=ru-ru&metric=true
Proxy:			<none>
Request params:	<none>
Query params:	apikey=AOAG2WhmzCsb9h5PVDoF8PicU9rbkRvB
				language=ru-ru
				metric=true
Form params:	<none>
Path params:	<none>
Headers:		Accept=*/*
Cookies:		<none>
Multiparts:		<none>
Body:			<none>
Request method:	GET
Request URI:	https://dataservice.accuweather.com/forecasts/v1/daily/1day/294021?apikey=AOAG2WhmzCsb9h5PVDoF8PicU9rbkRvB&language=ru-ru&metric=true
Proxy:			<none>
Request params:	<none>
Query params:	apikey=AOAG2WhmzCsb9h5PVDoF8PicU9rbkRvB
				language=ru-ru
				metric=true
Form params:	<none>
Path params:	<none>
Headers:		Accept=*/*
Cookies:		<none>
Multiparts:		<none>
Body:			<none>
Request method:	GET
Request URI:	https://dataservice.accuweather.com/forecasts/v1/daily/1day/294021?apikey=AOAG2WhmzCsb9h5PVDoF8PicU9rbkRvB&language=ru-ru&metric=true
Proxy:			<none>
Request params:	<none>
Query params:	apikey=AOAG2WhmzCsb9h5PVDoF8PicU9rbkRvB
				language=ru-ru
				metric=true
Form params:	<none>
Path params:	<none>
Headers:		Accept=*/*
Cookies:		<none>
Multiparts:		<none>
Body:			<none>
HTTP/1.1 401 Unauthorized
Content-Type: application/problem+json
zp-rid: 07a487a7-875b-4675-be7f-687b157f612d
Vary: Accept-Encoding
Content-Encoding: gzip
Date: Fri, 12 Sep 2025 14:52:55 GMT
Alt-Svc: h3=":443"; ma=93600,h3-29=":443"; ma=93600
Connection: close
Server-Timing: edge; dur=1
Server-Timing: origin; dur=69
Server-Timing: cdn-cache; desc=MISS
Strict-Transport-Security: max-age=86400 ; includeSubDomains
Server-Timing: ak_p; desc="1757688775295_1600473305_945199475_6999_1262_37_360_-";dur=1

{
    "type": "https://httpproblems.com/http-status/401",
    "title": "Unauthorized",
    "status": 401,
    "instance": "/forecasts/v1/daily/1day/294021",
    "trace": {
        "timestamp": "2025-09-12T14:52:55.713Z",
        "requestId": "07a487a7-875b-4675-be7f-687b157f612d",
        "buildId": "f2cb8906-d568-4c43-a987-c19acf6faff6"
    },
    "Code": "Unauthorized",
    "Message": "API authorization failed",
    "Reference": "https://dataservice.accuweather.com/forecasts/v1/daily/1day/294021?apikey=REDACTED&language=ru-ru&metric=true"
}
HTTP/1.1 401 Unauthorized
Content-Type: application/problem+json
zp-rid: 07a487a7-875b-4675-be7f-687b157f612d
Vary: Accept-Encoding
Content-Encoding: gzip
Date: Fri, 12 Sep 2025 14:52:55 GMT
Alt-Svc: h3=":443"; ma=93600,h3-29=":443"; ma=93600
Connection: close
Server-Timing: edge; dur=1
Server-Timing: origin; dur=69
Server-Timing: cdn-cache; desc=MISS
Strict-Transport-Security: max-age=86400 ; includeSubDomains
Server-Timing: ak_p; desc="1757688775295_1600473305_945199475_6999_1262_37_360_-";dur=1

{
    "type": "https://httpproblems.com/http-status/401",
    "title": "Unauthorized",
    "status": 401,
    "instance": "/forecasts/v1/daily/1day/294021",
    "trace": {
        "timestamp": "2025-09-12T14:52:55.713Z",
        "requestId": "07a487a7-875b-4675-be7f-687b157f612d",
        "buildId": "f2cb8906-d568-4c43-a987-c19acf6faff6"
    },
    "Code": "Unauthorized",
    "Message": "API authorization failed",
    "Reference": "https://dataservice.accuweather.com/forecasts/v1/daily/1day/294021?apikey=REDACTED&language=ru-ru&metric=true"
}
HTTP/1.1 401 Unauthorized
Content-Type: application/problem+json
zp-rid: 07a487a7-875b-4675-be7f-687b157f612d
Vary: Accept-Encoding
Content-Encoding: gzip
Date: Fri, 12 Sep 2025 14:52:55 GMT
Alt-Svc: h3=":443"; ma=93600,h3-29=":443"; ma=93600
Connection: close
Server-Timing: edge; dur=1
Server-Timing: origin; dur=69
Server-Timing: cdn-cache; desc=MISS
Strict-Transport-Security: max-age=86400 ; includeSubDomains
Server-Timing: ak_p; desc="1757688775295_1600473305_945199475_6999_1262_37_360_-";dur=1

{
    "type": "https://httpproblems.com/http-status/401",
    "title": "Unauthorized",
    "status": 401,
    "instance": "/forecasts/v1/daily/1day/294021",
    "trace": {
        "timestamp": "2025-09-12T14:52:55.713Z",
        "requestId": "07a487a7-875b-4675-be7f-687b157f612d",
        "buildId": "f2cb8906-d568-4c43-a987-c19acf6faff6"
    },
    "Code": "Unauthorized",
    "Message": "API authorization failed",
    "Reference": "https://dataservice.accuweather.com/forecasts/v1/daily/1day/294021?apikey=REDACTED&language=ru-ru&metric=true"
}
HTTP/1.1 401 Unauthorized
Content-Type: application/problem+json
zp-rid: 07a487a7-875b-4675-be7f-687b157f612d
Vary: Accept-Encoding
Content-Encoding: gzip
Date: Fri, 12 Sep 2025 14:52:55 GMT
Alt-Svc: h3=":443"; ma=93600,h3-29=":443"; ma=93600
Connection: close
Server-Timing: edge; dur=1
Server-Timing: origin; dur=69
Server-Timing: cdn-cache; desc=MISS
Strict-Transport-Security: max-age=86400 ; includeSubDomains
Server-Timing: ak_p; desc="1757688775295_1600473305_945199475_6999_1262_37_360_-";dur=1

{
    "type": "https://httpproblems.com/http-status/401",
    "title": "Unauthorized",
    "status": 401,
    "instance": "/forecasts/v1/daily/1day/294021",
    "trace": {
        "timestamp": "2025-09-12T14:52:55.713Z",
        "requestId": "07a487a7-875b-4675-be7f-687b157f612d",
        "buildId": "f2cb8906-d568-4c43-a987-c19acf6faff6"
    },
    "Code": "Unauthorized",
    "Message": "API authorization failed",
    "Reference": "https://dataservice.accuweather.com/forecasts/v1/daily/1day/294021?apikey=REDACTED&language=ru-ru&metric=true"
}
HTTP/1.1 401 Unauthorized
Content-Type: application/problem+json
zp-rid: 07a487a7-875b-4675-be7f-687b157f612d
Vary: Accept-Encoding
Content-Encoding: gzip
Date: Fri, 12 Sep 2025 14:52:55 GMT
Alt-Svc: h3=":443"; ma=93600,h3-29=":443"; ma=93600
Connection: close
Server-Timing: edge; dur=1
Server-Timing: origin; dur=69
Server-Timing: cdn-cache; desc=MISS
Strict-Transport-Security: max-age=86400 ; includeSubDomains
Server-Timing: ak_p; desc="1757688775295_1600473305_945199475_6999_1262_37_360_-";dur=1

{
    "type": "https://httpproblems.com/http-status/401",
    "title": "Unauthorized",
    "status": 401,
    "instance": "/forecasts/v1/daily/1day/294021",
    "trace": {
        "timestamp": "2025-09-12T14:52:55.713Z",
        "requestId": "07a487a7-875b-4675-be7f-687b157f612d",
        "buildId": "f2cb8906-d568-4c43-a987-c19acf6faff6"
    },
    "Code": "Unauthorized",
    "Message": "API authorization failed",
    "Reference": "https://dataservice.accuweather.com/forecasts/v1/daily/1day/294021?apikey=REDACTED&language=ru-ru&metric=true"
}
HTTP/1.1 401 Unauthorized
Content-Type: application/problem+json
zp-rid: 07a487a7-875b-4675-be7f-687b157f612d
Vary: Accept-Encoding
Content-Encoding: gzip
Date: Fri, 12 Sep 2025 14:52:55 GMT
Alt-Svc: h3=":443"; ma=93600,h3-29=":443"; ma=93600
Connection: close
Server-Timing: edge; dur=1
Server-Timing: origin; dur=69
Server-Timing: cdn-cache; desc=MISS
Strict-Transport-Security: max-age=86400 ; includeSubDomains
Server-Timing: ak_p; desc="1757688775295_1600473305_945199475_6999_1262_37_360_-";dur=1

{
    "type": "https://httpproblems.com/http-status/401",
    "title": "Unauthorized",
    "status": 401,
    "instance": "/forecasts/v1/daily/1day/294021",
    "trace": {
        "timestamp": "2025-09-12T14:52:55.713Z",
        "requestId": "07a487a7-875b-4675-be7f-687b157f612d",
        "buildId": "f2cb8906-d568-4c43-a987-c19acf6faff6"
    },
    "Code": "Unauthorized",
    "Message": "API authorization failed",
    "Reference": "https://dataservice.accuweather.com/forecasts/v1/daily/1day/294021?apikey=REDACTED&language=ru-ru&metric=true"
}
HTTP/1.1 401 Unauthorized
Content-Type: application/problem+json
zp-rid: 07a487a7-875b-4675-be7f-687b157f612d
Vary: Accept-Encoding
Content-Encoding: gzip
Date: Fri, 12 Sep 2025 14:52:55 GMT
Alt-Svc: h3=":443"; ma=93600,h3-29=":443"; ma=93600
Connection: close
Server-Timing: edge; dur=1
Server-Timing: origin; dur=69
Server-Timing: cdn-cache; desc=MISS
Strict-Transport-Security: max-age=86400 ; includeSubDomains
Server-Timing: ak_p; desc="1757688775295_1600473305_945199475_6999_1262_37_360_-";dur=1

{
    "type": "https://httpproblems.com/http-status/401",
    "title": "Unauthorized",
    "status": 401,
    "instance": "/forecasts/v1/daily/1day/294021",
    "trace": {
        "timestamp": "2025-09-12T14:52:55.713Z",
        "requestId": "07a487a7-875b-4675-be7f-687b157f612d",
        "buildId": "f2cb8906-d568-4c43-a987-c19acf6faff6"
    },
    "Code": "Unauthorized",
    "Message": "API authorization failed",
    "Reference": "https://dataservice.accuweather.com/forecasts/v1/daily/1day/294021?apikey=REDACTED&language=ru-ru&metric=true"
}
HTTP/1.1 401 Unauthorized
Content-Type: application/problem+json
zp-rid: 07a487a7-875b-4675-be7f-687b157f612d
Vary: Accept-Encoding
Content-Encoding: gzip
Date: Fri, 12 Sep 2025 14:52:55 GMT
Alt-Svc: h3=":443"; ma=93600,h3-29=":443"; ma=93600
Connection: close
Server-Timing: edge; dur=1
Server-Timing: origin; dur=69
Server-Timing: cdn-cache; desc=MISS
Strict-Transport-Security: max-age=86400 ; includeSubDomains
Server-Timing: ak_p; desc="1757688775295_1600473305_945199475_6999_1262_37_360_-";dur=1

{
    "type": "https://httpproblems.com/http-status/401",
    "title": "Unauthorized",
    "status": 401,
    "instance": "/forecasts/v1/daily/1day/294021",
    "trace": {
        "timestamp": "2025-09-12T14:52:55.713Z",
        "requestId": "07a487a7-875b-4675-be7f-687b157f612d",
        "buildId": "f2cb8906-d568-4c43-a987-c19acf6faff6"
    },
    "Code": "Unauthorized",
    "Message": "API authorization failed",
    "Reference": "https://dataservice.accuweather.com/forecasts/v1/daily/1day/294021?apikey=REDACTED&language=ru-ru&metric=true"
}
HTTP/1.1 401 Unauthorized
Content-Type: application/problem+json
zp-rid: 07a487a7-875b-4675-be7f-687b157f612d
Vary: Accept-Encoding
Content-Encoding: gzip
Date: Fri, 12 Sep 2025 14:52:55 GMT
Alt-Svc: h3=":443"; ma=93600,h3-29=":443"; ma=93600
Connection: close
Server-Timing: edge; dur=1
Server-Timing: origin; dur=69
Server-Timing: cdn-cache; desc=MISS
Strict-Transport-Security: max-age=86400 ; includeSubDomains
Server-Timing: ak_p; desc="1757688775295_1600473305_945199475_6999_1262_37_360_-";dur=1

{
    "type": "https://httpproblems.com/http-status/401",
    "title": "Unauthorized",
    "status": 401,
    "instance": "/forecasts/v1/daily/1day/294021",
    "trace": {
        "timestamp": "2025-09-12T14:52:55.713Z",
        "requestId": "07a487a7-875b-4675-be7f-687b157f612d",
        "buildId": "f2cb8906-d568-4c43-a987-c19acf6faff6"
    },
    "Code": "Unauthorized",
    "Message": "API authorization failed",
    "Reference": "https://dataservice.accuweather.com/forecasts/v1/daily/1day/294021?apikey=REDACTED&language=ru-ru&metric=true"
}
HTTP/1.1 401 Unauthorized
Content-Type: application/problem+json
zp-rid: 07a487a7-875b-4675-be7f-687b157f612d
Vary: Accept-Encoding
Content-Encoding: gzip
Date: Fri, 12 Sep 2025 14:52:55 GMT
Alt-Svc: h3=":443"; ma=93600,h3-29=":443"; ma=93600
Connection: close
Server-Timing: edge; dur=1
Server-Timing: origin; dur=69
Server-Timing: cdn-cache; desc=MISS
Strict-Transport-Security: max-age=86400 ; includeSubDomains
Server-Timing: ak_p; desc="1757688775295_1600473305_945199475_6999_1262_37_360_-";dur=1

{
    "type": "https://httpproblems.com/http-status/401",
    "title": "Unauthorized",
    "status": 401,
    "instance": "/forecasts/v1/daily/1day/294021",
    "trace": {
        "timestamp": "2025-09-12T14:52:55.713Z",
        "requestId": "07a487a7-875b-4675-be7f-687b157f612d",
        "buildId": "f2cb8906-d568-4c43-a987-c19acf6faff6"
    },
    "Code": "Unauthorized",
    "Message": "API authorization failed",
    "Reference": "https://dataservice.accuweather.com/forecasts/v1/daily/1day/294021?apikey=REDACTED&language=ru-ru&metric=true"
}
HTTP/1.1 401 Unauthorized
Content-Type: application/problem+json
zp-rid: 07a487a7-875b-4675-be7f-687b157f612d
Vary: Accept-Encoding
Content-Encoding: gzip
Date: Fri, 12 Sep 2025 14:52:55 GMT
Alt-Svc: h3=":443"; ma=93600,h3-29=":443"; ma=93600
Connection: close
Server-Timing: edge; dur=1
Server-Timing: origin; dur=69
Server-Timing: cdn-cache; desc=MISS
Strict-Transport-Security: max-age=86400 ; includeSubDomains
Server-Timing: ak_p; desc="1757688775295_1600473305_945199475_6999_1262_37_360_-";dur=1

{
    "type": "https://httpproblems.com/http-status/401",
    "title": "Unauthorized",
    "status": 401,
    "instance": "/forecasts/v1/daily/1day/294021",
    "trace": {
        "timestamp": "2025-09-12T14:52:55.713Z",
        "requestId": "07a487a7-875b-4675-be7f-687b157f612d",
        "buildId": "f2cb8906-d568-4c43-a987-c19acf6faff6"
    },
    "Code": "Unauthorized",
    "Message": "API authorization failed",
    "Reference": "https://dataservice.accuweather.com/forecasts/v1/daily/1day/294021?apikey=REDACTED&language=ru-ru&metric=true"
}
]]></system-out>
  </testcase>
  <testcase name="citiesAutocomplete" classname="study.api.AccuWeatherApiTests" time="0.268">
    <system-out><![CDATA[Request method:	GET
Request URI:	https://dataservice.accuweather.com/locations/v1/cities/autocomplete?apikey=AOAG2WhmzCsb9h5PVDoF8PicU9rbkRvB&q=Lon
Proxy:			<none>
Request params:	<none>
Query params:	apikey=AOAG2WhmzCsb9h5PVDoF8PicU9rbkRvB
				q=Lon
Form params:	<none>
Path params:	<none>
Headers:		Accept=*/*
Cookies:		<none>
Multiparts:		<none>
Body:			<none>
Request method:	GET
Request URI:	https://dataservice.accuweather.com/locations/v1/cities/autocomplete?apikey=AOAG2WhmzCsb9h5PVDoF8PicU9rbkRvB&q=Lon
Proxy:			<none>
Request params:	<none>
Query params:	apikey=AOAG2WhmzCsb9h5PVDoF8PicU9rbkRvB
				q=Lon
Form params:	<none>
Path params:	<none>
Headers:		Accept=*/*
Cookies:		<none>
Multiparts:		<none>
Body:			<none>
Request method:	GET
Request URI:	https://dataservice.accuweather.com/locations/v1/cities/autocomplete?apikey=AOAG2WhmzCsb9h5PVDoF8PicU9rbkRvB&q=Lon
Proxy:			<none>
Request params:	<none>
Query params:	apikey=AOAG2WhmzCsb9h5PVDoF8PicU9rbkRvB
				q=Lon
Form params:	<none>
Path params:	<none>
Headers:		Accept=*/*
Cookies:		<none>
Multiparts:		<none>
Body:			<none>
Request method:	GET
Request URI:	https://dataservice.accuweather.com/locations/v1/cities/autocomplete?apikey=AOAG2WhmzCsb9h5PVDoF8PicU9rbkRvB&q=Lon
Proxy:			<none>
Request params:	<none>
Query params:	apikey=AOAG2WhmzCsb9h5PVDoF8PicU9rbkRvB
				q=Lon
Form params:	<none>
Path params:	<none>
Headers:		Accept=*/*
Cookies:		<none>
Multiparts:		<none>
Body:			<none>
Request method:	GET
Request URI:	https://dataservice.accuweather.com/locations/v1/cities/autocomplete?apikey=AOAG2WhmzCsb9h5PVDoF8PicU9rbkRvB&q=Lon
Proxy:			<none>
Request params:	<none>
Query params:	apikey=AOAG2WhmzCsb9h5PVDoF8PicU9rbkRvB
				q=Lon
Form params:	<none>
Path params:	<none>
Headers:		Accept=*/*
Cookies:		<none>
Multiparts:		<none>
Body:			<none>
Request method:	GET
Request URI:	https://dataservice.accuweather.com/locations/v1/cities/autocomplete?apikey=AOAG2WhmzCsb9h5PVDoF8PicU9rbkRvB&q=Lon
Proxy:			<none>
Request params:	<none>
Query params:	apikey=AOAG2WhmzCsb9h5PVDoF8PicU9rbkRvB
				q=Lon
Form params:	<none>
Path params:	<none>
Headers:		Accept=*/*
Cookies:		<none>
Multiparts:		<none>
Body:			<none>
Request method:	GET
Request URI:	https://dataservice.accuweather.com/locations/v1/cities/autocomplete?apikey=AOAG2WhmzCsb9h5PVDoF8PicU9rbkRvB&q=Lon
Proxy:			<none>
Request params:	<none>
Query params:	apikey=AOAG2WhmzCsb9h5PVDoF8PicU9rbkRvB
				q=Lon
Form params:	<none>
Path params:	<none>
Headers:		Accept=*/*
Cookies:		<none>
Multiparts:		<none>
Body:			<none>
Request method:	GET
Request URI:	https://dataservice.accuweather.com/locations/v1/cities/autocomplete?apikey=AOAG2WhmzCsb9h5PVDoF8PicU9rbkRvB&q=Lon
Proxy:			<none>
Request params:	<none>
Query params:	apikey=AOAG2WhmzCsb9h5PVDoF8PicU9rbkRvB
				q=Lon
Form params:	<none>
Path params:	<none>
Headers:		Accept=*/*
Cookies:		<none>
Multiparts:		<none>
Body:			<none>
Request method:	GET
Request URI:	https://dataservice.accuweather.com/locations/v1/cities/autocomplete?apikey=AOAG2WhmzCsb9h5PVDoF8PicU9rbkRvB&q=Lon
Proxy:			<none>
Request params:	<none>
Query params:	apikey=AOAG2WhmzCsb9h5PVDoF8PicU9rbkRvB
				q=Lon
Form params:	<none>
Path params:	<none>
Headers:		Accept=*/*
Cookies:		<none>
Multiparts:		<none>
Body:			<none>
Request method:	GET
Request URI:	https://dataservice.accuweather.com/locations/v1/cities/autocomplete?apikey=AOAG2WhmzCsb9h5PVDoF8PicU9rbkRvB&q=Lon
Proxy:			<none>
Request params:	<none>
Query params:	apikey=AOAG2WhmzCsb9h5PVDoF8PicU9rbkRvB
				q=Lon
Form params:	<none>
Path params:	<none>
Headers:		Accept=*/*
Cookies:		<none>
Multiparts:		<none>
Body:			<none>
Request method:	GET
Request URI:	https://dataservice.accuweather.com/locations/v1/cities/autocomplete?apikey=AOAG2WhmzCsb9h5PVDoF8PicU9rbkRvB&q=Lon
Proxy:			<none>
Request params:	<none>
Query params:	apikey=AOAG2WhmzCsb9h5PVDoF8PicU9rbkRvB
				q=Lon
Form params:	<none>
Path params:	<none>
Headers:		Accept=*/*
Cookies:		<none>
Multiparts:		<none>
Body:			<none>
Request method:	GET
Request URI:	https://dataservice.accuweather.com/locations/v1/cities/autocomplete?apikey=AOAG2WhmzCsb9h5PVDoF8PicU9rbkRvB&q=Lon
Proxy:			<none>
Request params:	<none>
Query params:	apikey=AOAG2WhmzCsb9h5PVDoF8PicU9rbkRvB
				q=Lon
Form params:	<none>
Path params:	<none>
Headers:		Accept=*/*
Cookies:		<none>
Multiparts:		<none>
Body:			<none>
HTTP/1.1 401 Unauthorized
Content-Type: application/problem+json
zp-rid: f53f92ed-b8a9-4125-a796-dae7281bb075
Vary: Accept-Encoding
Content-Encoding: gzip
Content-Length: 395
Date: Fri, 12 Sep 2025 14:52:55 GMT
Alt-Svc: h3=":443"; ma=93600,h3-29=":443"; ma=93600
Connection: keep-alive
Server-Timing: cdn-cache; desc=MISS
Server-Timing: edge; dur=37
Server-Timing: origin; dur=82
Strict-Transport-Security: max-age=86400 ; includeSubDomains
Server-Timing: ak_p; desc="1757688775828_1600473305_945202036_11840_1488_36_47_-";dur=1

{
    "type": "https://httpproblems.com/http-status/401",
    "title": "Unauthorized",
    "status": 401,
    "instance": "/locations/v1/cities/autocomplete",
    "trace": {
        "timestamp": "2025-09-12T14:52:55.962Z",
        "requestId": "f53f92ed-b8a9-4125-a796-dae7281bb075",
        "buildId": "f2cb8906-d568-4c43-a987-c19acf6faff6"
    },
    "Code": "Unauthorized",
    "Message": "API authorization failed",
    "Reference": "https://dataservice.accuweather.com/locations/v1/cities/autocomplete?apikey=REDACTED&q=Lon"
}
HTTP/1.1 401 Unauthorized
Content-Type: application/problem+json
zp-rid: f53f92ed-b8a9-4125-a796-dae7281bb075
Vary: Accept-Encoding
Content-Encoding: gzip
Content-Length: 395
Date: Fri, 12 Sep 2025 14:52:55 GMT
Alt-Svc: h3=":443"; ma=93600,h3-29=":443"; ma=93600
Connection: keep-alive
Server-Timing: cdn-cache; desc=MISS
Server-Timing: edge; dur=37
Server-Timing: origin; dur=82
Strict-Transport-Security: max-age=86400 ; includeSubDomains
Server-Timing: ak_p; desc="1757688775828_1600473305_945202036_11840_1488_36_47_-";dur=1

{
    "type": "https://httpproblems.com/http-status/401",
    "title": "Unauthorized",
    "status": 401,
    "instance": "/locations/v1/cities/autocomplete",
    "trace": {
        "timestamp": "2025-09-12T14:52:55.962Z",
        "requestId": "f53f92ed-b8a9-4125-a796-dae7281bb075",
        "buildId": "f2cb8906-d568-4c43-a987-c19acf6faff6"
    },
    "Code": "Unauthorized",
    "Message": "API authorization failed",
    "Reference": "https://dataservice.accuweather.com/locations/v1/cities/autocomplete?apikey=REDACTED&q=Lon"
}
HTTP/1.1 401 Unauthorized
Content-Type: application/problem+json
zp-rid: f53f92ed-b8a9-4125-a796-dae7281bb075
Vary: Accept-Encoding
Content-Encoding: gzip
Content-Length: 395
Date: Fri, 12 Sep 2025 14:52:55 GMT
Alt-Svc: h3=":443"; ma=93600,h3-29=":443"; ma=93600
Connection: keep-alive
Server-Timing: cdn-cache; desc=MISS
Server-Timing: edge; dur=37
Server-Timing: origin; dur=82
Strict-Transport-Security: max-age=86400 ; includeSubDomains
Server-Timing: ak_p; desc="1757688775828_1600473305_945202036_11840_1488_36_47_-";dur=1

{
    "type": "https://httpproblems.com/http-status/401",
    "title": "Unauthorized",
    "status": 401,
    "instance": "/locations/v1/cities/autocomplete",
    "trace": {
        "timestamp": "2025-09-12T14:52:55.962Z",
        "requestId": "f53f92ed-b8a9-4125-a796-dae7281bb075",
        "buildId": "f2cb8906-d568-4c43-a987-c19acf6faff6"
    },
    "Code": "Unauthorized",
    "Message": "API authorization failed",
    "Reference": "https://dataservice.accuweather.com/locations/v1/cities/autocomplete?apikey=REDACTED&q=Lon"
}
HTTP/1.1 401 Unauthorized
Content-Type: application/problem+json
zp-rid: f53f92ed-b8a9-4125-a796-dae7281bb075
Vary: Accept-Encoding
Content-Encoding: gzip
Content-Length: 395
Date: Fri, 12 Sep 2025 14:52:55 GMT
Alt-Svc: h3=":443"; ma=93600,h3-29=":443"; ma=93600
Connection: keep-alive
Server-Timing: cdn-cache; desc=MISS
Server-Timing: edge; dur=37
Server-Timing: origin; dur=82
Strict-Transport-Security: max-age=86400 ; includeSubDomains
Server-Timing: ak_p; desc="1757688775828_1600473305_945202036_11840_1488_36_47_-";dur=1

{
    "type": "https://httpproblems.com/http-status/401",
    "title": "Unauthorized",
    "status": 401,
    "instance": "/locations/v1/cities/autocomplete",
    "trace": {
        "timestamp": "2025-09-12T14:52:55.962Z",
        "requestId": "f53f92ed-b8a9-4125-a796-dae7281bb075",
        "buildId": "f2cb8906-d568-4c43-a987-c19acf6faff6"
    },
    "Code": "Unauthorized",
    "Message": "API authorization failed",
    "Reference": "https://dataservice.accuweather.com/locations/v1/cities/autocomplete?apikey=REDACTED&q=Lon"
}
HTTP/1.1 401 Unauthorized
Content-Type: application/problem+json
zp-rid: f53f92ed-b8a9-4125-a796-dae7281bb075
Vary: Accept-Encoding
Content-Encoding: gzip
Content-Length: 395
Date: Fri, 12 Sep 2025 14:52:55 GMT
Alt-Svc: h3=":443"; ma=93600,h3-29=":443"; ma=93600
Connection: keep-alive
Server-Timing: cdn-cache; desc=MISS
Server-Timing: edge; dur=37
Server-Timing: origin; dur=82
Strict-Transport-Security: max-age=86400 ; includeSubDomains
Server-Timing: ak_p; desc="1757688775828_1600473305_945202036_11840_1488_36_47_-";dur=1

{
    "type": "https://httpproblems.com/http-status/401",
    "title": "Unauthorized",
    "status": 401,
    "instance": "/locations/v1/cities/autocomplete",
    "trace": {
        "timestamp": "2025-09-12T14:52:55.962Z",
        "requestId": "f53f92ed-b8a9-4125-a796-dae7281bb075",
        "buildId": "f2cb8906-d568-4c43-a987-c19acf6faff6"
    },
    "Code": "Unauthorized",
    "Message": "API authorization failed",
    "Reference": "https://dataservice.accuweather.com/locations/v1/cities/autocomplete?apikey=REDACTED&q=Lon"
}
HTTP/1.1 401 Unauthorized
Content-Type: application/problem+json
zp-rid: f53f92ed-b8a9-4125-a796-dae7281bb075
Vary: Accept-Encoding
Content-Encoding: gzip
Content-Length: 395
Date: Fri, 12 Sep 2025 14:52:55 GMT
Alt-Svc: h3=":443"; ma=93600,h3-29=":443"; ma=93600
Connection: keep-alive
Server-Timing: cdn-cache; desc=MISS
Server-Timing: edge; dur=37
Server-Timing: origin; dur=82
Strict-Transport-Security: max-age=86400 ; includeSubDomains
Server-Timing: ak_p; desc="1757688775828_1600473305_945202036_11840_1488_36_47_-";dur=1

{
    "type": "https://httpproblems.com/http-status/401",
    "title": "Unauthorized",
    "status": 401,
    "instance": "/locations/v1/cities/autocomplete",
    "trace": {
        "timestamp": "2025-09-12T14:52:55.962Z",
        "requestId": "f53f92ed-b8a9-4125-a796-dae7281bb075",
        "buildId": "f2cb8906-d568-4c43-a987-c19acf6faff6"
    },
    "Code": "Unauthorized",
    "Message": "API authorization failed",
    "Reference": "https://dataservice.accuweather.com/locations/v1/cities/autocomplete?apikey=REDACTED&q=Lon"
}
HTTP/1.1 401 Unauthorized
Content-Type: application/problem+json
zp-rid: f53f92ed-b8a9-4125-a796-dae7281bb075
Vary: Accept-Encoding
Content-Encoding: gzip
Content-Length: 395
Date: Fri, 12 Sep 2025 14:52:55 GMT
Alt-Svc: h3=":443"; ma=93600,h3-29=":443"; ma=93600
Connection: keep-alive
Server-Timing: cdn-cache; desc=MISS
Server-Timing: edge; dur=37
Server-Timing: origin; dur=82
Strict-Transport-Security: max-age=86400 ; includeSubDomains
Server-Timing: ak_p; desc="1757688775828_1600473305_945202036_11840_1488_36_47_-";dur=1

{
    "type": "https://httpproblems.com/http-status/401",
    "title": "Unauthorized",
    "status": 401,
    "instance": "/locations/v1/cities/autocomplete",
    "trace": {
        "timestamp": "2025-09-12T14:52:55.962Z",
        "requestId": "f53f92ed-b8a9-4125-a796-dae7281bb075",
        "buildId": "f2cb8906-d568-4c43-a987-c19acf6faff6"
    },
    "Code": "Unauthorized",
    "Message": "API authorization failed",
    "Reference": "https://dataservice.accuweather.com/locations/v1/cities/autocomplete?apikey=REDACTED&q=Lon"
}
HTTP/1.1 401 Unauthorized
Content-Type: application/problem+json
zp-rid: f53f92ed-b8a9-4125-a796-dae7281bb075
Vary: Accept-Encoding
Content-Encoding: gzip
Content-Length: 395
Date: Fri, 12 Sep 2025 14:52:55 GMT
Alt-Svc: h3=":443"; ma=93600,h3-29=":443"; ma=93600
Connection: keep-alive
Server-Timing: cdn-cache; desc=MISS
Server-Timing: edge; dur=37
Server-Timing: origin; dur=82
Strict-Transport-Security: max-age=86400 ; includeSubDomains
Server-Timing: ak_p; desc="1757688775828_1600473305_945202036_11840_1488_36_47_-";dur=1

{
    "type": "https://httpproblems.com/http-status/401",
    "title": "Unauthorized",
    "status": 401,
    "instance": "/locations/v1/cities/autocomplete",
    "trace": {
        "timestamp": "2025-09-12T14:52:55.962Z",
        "requestId": "f53f92ed-b8a9-4125-a796-dae7281bb075",
        "buildId": "f2cb8906-d568-4c43-a987-c19acf6faff6"
    },
    "Code": "Unauthorized",
    "Message": "API authorization failed",
    "Reference": "https://dataservice.accuweather.com/locations/v1/cities/autocomplete?apikey=REDACTED&q=Lon"
}
HTTP/1.1 401 Unauthorized
Content-Type: application/problem+json
zp-rid: f53f92ed-b8a9-4125-a796-dae7281bb075
Vary: Accept-Encoding
Content-Encoding: gzip
Content-Length: 395
Date: Fri, 12 Sep 2025 14:52:55 GMT
Alt-Svc: h3=":443"; ma=93600,h3-29=":443"; ma=93600
Connection: keep-alive
Server-Timing: cdn-cache; desc=MISS
Server-Timing: edge; dur=37
Server-Timing: origin; dur=82
Strict-Transport-Security: max-age=86400 ; includeSubDomains
Server-Timing: ak_p; desc="1757688775828_1600473305_945202036_11840_1488_36_47_-";dur=1

{
    "type": "https://httpproblems.com/http-status/401",
    "title": "Unauthorized",
    "status": 401,
    "instance": "/locations/v1/cities/autocomplete",
    "trace": {
        "timestamp": "2025-09-12T14:52:55.962Z",
        "requestId": "f53f92ed-b8a9-4125-a796-dae7281bb075",
        "buildId": "f2cb8906-d568-4c43-a987-c19acf6faff6"
    },
    "Code": "Unauthorized",
    "Message": "API authorization failed",
    "Reference": "https://dataservice.accuweather.com/locations/v1/cities/autocomplete?apikey=REDACTED&q=Lon"
}
HTTP/1.1 401 Unauthorized
Content-Type: application/problem+json
zp-rid: f53f92ed-b8a9-4125-a796-dae7281bb075
Vary: Accept-Encoding
Content-Encoding: gzip
Content-Length: 395
Date: Fri, 12 Sep 2025 14:52:55 GMT
Alt-Svc: h3=":443"; ma=93600,h3-29=":443"; ma=93600
Connection: keep-alive
Server-Timing: cdn-cache; desc=MISS
Server-Timing: edge; dur=37
Server-Timing: origin; dur=82
Strict-Transport-Security: max-age=86400 ; includeSubDomains
Server-Timing: ak_p; desc="1757688775828_1600473305_945202036_11840_1488_36_47_-";dur=1

{
    "type": "https://httpproblems.com/http-status/401",
    "title": "Unauthorized",
    "status": 401,
    "instance": "/locations/v1/cities/autocomplete",
    "trace": {
        "timestamp": "2025-09-12T14:52:55.962Z",
        "requestId": "f53f92ed-b8a9-4125-a796-dae7281bb075",
        "buildId": "f2cb8906-d568-4c43-a987-c19acf6faff6"
    },
    "Code": "Unauthorized",
    "Message": "API authorization failed",
    "Reference": "https://dataservice.accuweather.com/locations/v1/cities/autocomplete?apikey=REDACTED&q=Lon"
}
HTTP/1.1 401 Unauthorized
Content-Type: application/problem+json
zp-rid: f53f92ed-b8a9-4125-a796-dae7281bb075
Vary: Accept-Encoding
Content-Encoding: gzip
Content-Length: 395
Date: Fri, 12 Sep 2025 14:52:55 GMT
Alt-Svc: h3=":443"; ma=93600,h3-29=":443"; ma=93600
Connection: keep-alive
Server-Timing: cdn-cache; desc=MISS
Server-Timing: edge; dur=37
Server-Timing: origin; dur=82
Strict-Transport-Security: max-age=86400 ; includeSubDomains
Server-Timing: ak_p; desc="1757688775828_1600473305_945202036_11840_1488_36_47_-";dur=1

{
    "type": "https://httpproblems.com/http-status/401",
    "title": "Unauthorized",
    "status": 401,
    "instance": "/locations/v1/cities/autocomplete",
    "trace": {
        "timestamp": "2025-09-12T14:52:55.962Z",
        "requestId": "f53f92ed-b8a9-4125-a796-dae7281bb075",
        "buildId": "f2cb8906-d568-4c43-a987-c19acf6faff6"
    },
    "Code": "Unauthorized",
    "Message": "API authorization failed",
    "Reference": "https://dataservice.accuweather.com/locations/v1/cities/autocomplete?apikey=REDACTED&q=Lon"
}
HTTP/1.1 401 Unauthorized
Content-Type: application/problem+json
zp-rid: f53f92ed-b8a9-4125-a796-dae7281bb075
Vary: Accept-Encoding
Content-Encoding: gzip
Content-Length: 395
Date: Fri, 12 Sep 2025 14:52:55 GMT
Alt-Svc: h3=":443"; ma=93600,h3-29=":443"; ma=93600
Connection: keep-alive
Server-Timing: cdn-cache; desc=MISS
Server-Timing: edge; dur=37
Server-Timing: origin; dur=82
Strict-Transport-Security: max-age=86400 ; includeSubDomains
Server-Timing: ak_p; desc="1757688775828_1600473305_945202036_11840_1488_36_47_-";dur=1

{
    "type": "https://httpproblems.com/http-status/401",
    "title": "Unauthorized",
    "status": 401,
    "instance": "/locations/v1/cities/autocomplete",
    "trace": {
        "timestamp": "2025-09-12T14:52:55.962Z",
        "requestId": "f53f92ed-b8a9-4125-a796-dae7281bb075",
        "buildId": "f2cb8906-d568-4c43-a987-c19acf6faff6"
    },
    "Code": "Unauthorized",
    "Message": "API authorization failed",
    "Reference": "https://dataservice.accuweather.com/locations/v1/cities/autocomplete?apikey=REDACTED&q=Lon"
}
]]></system-out>
  </testcase>
  <testcase name="perfAndHeaderCheck" classname="study.api.AccuWeatherApiTests" time="0.253">
    <system-out><![CDATA[Request method:	GET
Request URI:	https://dataservice.accuweather.com/currentconditions/v1/294021?apikey=AOAG2WhmzCsb9h5PVDoF8PicU9rbkRvB
Proxy:			<none>
Request params:	<none>
Query params:	apikey=AOAG2WhmzCsb9h5PVDoF8PicU9rbkRvB
Form params:	<none>
Path params:	<none>
Headers:		Accept=*/*
Cookies:		<none>
Multiparts:		<none>
Body:			<none>
Request method:	GET
Request URI:	https://dataservice.accuweather.com/currentconditions/v1/294021?apikey=AOAG2WhmzCsb9h5PVDoF8PicU9rbkRvB
Proxy:			<none>
Request params:	<none>
Query params:	apikey=AOAG2WhmzCsb9h5PVDoF8PicU9rbkRvB
Form params:	<none>
Path params:	<none>
Headers:		Accept=*/*
Cookies:		<none>
Multiparts:		<none>
Body:			<none>
Request method:	GET
Request URI:	https://dataservice.accuweather.com/currentconditions/v1/294021?apikey=AOAG2WhmzCsb9h5PVDoF8PicU9rbkRvB
Proxy:			<none>
Request params:	<none>
Query params:	apikey=AOAG2WhmzCsb9h5PVDoF8PicU9rbkRvB
Form params:	<none>
Path params:	<none>
Headers:		Accept=*/*
Cookies:		<none>
Multiparts:		<none>
Body:			<none>
Request method:	GET
Request URI:	https://dataservice.accuweather.com/currentconditions/v1/294021?apikey=AOAG2WhmzCsb9h5PVDoF8PicU9rbkRvB
Proxy:			<none>
Request params:	<none>
Query params:	apikey=AOAG2WhmzCsb9h5PVDoF8PicU9rbkRvB
Form params:	<none>
Path params:	<none>
Headers:		Accept=*/*
Cookies:		<none>
Multiparts:		<none>
Body:			<none>
Request method:	GET
Request URI:	https://dataservice.accuweather.com/currentconditions/v1/294021?apikey=AOAG2WhmzCsb9h5PVDoF8PicU9rbkRvB
Proxy:			<none>
Request params:	<none>
Query params:	apikey=AOAG2WhmzCsb9h5PVDoF8PicU9rbkRvB
Form params:	<none>
Path params:	<none>
Headers:		Accept=*/*
Cookies:		<none>
Multiparts:		<none>
Body:			<none>
Request method:	GET
Request URI:	https://dataservice.accuweather.com/currentconditions/v1/294021?apikey=AOAG2WhmzCsb9h5PVDoF8PicU9rbkRvB
Proxy:			<none>
Request params:	<none>
Query params:	apikey=AOAG2WhmzCsb9h5PVDoF8PicU9rbkRvB
Form params:	<none>
Path params:	<none>
Headers:		Accept=*/*
Cookies:		<none>
Multiparts:		<none>
Body:			<none>
Request method:	GET
Request URI:	https://dataservice.accuweather.com/currentconditions/v1/294021?apikey=AOAG2WhmzCsb9h5PVDoF8PicU9rbkRvB
Proxy:			<none>
Request params:	<none>
Query params:	apikey=AOAG2WhmzCsb9h5PVDoF8PicU9rbkRvB
Form params:	<none>
Path params:	<none>
Headers:		Accept=*/*
Cookies:		<none>
Multiparts:		<none>
Body:			<none>
Request method:	GET
Request URI:	https://dataservice.accuweather.com/currentconditions/v1/294021?apikey=AOAG2WhmzCsb9h5PVDoF8PicU9rbkRvB
Proxy:			<none>
Request params:	<none>
Query params:	apikey=AOAG2WhmzCsb9h5PVDoF8PicU9rbkRvB
Form params:	<none>
Path params:	<none>
Headers:		Accept=*/*
Cookies:		<none>
Multiparts:		<none>
Body:			<none>
Request method:	GET
Request URI:	https://dataservice.accuweather.com/currentconditions/v1/294021?apikey=AOAG2WhmzCsb9h5PVDoF8PicU9rbkRvB
Proxy:			<none>
Request params:	<none>
Query params:	apikey=AOAG2WhmzCsb9h5PVDoF8PicU9rbkRvB
Form params:	<none>
Path params:	<none>
Headers:		Accept=*/*
Cookies:		<none>
Multiparts:		<none>
Body:			<none>
Request method:	GET
Request URI:	https://dataservice.accuweather.com/currentconditions/v1/294021?apikey=AOAG2WhmzCsb9h5PVDoF8PicU9rbkRvB
Proxy:			<none>
Request params:	<none>
Query params:	apikey=AOAG2WhmzCsb9h5PVDoF8PicU9rbkRvB
Form params:	<none>
Path params:	<none>
Headers:		Accept=*/*
Cookies:		<none>
Multiparts:		<none>
Body:			<none>
Request method:	GET
Request URI:	https://dataservice.accuweather.com/currentconditions/v1/294021?apikey=AOAG2WhmzCsb9h5PVDoF8PicU9rbkRvB
Proxy:			<none>
Request params:	<none>
Query params:	apikey=AOAG2WhmzCsb9h5PVDoF8PicU9rbkRvB
Form params:	<none>
Path params:	<none>
Headers:		Accept=*/*
Cookies:		<none>
Multiparts:		<none>
Body:			<none>
Request method:	GET
Request URI:	https://dataservice.accuweather.com/currentconditions/v1/294021?apikey=AOAG2WhmzCsb9h5PVDoF8PicU9rbkRvB
Proxy:			<none>
Request params:	<none>
Query params:	apikey=AOAG2WhmzCsb9h5PVDoF8PicU9rbkRvB
Form params:	<none>
Path params:	<none>
Headers:		Accept=*/*
Cookies:		<none>
Multiparts:		<none>
Body:			<none>
Request method:	GET
Request URI:	https://dataservice.accuweather.com/currentconditions/v1/294021?apikey=AOAG2WhmzCsb9h5PVDoF8PicU9rbkRvB
Proxy:			<none>
Request params:	<none>
Query params:	apikey=AOAG2WhmzCsb9h5PVDoF8PicU9rbkRvB
Form params:	<none>
Path params:	<none>
Headers:		Accept=*/*
Cookies:		<none>
Multiparts:		<none>
Body:			<none>
HTTP/1.1 401 Unauthorized
Content-Type: application/problem+json
zp-rid: ea0c411f-dfff-4ceb-a2d0-a38761e5cd6d
Vary: Accept-Encoding
Content-Encoding: gzip
Date: Fri, 12 Sep 2025 14:52:56 GMT
Alt-Svc: h3=":443"; ma=93600,h3-29=":443"; ma=93600
Connection: close
Server-Timing: edge; dur=1
Server-Timing: origin; dur=74
Server-Timing: cdn-cache; desc=MISS
Strict-Transport-Security: max-age=86400 ; includeSubDomains
Server-Timing: ak_p; desc="1757688776100_1600473287_2079671676_7372_1970_36_49_-";dur=1

{
    "type": "https://httpproblems.com/http-status/401",
    "title": "Unauthorized",
    "status": 401,
    "instance": "/currentconditions/v1/294021",
    "trace": {
        "timestamp": "2025-09-12T14:52:56.211Z",
        "requestId": "ea0c411f-dfff-4ceb-a2d0-a38761e5cd6d",
        "buildId": "f2cb8906-d568-4c43-a987-c19acf6faff6"
    },
    "Code": "Unauthorized",
    "Message": "API authorization failed",
    "Reference": "https://dataservice.accuweather.com/currentconditions/v1/294021?apikey=REDACTED"
}
HTTP/1.1 401 Unauthorized
Content-Type: application/problem+json
zp-rid: ea0c411f-dfff-4ceb-a2d0-a38761e5cd6d
Vary: Accept-Encoding
Content-Encoding: gzip
Date: Fri, 12 Sep 2025 14:52:56 GMT
Alt-Svc: h3=":443"; ma=93600,h3-29=":443"; ma=93600
Connection: close
Server-Timing: edge; dur=1
Server-Timing: origin; dur=74
Server-Timing: cdn-cache; desc=MISS
Strict-Transport-Security: max-age=86400 ; includeSubDomains
Server-Timing: ak_p; desc="1757688776100_1600473287_2079671676_7372_1970_36_49_-";dur=1

{
    "type": "https://httpproblems.com/http-status/401",
    "title": "Unauthorized",
    "status": 401,
    "instance": "/currentconditions/v1/294021",
    "trace": {
        "timestamp": "2025-09-12T14:52:56.211Z",
        "requestId": "ea0c411f-dfff-4ceb-a2d0-a38761e5cd6d",
        "buildId": "f2cb8906-d568-4c43-a987-c19acf6faff6"
    },
    "Code": "Unauthorized",
    "Message": "API authorization failed",
    "Reference": "https://dataservice.accuweather.com/currentconditions/v1/294021?apikey=REDACTED"
}
HTTP/1.1 401 Unauthorized
Content-Type: application/problem+json
zp-rid: ea0c411f-dfff-4ceb-a2d0-a38761e5cd6d
Vary: Accept-Encoding
Content-Encoding: gzip
Date: Fri, 12 Sep 2025 14:52:56 GMT
Alt-Svc: h3=":443"; ma=93600,h3-29=":443"; ma=93600
Connection: close
Server-Timing: edge; dur=1
Server-Timing: origin; dur=74
Server-Timing: cdn-cache; desc=MISS
Strict-Transport-Security: max-age=86400 ; includeSubDomains
Server-Timing: ak_p; desc="1757688776100_1600473287_2079671676_7372_1970_36_49_-";dur=1

{
    "type": "https://httpproblems.com/http-status/401",
    "title": "Unauthorized",
    "status": 401,
    "instance": "/currentconditions/v1/294021",
    "trace": {
        "timestamp": "2025-09-12T14:52:56.211Z",
        "requestId": "ea0c411f-dfff-4ceb-a2d0-a38761e5cd6d",
        "buildId": "f2cb8906-d568-4c43-a987-c19acf6faff6"
    },
    "Code": "Unauthorized",
    "Message": "API authorization failed",
    "Reference": "https://dataservice.accuweather.com/currentconditions/v1/294021?apikey=REDACTED"
}
HTTP/1.1 401 Unauthorized
Content-Type: application/problem+json
zp-rid: ea0c411f-dfff-4ceb-a2d0-a38761e5cd6d
Vary: Accept-Encoding
Content-Encoding: gzip
Date: Fri, 12 Sep 2025 14:52:56 GMT
Alt-Svc: h3=":443"; ma=93600,h3-29=":443"; ma=93600
Connection: close
Server-Timing: edge; dur=1
Server-Timing: origin; dur=74
Server-Timing: cdn-cache; desc=MISS
Strict-Transport-Security: max-age=86400 ; includeSubDomains
Server-Timing: ak_p; desc="1757688776100_1600473287_2079671676_7372_1970_36_49_-";dur=1

{
    "type": "https://httpproblems.com/http-status/401",
    "title": "Unauthorized",
    "status": 401,
    "instance": "/currentconditions/v1/294021",
    "trace": {
        "timestamp": "2025-09-12T14:52:56.211Z",
        "requestId": "ea0c411f-dfff-4ceb-a2d0-a38761e5cd6d",
        "buildId": "f2cb8906-d568-4c43-a987-c19acf6faff6"
    },
    "Code": "Unauthorized",
    "Message": "API authorization failed",
    "Reference": "https://dataservice.accuweather.com/currentconditions/v1/294021?apikey=REDACTED"
}
HTTP/1.1 401 Unauthorized
Content-Type: application/problem+json
zp-rid: ea0c411f-dfff-4ceb-a2d0-a38761e5cd6d
Vary: Accept-Encoding
Content-Encoding: gzip
Date: Fri, 12 Sep 2025 14:52:56 GMT
Alt-Svc: h3=":443"; ma=93600,h3-29=":443"; ma=93600
Connection: close
Server-Timing: edge; dur=1
Server-Timing: origin; dur=74
Server-Timing: cdn-cache; desc=MISS
Strict-Transport-Security: max-age=86400 ; includeSubDomains
Server-Timing: ak_p; desc="1757688776100_1600473287_2079671676_7372_1970_36_49_-";dur=1

{
    "type": "https://httpproblems.com/http-status/401",
    "title": "Unauthorized",
    "status": 401,
    "instance": "/currentconditions/v1/294021",
    "trace": {
        "timestamp": "2025-09-12T14:52:56.211Z",
        "requestId": "ea0c411f-dfff-4ceb-a2d0-a38761e5cd6d",
        "buildId": "f2cb8906-d568-4c43-a987-c19acf6faff6"
    },
    "Code": "Unauthorized",
    "Message": "API authorization failed",
    "Reference": "https://dataservice.accuweather.com/currentconditions/v1/294021?apikey=REDACTED"
}
HTTP/1.1 401 Unauthorized
Content-Type: application/problem+json
zp-rid: ea0c411f-dfff-4ceb-a2d0-a38761e5cd6d
Vary: Accept-Encoding
Content-Encoding: gzip
Date: Fri, 12 Sep 2025 14:52:56 GMT
Alt-Svc: h3=":443"; ma=93600,h3-29=":443"; ma=93600
Connection: close
Server-Timing: edge; dur=1
Server-Timing: origin; dur=74
Server-Timing: cdn-cache; desc=MISS
Strict-Transport-Security: max-age=86400 ; includeSubDomains
Server-Timing: ak_p; desc="1757688776100_1600473287_2079671676_7372_1970_36_49_-";dur=1

{
    "type": "https://httpproblems.com/http-status/401",
    "title": "Unauthorized",
    "status": 401,
    "instance": "/currentconditions/v1/294021",
    "trace": {
        "timestamp": "2025-09-12T14:52:56.211Z",
        "requestId": "ea0c411f-dfff-4ceb-a2d0-a38761e5cd6d",
        "buildId": "f2cb8906-d568-4c43-a987-c19acf6faff6"
    },
    "Code": "Unauthorized",
    "Message": "API authorization failed",
    "Reference": "https://dataservice.accuweather.com/currentconditions/v1/294021?apikey=REDACTED"
}
HTTP/1.1 401 Unauthorized
Content-Type: application/problem+json
zp-rid: ea0c411f-dfff-4ceb-a2d0-a38761e5cd6d
Vary: Accept-Encoding
Content-Encoding: gzip
Date: Fri, 12 Sep 2025 14:52:56 GMT
Alt-Svc: h3=":443"; ma=93600,h3-29=":443"; ma=93600
Connection: close
Server-Timing: edge; dur=1
Server-Timing: origin; dur=74
Server-Timing: cdn-cache; desc=MISS
Strict-Transport-Security: max-age=86400 ; includeSubDomains
Server-Timing: ak_p; desc="1757688776100_1600473287_2079671676_7372_1970_36_49_-";dur=1

{
    "type": "https://httpproblems.com/http-status/401",
    "title": "Unauthorized",
    "status": 401,
    "instance": "/currentconditions/v1/294021",
    "trace": {
        "timestamp": "2025-09-12T14:52:56.211Z",
        "requestId": "ea0c411f-dfff-4ceb-a2d0-a38761e5cd6d",
        "buildId": "f2cb8906-d568-4c43-a987-c19acf6faff6"
    },
    "Code": "Unauthorized",
    "Message": "API authorization failed",
    "Reference": "https://dataservice.accuweather.com/currentconditions/v1/294021?apikey=REDACTED"
}
HTTP/1.1 401 Unauthorized
Content-Type: application/problem+json
zp-rid: ea0c411f-dfff-4ceb-a2d0-a38761e5cd6d
Vary: Accept-Encoding
Content-Encoding: gzip
Date: Fri, 12 Sep 2025 14:52:56 GMT
Alt-Svc: h3=":443"; ma=93600,h3-29=":443"; ma=93600
Connection: close
Server-Timing: edge; dur=1
Server-Timing: origin; dur=74
Server-Timing: cdn-cache; desc=MISS
Strict-Transport-Security: max-age=86400 ; includeSubDomains
Server-Timing: ak_p; desc="1757688776100_1600473287_2079671676_7372_1970_36_49_-";dur=1

{
    "type": "https://httpproblems.com/http-status/401",
    "title": "Unauthorized",
    "status": 401,
    "instance": "/currentconditions/v1/294021",
    "trace": {
        "timestamp": "2025-09-12T14:52:56.211Z",
        "requestId": "ea0c411f-dfff-4ceb-a2d0-a38761e5cd6d",
        "buildId": "f2cb8906-d568-4c43-a987-c19acf6faff6"
    },
    "Code": "Unauthorized",
    "Message": "API authorization failed",
    "Reference": "https://dataservice.accuweather.com/currentconditions/v1/294021?apikey=REDACTED"
}
HTTP/1.1 401 Unauthorized
Content-Type: application/problem+json
zp-rid: ea0c411f-dfff-4ceb-a2d0-a38761e5cd6d
Vary: Accept-Encoding
Content-Encoding: gzip
Date: Fri, 12 Sep 2025 14:52:56 GMT
Alt-Svc: h3=":443"; ma=93600,h3-29=":443"; ma=93600
Connection: close
Server-Timing: edge; dur=1
Server-Timing: origin; dur=74
Server-Timing: cdn-cache; desc=MISS
Strict-Transport-Security: max-age=86400 ; includeSubDomains
Server-Timing: ak_p; desc="1757688776100_1600473287_2079671676_7372_1970_36_49_-";dur=1

{
    "type": "https://httpproblems.com/http-status/401",
    "title": "Unauthorized",
    "status": 401,
    "instance": "/currentconditions/v1/294021",
    "trace": {
        "timestamp": "2025-09-12T14:52:56.211Z",
        "requestId": "ea0c411f-dfff-4ceb-a2d0-a38761e5cd6d",
        "buildId": "f2cb8906-d568-4c43-a987-c19acf6faff6"
    },
    "Code": "Unauthorized",
    "Message": "API authorization failed",
    "Reference": "https://dataservice.accuweather.com/currentconditions/v1/294021?apikey=REDACTED"
}
HTTP/1.1 401 Unauthorized
Content-Type: application/problem+json
zp-rid: ea0c411f-dfff-4ceb-a2d0-a38761e5cd6d
Vary: Accept-Encoding
Content-Encoding: gzip
Date: Fri, 12 Sep 2025 14:52:56 GMT
Alt-Svc: h3=":443"; ma=93600,h3-29=":443"; ma=93600
Connection: close
Server-Timing: edge; dur=1
Server-Timing: origin; dur=74
Server-Timing: cdn-cache; desc=MISS
Strict-Transport-Security: max-age=86400 ; includeSubDomains
Server-Timing: ak_p; desc="1757688776100_1600473287_2079671676_7372_1970_36_49_-";dur=1

{
    "type": "https://httpproblems.com/http-status/401",
    "title": "Unauthorized",
    "status": 401,
    "instance": "/currentconditions/v1/294021",
    "trace": {
        "timestamp": "2025-09-12T14:52:56.211Z",
        "requestId": "ea0c411f-dfff-4ceb-a2d0-a38761e5cd6d",
        "buildId": "f2cb8906-d568-4c43-a987-c19acf6faff6"
    },
    "Code": "Unauthorized",
    "Message": "API authorization failed",
    "Reference": "https://dataservice.accuweather.com/currentconditions/v1/294021?apikey=REDACTED"
}
HTTP/1.1 401 Unauthorized
Content-Type: application/problem+json
zp-rid: ea0c411f-dfff-4ceb-a2d0-a38761e5cd6d
Vary: Accept-Encoding
Content-Encoding: gzip
Date: Fri, 12 Sep 2025 14:52:56 GMT
Alt-Svc: h3=":443"; ma=93600,h3-29=":443"; ma=93600
Connection: close
Server-Timing: edge; dur=1
Server-Timing: origin; dur=74
Server-Timing: cdn-cache; desc=MISS
Strict-Transport-Security: max-age=86400 ; includeSubDomains
Server-Timing: ak_p; desc="1757688776100_1600473287_2079671676_7372_1970_36_49_-";dur=1

{
    "type": "https://httpproblems.com/http-status/401",
    "title": "Unauthorized",
    "status": 401,
    "instance": "/currentconditions/v1/294021",
    "trace": {
        "timestamp": "2025-09-12T14:52:56.211Z",
        "requestId": "ea0c411f-dfff-4ceb-a2d0-a38761e5cd6d",
        "buildId": "f2cb8906-d568-4c43-a987-c19acf6faff6"
    },
    "Code": "Unauthorized",
    "Message": "API authorization failed",
    "Reference": "https://dataservice.accuweather.com/currentconditions/v1/294021?apikey=REDACTED"
}
HTTP/1.1 401 Unauthorized
Content-Type: application/problem+json
zp-rid: ea0c411f-dfff-4ceb-a2d0-a38761e5cd6d
Vary: Accept-Encoding
Content-Encoding: gzip
Date: Fri, 12 Sep 2025 14:52:56 GMT
Alt-Svc: h3=":443"; ma=93600,h3-29=":443"; ma=93600
Connection: close
Server-Timing: edge; dur=1
Server-Timing: origin; dur=74
Server-Timing: cdn-cache; desc=MISS
Strict-Transport-Security: max-age=86400 ; includeSubDomains
Server-Timing: ak_p; desc="1757688776100_1600473287_2079671676_7372_1970_36_49_-";dur=1

{
    "type": "https://httpproblems.com/http-status/401",
    "title": "Unauthorized",
    "status": 401,
    "instance": "/currentconditions/v1/294021",
    "trace": {
        "timestamp": "2025-09-12T14:52:56.211Z",
        "requestId": "ea0c411f-dfff-4ceb-a2d0-a38761e5cd6d",
        "buildId": "f2cb8906-d568-4c43-a987-c19acf6faff6"
    },
    "Code": "Unauthorized",
    "Message": "API authorization failed",
    "Reference": "https://dataservice.accuweather.com/currentconditions/v1/294021?apikey=REDACTED"
}
HTTP/1.1 401 Unauthorized
Content-Type: application/problem+json
zp-rid: ea0c411f-dfff-4ceb-a2d0-a38761e5cd6d
Vary: Accept-Encoding
Content-Encoding: gzip
Date: Fri, 12 Sep 2025 14:52:56 GMT
Alt-Svc: h3=":443"; ma=93600,h3-29=":443"; ma=93600
Connection: close
Server-Timing: edge; dur=1
Server-Timing: origin; dur=74
Server-Timing: cdn-cache; desc=MISS
Strict-Transport-Security: max-age=86400 ; includeSubDomains
Server-Timing: ak_p; desc="1757688776100_1600473287_2079671676_7372_1970_36_49_-";dur=1

{
    "type": "https://httpproblems.com/http-status/401",
    "title": "Unauthorized",
    "status": 401,
    "instance": "/currentconditions/v1/294021",
    "trace": {
        "timestamp": "2025-09-12T14:52:56.211Z",
        "requestId": "ea0c411f-dfff-4ceb-a2d0-a38761e5cd6d",
        "buildId": "f2cb8906-d568-4c43-a987-c19acf6faff6"
    },
    "Code": "Unauthorized",
    "Message": "API authorization failed",
    "Reference": "https://dataservice.accuweather.com/currentconditions/v1/294021?apikey=REDACTED"
}
]]></system-out>
  </testcase>
  <testcase name="geopositionSearch" classname="study.api.AccuWeatherApiTests" time="0.546">
    <system-out><![CDATA[Request method:	GET
Request URI:	https://dataservice.accuweather.com/locations/v1/cities/geoposition/search?apikey=AOAG2WhmzCsb9h5PVDoF8PicU9rbkRvB&q=53.9%2C27.5667
Proxy:			<none>
Request params:	<none>
Query params:	apikey=AOAG2WhmzCsb9h5PVDoF8PicU9rbkRvB
				q=53.9,27.5667
Form params:	<none>
Path params:	<none>
Headers:		Accept=*/*
Cookies:		<none>
Multiparts:		<none>
Body:			<none>
Request method:	GET
Request URI:	https://dataservice.accuweather.com/locations/v1/cities/geoposition/search?apikey=AOAG2WhmzCsb9h5PVDoF8PicU9rbkRvB&q=53.9%2C27.5667
Proxy:			<none>
Request params:	<none>
Query params:	apikey=AOAG2WhmzCsb9h5PVDoF8PicU9rbkRvB
				q=53.9,27.5667
Form params:	<none>
Path params:	<none>
Headers:		Accept=*/*
Cookies:		<none>
Multiparts:		<none>
Body:			<none>
Request method:	GET
Request URI:	https://dataservice.accuweather.com/locations/v1/cities/geoposition/search?apikey=AOAG2WhmzCsb9h5PVDoF8PicU9rbkRvB&q=53.9%2C27.5667
Proxy:			<none>
Request params:	<none>
Query params:	apikey=AOAG2WhmzCsb9h5PVDoF8PicU9rbkRvB
				q=53.9,27.5667
Form params:	<none>
Path params:	<none>
Headers:		Accept=*/*
Cookies:		<none>
Multiparts:		<none>
Body:			<none>
Request method:	GET
Request URI:	https://dataservice.accuweather.com/locations/v1/cities/geoposition/search?apikey=AOAG2WhmzCsb9h5PVDoF8PicU9rbkRvB&q=53.9%2C27.5667
Proxy:			<none>
Request params:	<none>
Query params:	apikey=AOAG2WhmzCsb9h5PVDoF8PicU9rbkRvB
				q=53.9,27.5667
Form params:	<none>
Path params:	<none>
Headers:		Accept=*/*
Cookies:		<none>
Multiparts:		<none>
Body:			<none>
Request method:	GET
Request URI:	https://dataservice.accuweather.com/locations/v1/cities/geoposition/search?apikey=AOAG2WhmzCsb9h5PVDoF8PicU9rbkRvB&q=53.9%2C27.5667
Proxy:			<none>
Request params:	<none>
Query params:	apikey=AOAG2WhmzCsb9h5PVDoF8PicU9rbkRvB
				q=53.9,27.5667
Form params:	<none>
Path params:	<none>
Headers:		Accept=*/*
Cookies:		<none>
Multiparts:		<none>
Body:			<none>
Request method:	GET
Request URI:	https://dataservice.accuweather.com/locations/v1/cities/geoposition/search?apikey=AOAG2WhmzCsb9h5PVDoF8PicU9rbkRvB&q=53.9%2C27.5667
Proxy:			<none>
Request params:	<none>
Query params:	apikey=AOAG2WhmzCsb9h5PVDoF8PicU9rbkRvB
				q=53.9,27.5667
Form params:	<none>
Path params:	<none>
Headers:		Accept=*/*
Cookies:		<none>
Multiparts:		<none>
Body:			<none>
Request method:	GET
Request URI:	https://dataservice.accuweather.com/locations/v1/cities/geoposition/search?apikey=AOAG2WhmzCsb9h5PVDoF8PicU9rbkRvB&q=53.9%2C27.5667
Proxy:			<none>
Request params:	<none>
Query params:	apikey=AOAG2WhmzCsb9h5PVDoF8PicU9rbkRvB
				q=53.9,27.5667
Form params:	<none>
Path params:	<none>
Headers:		Accept=*/*
Cookies:		<none>
Multiparts:		<none>
Body:			<none>
Request method:	GET
Request URI:	https://dataservice.accuweather.com/locations/v1/cities/geoposition/search?apikey=AOAG2WhmzCsb9h5PVDoF8PicU9rbkRvB&q=53.9%2C27.5667
Proxy:			<none>
Request params:	<none>
Query params:	apikey=AOAG2WhmzCsb9h5PVDoF8PicU9rbkRvB
				q=53.9,27.5667
Form params:	<none>
Path params:	<none>
Headers:		Accept=*/*
Cookies:		<none>
Multiparts:		<none>
Body:			<none>
Request method:	GET
Request URI:	https://dataservice.accuweather.com/locations/v1/cities/geoposition/search?apikey=AOAG2WhmzCsb9h5PVDoF8PicU9rbkRvB&q=53.9%2C27.5667
Proxy:			<none>
Request params:	<none>
Query params:	apikey=AOAG2WhmzCsb9h5PVDoF8PicU9rbkRvB
				q=53.9,27.5667
Form params:	<none>
Path params:	<none>
Headers:		Accept=*/*
Cookies:		<none>
Multiparts:		<none>
Body:			<none>
Request method:	GET
Request URI:	https://dataservice.accuweather.com/locations/v1/cities/geoposition/search?apikey=AOAG2WhmzCsb9h5PVDoF8PicU9rbkRvB&q=53.9%2C27.5667
Proxy:			<none>
Request params:	<none>
Query params:	apikey=AOAG2WhmzCsb9h5PVDoF8PicU9rbkRvB
				q=53.9,27.5667
Form params:	<none>
Path params:	<none>
Headers:		Accept=*/*
Cookies:		<none>
Multiparts:		<none>
Body:			<none>
Request method:	GET
Request URI:	https://dataservice.accuweather.com/locations/v1/cities/geoposition/search?apikey=AOAG2WhmzCsb9h5PVDoF8PicU9rbkRvB&q=53.9%2C27.5667
Proxy:			<none>
Request params:	<none>
Query params:	apikey=AOAG2WhmzCsb9h5PVDoF8PicU9rbkRvB
				q=53.9,27.5667
Form params:	<none>
Path params:	<none>
Headers:		Accept=*/*
Cookies:		<none>
Multiparts:		<none>
Body:			<none>
Request method:	GET
Request URI:	https://dataservice.accuweather.com/locations/v1/cities/geoposition/search?apikey=AOAG2WhmzCsb9h5PVDoF8PicU9rbkRvB&q=53.9%2C27.5667
Proxy:			<none>
Request params:	<none>
Query params:	apikey=AOAG2WhmzCsb9h5PVDoF8PicU9rbkRvB
				q=53.9,27.5667
Form params:	<none>
Path params:	<none>
Headers:		Accept=*/*
Cookies:		<none>
Multiparts:		<none>
Body:			<none>
Request method:	GET
Request URI:	https://dataservice.accuweather.com/locations/v1/cities/geoposition/search?apikey=AOAG2WhmzCsb9h5PVDoF8PicU9rbkRvB&q=53.9%2C27.5667
Proxy:			<none>
Request params:	<none>
Query params:	apikey=AOAG2WhmzCsb9h5PVDoF8PicU9rbkRvB
				q=53.9,27.5667
Form params:	<none>
Path params:	<none>
Headers:		Accept=*/*
Cookies:		<none>
Multiparts:		<none>
Body:			<none>
Request method:	GET
Request URI:	https://dataservice.accuweather.com/locations/v1/cities/geoposition/search?apikey=AOAG2WhmzCsb9h5PVDoF8PicU9rbkRvB&q=53.9%2C27.5667
Proxy:			<none>
Request params:	<none>
Query params:	apikey=AOAG2WhmzCsb9h5PVDoF8PicU9rbkRvB
				q=53.9,27.5667
Form params:	<none>
Path params:	<none>
Headers:		Accept=*/*
Cookies:		<none>
Multiparts:		<none>
Body:			<none>
HTTP/1.1 401 Unauthorized
Content-Type: application/problem+json
zp-rid: 719c664f-cc80-40c5-bed3-dad46c360258
Vary: Accept-Encoding
Content-Encoding: gzip
Date: Fri, 12 Sep 2025 14:52:56 GMT
Alt-Svc: h3=":443"; ma=93600,h3-29=":443"; ma=93600
Connection: close
Server-Timing: edge; dur=1
Server-Timing: origin; dur=113
Server-Timing: cdn-cache; desc=MISS
Strict-Transport-Security: max-age=86400 ; includeSubDomains
Server-Timing: ak_p; desc="1757688776356_1600473305_945211764_11295_1816_37_323_-";dur=1

{
    "type": "https://httpproblems.com/http-status/401",
    "title": "Unauthorized",
    "status": 401,
    "instance": "/locations/v1/cities/geoposition/search",
    "trace": {
        "timestamp": "2025-09-12T14:52:56.781Z",
        "requestId": "719c664f-cc80-40c5-bed3-dad46c360258",
        "buildId": "f2cb8906-d568-4c43-a987-c19acf6faff6"
    },
    "Code": "Unauthorized",
    "Message": "API authorization failed",
    "Reference": "https://dataservice.accuweather.com/locations/v1/cities/geoposition/search?apikey=REDACTED&q=53.9%2C27.5667"
}
HTTP/1.1 401 Unauthorized
Content-Type: application/problem+json
zp-rid: 719c664f-cc80-40c5-bed3-dad46c360258
Vary: Accept-Encoding
Content-Encoding: gzip
Date: Fri, 12 Sep 2025 14:52:56 GMT
Alt-Svc: h3=":443"; ma=93600,h3-29=":443"; ma=93600
Connection: close
Server-Timing: edge; dur=1
Server-Timing: origin; dur=113
Server-Timing: cdn-cache; desc=MISS
Strict-Transport-Security: max-age=86400 ; includeSubDomains
Server-Timing: ak_p; desc="1757688776356_1600473305_945211764_11295_1816_37_323_-";dur=1

{
    "type": "https://httpproblems.com/http-status/401",
    "title": "Unauthorized",
    "status": 401,
    "instance": "/locations/v1/cities/geoposition/search",
    "trace": {
        "timestamp": "2025-09-12T14:52:56.781Z",
        "requestId": "719c664f-cc80-40c5-bed3-dad46c360258",
        "buildId": "f2cb8906-d568-4c43-a987-c19acf6faff6"
    },
    "Code": "Unauthorized",
    "Message": "API authorization failed",
    "Reference": "https://dataservice.accuweather.com/locations/v1/cities/geoposition/search?apikey=REDACTED&q=53.9%2C27.5667"
}
HTTP/1.1 401 Unauthorized
Content-Type: application/problem+json
zp-rid: 719c664f-cc80-40c5-bed3-dad46c360258
Vary: Accept-Encoding
Content-Encoding: gzip
Date: Fri, 12 Sep 2025 14:52:56 GMT
Alt-Svc: h3=":443"; ma=93600,h3-29=":443"; ma=93600
Connection: close
Server-Timing: edge; dur=1
Server-Timing: origin; dur=113
Server-Timing: cdn-cache; desc=MISS
Strict-Transport-Security: max-age=86400 ; includeSubDomains
Server-Timing: ak_p; desc="1757688776356_1600473305_945211764_11295_1816_37_323_-";dur=1

{
    "type": "https://httpproblems.com/http-status/401",
    "title": "Unauthorized",
    "status": 401,
    "instance": "/locations/v1/cities/geoposition/search",
    "trace": {
        "timestamp": "2025-09-12T14:52:56.781Z",
        "requestId": "719c664f-cc80-40c5-bed3-dad46c360258",
        "buildId": "f2cb8906-d568-4c43-a987-c19acf6faff6"
    },
    "Code": "Unauthorized",
    "Message": "API authorization failed",
    "Reference": "https://dataservice.accuweather.com/locations/v1/cities/geoposition/search?apikey=REDACTED&q=53.9%2C27.5667"
}
HTTP/1.1 401 Unauthorized
Content-Type: application/problem+json
zp-rid: 719c664f-cc80-40c5-bed3-dad46c360258
Vary: Accept-Encoding
Content-Encoding: gzip
Date: Fri, 12 Sep 2025 14:52:56 GMT
Alt-Svc: h3=":443"; ma=93600,h3-29=":443"; ma=93600
Connection: close
Server-Timing: edge; dur=1
Server-Timing: origin; dur=113
Server-Timing: cdn-cache; desc=MISS
Strict-Transport-Security: max-age=86400 ; includeSubDomains
Server-Timing: ak_p; desc="1757688776356_1600473305_945211764_11295_1816_37_323_-";dur=1

{
    "type": "https://httpproblems.com/http-status/401",
    "title": "Unauthorized",
    "status": 401,
    "instance": "/locations/v1/cities/geoposition/search",
    "trace": {
        "timestamp": "2025-09-12T14:52:56.781Z",
        "requestId": "719c664f-cc80-40c5-bed3-dad46c360258",
        "buildId": "f2cb8906-d568-4c43-a987-c19acf6faff6"
    },
    "Code": "Unauthorized",
    "Message": "API authorization failed",
    "Reference": "https://dataservice.accuweather.com/locations/v1/cities/geoposition/search?apikey=REDACTED&q=53.9%2C27.5667"
}
HTTP/1.1 401 Unauthorized
Content-Type: application/problem+json
zp-rid: 719c664f-cc80-40c5-bed3-dad46c360258
Vary: Accept-Encoding
Content-Encoding: gzip
Date: Fri, 12 Sep 2025 14:52:56 GMT
Alt-Svc: h3=":443"; ma=93600,h3-29=":443"; ma=93600
Connection: close
Server-Timing: edge; dur=1
Server-Timing: origin; dur=113
Server-Timing: cdn-cache; desc=MISS
Strict-Transport-Security: max-age=86400 ; includeSubDomains
Server-Timing: ak_p; desc="1757688776356_1600473305_945211764_11295_1816_37_323_-";dur=1

{
    "type": "https://httpproblems.com/http-status/401",
    "title": "Unauthorized",
    "status": 401,
    "instance": "/locations/v1/cities/geoposition/search",
    "trace": {
        "timestamp": "2025-09-12T14:52:56.781Z",
        "requestId": "719c664f-cc80-40c5-bed3-dad46c360258",
        "buildId": "f2cb8906-d568-4c43-a987-c19acf6faff6"
    },
    "Code": "Unauthorized",
    "Message": "API authorization failed",
    "Reference": "https://dataservice.accuweather.com/locations/v1/cities/geoposition/search?apikey=REDACTED&q=53.9%2C27.5667"
}
HTTP/1.1 401 Unauthorized
Content-Type: application/problem+json
zp-rid: 719c664f-cc80-40c5-bed3-dad46c360258
Vary: Accept-Encoding
Content-Encoding: gzip
Date: Fri, 12 Sep 2025 14:52:56 GMT
Alt-Svc: h3=":443"; ma=93600,h3-29=":443"; ma=93600
Connection: close
Server-Timing: edge; dur=1
Server-Timing: origin; dur=113
Server-Timing: cdn-cache; desc=MISS
Strict-Transport-Security: max-age=86400 ; includeSubDomains
Server-Timing: ak_p; desc="1757688776356_1600473305_945211764_11295_1816_37_323_-";dur=1

{
    "type": "https://httpproblems.com/http-status/401",
    "title": "Unauthorized",
    "status": 401,
    "instance": "/locations/v1/cities/geoposition/search",
    "trace": {
        "timestamp": "2025-09-12T14:52:56.781Z",
        "requestId": "719c664f-cc80-40c5-bed3-dad46c360258",
        "buildId": "f2cb8906-d568-4c43-a987-c19acf6faff6"
    },
    "Code": "Unauthorized",
    "Message": "API authorization failed",
    "Reference": "https://dataservice.accuweather.com/locations/v1/cities/geoposition/search?apikey=REDACTED&q=53.9%2C27.5667"
}
HTTP/1.1 401 Unauthorized
Content-Type: application/problem+json
zp-rid: 719c664f-cc80-40c5-bed3-dad46c360258
Vary: Accept-Encoding
Content-Encoding: gzip
Date: Fri, 12 Sep 2025 14:52:56 GMT
Alt-Svc: h3=":443"; ma=93600,h3-29=":443"; ma=93600
Connection: close
Server-Timing: edge; dur=1
Server-Timing: origin; dur=113
Server-Timing: cdn-cache; desc=MISS
Strict-Transport-Security: max-age=86400 ; includeSubDomains
Server-Timing: ak_p; desc="1757688776356_1600473305_945211764_11295_1816_37_323_-";dur=1

{
    "type": "https://httpproblems.com/http-status/401",
    "title": "Unauthorized",
    "status": 401,
    "instance": "/locations/v1/cities/geoposition/search",
    "trace": {
        "timestamp": "2025-09-12T14:52:56.781Z",
        "requestId": "719c664f-cc80-40c5-bed3-dad46c360258",
        "buildId": "f2cb8906-d568-4c43-a987-c19acf6faff6"
    },
    "Code": "Unauthorized",
    "Message": "API authorization failed",
    "Reference": "https://dataservice.accuweather.com/locations/v1/cities/geoposition/search?apikey=REDACTED&q=53.9%2C27.5667"
}
HTTP/1.1 401 Unauthorized
Content-Type: application/problem+json
zp-rid: 719c664f-cc80-40c5-bed3-dad46c360258
Vary: Accept-Encoding
Content-Encoding: gzip
Date: Fri, 12 Sep 2025 14:52:56 GMT
Alt-Svc: h3=":443"; ma=93600,h3-29=":443"; ma=93600
Connection: close
Server-Timing: edge; dur=1
Server-Timing: origin; dur=113
Server-Timing: cdn-cache; desc=MISS
Strict-Transport-Security: max-age=86400 ; includeSubDomains
Server-Timing: ak_p; desc="1757688776356_1600473305_945211764_11295_1816_37_323_-";dur=1

{
    "type": "https://httpproblems.com/http-status/401",
    "title": "Unauthorized",
    "status": 401,
    "instance": "/locations/v1/cities/geoposition/search",
    "trace": {
        "timestamp": "2025-09-12T14:52:56.781Z",
        "requestId": "719c664f-cc80-40c5-bed3-dad46c360258",
        "buildId": "f2cb8906-d568-4c43-a987-c19acf6faff6"
    },
    "Code": "Unauthorized",
    "Message": "API authorization failed",
    "Reference": "https://dataservice.accuweather.com/locations/v1/cities/geoposition/search?apikey=REDACTED&q=53.9%2C27.5667"
}
HTTP/1.1 401 Unauthorized
Content-Type: application/problem+json
zp-rid: 719c664f-cc80-40c5-bed3-dad46c360258
Vary: Accept-Encoding
Content-Encoding: gzip
Date: Fri, 12 Sep 2025 14:52:56 GMT
Alt-Svc: h3=":443"; ma=93600,h3-29=":443"; ma=93600
Connection: close
Server-Timing: edge; dur=1
Server-Timing: origin; dur=113
Server-Timing: cdn-cache; desc=MISS
Strict-Transport-Security: max-age=86400 ; includeSubDomains
Server-Timing: ak_p; desc="1757688776356_1600473305_945211764_11295_1816_37_323_-";dur=1

{
    "type": "https://httpproblems.com/http-status/401",
    "title": "Unauthorized",
    "status": 401,
    "instance": "/locations/v1/cities/geoposition/search",
    "trace": {
        "timestamp": "2025-09-12T14:52:56.781Z",
        "requestId": "719c664f-cc80-40c5-bed3-dad46c360258",
        "buildId": "f2cb8906-d568-4c43-a987-c19acf6faff6"
    },
    "Code": "Unauthorized",
    "Message": "API authorization failed",
    "Reference": "https://dataservice.accuweather.com/locations/v1/cities/geoposition/search?apikey=REDACTED&q=53.9%2C27.5667"
}
HTTP/1.1 401 Unauthorized
Content-Type: application/problem+json
zp-rid: 719c664f-cc80-40c5-bed3-dad46c360258
Vary: Accept-Encoding
Content-Encoding: gzip
Date: Fri, 12 Sep 2025 14:52:56 GMT
Alt-Svc: h3=":443"; ma=93600,h3-29=":443"; ma=93600
Connection: close
Server-Timing: edge; dur=1
Server-Timing: origin; dur=113
Server-Timing: cdn-cache; desc=MISS
Strict-Transport-Security: max-age=86400 ; includeSubDomains
Server-Timing: ak_p; desc="1757688776356_1600473305_945211764_11295_1816_37_323_-";dur=1

{
    "type": "https://httpproblems.com/http-status/401",
    "title": "Unauthorized",
    "status": 401,
    "instance": "/locations/v1/cities/geoposition/search",
    "trace": {
        "timestamp": "2025-09-12T14:52:56.781Z",
        "requestId": "719c664f-cc80-40c5-bed3-dad46c360258",
        "buildId": "f2cb8906-d568-4c43-a987-c19acf6faff6"
    },
    "Code": "Unauthorized",
    "Message": "API authorization failed",
    "Reference": "https://dataservice.accuweather.com/locations/v1/cities/geoposition/search?apikey=REDACTED&q=53.9%2C27.5667"
}
HTTP/1.1 401 Unauthorized
Content-Type: application/problem+json
zp-rid: 719c664f-cc80-40c5-bed3-dad46c360258
Vary: Accept-Encoding
Content-Encoding: gzip
Date: Fri, 12 Sep 2025 14:52:56 GMT
Alt-Svc: h3=":443"; ma=93600,h3-29=":443"; ma=93600
Connection: close
Server-Timing: edge; dur=1
Server-Timing: origin; dur=113
Server-Timing: cdn-cache; desc=MISS
Strict-Transport-Security: max-age=86400 ; includeSubDomains
Server-Timing: ak_p; desc="1757688776356_1600473305_945211764_11295_1816_37_323_-";dur=1

{
    "type": "https://httpproblems.com/http-status/401",
    "title": "Unauthorized",
    "status": 401,
    "instance": "/locations/v1/cities/geoposition/search",
    "trace": {
        "timestamp": "2025-09-12T14:52:56.781Z",
        "requestId": "719c664f-cc80-40c5-bed3-dad46c360258",
        "buildId": "f2cb8906-d568-4c43-a987-c19acf6faff6"
    },
    "Code": "Unauthorized",
    "Message": "API authorization failed",
    "Reference": "https://dataservice.accuweather.com/locations/v1/cities/geoposition/search?apikey=REDACTED&q=53.9%2C27.5667"
}
HTTP/1.1 401 Unauthorized
Content-Type: application/problem+json
zp-rid: 719c664f-cc80-40c5-bed3-dad46c360258
Vary: Accept-Encoding
Content-Encoding: gzip
Date: Fri, 12 Sep 2025 14:52:56 GMT
Alt-Svc: h3=":443"; ma=93600,h3-29=":443"; ma=93600
Connection: close
Server-Timing: edge; dur=1
Server-Timing: origin; dur=113
Server-Timing: cdn-cache; desc=MISS
Strict-Transport-Security: max-age=86400 ; includeSubDomains
Server-Timing: ak_p; desc="1757688776356_1600473305_945211764_11295_1816_37_323_-";dur=1

{
    "type": "https://httpproblems.com/http-status/401",
    "title": "Unauthorized",
    "status": 401,
    "instance": "/locations/v1/cities/geoposition/search",
    "trace": {
        "timestamp": "2025-09-12T14:52:56.781Z",
        "requestId": "719c664f-cc80-40c5-bed3-dad46c360258",
        "buildId": "f2cb8906-d568-4c43-a987-c19acf6faff6"
    },
    "Code": "Unauthorized",
    "Message": "API authorization failed",
    "Reference": "https://dataservice.accuweather.com/locations/v1/cities/geoposition/search?apikey=REDACTED&q=53.9%2C27.5667"
}
HTTP/1.1 401 Unauthorized
Content-Type: application/problem+json
zp-rid: 719c664f-cc80-40c5-bed3-dad46c360258
Vary: Accept-Encoding
Content-Encoding: gzip
Date: Fri, 12 Sep 2025 14:52:56 GMT
Alt-Svc: h3=":443"; ma=93600,h3-29=":443"; ma=93600
Connection: close
Server-Timing: edge; dur=1
Server-Timing: origin; dur=113
Server-Timing: cdn-cache; desc=MISS
Strict-Transport-Security: max-age=86400 ; includeSubDomains
Server-Timing: ak_p; desc="1757688776356_1600473305_945211764_11295_1816_37_323_-";dur=1

{
    "type": "https://httpproblems.com/http-status/401",
    "title": "Unauthorized",
    "status": 401,
    "instance": "/locations/v1/cities/geoposition/search",
    "trace": {
        "timestamp": "2025-09-12T14:52:56.781Z",
        "requestId": "719c664f-cc80-40c5-bed3-dad46c360258",
        "buildId": "f2cb8906-d568-4c43-a987-c19acf6faff6"
    },
    "Code": "Unauthorized",
    "Message": "API authorization failed",
    "Reference": "https://dataservice.accuweather.com/locations/v1/cities/geoposition/search?apikey=REDACTED&q=53.9%2C27.5667"
}
HTTP/1.1 401 Unauthorized
Content-Type: application/problem+json
zp-rid: 719c664f-cc80-40c5-bed3-dad46c360258
Vary: Accept-Encoding
Content-Encoding: gzip
Date: Fri, 12 Sep 2025 14:52:56 GMT
Alt-Svc: h3=":443"; ma=93600,h3-29=":443"; ma=93600
Connection: close
Server-Timing: edge; dur=1
Server-Timing: origin; dur=113
Server-Timing: cdn-cache; desc=MISS
Strict-Transport-Security: max-age=86400 ; includeSubDomains
Server-Timing: ak_p; desc="1757688776356_1600473305_945211764_11295_1816_37_323_-";dur=1

{
    "type": "https://httpproblems.com/http-status/401",
    "title": "Unauthorized",
    "status": 401,
    "instance": "/locations/v1/cities/geoposition/search",
    "trace": {
        "timestamp": "2025-09-12T14:52:56.781Z",
        "requestId": "719c664f-cc80-40c5-bed3-dad46c360258",
        "buildId": "f2cb8906-d568-4c43-a987-c19acf6faff6"
    },
    "Code": "Unauthorized",
    "Message": "API authorization failed",
    "Reference": "https://dataservice.accuweather.com/locations/v1/cities/geoposition/search?apikey=REDACTED&q=53.9%2C27.5667"
}
]]></system-out>
  </testcase>
  <testcase name="postalSearch" classname="study.api.AccuWeatherApiTests" time="0.238">
    <system-out><![CDATA[Request method:	GET
Request URI:	https://dataservice.accuweather.com/locations/v1/postalcodes/search?apikey=AOAG2WhmzCsb9h5PVDoF8PicU9rbkRvB&q=10001
Proxy:			<none>
Request params:	<none>
Query params:	apikey=AOAG2WhmzCsb9h5PVDoF8PicU9rbkRvB
				q=10001
Form params:	<none>
Path params:	<none>
Headers:		Accept=*/*
Cookies:		<none>
Multiparts:		<none>
Body:			<none>
Request method:	GET
Request URI:	https://dataservice.accuweather.com/locations/v1/postalcodes/search?apikey=AOAG2WhmzCsb9h5PVDoF8PicU9rbkRvB&q=10001
Proxy:			<none>
Request params:	<none>
Query params:	apikey=AOAG2WhmzCsb9h5PVDoF8PicU9rbkRvB
				q=10001
Form params:	<none>
Path params:	<none>
Headers:		Accept=*/*
Cookies:		<none>
Multiparts:		<none>
Body:			<none>
Request method:	GET
Request URI:	https://dataservice.accuweather.com/locations/v1/postalcodes/search?apikey=AOAG2WhmzCsb9h5PVDoF8PicU9rbkRvB&q=10001
Proxy:			<none>
Request params:	<none>
Query params:	apikey=AOAG2WhmzCsb9h5PVDoF8PicU9rbkRvB
				q=10001
Form params:	<none>
Path params:	<none>
Headers:		Accept=*/*
Cookies:		<none>
Multiparts:		<none>
Body:			<none>
Request method:	GET
Request URI:	https://dataservice.accuweather.com/locations/v1/postalcodes/search?apikey=AOAG2WhmzCsb9h5PVDoF8PicU9rbkRvB&q=10001
Proxy:			<none>
Request params:	<none>
Query params:	apikey=AOAG2WhmzCsb9h5PVDoF8PicU9rbkRvB
				q=10001
Form params:	<none>
Path params:	<none>
Headers:		Accept=*/*
Cookies:		<none>
Multiparts:		<none>
Body:			<none>
Request method:	GET
Request URI:	https://dataservice.accuweather.com/locations/v1/postalcodes/search?apikey=AOAG2WhmzCsb9h5PVDoF8PicU9rbkRvB&q=10001
Proxy:			<none>
Request params:	<none>
Query params:	apikey=AOAG2WhmzCsb9h5PVDoF8PicU9rbkRvB
				q=10001
Form params:	<none>
Path params:	<none>
Headers:		Accept=*/*
Cookies:		<none>
Multiparts:		<none>
Body:			<none>
Request method:	GET
Request URI:	https://dataservice.accuweather.com/locations/v1/postalcodes/search?apikey=AOAG2WhmzCsb9h5PVDoF8PicU9rbkRvB&q=10001
Proxy:			<none>
Request params:	<none>
Query params:	apikey=AOAG2WhmzCsb9h5PVDoF8PicU9rbkRvB
				q=10001
Form params:	<none>
Path params:	<none>
Headers:		Accept=*/*
Cookies:		<none>
Multiparts:		<none>
Body:			<none>
Request method:	GET
Request URI:	https://dataservice.accuweather.com/locations/v1/postalcodes/search?apikey=AOAG2WhmzCsb9h5PVDoF8PicU9rbkRvB&q=10001
Proxy:			<none>
Request params:	<none>
Query params:	apikey=AOAG2WhmzCsb9h5PVDoF8PicU9rbkRvB
				q=10001
Form params:	<none>
Path params:	<none>
Headers:		Accept=*/*
Cookies:		<none>
Multiparts:		<none>
Body:			<none>
Request method:	GET
Request URI:	https://dataservice.accuweather.com/locations/v1/postalcodes/search?apikey=AOAG2WhmzCsb9h5PVDoF8PicU9rbkRvB&q=10001
Proxy:			<none>
Request params:	<none>
Query params:	apikey=AOAG2WhmzCsb9h5PVDoF8PicU9rbkRvB
				q=10001
Form params:	<none>
Path params:	<none>
Headers:		Accept=*/*
Cookies:		<none>
Multiparts:		<none>
Body:			<none>
Request method:	GET
Request URI:	https://dataservice.accuweather.com/locations/v1/postalcodes/search?apikey=AOAG2WhmzCsb9h5PVDoF8PicU9rbkRvB&q=10001
Proxy:			<none>
Request params:	<none>
Query params:	apikey=AOAG2WhmzCsb9h5PVDoF8PicU9rbkRvB
				q=10001
Form params:	<none>
Path params:	<none>
Headers:		Accept=*/*
Cookies:		<none>
Multiparts:		<none>
Body:			<none>
Request method:	GET
Request URI:	https://dataservice.accuweather.com/locations/v1/postalcodes/search?apikey=AOAG2WhmzCsb9h5PVDoF8PicU9rbkRvB&q=10001
Proxy:			<none>
Request params:	<none>
Query params:	apikey=AOAG2WhmzCsb9h5PVDoF8PicU9rbkRvB
				q=10001
Form params:	<none>
Path params:	<none>
Headers:		Accept=*/*
Cookies:		<none>
Multiparts:		<none>
Body:			<none>
Request method:	GET
Request URI:	https://dataservice.accuweather.com/locations/v1/postalcodes/search?apikey=AOAG2WhmzCsb9h5PVDoF8PicU9rbkRvB&q=10001
Proxy:			<none>
Request params:	<none>
Query params:	apikey=AOAG2WhmzCsb9h5PVDoF8PicU9rbkRvB
				q=10001
Form params:	<none>
Path params:	<none>
Headers:		Accept=*/*
Cookies:		<none>
Multiparts:		<none>
Body:			<none>
Request method:	GET
Request URI:	https://dataservice.accuweather.com/locations/v1/postalcodes/search?apikey=AOAG2WhmzCsb9h5PVDoF8PicU9rbkRvB&q=10001
Proxy:			<none>
Request params:	<none>
Query params:	apikey=AOAG2WhmzCsb9h5PVDoF8PicU9rbkRvB
				q=10001
Form params:	<none>
Path params:	<none>
Headers:		Accept=*/*
Cookies:		<none>
Multiparts:		<none>
Body:			<none>
Request method:	GET
Request URI:	https://dataservice.accuweather.com/locations/v1/postalcodes/search?apikey=AOAG2WhmzCsb9h5PVDoF8PicU9rbkRvB&q=10001
Proxy:			<none>
Request params:	<none>
Query params:	apikey=AOAG2WhmzCsb9h5PVDoF8PicU9rbkRvB
				q=10001
Form params:	<none>
Path params:	<none>
Headers:		Accept=*/*
Cookies:		<none>
Multiparts:		<none>
Body:			<none>
Request method:	GET
Request URI:	https://dataservice.accuweather.com/locations/v1/postalcodes/search?apikey=AOAG2WhmzCsb9h5PVDoF8PicU9rbkRvB&q=10001
Proxy:			<none>
Request params:	<none>
Query params:	apikey=AOAG2WhmzCsb9h5PVDoF8PicU9rbkRvB
				q=10001
Form params:	<none>
Path params:	<none>
Headers:		Accept=*/*
Cookies:		<none>
Multiparts:		<none>
Body:			<none>
Request method:	GET
Request URI:	https://dataservice.accuweather.com/locations/v1/postalcodes/search?apikey=AOAG2WhmzCsb9h5PVDoF8PicU9rbkRvB&q=10001
Proxy:			<none>
Request params:	<none>
Query params:	apikey=AOAG2WhmzCsb9h5PVDoF8PicU9rbkRvB
				q=10001
Form params:	<none>
Path params:	<none>
Headers:		Accept=*/*
Cookies:		<none>
Multiparts:		<none>
Body:			<none>
HTTP/1.1 401 Unauthorized
Content-Type: application/problem+json
zp-rid: a39ab8e1-a40b-490c-b99e-421511e990bd
Vary: Accept-Encoding
Content-Encoding: gzip
Content-Length: 400
Date: Fri, 12 Sep 2025 14:52:57 GMT
Alt-Svc: h3=":443"; ma=93600,h3-29=":443"; ma=93600
Connection: keep-alive
Server-Timing: cdn-cache; desc=MISS
Server-Timing: edge; dur=35
Server-Timing: origin; dur=44
Strict-Transport-Security: max-age=86400 ; includeSubDomains
Server-Timing: ak_p; desc="1757688776905_1600473305_945214925_7878_1353_36_43_-";dur=1

{
    "type": "https://httpproblems.com/http-status/401",
    "title": "Unauthorized",
    "status": 401,
    "instance": "/locations/v1/postalcodes/search",
    "trace": {
        "timestamp": "2025-09-12T14:52:57.011Z",
        "requestId": "a39ab8e1-a40b-490c-b99e-421511e990bd",
        "buildId": "f2cb8906-d568-4c43-a987-c19acf6faff6"
    },
    "Code": "Unauthorized",
    "Message": "API authorization failed",
    "Reference": "https://dataservice.accuweather.com/locations/v1/postalcodes/search?apikey=REDACTED&q=10001"
}
HTTP/1.1 401 Unauthorized
Content-Type: application/problem+json
zp-rid: a39ab8e1-a40b-490c-b99e-421511e990bd
Vary: Accept-Encoding
Content-Encoding: gzip
Content-Length: 400
Date: Fri, 12 Sep 2025 14:52:57 GMT
Alt-Svc: h3=":443"; ma=93600,h3-29=":443"; ma=93600
Connection: keep-alive
Server-Timing: cdn-cache; desc=MISS
Server-Timing: edge; dur=35
Server-Timing: origin; dur=44
Strict-Transport-Security: max-age=86400 ; includeSubDomains
Server-Timing: ak_p; desc="1757688776905_1600473305_945214925_7878_1353_36_43_-";dur=1

{
    "type": "https://httpproblems.com/http-status/401",
    "title": "Unauthorized",
    "status": 401,
    "instance": "/locations/v1/postalcodes/search",
    "trace": {
        "timestamp": "2025-09-12T14:52:57.011Z",
        "requestId": "a39ab8e1-a40b-490c-b99e-421511e990bd",
        "buildId": "f2cb8906-d568-4c43-a987-c19acf6faff6"
    },
    "Code": "Unauthorized",
    "Message": "API authorization failed",
    "Reference": "https://dataservice.accuweather.com/locations/v1/postalcodes/search?apikey=REDACTED&q=10001"
}
HTTP/1.1 401 Unauthorized
Content-Type: application/problem+json
zp-rid: a39ab8e1-a40b-490c-b99e-421511e990bd
Vary: Accept-Encoding
Content-Encoding: gzip
Content-Length: 400
Date: Fri, 12 Sep 2025 14:52:57 GMT
Alt-Svc: h3=":443"; ma=93600,h3-29=":443"; ma=93600
Connection: keep-alive
Server-Timing: cdn-cache; desc=MISS
Server-Timing: edge; dur=35
Server-Timing: origin; dur=44
Strict-Transport-Security: max-age=86400 ; includeSubDomains
Server-Timing: ak_p; desc="1757688776905_1600473305_945214925_7878_1353_36_43_-";dur=1

{
    "type": "https://httpproblems.com/http-status/401",
    "title": "Unauthorized",
    "status": 401,
    "instance": "/locations/v1/postalcodes/search",
    "trace": {
        "timestamp": "2025-09-12T14:52:57.011Z",
        "requestId": "a39ab8e1-a40b-490c-b99e-421511e990bd",
        "buildId": "f2cb8906-d568-4c43-a987-c19acf6faff6"
    },
    "Code": "Unauthorized",
    "Message": "API authorization failed",
    "Reference": "https://dataservice.accuweather.com/locations/v1/postalcodes/search?apikey=REDACTED&q=10001"
}
HTTP/1.1 401 Unauthorized
Content-Type: application/problem+json
zp-rid: a39ab8e1-a40b-490c-b99e-421511e990bd
Vary: Accept-Encoding
Content-Encoding: gzip
Content-Length: 400
Date: Fri, 12 Sep 2025 14:52:57 GMT
Alt-Svc: h3=":443"; ma=93600,h3-29=":443"; ma=93600
Connection: keep-alive
Server-Timing: cdn-cache; desc=MISS
Server-Timing: edge; dur=35
Server-Timing: origin; dur=44
Strict-Transport-Security: max-age=86400 ; includeSubDomains
Server-Timing: ak_p; desc="1757688776905_1600473305_945214925_7878_1353_36_43_-";dur=1

{
    "type": "https://httpproblems.com/http-status/401",
    "title": "Unauthorized",
    "status": 401,
    "instance": "/locations/v1/postalcodes/search",
    "trace": {
        "timestamp": "2025-09-12T14:52:57.011Z",
        "requestId": "a39ab8e1-a40b-490c-b99e-421511e990bd",
        "buildId": "f2cb8906-d568-4c43-a987-c19acf6faff6"
    },
    "Code": "Unauthorized",
    "Message": "API authorization failed",
    "Reference": "https://dataservice.accuweather.com/locations/v1/postalcodes/search?apikey=REDACTED&q=10001"
}
HTTP/1.1 401 Unauthorized
Content-Type: application/problem+json
zp-rid: a39ab8e1-a40b-490c-b99e-421511e990bd
Vary: Accept-Encoding
Content-Encoding: gzip
Content-Length: 400
Date: Fri, 12 Sep 2025 14:52:57 GMT
Alt-Svc: h3=":443"; ma=93600,h3-29=":443"; ma=93600
Connection: keep-alive
Server-Timing: cdn-cache; desc=MISS
Server-Timing: edge; dur=35
Server-Timing: origin; dur=44
Strict-Transport-Security: max-age=86400 ; includeSubDomains
Server-Timing: ak_p; desc="1757688776905_1600473305_945214925_7878_1353_36_43_-";dur=1

{
    "type": "https://httpproblems.com/http-status/401",
    "title": "Unauthorized",
    "status": 401,
    "instance": "/locations/v1/postalcodes/search",
    "trace": {
        "timestamp": "2025-09-12T14:52:57.011Z",
        "requestId": "a39ab8e1-a40b-490c-b99e-421511e990bd",
        "buildId": "f2cb8906-d568-4c43-a987-c19acf6faff6"
    },
    "Code": "Unauthorized",
    "Message": "API authorization failed",
    "Reference": "https://dataservice.accuweather.com/locations/v1/postalcodes/search?apikey=REDACTED&q=10001"
}
HTTP/1.1 401 Unauthorized
Content-Type: application/problem+json
zp-rid: a39ab8e1-a40b-490c-b99e-421511e990bd
Vary: Accept-Encoding
Content-Encoding: gzip
Content-Length: 400
Date: Fri, 12 Sep 2025 14:52:57 GMT
Alt-Svc: h3=":443"; ma=93600,h3-29=":443"; ma=93600
Connection: keep-alive
Server-Timing: cdn-cache; desc=MISS
Server-Timing: edge; dur=35
Server-Timing: origin; dur=44
Strict-Transport-Security: max-age=86400 ; includeSubDomains
Server-Timing: ak_p; desc="1757688776905_1600473305_945214925_7878_1353_36_43_-";dur=1

{
    "type": "https://httpproblems.com/http-status/401",
    "title": "Unauthorized",
    "status": 401,
    "instance": "/locations/v1/postalcodes/search",
    "trace": {
        "timestamp": "2025-09-12T14:52:57.011Z",
        "requestId": "a39ab8e1-a40b-490c-b99e-421511e990bd",
        "buildId": "f2cb8906-d568-4c43-a987-c19acf6faff6"
    },
    "Code": "Unauthorized",
    "Message": "API authorization failed",
    "Reference": "https://dataservice.accuweather.com/locations/v1/postalcodes/search?apikey=REDACTED&q=10001"
}
HTTP/1.1 401 Unauthorized
Content-Type: application/problem+json
zp-rid: a39ab8e1-a40b-490c-b99e-421511e990bd
Vary: Accept-Encoding
Content-Encoding: gzip
Content-Length: 400
Date: Fri, 12 Sep 2025 14:52:57 GMT
Alt-Svc: h3=":443"; ma=93600,h3-29=":443"; ma=93600
Connection: keep-alive
Server-Timing: cdn-cache; desc=MISS
Server-Timing: edge; dur=35
Server-Timing: origin; dur=44
Strict-Transport-Security: max-age=86400 ; includeSubDomains
Server-Timing: ak_p; desc="1757688776905_1600473305_945214925_7878_1353_36_43_-";dur=1

{
    "type": "https://httpproblems.com/http-status/401",
    "title": "Unauthorized",
    "status": 401,
    "instance": "/locations/v1/postalcodes/search",
    "trace": {
        "timestamp": "2025-09-12T14:52:57.011Z",
        "requestId": "a39ab8e1-a40b-490c-b99e-421511e990bd",
        "buildId": "f2cb8906-d568-4c43-a987-c19acf6faff6"
    },
    "Code": "Unauthorized",
    "Message": "API authorization failed",
    "Reference": "https://dataservice.accuweather.com/locations/v1/postalcodes/search?apikey=REDACTED&q=10001"
}
HTTP/1.1 401 Unauthorized
Content-Type: application/problem+json
zp-rid: a39ab8e1-a40b-490c-b99e-421511e990bd
Vary: Accept-Encoding
Content-Encoding: gzip
Content-Length: 400
Date: Fri, 12 Sep 2025 14:52:57 GMT
Alt-Svc: h3=":443"; ma=93600,h3-29=":443"; ma=93600
Connection: keep-alive
Server-Timing: cdn-cache; desc=MISS
Server-Timing: edge; dur=35
Server-Timing: origin; dur=44
Strict-Transport-Security: max-age=86400 ; includeSubDomains
Server-Timing: ak_p; desc="1757688776905_1600473305_945214925_7878_1353_36_43_-";dur=1

{
    "type": "https://httpproblems.com/http-status/401",
    "title": "Unauthorized",
    "status": 401,
    "instance": "/locations/v1/postalcodes/search",
    "trace": {
        "timestamp": "2025-09-12T14:52:57.011Z",
        "requestId": "a39ab8e1-a40b-490c-b99e-421511e990bd",
        "buildId": "f2cb8906-d568-4c43-a987-c19acf6faff6"
    },
    "Code": "Unauthorized",
    "Message": "API authorization failed",
    "Reference": "https://dataservice.accuweather.com/locations/v1/postalcodes/search?apikey=REDACTED&q=10001"
}
HTTP/1.1 401 Unauthorized
Content-Type: application/problem+json
zp-rid: a39ab8e1-a40b-490c-b99e-421511e990bd
Vary: Accept-Encoding
Content-Encoding: gzip
Content-Length: 400
Date: Fri, 12 Sep 2025 14:52:57 GMT
Alt-Svc: h3=":443"; ma=93600,h3-29=":443"; ma=93600
Connection: keep-alive
Server-Timing: cdn-cache; desc=MISS
Server-Timing: edge; dur=35
Server-Timing: origin; dur=44
Strict-Transport-Security: max-age=86400 ; includeSubDomains
Server-Timing: ak_p; desc="1757688776905_1600473305_945214925_7878_1353_36_43_-";dur=1

{
    "type": "https://httpproblems.com/http-status/401",
    "title": "Unauthorized",
    "status": 401,
    "instance": "/locations/v1/postalcodes/search",
    "trace": {
        "timestamp": "2025-09-12T14:52:57.011Z",
        "requestId": "a39ab8e1-a40b-490c-b99e-421511e990bd",
        "buildId": "f2cb8906-d568-4c43-a987-c19acf6faff6"
    },
    "Code": "Unauthorized",
    "Message": "API authorization failed",
    "Reference": "https://dataservice.accuweather.com/locations/v1/postalcodes/search?apikey=REDACTED&q=10001"
}
HTTP/1.1 401 Unauthorized
Content-Type: application/problem+json
zp-rid: a39ab8e1-a40b-490c-b99e-421511e990bd
Vary: Accept-Encoding
Content-Encoding: gzip
Content-Length: 400
Date: Fri, 12 Sep 2025 14:52:57 GMT
Alt-Svc: h3=":443"; ma=93600,h3-29=":443"; ma=93600
Connection: keep-alive
Server-Timing: cdn-cache; desc=MISS
Server-Timing: edge; dur=35
Server-Timing: origin; dur=44
Strict-Transport-Security: max-age=86400 ; includeSubDomains
Server-Timing: ak_p; desc="1757688776905_1600473305_945214925_7878_1353_36_43_-";dur=1

{
    "type": "https://httpproblems.com/http-status/401",
    "title": "Unauthorized",
    "status": 401,
    "instance": "/locations/v1/postalcodes/search",
    "trace": {
        "timestamp": "2025-09-12T14:52:57.011Z",
        "requestId": "a39ab8e1-a40b-490c-b99e-421511e990bd",
        "buildId": "f2cb8906-d568-4c43-a987-c19acf6faff6"
    },
    "Code": "Unauthorized",
    "Message": "API authorization failed",
    "Reference": "https://dataservice.accuweather.com/locations/v1/postalcodes/search?apikey=REDACTED&q=10001"
}
HTTP/1.1 401 Unauthorized
Content-Type: application/problem+json
zp-rid: a39ab8e1-a40b-490c-b99e-421511e990bd
Vary: Accept-Encoding
Content-Encoding: gzip
Content-Length: 400
Date: Fri, 12 Sep 2025 14:52:57 GMT
Alt-Svc: h3=":443"; ma=93600,h3-29=":443"; ma=93600
Connection: keep-alive
Server-Timing: cdn-cache; desc=MISS
Server-Timing: edge; dur=35
Server-Timing: origin; dur=44
Strict-Transport-Security: max-age=86400 ; includeSubDomains
Server-Timing: ak_p; desc="1757688776905_1600473305_945214925_7878_1353_36_43_-";dur=1

{
    "type": "https://httpproblems.com/http-status/401",
    "title": "Unauthorized",
    "status": 401,
    "instance": "/locations/v1/postalcodes/search",
    "trace": {
        "timestamp": "2025-09-12T14:52:57.011Z",
        "requestId": "a39ab8e1-a40b-490c-b99e-421511e990bd",
        "buildId": "f2cb8906-d568-4c43-a987-c19acf6faff6"
    },
    "Code": "Unauthorized",
    "Message": "API authorization failed",
    "Reference": "https://dataservice.accuweather.com/locations/v1/postalcodes/search?apikey=REDACTED&q=10001"
}
HTTP/1.1 401 Unauthorized
Content-Type: application/problem+json
zp-rid: a39ab8e1-a40b-490c-b99e-421511e990bd
Vary: Accept-Encoding
Content-Encoding: gzip
Content-Length: 400
Date: Fri, 12 Sep 2025 14:52:57 GMT
Alt-Svc: h3=":443"; ma=93600,h3-29=":443"; ma=93600
Connection: keep-alive
Server-Timing: cdn-cache; desc=MISS
Server-Timing: edge; dur=35
Server-Timing: origin; dur=44
Strict-Transport-Security: max-age=86400 ; includeSubDomains
Server-Timing: ak_p; desc="1757688776905_1600473305_945214925_7878_1353_36_43_-";dur=1

{
    "type": "https://httpproblems.com/http-status/401",
    "title": "Unauthorized",
    "status": 401,
    "instance": "/locations/v1/postalcodes/search",
    "trace": {
        "timestamp": "2025-09-12T14:52:57.011Z",
        "requestId": "a39ab8e1-a40b-490c-b99e-421511e990bd",
        "buildId": "f2cb8906-d568-4c43-a987-c19acf6faff6"
    },
    "Code": "Unauthorized",
    "Message": "API authorization failed",
    "Reference": "https://dataservice.accuweather.com/locations/v1/postalcodes/search?apikey=REDACTED&q=10001"
}
HTTP/1.1 401 Unauthorized
Content-Type: application/problem+json
zp-rid: a39ab8e1-a40b-490c-b99e-421511e990bd
Vary: Accept-Encoding
Content-Encoding: gzip
Content-Length: 400
Date: Fri, 12 Sep 2025 14:52:57 GMT
Alt-Svc: h3=":443"; ma=93600,h3-29=":443"; ma=93600
Connection: keep-alive
Server-Timing: cdn-cache; desc=MISS
Server-Timing: edge; dur=35
Server-Timing: origin; dur=44
Strict-Transport-Security: max-age=86400 ; includeSubDomains
Server-Timing: ak_p; desc="1757688776905_1600473305_945214925_7878_1353_36_43_-";dur=1

{
    "type": "https://httpproblems.com/http-status/401",
    "title": "Unauthorized",
    "status": 401,
    "instance": "/locations/v1/postalcodes/search",
    "trace": {
        "timestamp": "2025-09-12T14:52:57.011Z",
        "requestId": "a39ab8e1-a40b-490c-b99e-421511e990bd",
        "buildId": "f2cb8906-d568-4c43-a987-c19acf6faff6"
    },
    "Code": "Unauthorized",
    "Message": "API authorization failed",
    "Reference": "https://dataservice.accuweather.com/locations/v1/postalcodes/search?apikey=REDACTED&q=10001"
}
HTTP/1.1 401 Unauthorized
Content-Type: application/problem+json
zp-rid: a39ab8e1-a40b-490c-b99e-421511e990bd
Vary: Accept-Encoding
Content-Encoding: gzip
Content-Length: 400
Date: Fri, 12 Sep 2025 14:52:57 GMT
Alt-Svc: h3=":443"; ma=93600,h3-29=":443"; ma=93600
Connection: keep-alive
Server-Timing: cdn-cache; desc=MISS
Server-Timing: edge; dur=35
Server-Timing: origin; dur=44
Strict-Transport-Security: max-age=86400 ; includeSubDomains
Server-Timing: ak_p; desc="1757688776905_1600473305_945214925_7878_1353_36_43_-";dur=1

{
    "type": "https://httpproblems.com/http-status/401",
    "title": "Unauthorized",
    "status": 401,
    "instance": "/locations/v1/postalcodes/search",
    "trace": {
        "timestamp": "2025-09-12T14:52:57.011Z",
        "requestId": "a39ab8e1-a40b-490c-b99e-421511e990bd",
        "buildId": "f2cb8906-d568-4c43-a987-c19acf6faff6"
    },
    "Code": "Unauthorized",
    "Message": "API authorization failed",
    "Reference": "https://dataservice.accuweather.com/locations/v1/postalcodes/search?apikey=REDACTED&q=10001"
}
HTTP/1.1 401 Unauthorized
Content-Type: application/problem+json
zp-rid: a39ab8e1-a40b-490c-b99e-421511e990bd
Vary: Accept-Encoding
Content-Encoding: gzip
Content-Length: 400
Date: Fri, 12 Sep 2025 14:52:57 GMT
Alt-Svc: h3=":443"; ma=93600,h3-29=":443"; ma=93600
Connection: keep-alive
Server-Timing: cdn-cache; desc=MISS
Server-Timing: edge; dur=35
Server-Timing: origin; dur=44
Strict-Transport-Security: max-age=86400 ; includeSubDomains
Server-Timing: ak_p; desc="1757688776905_1600473305_945214925_7878_1353_36_43_-";dur=1

{
    "type": "https://httpproblems.com/http-status/401",
    "title": "Unauthorized",
    "status": 401,
    "instance": "/locations/v1/postalcodes/search",
    "trace": {
        "timestamp": "2025-09-12T14:52:57.011Z",
        "requestId": "a39ab8e1-a40b-490c-b99e-421511e990bd",
        "buildId": "f2cb8906-d568-4c43-a987-c19acf6faff6"
    },
    "Code": "Unauthorized",
    "Message": "API authorization failed",
    "Reference": "https://dataservice.accuweather.com/locations/v1/postalcodes/search?apikey=REDACTED&q=10001"
}
]]></system-out>
  </testcase>
  <testcase name="topCities" classname="study.api.AccuWeatherApiTests" time="0.245">
    <system-out><![CDATA[Request method:	GET
Request URI:	https://dataservice.accuweather.com/locations/v1/topcities/50?apikey=AOAG2WhmzCsb9h5PVDoF8PicU9rbkRvB
Proxy:			<none>
Request params:	<none>
Query params:	apikey=AOAG2WhmzCsb9h5PVDoF8PicU9rbkRvB
Form params:	<none>
Path params:	<none>
Headers:		Accept=*/*
Cookies:		<none>
Multiparts:		<none>
Body:			<none>
Request method:	GET
Request URI:	https://dataservice.accuweather.com/locations/v1/topcities/50?apikey=AOAG2WhmzCsb9h5PVDoF8PicU9rbkRvB
Proxy:			<none>
Request params:	<none>
Query params:	apikey=AOAG2WhmzCsb9h5PVDoF8PicU9rbkRvB
Form params:	<none>
Path params:	<none>
Headers:		Accept=*/*
Cookies:		<none>
Multiparts:		<none>
Body:			<none>
Request method:	GET
Request URI:	https://dataservice.accuweather.com/locations/v1/topcities/50?apikey=AOAG2WhmzCsb9h5PVDoF8PicU9rbkRvB
Proxy:			<none>
Request params:	<none>
Query params:	apikey=AOAG2WhmzCsb9h5PVDoF8PicU9rbkRvB
Form params:	<none>
Path params:	<none>
Headers:		Accept=*/*
Cookies:		<none>
Multiparts:		<none>
Body:			<none>
Request method:	GET
Request URI:	https://dataservice.accuweather.com/locations/v1/topcities/50?apikey=AOAG2WhmzCsb9h5PVDoF8PicU9rbkRvB
Proxy:			<none>
Request params:	<none>
Query params:	apikey=AOAG2WhmzCsb9h5PVDoF8PicU9rbkRvB
Form params:	<none>
Path params:	<none>
Headers:		Accept=*/*
Cookies:		<none>
Multiparts:		<none>
Body:			<none>
Request method:	GET
Request URI:	https://dataservice.accuweather.com/locations/v1/topcities/50?apikey=AOAG2WhmzCsb9h5PVDoF8PicU9rbkRvB
Proxy:			<none>
Request params:	<none>
Query params:	apikey=AOAG2WhmzCsb9h5PVDoF8PicU9rbkRvB
Form params:	<none>
Path params:	<none>
Headers:		Accept=*/*
Cookies:		<none>
Multiparts:		<none>
Body:			<none>
Request method:	GET
Request URI:	https://dataservice.accuweather.com/locations/v1/topcities/50?apikey=AOAG2WhmzCsb9h5PVDoF8PicU9rbkRvB
Proxy:			<none>
Request params:	<none>
Query params:	apikey=AOAG2WhmzCsb9h5PVDoF8PicU9rbkRvB
Form params:	<none>
Path params:	<none>
Headers:		Accept=*/*
Cookies:		<none>
Multiparts:		<none>
Body:			<none>
Request method:	GET
Request URI:	https://dataservice.accuweather.com/locations/v1/topcities/50?apikey=AOAG2WhmzCsb9h5PVDoF8PicU9rbkRvB
Proxy:			<none>
Request params:	<none>
Query params:	apikey=AOAG2WhmzCsb9h5PVDoF8PicU9rbkRvB
Form params:	<none>
Path params:	<none>
Headers:		Accept=*/*
Cookies:		<none>
Multiparts:		<none>
Body:			<none>
Request method:	GET
Request URI:	https://dataservice.accuweather.com/locations/v1/topcities/50?apikey=AOAG2WhmzCsb9h5PVDoF8PicU9rbkRvB
Proxy:			<none>
Request params:	<none>
Query params:	apikey=AOAG2WhmzCsb9h5PVDoF8PicU9rbkRvB
Form params:	<none>
Path params:	<none>
Headers:		Accept=*/*
Cookies:		<none>
Multiparts:		<none>
Body:			<none>
Request method:	GET
Request URI:	https://dataservice.accuweather.com/locations/v1/topcities/50?apikey=AOAG2WhmzCsb9h5PVDoF8PicU9rbkRvB
Proxy:			<none>
Request params:	<none>
Query params:	apikey=AOAG2WhmzCsb9h5PVDoF8PicU9rbkRvB
Form params:	<none>
Path params:	<none>
Headers:		Accept=*/*
Cookies:		<none>
Multiparts:		<none>
Body:			<none>
Request method:	GET
Request URI:	https://dataservice.accuweather.com/locations/v1/topcities/50?apikey=AOAG2WhmzCsb9h5PVDoF8PicU9rbkRvB
Proxy:			<none>
Request params:	<none>
Query params:	apikey=AOAG2WhmzCsb9h5PVDoF8PicU9rbkRvB
Form params:	<none>
Path params:	<none>
Headers:		Accept=*/*
Cookies:		<none>
Multiparts:		<none>
Body:			<none>
Request method:	GET
Request URI:	https://dataservice.accuweather.com/locations/v1/topcities/50?apikey=AOAG2WhmzCsb9h5PVDoF8PicU9rbkRvB
Proxy:			<none>
Request params:	<none>
Query params:	apikey=AOAG2WhmzCsb9h5PVDoF8PicU9rbkRvB
Form params:	<none>
Path params:	<none>
Headers:		Accept=*/*
Cookies:		<none>
Multiparts:		<none>
Body:			<none>
Request method:	GET
Request URI:	https://dataservice.accuweather.com/locations/v1/topcities/50?apikey=AOAG2WhmzCsb9h5PVDoF8PicU9rbkRvB
Proxy:			<none>
Request params:	<none>
Query params:	apikey=AOAG2WhmzCsb9h5PVDoF8PicU9rbkRvB
Form params:	<none>
Path params:	<none>
Headers:		Accept=*/*
Cookies:		<none>
Multiparts:		<none>
Body:			<none>
Request method:	GET
Request URI:	https://dataservice.accuweather.com/locations/v1/topcities/50?apikey=AOAG2WhmzCsb9h5PVDoF8PicU9rbkRvB
Proxy:			<none>
Request params:	<none>
Query params:	apikey=AOAG2WhmzCsb9h5PVDoF8PicU9rbkRvB
Form params:	<none>
Path params:	<none>
Headers:		Accept=*/*
Cookies:		<none>
Multiparts:		<none>
Body:			<none>
Request method:	GET
Request URI:	https://dataservice.accuweather.com/locations/v1/topcities/50?apikey=AOAG2WhmzCsb9h5PVDoF8PicU9rbkRvB
Proxy:			<none>
Request params:	<none>
Query params:	apikey=AOAG2WhmzCsb9h5PVDoF8PicU9rbkRvB
Form params:	<none>
Path params:	<none>
Headers:		Accept=*/*
Cookies:		<none>
Multiparts:		<none>
Body:			<none>
Request method:	GET
Request URI:	https://dataservice.accuweather.com/locations/v1/topcities/50?apikey=AOAG2WhmzCsb9h5PVDoF8PicU9rbkRvB
Proxy:			<none>
Request params:	<none>
Query params:	apikey=AOAG2WhmzCsb9h5PVDoF8PicU9rbkRvB
Form params:	<none>
Path params:	<none>
Headers:		Accept=*/*
Cookies:		<none>
Multiparts:		<none>
Body:			<none>
Request method:	GET
Request URI:	https://dataservice.accuweather.com/locations/v1/topcities/50?apikey=AOAG2WhmzCsb9h5PVDoF8PicU9rbkRvB
Proxy:			<none>
Request params:	<none>
Query params:	apikey=AOAG2WhmzCsb9h5PVDoF8PicU9rbkRvB
Form params:	<none>
Path params:	<none>
Headers:		Accept=*/*
Cookies:		<none>
Multiparts:		<none>
Body:			<none>
HTTP/1.1 401 Unauthorized
Content-Type: application/problem+json
zp-rid: 83e1183f-744f-4aaa-a262-06372e41df47
Vary: Accept-Encoding
Content-Encoding: gzip
Content-Length: 383
Date: Fri, 12 Sep 2025 14:52:57 GMT
Alt-Svc: h3=":443"; ma=93600,h3-29=":443"; ma=93600
Connection: keep-alive
Server-Timing: cdn-cache; desc=MISS
Server-Timing: edge; dur=34
Server-Timing: origin; dur=45
Strict-Transport-Security: max-age=86400 ; includeSubDomains
Server-Timing: ak_p; desc="1757688777158_1600473287_2079683836_7820_1538_42_42_-";dur=1

{
    "type": "https://httpproblems.com/http-status/401",
    "title": "Unauthorized",
    "status": 401,
    "instance": "/locations/v1/topcities/50",
    "trace": {
        "timestamp": "2025-09-12T14:52:57.263Z",
        "requestId": "83e1183f-744f-4aaa-a262-06372e41df47",
        "buildId": "f2cb8906-d568-4c43-a987-c19acf6faff6"
    },
    "Code": "Unauthorized",
    "Message": "API authorization failed",
    "Reference": "https://dataservice.accuweather.com/locations/v1/topcities/50?apikey=REDACTED"
}
HTTP/1.1 401 Unauthorized
Content-Type: application/problem+json
zp-rid: 83e1183f-744f-4aaa-a262-06372e41df47
Vary: Accept-Encoding
Content-Encoding: gzip
Content-Length: 383
Date: Fri, 12 Sep 2025 14:52:57 GMT
Alt-Svc: h3=":443"; ma=93600,h3-29=":443"; ma=93600
Connection: keep-alive
Server-Timing: cdn-cache; desc=MISS
Server-Timing: edge; dur=34
Server-Timing: origin; dur=45
Strict-Transport-Security: max-age=86400 ; includeSubDomains
Server-Timing: ak_p; desc="1757688777158_1600473287_2079683836_7820_1538_42_42_-";dur=1

{
    "type": "https://httpproblems.com/http-status/401",
    "title": "Unauthorized",
    "status": 401,
    "instance": "/locations/v1/topcities/50",
    "trace": {
        "timestamp": "2025-09-12T14:52:57.263Z",
        "requestId": "83e1183f-744f-4aaa-a262-06372e41df47",
        "buildId": "f2cb8906-d568-4c43-a987-c19acf6faff6"
    },
    "Code": "Unauthorized",
    "Message": "API authorization failed",
    "Reference": "https://dataservice.accuweather.com/locations/v1/topcities/50?apikey=REDACTED"
}
HTTP/1.1 401 Unauthorized
Content-Type: application/problem+json
zp-rid: 83e1183f-744f-4aaa-a262-06372e41df47
Vary: Accept-Encoding
Content-Encoding: gzip
Content-Length: 383
Date: Fri, 12 Sep 2025 14:52:57 GMT
Alt-Svc: h3=":443"; ma=93600,h3-29=":443"; ma=93600
Connection: keep-alive
Server-Timing: cdn-cache; desc=MISS
Server-Timing: edge; dur=34
Server-Timing: origin; dur=45
Strict-Transport-Security: max-age=86400 ; includeSubDomains
Server-Timing: ak_p; desc="1757688777158_1600473287_2079683836_7820_1538_42_42_-";dur=1

{
    "type": "https://httpproblems.com/http-status/401",
    "title": "Unauthorized",
    "status": 401,
    "instance": "/locations/v1/topcities/50",
    "trace": {
        "timestamp": "2025-09-12T14:52:57.263Z",
        "requestId": "83e1183f-744f-4aaa-a262-06372e41df47",
        "buildId": "f2cb8906-d568-4c43-a987-c19acf6faff6"
    },
    "Code": "Unauthorized",
    "Message": "API authorization failed",
    "Reference": "https://dataservice.accuweather.com/locations/v1/topcities/50?apikey=REDACTED"
}
HTTP/1.1 401 Unauthorized
Content-Type: application/problem+json
zp-rid: 83e1183f-744f-4aaa-a262-06372e41df47
Vary: Accept-Encoding
Content-Encoding: gzip
Content-Length: 383
Date: Fri, 12 Sep 2025 14:52:57 GMT
Alt-Svc: h3=":443"; ma=93600,h3-29=":443"; ma=93600
Connection: keep-alive
Server-Timing: cdn-cache; desc=MISS
Server-Timing: edge; dur=34
Server-Timing: origin; dur=45
Strict-Transport-Security: max-age=86400 ; includeSubDomains
Server-Timing: ak_p; desc="1757688777158_1600473287_2079683836_7820_1538_42_42_-";dur=1

{
    "type": "https://httpproblems.com/http-status/401",
    "title": "Unauthorized",
    "status": 401,
    "instance": "/locations/v1/topcities/50",
    "trace": {
        "timestamp": "2025-09-12T14:52:57.263Z",
        "requestId": "83e1183f-744f-4aaa-a262-06372e41df47",
        "buildId": "f2cb8906-d568-4c43-a987-c19acf6faff6"
    },
    "Code": "Unauthorized",
    "Message": "API authorization failed",
    "Reference": "https://dataservice.accuweather.com/locations/v1/topcities/50?apikey=REDACTED"
}
HTTP/1.1 401 Unauthorized
Content-Type: application/problem+json
zp-rid: 83e1183f-744f-4aaa-a262-06372e41df47
Vary: Accept-Encoding
Content-Encoding: gzip
Content-Length: 383
Date: Fri, 12 Sep 2025 14:52:57 GMT
Alt-Svc: h3=":443"; ma=93600,h3-29=":443"; ma=93600
Connection: keep-alive
Server-Timing: cdn-cache; desc=MISS
Server-Timing: edge; dur=34
Server-Timing: origin; dur=45
Strict-Transport-Security: max-age=86400 ; includeSubDomains
Server-Timing: ak_p; desc="1757688777158_1600473287_2079683836_7820_1538_42_42_-";dur=1

{
    "type": "https://httpproblems.com/http-status/401",
    "title": "Unauthorized",
    "status": 401,
    "instance": "/locations/v1/topcities/50",
    "trace": {
        "timestamp": "2025-09-12T14:52:57.263Z",
        "requestId": "83e1183f-744f-4aaa-a262-06372e41df47",
        "buildId": "f2cb8906-d568-4c43-a987-c19acf6faff6"
    },
    "Code": "Unauthorized",
    "Message": "API authorization failed",
    "Reference": "https://dataservice.accuweather.com/locations/v1/topcities/50?apikey=REDACTED"
}
HTTP/1.1 401 Unauthorized
Content-Type: application/problem+json
zp-rid: 83e1183f-744f-4aaa-a262-06372e41df47
Vary: Accept-Encoding
Content-Encoding: gzip
Content-Length: 383
Date: Fri, 12 Sep 2025 14:52:57 GMT
Alt-Svc: h3=":443"; ma=93600,h3-29=":443"; ma=93600
Connection: keep-alive
Server-Timing: cdn-cache; desc=MISS
Server-Timing: edge; dur=34
Server-Timing: origin; dur=45
Strict-Transport-Security: max-age=86400 ; includeSubDomains
Server-Timing: ak_p; desc="1757688777158_1600473287_2079683836_7820_1538_42_42_-";dur=1

{
    "type": "https://httpproblems.com/http-status/401",
    "title": "Unauthorized",
    "status": 401,
    "instance": "/locations/v1/topcities/50",
    "trace": {
        "timestamp": "2025-09-12T14:52:57.263Z",
        "requestId": "83e1183f-744f-4aaa-a262-06372e41df47",
        "buildId": "f2cb8906-d568-4c43-a987-c19acf6faff6"
    },
    "Code": "Unauthorized",
    "Message": "API authorization failed",
    "Reference": "https://dataservice.accuweather.com/locations/v1/topcities/50?apikey=REDACTED"
}
HTTP/1.1 401 Unauthorized
Content-Type: application/problem+json
zp-rid: 83e1183f-744f-4aaa-a262-06372e41df47
Vary: Accept-Encoding
Content-Encoding: gzip
Content-Length: 383
Date: Fri, 12 Sep 2025 14:52:57 GMT
Alt-Svc: h3=":443"; ma=93600,h3-29=":443"; ma=93600
Connection: keep-alive
Server-Timing: cdn-cache; desc=MISS
Server-Timing: edge; dur=34
Server-Timing: origin; dur=45
Strict-Transport-Security: max-age=86400 ; includeSubDomains
Server-Timing: ak_p; desc="1757688777158_1600473287_2079683836_7820_1538_42_42_-";dur=1

{
    "type": "https://httpproblems.com/http-status/401",
    "title": "Unauthorized",
    "status": 401,
    "instance": "/locations/v1/topcities/50",
    "trace": {
        "timestamp": "2025-09-12T14:52:57.263Z",
        "requestId": "83e1183f-744f-4aaa-a262-06372e41df47",
        "buildId": "f2cb8906-d568-4c43-a987-c19acf6faff6"
    },
    "Code": "Unauthorized",
    "Message": "API authorization failed",
    "Reference": "https://dataservice.accuweather.com/locations/v1/topcities/50?apikey=REDACTED"
}
HTTP/1.1 401 Unauthorized
Content-Type: application/problem+json
zp-rid: 83e1183f-744f-4aaa-a262-06372e41df47
Vary: Accept-Encoding
Content-Encoding: gzip
Content-Length: 383
Date: Fri, 12 Sep 2025 14:52:57 GMT
Alt-Svc: h3=":443"; ma=93600,h3-29=":443"; ma=93600
Connection: keep-alive
Server-Timing: cdn-cache; desc=MISS
Server-Timing: edge; dur=34
Server-Timing: origin; dur=45
Strict-Transport-Security: max-age=86400 ; includeSubDomains
Server-Timing: ak_p; desc="1757688777158_1600473287_2079683836_7820_1538_42_42_-";dur=1

{
    "type": "https://httpproblems.com/http-status/401",
    "title": "Unauthorized",
    "status": 401,
    "instance": "/locations/v1/topcities/50",
    "trace": {
        "timestamp": "2025-09-12T14:52:57.263Z",
        "requestId": "83e1183f-744f-4aaa-a262-06372e41df47",
        "buildId": "f2cb8906-d568-4c43-a987-c19acf6faff6"
    },
    "Code": "Unauthorized",
    "Message": "API authorization failed",
    "Reference": "https://dataservice.accuweather.com/locations/v1/topcities/50?apikey=REDACTED"
}
HTTP/1.1 401 Unauthorized
Content-Type: application/problem+json
zp-rid: 83e1183f-744f-4aaa-a262-06372e41df47
Vary: Accept-Encoding
Content-Encoding: gzip
Content-Length: 383
Date: Fri, 12 Sep 2025 14:52:57 GMT
Alt-Svc: h3=":443"; ma=93600,h3-29=":443"; ma=93600
Connection: keep-alive
Server-Timing: cdn-cache; desc=MISS
Server-Timing: edge; dur=34
Server-Timing: origin; dur=45
Strict-Transport-Security: max-age=86400 ; includeSubDomains
Server-Timing: ak_p; desc="1757688777158_1600473287_2079683836_7820_1538_42_42_-";dur=1

{
    "type": "https://httpproblems.com/http-status/401",
    "title": "Unauthorized",
    "status": 401,
    "instance": "/locations/v1/topcities/50",
    "trace": {
        "timestamp": "2025-09-12T14:52:57.263Z",
        "requestId": "83e1183f-744f-4aaa-a262-06372e41df47",
        "buildId": "f2cb8906-d568-4c43-a987-c19acf6faff6"
    },
    "Code": "Unauthorized",
    "Message": "API authorization failed",
    "Reference": "https://dataservice.accuweather.com/locations/v1/topcities/50?apikey=REDACTED"
}
HTTP/1.1 401 Unauthorized
Content-Type: application/problem+json
zp-rid: 83e1183f-744f-4aaa-a262-06372e41df47
Vary: Accept-Encoding
Content-Encoding: gzip
Content-Length: 383
Date: Fri, 12 Sep 2025 14:52:57 GMT
Alt-Svc: h3=":443"; ma=93600,h3-29=":443"; ma=93600
Connection: keep-alive
Server-Timing: cdn-cache; desc=MISS
Server-Timing: edge; dur=34
Server-Timing: origin; dur=45
Strict-Transport-Security: max-age=86400 ; includeSubDomains
Server-Timing: ak_p; desc="1757688777158_1600473287_2079683836_7820_1538_42_42_-";dur=1

{
    "type": "https://httpproblems.com/http-status/401",
    "title": "Unauthorized",
    "status": 401,
    "instance": "/locations/v1/topcities/50",
    "trace": {
        "timestamp": "2025-09-12T14:52:57.263Z",
        "requestId": "83e1183f-744f-4aaa-a262-06372e41df47",
        "buildId": "f2cb8906-d568-4c43-a987-c19acf6faff6"
    },
    "Code": "Unauthorized",
    "Message": "API authorization failed",
    "Reference": "https://dataservice.accuweather.com/locations/v1/topcities/50?apikey=REDACTED"
}
HTTP/1.1 401 Unauthorized
Content-Type: application/problem+json
zp-rid: 83e1183f-744f-4aaa-a262-06372e41df47
Vary: Accept-Encoding
Content-Encoding: gzip
Content-Length: 383
Date: Fri, 12 Sep 2025 14:52:57 GMT
Alt-Svc: h3=":443"; ma=93600,h3-29=":443"; ma=93600
Connection: keep-alive
Server-Timing: cdn-cache; desc=MISS
Server-Timing: edge; dur=34
Server-Timing: origin; dur=45
Strict-Transport-Security: max-age=86400 ; includeSubDomains
Server-Timing: ak_p; desc="1757688777158_1600473287_2079683836_7820_1538_42_42_-";dur=1

{
    "type": "https://httpproblems.com/http-status/401",
    "title": "Unauthorized",
    "status": 401,
    "instance": "/locations/v1/topcities/50",
    "trace": {
        "timestamp": "2025-09-12T14:52:57.263Z",
        "requestId": "83e1183f-744f-4aaa-a262-06372e41df47",
        "buildId": "f2cb8906-d568-4c43-a987-c19acf6faff6"
    },
    "Code": "Unauthorized",
    "Message": "API authorization failed",
    "Reference": "https://dataservice.accuweather.com/locations/v1/topcities/50?apikey=REDACTED"
}
HTTP/1.1 401 Unauthorized
Content-Type: application/problem+json
zp-rid: 83e1183f-744f-4aaa-a262-06372e41df47
Vary: Accept-Encoding
Content-Encoding: gzip
Content-Length: 383
Date: Fri, 12 Sep 2025 14:52:57 GMT
Alt-Svc: h3=":443"; ma=93600,h3-29=":443"; ma=93600
Connection: keep-alive
Server-Timing: cdn-cache; desc=MISS
Server-Timing: edge; dur=34
Server-Timing: origin; dur=45
Strict-Transport-Security: max-age=86400 ; includeSubDomains
Server-Timing: ak_p; desc="1757688777158_1600473287_2079683836_7820_1538_42_42_-";dur=1

{
    "type": "https://httpproblems.com/http-status/401",
    "title": "Unauthorized",
    "status": 401,
    "instance": "/locations/v1/topcities/50",
    "trace": {
        "timestamp": "2025-09-12T14:52:57.263Z",
        "requestId": "83e1183f-744f-4aaa-a262-06372e41df47",
        "buildId": "f2cb8906-d568-4c43-a987-c19acf6faff6"
    },
    "Code": "Unauthorized",
    "Message": "API authorization failed",
    "Reference": "https://dataservice.accuweather.com/locations/v1/topcities/50?apikey=REDACTED"
}
HTTP/1.1 401 Unauthorized
Content-Type: application/problem+json
zp-rid: 83e1183f-744f-4aaa-a262-06372e41df47
Vary: Accept-Encoding
Content-Encoding: gzip
Content-Length: 383
Date: Fri, 12 Sep 2025 14:52:57 GMT
Alt-Svc: h3=":443"; ma=93600,h3-29=":443"; ma=93600
Connection: keep-alive
Server-Timing: cdn-cache; desc=MISS
Server-Timing: edge; dur=34
Server-Timing: origin; dur=45
Strict-Transport-Security: max-age=86400 ; includeSubDomains
Server-Timing: ak_p; desc="1757688777158_1600473287_2079683836_7820_1538_42_42_-";dur=1

{
    "type": "https://httpproblems.com/http-status/401",
    "title": "Unauthorized",
    "status": 401,
    "instance": "/locations/v1/topcities/50",
    "trace": {
        "timestamp": "2025-09-12T14:52:57.263Z",
        "requestId": "83e1183f-744f-4aaa-a262-06372e41df47",
        "buildId": "f2cb8906-d568-4c43-a987-c19acf6faff6"
    },
    "Code": "Unauthorized",
    "Message": "API authorization failed",
    "Reference": "https://dataservice.accuweather.com/locations/v1/topcities/50?apikey=REDACTED"
}
HTTP/1.1 401 Unauthorized
Content-Type: application/problem+json
zp-rid: 83e1183f-744f-4aaa-a262-06372e41df47
Vary: Accept-Encoding
Content-Encoding: gzip
Content-Length: 383
Date: Fri, 12 Sep 2025 14:52:57 GMT
Alt-Svc: h3=":443"; ma=93600,h3-29=":443"; ma=93600
Connection: keep-alive
Server-Timing: cdn-cache; desc=MISS
Server-Timing: edge; dur=34
Server-Timing: origin; dur=45
Strict-Transport-Security: max-age=86400 ; includeSubDomains
Server-Timing: ak_p; desc="1757688777158_1600473287_2079683836_7820_1538_42_42_-";dur=1

{
    "type": "https://httpproblems.com/http-status/401",
    "title": "Unauthorized",
    "status": 401,
    "instance": "/locations/v1/topcities/50",
    "trace": {
        "timestamp": "2025-09-12T14:52:57.263Z",
        "requestId": "83e1183f-744f-4aaa-a262-06372e41df47",
        "buildId": "f2cb8906-d568-4c43-a987-c19acf6faff6"
    },
    "Code": "Unauthorized",
    "Message": "API authorization failed",
    "Reference": "https://dataservice.accuweather.com/locations/v1/topcities/50?apikey=REDACTED"
}
HTTP/1.1 401 Unauthorized
Content-Type: application/problem+json
zp-rid: 83e1183f-744f-4aaa-a262-06372e41df47
Vary: Accept-Encoding
Content-Encoding: gzip
Content-Length: 383
Date: Fri, 12 Sep 2025 14:52:57 GMT
Alt-Svc: h3=":443"; ma=93600,h3-29=":443"; ma=93600
Connection: keep-alive
Server-Timing: cdn-cache; desc=MISS
Server-Timing: edge; dur=34
Server-Timing: origin; dur=45
Strict-Transport-Security: max-age=86400 ; includeSubDomains
Server-Timing: ak_p; desc="1757688777158_1600473287_2079683836_7820_1538_42_42_-";dur=1

{
    "type": "https://httpproblems.com/http-status/401",
    "title": "Unauthorized",
    "status": 401,
    "instance": "/locations/v1/topcities/50",
    "trace": {
        "timestamp": "2025-09-12T14:52:57.263Z",
        "requestId": "83e1183f-744f-4aaa-a262-06372e41df47",
        "buildId": "f2cb8906-d568-4c43-a987-c19acf6faff6"
    },
    "Code": "Unauthorized",
    "Message": "API authorization failed",
    "Reference": "https://dataservice.accuweather.com/locations/v1/topcities/50?apikey=REDACTED"
}
HTTP/1.1 401 Unauthorized
Content-Type: application/problem+json
zp-rid: 83e1183f-744f-4aaa-a262-06372e41df47
Vary: Accept-Encoding
Content-Encoding: gzip
Content-Length: 383
Date: Fri, 12 Sep 2025 14:52:57 GMT
Alt-Svc: h3=":443"; ma=93600,h3-29=":443"; ma=93600
Connection: keep-alive
Server-Timing: cdn-cache; desc=MISS
Server-Timing: edge; dur=34
Server-Timing: origin; dur=45
Strict-Transport-Security: max-age=86400 ; includeSubDomains
Server-Timing: ak_p; desc="1757688777158_1600473287_2079683836_7820_1538_42_42_-";dur=1

{
    "type": "https://httpproblems.com/http-status/401",
    "title": "Unauthorized",
    "status": 401,
    "instance": "/locations/v1/topcities/50",
    "trace": {
        "timestamp": "2025-09-12T14:52:57.263Z",
        "requestId": "83e1183f-744f-4aaa-a262-06372e41df47",
        "buildId": "f2cb8906-d568-4c43-a987-c19acf6faff6"
    },
    "Code": "Unauthorized",
    "Message": "API authorization failed",
    "Reference": "https://dataservice.accuweather.com/locations/v1/topcities/50?apikey=REDACTED"
}
]]></system-out>
  </testcase>
  <testcase name="currentConditions" classname="study.api.AccuWeatherApiTests" time="0.226">
    <system-out><![CDATA[Request method:	GET
Request URI:	https://dataservice.accuweather.com/currentconditions/v1/294021?apikey=AOAG2WhmzCsb9h5PVDoF8PicU9rbkRvB
Proxy:			<none>
Request params:	<none>
Query params:	apikey=AOAG2WhmzCsb9h5PVDoF8PicU9rbkRvB
Form params:	<none>
Path params:	<none>
Headers:		Accept=*/*
Cookies:		<none>
Multiparts:		<none>
Body:			<none>
Request method:	GET
Request URI:	https://dataservice.accuweather.com/currentconditions/v1/294021?apikey=AOAG2WhmzCsb9h5PVDoF8PicU9rbkRvB
Proxy:			<none>
Request params:	<none>
Query params:	apikey=AOAG2WhmzCsb9h5PVDoF8PicU9rbkRvB
Form params:	<none>
Path params:	<none>
Headers:		Accept=*/*
Cookies:		<none>
Multiparts:		<none>
Body:			<none>
Request method:	GET
Request URI:	https://dataservice.accuweather.com/currentconditions/v1/294021?apikey=AOAG2WhmzCsb9h5PVDoF8PicU9rbkRvB
Proxy:			<none>
Request params:	<none>
Query params:	apikey=AOAG2WhmzCsb9h5PVDoF8PicU9rbkRvB
Form params:	<none>
Path params:	<none>
Headers:		Accept=*/*
Cookies:		<none>
Multiparts:		<none>
Body:			<none>
Request method:	GET
Request URI:	https://dataservice.accuweather.com/currentconditions/v1/294021?apikey=AOAG2WhmzCsb9h5PVDoF8PicU9rbkRvB
Proxy:			<none>
Request params:	<none>
Query params:	apikey=AOAG2WhmzCsb9h5PVDoF8PicU9rbkRvB
Form params:	<none>
Path params:	<none>
Headers:		Accept=*/*
Cookies:		<none>
Multiparts:		<none>
Body:			<none>
Request method:	GET
Request URI:	https://dataservice.accuweather.com/currentconditions/v1/294021?apikey=AOAG2WhmzCsb9h5PVDoF8PicU9rbkRvB
Proxy:			<none>
Request params:	<none>
Query params:	apikey=AOAG2WhmzCsb9h5PVDoF8PicU9rbkRvB
Form params:	<none>
Path params:	<none>
Headers:		Accept=*/*
Cookies:		<none>
Multiparts:		<none>
Body:			<none>
Request method:	GET
Request URI:	https://dataservice.accuweather.com/currentconditions/v1/294021?apikey=AOAG2WhmzCsb9h5PVDoF8PicU9rbkRvB
Proxy:			<none>
Request params:	<none>
Query params:	apikey=AOAG2WhmzCsb9h5PVDoF8PicU9rbkRvB
Form params:	<none>
Path params:	<none>
Headers:		Accept=*/*
Cookies:		<none>
Multiparts:		<none>
Body:			<none>
Request method:	GET
Request URI:	https://dataservice.accuweather.com/currentconditions/v1/294021?apikey=AOAG2WhmzCsb9h5PVDoF8PicU9rbkRvB
Proxy:			<none>
Request params:	<none>
Query params:	apikey=AOAG2WhmzCsb9h5PVDoF8PicU9rbkRvB
Form params:	<none>
Path params:	<none>
Headers:		Accept=*/*
Cookies:		<none>
Multiparts:		<none>
Body:			<none>
Request method:	GET
Request URI:	https://dataservice.accuweather.com/currentconditions/v1/294021?apikey=AOAG2WhmzCsb9h5PVDoF8PicU9rbkRvB
Proxy:			<none>
Request params:	<none>
Query params:	apikey=AOAG2WhmzCsb9h5PVDoF8PicU9rbkRvB
Form params:	<none>
Path params:	<none>
Headers:		Accept=*/*
Cookies:		<none>
Multiparts:		<none>
Body:			<none>
Request method:	GET
Request URI:	https://dataservice.accuweather.com/currentconditions/v1/294021?apikey=AOAG2WhmzCsb9h5PVDoF8PicU9rbkRvB
Proxy:			<none>
Request params:	<none>
Query params:	apikey=AOAG2WhmzCsb9h5PVDoF8PicU9rbkRvB
Form params:	<none>
Path params:	<none>
Headers:		Accept=*/*
Cookies:		<none>
Multiparts:		<none>
Body:			<none>
Request method:	GET
Request URI:	https://dataservice.accuweather.com/currentconditions/v1/294021?apikey=AOAG2WhmzCsb9h5PVDoF8PicU9rbkRvB
Proxy:			<none>
Request params:	<none>
Query params:	apikey=AOAG2WhmzCsb9h5PVDoF8PicU9rbkRvB
Form params:	<none>
Path params:	<none>
Headers:		Accept=*/*
Cookies:		<none>
Multiparts:		<none>
Body:			<none>
Request method:	GET
Request URI:	https://dataservice.accuweather.com/currentconditions/v1/294021?apikey=AOAG2WhmzCsb9h5PVDoF8PicU9rbkRvB
Proxy:			<none>
Request params:	<none>
Query params:	apikey=AOAG2WhmzCsb9h5PVDoF8PicU9rbkRvB
Form params:	<none>
Path params:	<none>
Headers:		Accept=*/*
Cookies:		<none>
Multiparts:		<none>
Body:			<none>
Request method:	GET
Request URI:	https://dataservice.accuweather.com/currentconditions/v1/294021?apikey=AOAG2WhmzCsb9h5PVDoF8PicU9rbkRvB
Proxy:			<none>
Request params:	<none>
Query params:	apikey=AOAG2WhmzCsb9h5PVDoF8PicU9rbkRvB
Form params:	<none>
Path params:	<none>
Headers:		Accept=*/*
Cookies:		<none>
Multiparts:		<none>
Body:			<none>
Request method:	GET
Request URI:	https://dataservice.accuweather.com/currentconditions/v1/294021?apikey=AOAG2WhmzCsb9h5PVDoF8PicU9rbkRvB
Proxy:			<none>
Request params:	<none>
Query params:	apikey=AOAG2WhmzCsb9h5PVDoF8PicU9rbkRvB
Form params:	<none>
Path params:	<none>
Headers:		Accept=*/*
Cookies:		<none>
Multiparts:		<none>
Body:			<none>
Request method:	GET
Request URI:	https://dataservice.accuweather.com/currentconditions/v1/294021?apikey=AOAG2WhmzCsb9h5PVDoF8PicU9rbkRvB
Proxy:			<none>
Request params:	<none>
Query params:	apikey=AOAG2WhmzCsb9h5PVDoF8PicU9rbkRvB
Form params:	<none>
Path params:	<none>
Headers:		Accept=*/*
Cookies:		<none>
Multiparts:		<none>
Body:			<none>
Request method:	GET
Request URI:	https://dataservice.accuweather.com/currentconditions/v1/294021?apikey=AOAG2WhmzCsb9h5PVDoF8PicU9rbkRvB
Proxy:			<none>
Request params:	<none>
Query params:	apikey=AOAG2WhmzCsb9h5PVDoF8PicU9rbkRvB
Form params:	<none>
Path params:	<none>
Headers:		Accept=*/*
Cookies:		<none>
Multiparts:		<none>
Body:			<none>
Request method:	GET
Request URI:	https://dataservice.accuweather.com/currentconditions/v1/294021?apikey=AOAG2WhmzCsb9h5PVDoF8PicU9rbkRvB
Proxy:			<none>
Request params:	<none>
Query params:	apikey=AOAG2WhmzCsb9h5PVDoF8PicU9rbkRvB
Form params:	<none>
Path params:	<none>
Headers:		Accept=*/*
Cookies:		<none>
Multiparts:		<none>
Body:			<none>
Request method:	GET
Request URI:	https://dataservice.accuweather.com/currentconditions/v1/294021?apikey=AOAG2WhmzCsb9h5PVDoF8PicU9rbkRvB
Proxy:			<none>
Request params:	<none>
Query params:	apikey=AOAG2WhmzCsb9h5PVDoF8PicU9rbkRvB
Form params:	<none>
Path params:	<none>
Headers:		Accept=*/*
Cookies:		<none>
Multiparts:		<none>
Body:			<none>
HTTP/1.1 401 Unauthorized
Content-Type: application/problem+json
zp-rid: cd1f8bf2-029e-41ea-a8c2-0f21d62302bd
Vary: Accept-Encoding
Content-Encoding: gzip
Date: Fri, 12 Sep 2025 14:52:57 GMT
Alt-Svc: h3=":443"; ma=93600,h3-29=":443"; ma=93600
Connection: close
Server-Timing: edge; dur=1
Server-Timing: origin; dur=70
Server-Timing: cdn-cache; desc=MISS
Strict-Transport-Security: max-age=86400 ; includeSubDomains
Server-Timing: ak_p; desc="1757688777398_1600473287_2079686686_7061_1296_38_41_-";dur=1

{
    "type": "https://httpproblems.com/http-status/401",
    "title": "Unauthorized",
    "status": 401,
    "instance": "/currentconditions/v1/294021",
    "trace": {
        "timestamp": "2025-09-12T14:52:57.498Z",
        "requestId": "cd1f8bf2-029e-41ea-a8c2-0f21d62302bd",
        "buildId": "f2cb8906-d568-4c43-a987-c19acf6faff6"
    },
    "Code": "Unauthorized",
    "Message": "API authorization failed",
    "Reference": "https://dataservice.accuweather.com/currentconditions/v1/294021?apikey=REDACTED"
}
HTTP/1.1 401 Unauthorized
Content-Type: application/problem+json
zp-rid: cd1f8bf2-029e-41ea-a8c2-0f21d62302bd
Vary: Accept-Encoding
Content-Encoding: gzip
Date: Fri, 12 Sep 2025 14:52:57 GMT
Alt-Svc: h3=":443"; ma=93600,h3-29=":443"; ma=93600
Connection: close
Server-Timing: edge; dur=1
Server-Timing: origin; dur=70
Server-Timing: cdn-cache; desc=MISS
Strict-Transport-Security: max-age=86400 ; includeSubDomains
Server-Timing: ak_p; desc="1757688777398_1600473287_2079686686_7061_1296_38_41_-";dur=1

{
    "type": "https://httpproblems.com/http-status/401",
    "title": "Unauthorized",
    "status": 401,
    "instance": "/currentconditions/v1/294021",
    "trace": {
        "timestamp": "2025-09-12T14:52:57.498Z",
        "requestId": "cd1f8bf2-029e-41ea-a8c2-0f21d62302bd",
        "buildId": "f2cb8906-d568-4c43-a987-c19acf6faff6"
    },
    "Code": "Unauthorized",
    "Message": "API authorization failed",
    "Reference": "https://dataservice.accuweather.com/currentconditions/v1/294021?apikey=REDACTED"
}
HTTP/1.1 401 Unauthorized
Content-Type: application/problem+json
zp-rid: cd1f8bf2-029e-41ea-a8c2-0f21d62302bd
Vary: Accept-Encoding
Content-Encoding: gzip
Date: Fri, 12 Sep 2025 14:52:57 GMT
Alt-Svc: h3=":443"; ma=93600,h3-29=":443"; ma=93600
Connection: close
Server-Timing: edge; dur=1
Server-Timing: origin; dur=70
Server-Timing: cdn-cache; desc=MISS
Strict-Transport-Security: max-age=86400 ; includeSubDomains
Server-Timing: ak_p; desc="1757688777398_1600473287_2079686686_7061_1296_38_41_-";dur=1

{
    "type": "https://httpproblems.com/http-status/401",
    "title": "Unauthorized",
    "status": 401,
    "instance": "/currentconditions/v1/294021",
    "trace": {
        "timestamp": "2025-09-12T14:52:57.498Z",
        "requestId": "cd1f8bf2-029e-41ea-a8c2-0f21d62302bd",
        "buildId": "f2cb8906-d568-4c43-a987-c19acf6faff6"
    },
    "Code": "Unauthorized",
    "Message": "API authorization failed",
    "Reference": "https://dataservice.accuweather.com/currentconditions/v1/294021?apikey=REDACTED"
}
HTTP/1.1 401 Unauthorized
Content-Type: application/problem+json
zp-rid: cd1f8bf2-029e-41ea-a8c2-0f21d62302bd
Vary: Accept-Encoding
Content-Encoding: gzip
Date: Fri, 12 Sep 2025 14:52:57 GMT
Alt-Svc: h3=":443"; ma=93600,h3-29=":443"; ma=93600
Connection: close
Server-Timing: edge; dur=1
Server-Timing: origin; dur=70
Server-Timing: cdn-cache; desc=MISS
Strict-Transport-Security: max-age=86400 ; includeSubDomains
Server-Timing: ak_p; desc="1757688777398_1600473287_2079686686_7061_1296_38_41_-";dur=1

{
    "type": "https://httpproblems.com/http-status/401",
    "title": "Unauthorized",
    "status": 401,
    "instance": "/currentconditions/v1/294021",
    "trace": {
        "timestamp": "2025-09-12T14:52:57.498Z",
        "requestId": "cd1f8bf2-029e-41ea-a8c2-0f21d62302bd",
        "buildId": "f2cb8906-d568-4c43-a987-c19acf6faff6"
    },
    "Code": "Unauthorized",
    "Message": "API authorization failed",
    "Reference": "https://dataservice.accuweather.com/currentconditions/v1/294021?apikey=REDACTED"
}
HTTP/1.1 401 Unauthorized
Content-Type: application/problem+json
zp-rid: cd1f8bf2-029e-41ea-a8c2-0f21d62302bd
Vary: Accept-Encoding
Content-Encoding: gzip
Date: Fri, 12 Sep 2025 14:52:57 GMT
Alt-Svc: h3=":443"; ma=93600,h3-29=":443"; ma=93600
Connection: close
Server-Timing: edge; dur=1
Server-Timing: origin; dur=70
Server-Timing: cdn-cache; desc=MISS
Strict-Transport-Security: max-age=86400 ; includeSubDomains
Server-Timing: ak_p; desc="1757688777398_1600473287_2079686686_7061_1296_38_41_-";dur=1

{
    "type": "https://httpproblems.com/http-status/401",
    "title": "Unauthorized",
    "status": 401,
    "instance": "/currentconditions/v1/294021",
    "trace": {
        "timestamp": "2025-09-12T14:52:57.498Z",
        "requestId": "cd1f8bf2-029e-41ea-a8c2-0f21d62302bd",
        "buildId": "f2cb8906-d568-4c43-a987-c19acf6faff6"
    },
    "Code": "Unauthorized",
    "Message": "API authorization failed",
    "Reference": "https://dataservice.accuweather.com/currentconditions/v1/294021?apikey=REDACTED"
}
HTTP/1.1 401 Unauthorized
Content-Type: application/problem+json
zp-rid: cd1f8bf2-029e-41ea-a8c2-0f21d62302bd
Vary: Accept-Encoding
Content-Encoding: gzip
Date: Fri, 12 Sep 2025 14:52:57 GMT
Alt-Svc: h3=":443"; ma=93600,h3-29=":443"; ma=93600
Connection: close
Server-Timing: edge; dur=1
Server-Timing: origin; dur=70
Server-Timing: cdn-cache; desc=MISS
Strict-Transport-Security: max-age=86400 ; includeSubDomains
Server-Timing: ak_p; desc="1757688777398_1600473287_2079686686_7061_1296_38_41_-";dur=1

{
    "type": "https://httpproblems.com/http-status/401",
    "title": "Unauthorized",
    "status": 401,
    "instance": "/currentconditions/v1/294021",
    "trace": {
        "timestamp": "2025-09-12T14:52:57.498Z",
        "requestId": "cd1f8bf2-029e-41ea-a8c2-0f21d62302bd",
        "buildId": "f2cb8906-d568-4c43-a987-c19acf6faff6"
    },
    "Code": "Unauthorized",
    "Message": "API authorization failed",
    "Reference": "https://dataservice.accuweather.com/currentconditions/v1/294021?apikey=REDACTED"
}
HTTP/1.1 401 Unauthorized
Content-Type: application/problem+json
zp-rid: cd1f8bf2-029e-41ea-a8c2-0f21d62302bd
Vary: Accept-Encoding
Content-Encoding: gzip
Date: Fri, 12 Sep 2025 14:52:57 GMT
Alt-Svc: h3=":443"; ma=93600,h3-29=":443"; ma=93600
Connection: close
Server-Timing: edge; dur=1
Server-Timing: origin; dur=70
Server-Timing: cdn-cache; desc=MISS
Strict-Transport-Security: max-age=86400 ; includeSubDomains
Server-Timing: ak_p; desc="1757688777398_1600473287_2079686686_7061_1296_38_41_-";dur=1

{
    "type": "https://httpproblems.com/http-status/401",
    "title": "Unauthorized",
    "status": 401,
    "instance": "/currentconditions/v1/294021",
    "trace": {
        "timestamp": "2025-09-12T14:52:57.498Z",
        "requestId": "cd1f8bf2-029e-41ea-a8c2-0f21d62302bd",
        "buildId": "f2cb8906-d568-4c43-a987-c19acf6faff6"
    },
    "Code": "Unauthorized",
    "Message": "API authorization failed",
    "Reference": "https://dataservice.accuweather.com/currentconditions/v1/294021?apikey=REDACTED"
}
HTTP/1.1 401 Unauthorized
Content-Type: application/problem+json
zp-rid: cd1f8bf2-029e-41ea-a8c2-0f21d62302bd
Vary: Accept-Encoding
Content-Encoding: gzip
Date: Fri, 12 Sep 2025 14:52:57 GMT
Alt-Svc: h3=":443"; ma=93600,h3-29=":443"; ma=93600
Connection: close
Server-Timing: edge; dur=1
Server-Timing: origin; dur=70
Server-Timing: cdn-cache; desc=MISS
Strict-Transport-Security: max-age=86400 ; includeSubDomains
Server-Timing: ak_p; desc="1757688777398_1600473287_2079686686_7061_1296_38_41_-";dur=1

{
    "type": "https://httpproblems.com/http-status/401",
    "title": "Unauthorized",
    "status": 401,
    "instance": "/currentconditions/v1/294021",
    "trace": {
        "timestamp": "2025-09-12T14:52:57.498Z",
        "requestId": "cd1f8bf2-029e-41ea-a8c2-0f21d62302bd",
        "buildId": "f2cb8906-d568-4c43-a987-c19acf6faff6"
    },
    "Code": "Unauthorized",
    "Message": "API authorization failed",
    "Reference": "https://dataservice.accuweather.com/currentconditions/v1/294021?apikey=REDACTED"
}
HTTP/1.1 401 Unauthorized
Content-Type: application/problem+json
zp-rid: cd1f8bf2-029e-41ea-a8c2-0f21d62302bd
Vary: Accept-Encoding
Content-Encoding: gzip
Date: Fri, 12 Sep 2025 14:52:57 GMT
Alt-Svc: h3=":443"; ma=93600,h3-29=":443"; ma=93600
Connection: close
Server-Timing: edge; dur=1
Server-Timing: origin; dur=70
Server-Timing: cdn-cache; desc=MISS
Strict-Transport-Security: max-age=86400 ; includeSubDomains
Server-Timing: ak_p; desc="1757688777398_1600473287_2079686686_7061_1296_38_41_-";dur=1

{
    "type": "https://httpproblems.com/http-status/401",
    "title": "Unauthorized",
    "status": 401,
    "instance": "/currentconditions/v1/294021",
    "trace": {
        "timestamp": "2025-09-12T14:52:57.498Z",
        "requestId": "cd1f8bf2-029e-41ea-a8c2-0f21d62302bd",
        "buildId": "f2cb8906-d568-4c43-a987-c19acf6faff6"
    },
    "Code": "Unauthorized",
    "Message": "API authorization failed",
    "Reference": "https://dataservice.accuweather.com/currentconditions/v1/294021?apikey=REDACTED"
}
HTTP/1.1 401 Unauthorized
Content-Type: application/problem+json
zp-rid: cd1f8bf2-029e-41ea-a8c2-0f21d62302bd
Vary: Accept-Encoding
Content-Encoding: gzip
Date: Fri, 12 Sep 2025 14:52:57 GMT
Alt-Svc: h3=":443"; ma=93600,h3-29=":443"; ma=93600
Connection: close
Server-Timing: edge; dur=1
Server-Timing: origin; dur=70
Server-Timing: cdn-cache; desc=MISS
Strict-Transport-Security: max-age=86400 ; includeSubDomains
Server-Timing: ak_p; desc="1757688777398_1600473287_2079686686_7061_1296_38_41_-";dur=1

{
    "type": "https://httpproblems.com/http-status/401",
    "title": "Unauthorized",
    "status": 401,
    "instance": "/currentconditions/v1/294021",
    "trace": {
        "timestamp": "2025-09-12T14:52:57.498Z",
        "requestId": "cd1f8bf2-029e-41ea-a8c2-0f21d62302bd",
        "buildId": "f2cb8906-d568-4c43-a987-c19acf6faff6"
    },
    "Code": "Unauthorized",
    "Message": "API authorization failed",
    "Reference": "https://dataservice.accuweather.com/currentconditions/v1/294021?apikey=REDACTED"
}
HTTP/1.1 401 Unauthorized
Content-Type: application/problem+json
zp-rid: cd1f8bf2-029e-41ea-a8c2-0f21d62302bd
Vary: Accept-Encoding
Content-Encoding: gzip
Date: Fri, 12 Sep 2025 14:52:57 GMT
Alt-Svc: h3=":443"; ma=93600,h3-29=":443"; ma=93600
Connection: close
Server-Timing: edge; dur=1
Server-Timing: origin; dur=70
Server-Timing: cdn-cache; desc=MISS
Strict-Transport-Security: max-age=86400 ; includeSubDomains
Server-Timing: ak_p; desc="1757688777398_1600473287_2079686686_7061_1296_38_41_-";dur=1

{
    "type": "https://httpproblems.com/http-status/401",
    "title": "Unauthorized",
    "status": 401,
    "instance": "/currentconditions/v1/294021",
    "trace": {
        "timestamp": "2025-09-12T14:52:57.498Z",
        "requestId": "cd1f8bf2-029e-41ea-a8c2-0f21d62302bd",
        "buildId": "f2cb8906-d568-4c43-a987-c19acf6faff6"
    },
    "Code": "Unauthorized",
    "Message": "API authorization failed",
    "Reference": "https://dataservice.accuweather.com/currentconditions/v1/294021?apikey=REDACTED"
}
HTTP/1.1 401 Unauthorized
Content-Type: application/problem+json
zp-rid: cd1f8bf2-029e-41ea-a8c2-0f21d62302bd
Vary: Accept-Encoding
Content-Encoding: gzip
Date: Fri, 12 Sep 2025 14:52:57 GMT
Alt-Svc: h3=":443"; ma=93600,h3-29=":443"; ma=93600
Connection: close
Server-Timing: edge; dur=1
Server-Timing: origin; dur=70
Server-Timing: cdn-cache; desc=MISS
Strict-Transport-Security: max-age=86400 ; includeSubDomains
Server-Timing: ak_p; desc="1757688777398_1600473287_2079686686_7061_1296_38_41_-";dur=1

{
    "type": "https://httpproblems.com/http-status/401",
    "title": "Unauthorized",
    "status": 401,
    "instance": "/currentconditions/v1/294021",
    "trace": {
        "timestamp": "2025-09-12T14:52:57.498Z",
        "requestId": "cd1f8bf2-029e-41ea-a8c2-0f21d62302bd",
        "buildId": "f2cb8906-d568-4c43-a987-c19acf6faff6"
    },
    "Code": "Unauthorized",
    "Message": "API authorization failed",
    "Reference": "https://dataservice.accuweather.com/currentconditions/v1/294021?apikey=REDACTED"
}
HTTP/1.1 401 Unauthorized
Content-Type: application/problem+json
zp-rid: cd1f8bf2-029e-41ea-a8c2-0f21d62302bd
Vary: Accept-Encoding
Content-Encoding: gzip
Date: Fri, 12 Sep 2025 14:52:57 GMT
Alt-Svc: h3=":443"; ma=93600,h3-29=":443"; ma=93600
Connection: close
Server-Timing: edge; dur=1
Server-Timing: origin; dur=70
Server-Timing: cdn-cache; desc=MISS
Strict-Transport-Security: max-age=86400 ; includeSubDomains
Server-Timing: ak_p; desc="1757688777398_1600473287_2079686686_7061_1296_38_41_-";dur=1

{
    "type": "https://httpproblems.com/http-status/401",
    "title": "Unauthorized",
    "status": 401,
    "instance": "/currentconditions/v1/294021",
    "trace": {
        "timestamp": "2025-09-12T14:52:57.498Z",
        "requestId": "cd1f8bf2-029e-41ea-a8c2-0f21d62302bd",
        "buildId": "f2cb8906-d568-4c43-a987-c19acf6faff6"
    },
    "Code": "Unauthorized",
    "Message": "API authorization failed",
    "Reference": "https://dataservice.accuweather.com/currentconditions/v1/294021?apikey=REDACTED"
}
HTTP/1.1 401 Unauthorized
Content-Type: application/problem+json
zp-rid: cd1f8bf2-029e-41ea-a8c2-0f21d62302bd
Vary: Accept-Encoding
Content-Encoding: gzip
Date: Fri, 12 Sep 2025 14:52:57 GMT
Alt-Svc: h3=":443"; ma=93600,h3-29=":443"; ma=93600
Connection: close
Server-Timing: edge; dur=1
Server-Timing: origin; dur=70
Server-Timing: cdn-cache; desc=MISS
Strict-Transport-Security: max-age=86400 ; includeSubDomains
Server-Timing: ak_p; desc="1757688777398_1600473287_2079686686_7061_1296_38_41_-";dur=1

{
    "type": "https://httpproblems.com/http-status/401",
    "title": "Unauthorized",
    "status": 401,
    "instance": "/currentconditions/v1/294021",
    "trace": {
        "timestamp": "2025-09-12T14:52:57.498Z",
        "requestId": "cd1f8bf2-029e-41ea-a8c2-0f21d62302bd",
        "buildId": "f2cb8906-d568-4c43-a987-c19acf6faff6"
    },
    "Code": "Unauthorized",
    "Message": "API authorization failed",
    "Reference": "https://dataservice.accuweather.com/currentconditions/v1/294021?apikey=REDACTED"
}
HTTP/1.1 401 Unauthorized
Content-Type: application/problem+json
zp-rid: cd1f8bf2-029e-41ea-a8c2-0f21d62302bd
Vary: Accept-Encoding
Content-Encoding: gzip
Date: Fri, 12 Sep 2025 14:52:57 GMT
Alt-Svc: h3=":443"; ma=93600,h3-29=":443"; ma=93600
Connection: close
Server-Timing: edge; dur=1
Server-Timing: origin; dur=70
Server-Timing: cdn-cache; desc=MISS
Strict-Transport-Security: max-age=86400 ; includeSubDomains
Server-Timing: ak_p; desc="1757688777398_1600473287_2079686686_7061_1296_38_41_-";dur=1

{
    "type": "https://httpproblems.com/http-status/401",
    "title": "Unauthorized",
    "status": 401,
    "instance": "/currentconditions/v1/294021",
    "trace": {
        "timestamp": "2025-09-12T14:52:57.498Z",
        "requestId": "cd1f8bf2-029e-41ea-a8c2-0f21d62302bd",
        "buildId": "f2cb8906-d568-4c43-a987-c19acf6faff6"
    },
    "Code": "Unauthorized",
    "Message": "API authorization failed",
    "Reference": "https://dataservice.accuweather.com/currentconditions/v1/294021?apikey=REDACTED"
}
HTTP/1.1 401 Unauthorized
Content-Type: application/problem+json
zp-rid: cd1f8bf2-029e-41ea-a8c2-0f21d62302bd
Vary: Accept-Encoding
Content-Encoding: gzip
Date: Fri, 12 Sep 2025 14:52:57 GMT
Alt-Svc: h3=":443"; ma=93600,h3-29=":443"; ma=93600
Connection: close
Server-Timing: edge; dur=1
Server-Timing: origin; dur=70
Server-Timing: cdn-cache; desc=MISS
Strict-Transport-Security: max-age=86400 ; includeSubDomains
Server-Timing: ak_p; desc="1757688777398_1600473287_2079686686_7061_1296_38_41_-";dur=1

{
    "type": "https://httpproblems.com/http-status/401",
    "title": "Unauthorized",
    "status": 401,
    "instance": "/currentconditions/v1/294021",
    "trace": {
        "timestamp": "2025-09-12T14:52:57.498Z",
        "requestId": "cd1f8bf2-029e-41ea-a8c2-0f21d62302bd",
        "buildId": "f2cb8906-d568-4c43-a987-c19acf6faff6"
    },
    "Code": "Unauthorized",
    "Message": "API authorization failed",
    "Reference": "https://dataservice.accuweather.com/currentconditions/v1/294021?apikey=REDACTED"
}
HTTP/1.1 401 Unauthorized
Content-Type: application/problem+json
zp-rid: cd1f8bf2-029e-41ea-a8c2-0f21d62302bd
Vary: Accept-Encoding
Content-Encoding: gzip
Date: Fri, 12 Sep 2025 14:52:57 GMT
Alt-Svc: h3=":443"; ma=93600,h3-29=":443"; ma=93600
Connection: close
Server-Timing: edge; dur=1
Server-Timing: origin; dur=70
Server-Timing: cdn-cache; desc=MISS
Strict-Transport-Security: max-age=86400 ; includeSubDomains
Server-Timing: ak_p; desc="1757688777398_1600473287_2079686686_7061_1296_38_41_-";dur=1

{
    "type": "https://httpproblems.com/http-status/401",
    "title": "Unauthorized",
    "status": 401,
    "instance": "/currentconditions/v1/294021",
    "trace": {
        "timestamp": "2025-09-12T14:52:57.498Z",
        "requestId": "cd1f8bf2-029e-41ea-a8c2-0f21d62302bd",
        "buildId": "f2cb8906-d568-4c43-a987-c19acf6faff6"
    },
    "Code": "Unauthorized",
    "Message": "API authorization failed",
    "Reference": "https://dataservice.accuweather.com/currentconditions/v1/294021?apikey=REDACTED"
}
]]></system-out>
  </testcase>
  <testcase name="currentConditionsDetails" classname="study.api.AccuWeatherApiTests" time="0.239">
    <system-out><![CDATA[Request method:	GET
Request URI:	https://dataservice.accuweather.com/currentconditions/v1/294021?apikey=AOAG2WhmzCsb9h5PVDoF8PicU9rbkRvB&details=true
Proxy:			<none>
Request params:	<none>
Query params:	apikey=AOAG2WhmzCsb9h5PVDoF8PicU9rbkRvB
				details=true
Form params:	<none>
Path params:	<none>
Headers:		Accept=*/*
Cookies:		<none>
Multiparts:		<none>
Body:			<none>
Request method:	GET
Request URI:	https://dataservice.accuweather.com/currentconditions/v1/294021?apikey=AOAG2WhmzCsb9h5PVDoF8PicU9rbkRvB&details=true
Proxy:			<none>
Request params:	<none>
Query params:	apikey=AOAG2WhmzCsb9h5PVDoF8PicU9rbkRvB
				details=true
Form params:	<none>
Path params:	<none>
Headers:		Accept=*/*
Cookies:		<none>
Multiparts:		<none>
Body:			<none>
Request method:	GET
Request URI:	https://dataservice.accuweather.com/currentconditions/v1/294021?apikey=AOAG2WhmzCsb9h5PVDoF8PicU9rbkRvB&details=true
Proxy:			<none>
Request params:	<none>
Query params:	apikey=AOAG2WhmzCsb9h5PVDoF8PicU9rbkRvB
				details=true
Form params:	<none>
Path params:	<none>
Headers:		Accept=*/*
Cookies:		<none>
Multiparts:		<none>
Body:			<none>
Request method:	GET
Request URI:	https://dataservice.accuweather.com/currentconditions/v1/294021?apikey=AOAG2WhmzCsb9h5PVDoF8PicU9rbkRvB&details=true
Proxy:			<none>
Request params:	<none>
Query params:	apikey=AOAG2WhmzCsb9h5PVDoF8PicU9rbkRvB
				details=true
Form params:	<none>
Path params:	<none>
Headers:		Accept=*/*
Cookies:		<none>
Multiparts:		<none>
Body:			<none>
Request method:	GET
Request URI:	https://dataservice.accuweather.com/currentconditions/v1/294021?apikey=AOAG2WhmzCsb9h5PVDoF8PicU9rbkRvB&details=true
Proxy:			<none>
Request params:	<none>
Query params:	apikey=AOAG2WhmzCsb9h5PVDoF8PicU9rbkRvB
				details=true
Form params:	<none>
Path params:	<none>
Headers:		Accept=*/*
Cookies:		<none>
Multiparts:		<none>
Body:			<none>
Request method:	GET
Request URI:	https://dataservice.accuweather.com/currentconditions/v1/294021?apikey=AOAG2WhmzCsb9h5PVDoF8PicU9rbkRvB&details=true
Proxy:			<none>
Request params:	<none>
Query params:	apikey=AOAG2WhmzCsb9h5PVDoF8PicU9rbkRvB
				details=true
Form params:	<none>
Path params:	<none>
Headers:		Accept=*/*
Cookies:		<none>
Multiparts:		<none>
Body:			<none>
Request method:	GET
Request URI:	https://dataservice.accuweather.com/currentconditions/v1/294021?apikey=AOAG2WhmzCsb9h5PVDoF8PicU9rbkRvB&details=true
Proxy:			<none>
Request params:	<none>
Query params:	apikey=AOAG2WhmzCsb9h5PVDoF8PicU9rbkRvB
				details=true
Form params:	<none>
Path params:	<none>
Headers:		Accept=*/*
Cookies:		<none>
Multiparts:		<none>
Body:			<none>
Request method:	GET
Request URI:	https://dataservice.accuweather.com/currentconditions/v1/294021?apikey=AOAG2WhmzCsb9h5PVDoF8PicU9rbkRvB&details=true
Proxy:			<none>
Request params:	<none>
Query params:	apikey=AOAG2WhmzCsb9h5PVDoF8PicU9rbkRvB
				details=true
Form params:	<none>
Path params:	<none>
Headers:		Accept=*/*
Cookies:		<none>
Multiparts:		<none>
Body:			<none>
Request method:	GET
Request URI:	https://dataservice.accuweather.com/currentconditions/v1/294021?apikey=AOAG2WhmzCsb9h5PVDoF8PicU9rbkRvB&details=true
Proxy:			<none>
Request params:	<none>
Query params:	apikey=AOAG2WhmzCsb9h5PVDoF8PicU9rbkRvB
				details=true
Form params:	<none>
Path params:	<none>
Headers:		Accept=*/*
Cookies:		<none>
Multiparts:		<none>
Body:			<none>
Request method:	GET
Request URI:	https://dataservice.accuweather.com/currentconditions/v1/294021?apikey=AOAG2WhmzCsb9h5PVDoF8PicU9rbkRvB&details=true
Proxy:			<none>
Request params:	<none>
Query params:	apikey=AOAG2WhmzCsb9h5PVDoF8PicU9rbkRvB
				details=true
Form params:	<none>
Path params:	<none>
Headers:		Accept=*/*
Cookies:		<none>
Multiparts:		<none>
Body:			<none>
Request method:	GET
Request URI:	https://dataservice.accuweather.com/currentconditions/v1/294021?apikey=AOAG2WhmzCsb9h5PVDoF8PicU9rbkRvB&details=true
Proxy:			<none>
Request params:	<none>
Query params:	apikey=AOAG2WhmzCsb9h5PVDoF8PicU9rbkRvB
				details=true
Form params:	<none>
Path params:	<none>
Headers:		Accept=*/*
Cookies:		<none>
Multiparts:		<none>
Body:			<none>
Request method:	GET
Request URI:	https://dataservice.accuweather.com/currentconditions/v1/294021?apikey=AOAG2WhmzCsb9h5PVDoF8PicU9rbkRvB&details=true
Proxy:			<none>
Request params:	<none>
Query params:	apikey=AOAG2WhmzCsb9h5PVDoF8PicU9rbkRvB
				details=true
Form params:	<none>
Path params:	<none>
Headers:		Accept=*/*
Cookies:		<none>
Multiparts:		<none>
Body:			<none>
Request method:	GET
Request URI:	https://dataservice.accuweather.com/currentconditions/v1/294021?apikey=AOAG2WhmzCsb9h5PVDoF8PicU9rbkRvB&details=true
Proxy:			<none>
Request params:	<none>
Query params:	apikey=AOAG2WhmzCsb9h5PVDoF8PicU9rbkRvB
				details=true
Form params:	<none>
Path params:	<none>
Headers:		Accept=*/*
Cookies:		<none>
Multiparts:		<none>
Body:			<none>
Request method:	GET
Request URI:	https://dataservice.accuweather.com/currentconditions/v1/294021?apikey=AOAG2WhmzCsb9h5PVDoF8PicU9rbkRvB&details=true
Proxy:			<none>
Request params:	<none>
Query params:	apikey=AOAG2WhmzCsb9h5PVDoF8PicU9rbkRvB
				details=true
Form params:	<none>
Path params:	<none>
Headers:		Accept=*/*
Cookies:		<none>
Multiparts:		<none>
Body:			<none>
Request method:	GET
Request URI:	https://dataservice.accuweather.com/currentconditions/v1/294021?apikey=AOAG2WhmzCsb9h5PVDoF8PicU9rbkRvB&details=true
Proxy:			<none>
Request params:	<none>
Query params:	apikey=AOAG2WhmzCsb9h5PVDoF8PicU9rbkRvB
				details=true
Form params:	<none>
Path params:	<none>
Headers:		Accept=*/*
Cookies:		<none>
Multiparts:		<none>
Body:			<none>
Request method:	GET
Request URI:	https://dataservice.accuweather.com/currentconditions/v1/294021?apikey=AOAG2WhmzCsb9h5PVDoF8PicU9rbkRvB&details=true
Proxy:			<none>
Request params:	<none>
Query params:	apikey=AOAG2WhmzCsb9h5PVDoF8PicU9rbkRvB
				details=true
Form params:	<none>
Path params:	<none>
Headers:		Accept=*/*
Cookies:		<none>
Multiparts:		<none>
Body:			<none>
Request method:	GET
Request URI:	https://dataservice.accuweather.com/currentconditions/v1/294021?apikey=AOAG2WhmzCsb9h5PVDoF8PicU9rbkRvB&details=true
Proxy:			<none>
Request params:	<none>
Query params:	apikey=AOAG2WhmzCsb9h5PVDoF8PicU9rbkRvB
				details=true
Form params:	<none>
Path params:	<none>
Headers:		Accept=*/*
Cookies:		<none>
Multiparts:		<none>
Body:			<none>
Request method:	GET
Request URI:	https://dataservice.accuweather.com/currentconditions/v1/294021?apikey=AOAG2WhmzCsb9h5PVDoF8PicU9rbkRvB&details=true
Proxy:			<none>
Request params:	<none>
Query params:	apikey=AOAG2WhmzCsb9h5PVDoF8PicU9rbkRvB
				details=true
Form params:	<none>
Path params:	<none>
Headers:		Accept=*/*
Cookies:		<none>
Multiparts:		<none>
Body:			<none>
HTTP/1.1 401 Unauthorized
Content-Type: application/problem+json
zp-rid: e71a448b-9a70-4a40-bb3d-ca341d3c8355
Vary: Accept-Encoding
Content-Encoding: gzip
Content-Length: 397
Date: Fri, 12 Sep 2025 14:52:57 GMT
Alt-Svc: h3=":443"; ma=93600,h3-29=":443"; ma=93600
Connection: keep-alive
Server-Timing: cdn-cache; desc=MISS
Server-Timing: edge; dur=36
Server-Timing: origin; dur=43
Strict-Transport-Security: max-age=86400 ; includeSubDomains
Server-Timing: ak_p; desc="1757688777623_1600473287_2079689258_7911_1474_37_43_-";dur=1

{
    "type": "https://httpproblems.com/http-status/401",
    "title": "Unauthorized",
    "status": 401,
    "instance": "/currentconditions/v1/294021",
    "trace": {
        "timestamp": "2025-09-12T14:52:57.728Z",
        "requestId": "e71a448b-9a70-4a40-bb3d-ca341d3c8355",
        "buildId": "f2cb8906-d568-4c43-a987-c19acf6faff6"
    },
    "Code": "Unauthorized",
    "Message": "API authorization failed",
    "Reference": "https://dataservice.accuweather.com/currentconditions/v1/294021?apikey=REDACTED&details=true"
}
HTTP/1.1 401 Unauthorized
Content-Type: application/problem+json
zp-rid: e71a448b-9a70-4a40-bb3d-ca341d3c8355
Vary: Accept-Encoding
Content-Encoding: gzip
Content-Length: 397
Date: Fri, 12 Sep 2025 14:52:57 GMT
Alt-Svc: h3=":443"; ma=93600,h3-29=":443"; ma=93600
Connection: keep-alive
Server-Timing: cdn-cache; desc=MISS
Server-Timing: edge; dur=36
Server-Timing: origin; dur=43
Strict-Transport-Security: max-age=86400 ; includeSubDomains
Server-Timing: ak_p; desc="1757688777623_1600473287_2079689258_7911_1474_37_43_-";dur=1

{
    "type": "https://httpproblems.com/http-status/401",
    "title": "Unauthorized",
    "status": 401,
    "instance": "/currentconditions/v1/294021",
    "trace": {
        "timestamp": "2025-09-12T14:52:57.728Z",
        "requestId": "e71a448b-9a70-4a40-bb3d-ca341d3c8355",
        "buildId": "f2cb8906-d568-4c43-a987-c19acf6faff6"
    },
    "Code": "Unauthorized",
    "Message": "API authorization failed",
    "Reference": "https://dataservice.accuweather.com/currentconditions/v1/294021?apikey=REDACTED&details=true"
}
HTTP/1.1 401 Unauthorized
Content-Type: application/problem+json
zp-rid: e71a448b-9a70-4a40-bb3d-ca341d3c8355
Vary: Accept-Encoding
Content-Encoding: gzip
Content-Length: 397
Date: Fri, 12 Sep 2025 14:52:57 GMT
Alt-Svc: h3=":443"; ma=93600,h3-29=":443"; ma=93600
Connection: keep-alive
Server-Timing: cdn-cache; desc=MISS
Server-Timing: edge; dur=36
Server-Timing: origin; dur=43
Strict-Transport-Security: max-age=86400 ; includeSubDomains
Server-Timing: ak_p; desc="1757688777623_1600473287_2079689258_7911_1474_37_43_-";dur=1

{
    "type": "https://httpproblems.com/http-status/401",
    "title": "Unauthorized",
    "status": 401,
    "instance": "/currentconditions/v1/294021",
    "trace": {
        "timestamp": "2025-09-12T14:52:57.728Z",
        "requestId": "e71a448b-9a70-4a40-bb3d-ca341d3c8355",
        "buildId": "f2cb8906-d568-4c43-a987-c19acf6faff6"
    },
    "Code": "Unauthorized",
    "Message": "API authorization failed",
    "Reference": "https://dataservice.accuweather.com/currentconditions/v1/294021?apikey=REDACTED&details=true"
}
HTTP/1.1 401 Unauthorized
Content-Type: application/problem+json
zp-rid: e71a448b-9a70-4a40-bb3d-ca341d3c8355
Vary: Accept-Encoding
Content-Encoding: gzip
Content-Length: 397
Date: Fri, 12 Sep 2025 14:52:57 GMT
Alt-Svc: h3=":443"; ma=93600,h3-29=":443"; ma=93600
Connection: keep-alive
Server-Timing: cdn-cache; desc=MISS
Server-Timing: edge; dur=36
Server-Timing: origin; dur=43
Strict-Transport-Security: max-age=86400 ; includeSubDomains
Server-Timing: ak_p; desc="1757688777623_1600473287_2079689258_7911_1474_37_43_-";dur=1

{
    "type": "https://httpproblems.com/http-status/401",
    "title": "Unauthorized",
    "status": 401,
    "instance": "/currentconditions/v1/294021",
    "trace": {
        "timestamp": "2025-09-12T14:52:57.728Z",
        "requestId": "e71a448b-9a70-4a40-bb3d-ca341d3c8355",
        "buildId": "f2cb8906-d568-4c43-a987-c19acf6faff6"
    },
    "Code": "Unauthorized",
    "Message": "API authorization failed",
    "Reference": "https://dataservice.accuweather.com/currentconditions/v1/294021?apikey=REDACTED&details=true"
}
HTTP/1.1 401 Unauthorized
Content-Type: application/problem+json
zp-rid: e71a448b-9a70-4a40-bb3d-ca341d3c8355
Vary: Accept-Encoding
Content-Encoding: gzip
Content-Length: 397
Date: Fri, 12 Sep 2025 14:52:57 GMT
Alt-Svc: h3=":443"; ma=93600,h3-29=":443"; ma=93600
Connection: keep-alive
Server-Timing: cdn-cache; desc=MISS
Server-Timing: edge; dur=36
Server-Timing: origin; dur=43
Strict-Transport-Security: max-age=86400 ; includeSubDomains
Server-Timing: ak_p; desc="1757688777623_1600473287_2079689258_7911_1474_37_43_-";dur=1

{
    "type": "https://httpproblems.com/http-status/401",
    "title": "Unauthorized",
    "status": 401,
    "instance": "/currentconditions/v1/294021",
    "trace": {
        "timestamp": "2025-09-12T14:52:57.728Z",
        "requestId": "e71a448b-9a70-4a40-bb3d-ca341d3c8355",
        "buildId": "f2cb8906-d568-4c43-a987-c19acf6faff6"
    },
    "Code": "Unauthorized",
    "Message": "API authorization failed",
    "Reference": "https://dataservice.accuweather.com/currentconditions/v1/294021?apikey=REDACTED&details=true"
}
HTTP/1.1 401 Unauthorized
Content-Type: application/problem+json
zp-rid: e71a448b-9a70-4a40-bb3d-ca341d3c8355
Vary: Accept-Encoding
Content-Encoding: gzip
Content-Length: 397
Date: Fri, 12 Sep 2025 14:52:57 GMT
Alt-Svc: h3=":443"; ma=93600,h3-29=":443"; ma=93600
Connection: keep-alive
Server-Timing: cdn-cache; desc=MISS
Server-Timing: edge; dur=36
Server-Timing: origin; dur=43
Strict-Transport-Security: max-age=86400 ; includeSubDomains
Server-Timing: ak_p; desc="1757688777623_1600473287_2079689258_7911_1474_37_43_-";dur=1

{
    "type": "https://httpproblems.com/http-status/401",
    "title": "Unauthorized",
    "status": 401,
    "instance": "/currentconditions/v1/294021",
    "trace": {
        "timestamp": "2025-09-12T14:52:57.728Z",
        "requestId": "e71a448b-9a70-4a40-bb3d-ca341d3c8355",
        "buildId": "f2cb8906-d568-4c43-a987-c19acf6faff6"
    },
    "Code": "Unauthorized",
    "Message": "API authorization failed",
    "Reference": "https://dataservice.accuweather.com/currentconditions/v1/294021?apikey=REDACTED&details=true"
}
HTTP/1.1 401 Unauthorized
Content-Type: application/problem+json
zp-rid: e71a448b-9a70-4a40-bb3d-ca341d3c8355
Vary: Accept-Encoding
Content-Encoding: gzip
Content-Length: 397
Date: Fri, 12 Sep 2025 14:52:57 GMT
Alt-Svc: h3=":443"; ma=93600,h3-29=":443"; ma=93600
Connection: keep-alive
Server-Timing: cdn-cache; desc=MISS
Server-Timing: edge; dur=36
Server-Timing: origin; dur=43
Strict-Transport-Security: max-age=86400 ; includeSubDomains
Server-Timing: ak_p; desc="1757688777623_1600473287_2079689258_7911_1474_37_43_-";dur=1

{
    "type": "https://httpproblems.com/http-status/401",
    "title": "Unauthorized",
    "status": 401,
    "instance": "/currentconditions/v1/294021",
    "trace": {
        "timestamp": "2025-09-12T14:52:57.728Z",
        "requestId": "e71a448b-9a70-4a40-bb3d-ca341d3c8355",
        "buildId": "f2cb8906-d568-4c43-a987-c19acf6faff6"
    },
    "Code": "Unauthorized",
    "Message": "API authorization failed",
    "Reference": "https://dataservice.accuweather.com/currentconditions/v1/294021?apikey=REDACTED&details=true"
}
HTTP/1.1 401 Unauthorized
Content-Type: application/problem+json
zp-rid: e71a448b-9a70-4a40-bb3d-ca341d3c8355
Vary: Accept-Encoding
Content-Encoding: gzip
Content-Length: 397
Date: Fri, 12 Sep 2025 14:52:57 GMT
Alt-Svc: h3=":443"; ma=93600,h3-29=":443"; ma=93600
Connection: keep-alive
Server-Timing: cdn-cache; desc=MISS
Server-Timing: edge; dur=36
Server-Timing: origin; dur=43
Strict-Transport-Security: max-age=86400 ; includeSubDomains
Server-Timing: ak_p; desc="1757688777623_1600473287_2079689258_7911_1474_37_43_-";dur=1

{
    "type": "https://httpproblems.com/http-status/401",
    "title": "Unauthorized",
    "status": 401,
    "instance": "/currentconditions/v1/294021",
    "trace": {
        "timestamp": "2025-09-12T14:52:57.728Z",
        "requestId": "e71a448b-9a70-4a40-bb3d-ca341d3c8355",
        "buildId": "f2cb8906-d568-4c43-a987-c19acf6faff6"
    },
    "Code": "Unauthorized",
    "Message": "API authorization failed",
    "Reference": "https://dataservice.accuweather.com/currentconditions/v1/294021?apikey=REDACTED&details=true"
}
HTTP/1.1 401 Unauthorized
Content-Type: application/problem+json
zp-rid: e71a448b-9a70-4a40-bb3d-ca341d3c8355
Vary: Accept-Encoding
Content-Encoding: gzip
Content-Length: 397
Date: Fri, 12 Sep 2025 14:52:57 GMT
Alt-Svc: h3=":443"; ma=93600,h3-29=":443"; ma=93600
Connection: keep-alive
Server-Timing: cdn-cache; desc=MISS
Server-Timing: edge; dur=36
Server-Timing: origin; dur=43
Strict-Transport-Security: max-age=86400 ; includeSubDomains
Server-Timing: ak_p; desc="1757688777623_1600473287_2079689258_7911_1474_37_43_-";dur=1

{
    "type": "https://httpproblems.com/http-status/401",
    "title": "Unauthorized",
    "status": 401,
    "instance": "/currentconditions/v1/294021",
    "trace": {
        "timestamp": "2025-09-12T14:52:57.728Z",
        "requestId": "e71a448b-9a70-4a40-bb3d-ca341d3c8355",
        "buildId": "f2cb8906-d568-4c43-a987-c19acf6faff6"
    },
    "Code": "Unauthorized",
    "Message": "API authorization failed",
    "Reference": "https://dataservice.accuweather.com/currentconditions/v1/294021?apikey=REDACTED&details=true"
}
HTTP/1.1 401 Unauthorized
Content-Type: application/problem+json
zp-rid: e71a448b-9a70-4a40-bb3d-ca341d3c8355
Vary: Accept-Encoding
Content-Encoding: gzip
Content-Length: 397
Date: Fri, 12 Sep 2025 14:52:57 GMT
Alt-Svc: h3=":443"; ma=93600,h3-29=":443"; ma=93600
Connection: keep-alive
Server-Timing: cdn-cache; desc=MISS
Server-Timing: edge; dur=36
Server-Timing: origin; dur=43
Strict-Transport-Security: max-age=86400 ; includeSubDomains
Server-Timing: ak_p; desc="1757688777623_1600473287_2079689258_7911_1474_37_43_-";dur=1

{
    "type": "https://httpproblems.com/http-status/401",
    "title": "Unauthorized",
    "status": 401,
    "instance": "/currentconditions/v1/294021",
    "trace": {
        "timestamp": "2025-09-12T14:52:57.728Z",
        "requestId": "e71a448b-9a70-4a40-bb3d-ca341d3c8355",
        "buildId": "f2cb8906-d568-4c43-a987-c19acf6faff6"
    },
    "Code": "Unauthorized",
    "Message": "API authorization failed",
    "Reference": "https://dataservice.accuweather.com/currentconditions/v1/294021?apikey=REDACTED&details=true"
}
HTTP/1.1 401 Unauthorized
Content-Type: application/problem+json
zp-rid: e71a448b-9a70-4a40-bb3d-ca341d3c8355
Vary: Accept-Encoding
Content-Encoding: gzip
Content-Length: 397
Date: Fri, 12 Sep 2025 14:52:57 GMT
Alt-Svc: h3=":443"; ma=93600,h3-29=":443"; ma=93600
Connection: keep-alive
Server-Timing: cdn-cache; desc=MISS
Server-Timing: edge; dur=36
Server-Timing: origin; dur=43
Strict-Transport-Security: max-age=86400 ; includeSubDomains
Server-Timing: ak_p; desc="1757688777623_1600473287_2079689258_7911_1474_37_43_-";dur=1

{
    "type": "https://httpproblems.com/http-status/401",
    "title": "Unauthorized",
    "status": 401,
    "instance": "/currentconditions/v1/294021",
    "trace": {
        "timestamp": "2025-09-12T14:52:57.728Z",
        "requestId": "e71a448b-9a70-4a40-bb3d-ca341d3c8355",
        "buildId": "f2cb8906-d568-4c43-a987-c19acf6faff6"
    },
    "Code": "Unauthorized",
    "Message": "API authorization failed",
    "Reference": "https://dataservice.accuweather.com/currentconditions/v1/294021?apikey=REDACTED&details=true"
}
HTTP/1.1 401 Unauthorized
Content-Type: application/problem+json
zp-rid: e71a448b-9a70-4a40-bb3d-ca341d3c8355
Vary: Accept-Encoding
Content-Encoding: gzip
Content-Length: 397
Date: Fri, 12 Sep 2025 14:52:57 GMT
Alt-Svc: h3=":443"; ma=93600,h3-29=":443"; ma=93600
Connection: keep-alive
Server-Timing: cdn-cache; desc=MISS
Server-Timing: edge; dur=36
Server-Timing: origin; dur=43
Strict-Transport-Security: max-age=86400 ; includeSubDomains
Server-Timing: ak_p; desc="1757688777623_1600473287_2079689258_7911_1474_37_43_-";dur=1

{
    "type": "https://httpproblems.com/http-status/401",
    "title": "Unauthorized",
    "status": 401,
    "instance": "/currentconditions/v1/294021",
    "trace": {
        "timestamp": "2025-09-12T14:52:57.728Z",
        "requestId": "e71a448b-9a70-4a40-bb3d-ca341d3c8355",
        "buildId": "f2cb8906-d568-4c43-a987-c19acf6faff6"
    },
    "Code": "Unauthorized",
    "Message": "API authorization failed",
    "Reference": "https://dataservice.accuweather.com/currentconditions/v1/294021?apikey=REDACTED&details=true"
}
HTTP/1.1 401 Unauthorized
Content-Type: application/problem+json
zp-rid: e71a448b-9a70-4a40-bb3d-ca341d3c8355
Vary: Accept-Encoding
Content-Encoding: gzip
Content-Length: 397
Date: Fri, 12 Sep 2025 14:52:57 GMT
Alt-Svc: h3=":443"; ma=93600,h3-29=":443"; ma=93600
Connection: keep-alive
Server-Timing: cdn-cache; desc=MISS
Server-Timing: edge; dur=36
Server-Timing: origin; dur=43
Strict-Transport-Security: max-age=86400 ; includeSubDomains
Server-Timing: ak_p; desc="1757688777623_1600473287_2079689258_7911_1474_37_43_-";dur=1

{
    "type": "https://httpproblems.com/http-status/401",
    "title": "Unauthorized",
    "status": 401,
    "instance": "/currentconditions/v1/294021",
    "trace": {
        "timestamp": "2025-09-12T14:52:57.728Z",
        "requestId": "e71a448b-9a70-4a40-bb3d-ca341d3c8355",
        "buildId": "f2cb8906-d568-4c43-a987-c19acf6faff6"
    },
    "Code": "Unauthorized",
    "Message": "API authorization failed",
    "Reference": "https://dataservice.accuweather.com/currentconditions/v1/294021?apikey=REDACTED&details=true"
}
HTTP/1.1 401 Unauthorized
Content-Type: application/problem+json
zp-rid: e71a448b-9a70-4a40-bb3d-ca341d3c8355
Vary: Accept-Encoding
Content-Encoding: gzip
Content-Length: 397
Date: Fri, 12 Sep 2025 14:52:57 GMT
Alt-Svc: h3=":443"; ma=93600,h3-29=":443"; ma=93600
Connection: keep-alive
Server-Timing: cdn-cache; desc=MISS
Server-Timing: edge; dur=36
Server-Timing: origin; dur=43
Strict-Transport-Security: max-age=86400 ; includeSubDomains
Server-Timing: ak_p; desc="1757688777623_1600473287_2079689258_7911_1474_37_43_-";dur=1

{
    "type": "https://httpproblems.com/http-status/401",
    "title": "Unauthorized",
    "status": 401,
    "instance": "/currentconditions/v1/294021",
    "trace": {
        "timestamp": "2025-09-12T14:52:57.728Z",
        "requestId": "e71a448b-9a70-4a40-bb3d-ca341d3c8355",
        "buildId": "f2cb8906-d568-4c43-a987-c19acf6faff6"
    },
    "Code": "Unauthorized",
    "Message": "API authorization failed",
    "Reference": "https://dataservice.accuweather.com/currentconditions/v1/294021?apikey=REDACTED&details=true"
}
HTTP/1.1 401 Unauthorized
Content-Type: application/problem+json
zp-rid: e71a448b-9a70-4a40-bb3d-ca341d3c8355
Vary: Accept-Encoding
Content-Encoding: gzip
Content-Length: 397
Date: Fri, 12 Sep 2025 14:52:57 GMT
Alt-Svc: h3=":443"; ma=93600,h3-29=":443"; ma=93600
Connection: keep-alive
Server-Timing: cdn-cache; desc=MISS
Server-Timing: edge; dur=36
Server-Timing: origin; dur=43
Strict-Transport-Security: max-age=86400 ; includeSubDomains
Server-Timing: ak_p; desc="1757688777623_1600473287_2079689258_7911_1474_37_43_-";dur=1

{
    "type": "https://httpproblems.com/http-status/401",
    "title": "Unauthorized",
    "status": 401,
    "instance": "/currentconditions/v1/294021",
    "trace": {
        "timestamp": "2025-09-12T14:52:57.728Z",
        "requestId": "e71a448b-9a70-4a40-bb3d-ca341d3c8355",
        "buildId": "f2cb8906-d568-4c43-a987-c19acf6faff6"
    },
    "Code": "Unauthorized",
    "Message": "API authorization failed",
    "Reference": "https://dataservice.accuweather.com/currentconditions/v1/294021?apikey=REDACTED&details=true"
}
HTTP/1.1 401 Unauthorized
Content-Type: application/problem+json
zp-rid: e71a448b-9a70-4a40-bb3d-ca341d3c8355
Vary: Accept-Encoding
Content-Encoding: gzip
Content-Length: 397
Date: Fri, 12 Sep 2025 14:52:57 GMT
Alt-Svc: h3=":443"; ma=93600,h3-29=":443"; ma=93600
Connection: keep-alive
Server-Timing: cdn-cache; desc=MISS
Server-Timing: edge; dur=36
Server-Timing: origin; dur=43
Strict-Transport-Security: max-age=86400 ; includeSubDomains
Server-Timing: ak_p; desc="1757688777623_1600473287_2079689258_7911_1474_37_43_-";dur=1

{
    "type": "https://httpproblems.com/http-status/401",
    "title": "Unauthorized",
    "status": 401,
    "instance": "/currentconditions/v1/294021",
    "trace": {
        "timestamp": "2025-09-12T14:52:57.728Z",
        "requestId": "e71a448b-9a70-4a40-bb3d-ca341d3c8355",
        "buildId": "f2cb8906-d568-4c43-a987-c19acf6faff6"
    },
    "Code": "Unauthorized",
    "Message": "API authorization failed",
    "Reference": "https://dataservice.accuweather.com/currentconditions/v1/294021?apikey=REDACTED&details=true"
}
HTTP/1.1 401 Unauthorized
Content-Type: application/problem+json
zp-rid: e71a448b-9a70-4a40-bb3d-ca341d3c8355
Vary: Accept-Encoding
Content-Encoding: gzip
Content-Length: 397
Date: Fri, 12 Sep 2025 14:52:57 GMT
Alt-Svc: h3=":443"; ma=93600,h3-29=":443"; ma=93600
Connection: keep-alive
Server-Timing: cdn-cache; desc=MISS
Server-Timing: edge; dur=36
Server-Timing: origin; dur=43
Strict-Transport-Security: max-age=86400 ; includeSubDomains
Server-Timing: ak_p; desc="1757688777623_1600473287_2079689258_7911_1474_37_43_-";dur=1

{
    "type": "https://httpproblems.com/http-status/401",
    "title": "Unauthorized",
    "status": 401,
    "instance": "/currentconditions/v1/294021",
    "trace": {
        "timestamp": "2025-09-12T14:52:57.728Z",
        "requestId": "e71a448b-9a70-4a40-bb3d-ca341d3c8355",
        "buildId": "f2cb8906-d568-4c43-a987-c19acf6faff6"
    },
    "Code": "Unauthorized",
    "Message": "API authorization failed",
    "Reference": "https://dataservice.accuweather.com/currentconditions/v1/294021?apikey=REDACTED&details=true"
}
HTTP/1.1 401 Unauthorized
Content-Type: application/problem+json
zp-rid: e71a448b-9a70-4a40-bb3d-ca341d3c8355
Vary: Accept-Encoding
Content-Encoding: gzip
Content-Length: 397
Date: Fri, 12 Sep 2025 14:52:57 GMT
Alt-Svc: h3=":443"; ma=93600,h3-29=":443"; ma=93600
Connection: keep-alive
Server-Timing: cdn-cache; desc=MISS
Server-Timing: edge; dur=36
Server-Timing: origin; dur=43
Strict-Transport-Security: max-age=86400 ; includeSubDomains
Server-Timing: ak_p; desc="1757688777623_1600473287_2079689258_7911_1474_37_43_-";dur=1

{
    "type": "https://httpproblems.com/http-status/401",
    "title": "Unauthorized",
    "status": 401,
    "instance": "/currentconditions/v1/294021",
    "trace": {
        "timestamp": "2025-09-12T14:52:57.728Z",
        "requestId": "e71a448b-9a70-4a40-bb3d-ca341d3c8355",
        "buildId": "f2cb8906-d568-4c43-a987-c19acf6faff6"
    },
    "Code": "Unauthorized",
    "Message": "API authorization failed",
    "Reference": "https://dataservice.accuweather.com/currentconditions/v1/294021?apikey=REDACTED&details=true"
}
]]></system-out>
  </testcase>
  <testcase name="historical6h" classname="study.api.AccuWeatherApiTests" time="0.199">
    <system-out><![CDATA[Request method:	GET
Request URI:	https://dataservice.accuweather.com/currentconditions/v1/294021/historical/6?apikey=AOAG2WhmzCsb9h5PVDoF8PicU9rbkRvB
Proxy:			<none>
Request params:	<none>
Query params:	apikey=AOAG2WhmzCsb9h5PVDoF8PicU9rbkRvB
Form params:	<none>
Path params:	<none>
Headers:		Accept=*/*
Cookies:		<none>
Multiparts:		<none>
Body:			<none>
Request method:	GET
Request URI:	https://dataservice.accuweather.com/currentconditions/v1/294021/historical/6?apikey=AOAG2WhmzCsb9h5PVDoF8PicU9rbkRvB
Proxy:			<none>
Request params:	<none>
Query params:	apikey=AOAG2WhmzCsb9h5PVDoF8PicU9rbkRvB
Form params:	<none>
Path params:	<none>
Headers:		Accept=*/*
Cookies:		<none>
Multiparts:		<none>
Body:			<none>
Request method:	GET
Request URI:	https://dataservice.accuweather.com/currentconditions/v1/294021/historical/6?apikey=AOAG2WhmzCsb9h5PVDoF8PicU9rbkRvB
Proxy:			<none>
Request params:	<none>
Query params:	apikey=AOAG2WhmzCsb9h5PVDoF8PicU9rbkRvB
Form params:	<none>
Path params:	<none>
Headers:		Accept=*/*
Cookies:		<none>
Multiparts:		<none>
Body:			<none>
Request method:	GET
Request URI:	https://dataservice.accuweather.com/currentconditions/v1/294021/historical/6?apikey=AOAG2WhmzCsb9h5PVDoF8PicU9rbkRvB
Proxy:			<none>
Request params:	<none>
Query params:	apikey=AOAG2WhmzCsb9h5PVDoF8PicU9rbkRvB
Form params:	<none>
Path params:	<none>
Headers:		Accept=*/*
Cookies:		<none>
Multiparts:		<none>
Body:			<none>
Request method:	GET
Request URI:	https://dataservice.accuweather.com/currentconditions/v1/294021/historical/6?apikey=AOAG2WhmzCsb9h5PVDoF8PicU9rbkRvB
Proxy:			<none>
Request params:	<none>
Query params:	apikey=AOAG2WhmzCsb9h5PVDoF8PicU9rbkRvB
Form params:	<none>
Path params:	<none>
Headers:		Accept=*/*
Cookies:		<none>
Multiparts:		<none>
Body:			<none>
Request method:	GET
Request URI:	https://dataservice.accuweather.com/currentconditions/v1/294021/historical/6?apikey=AOAG2WhmzCsb9h5PVDoF8PicU9rbkRvB
Proxy:			<none>
Request params:	<none>
Query params:	apikey=AOAG2WhmzCsb9h5PVDoF8PicU9rbkRvB
Form params:	<none>
Path params:	<none>
Headers:		Accept=*/*
Cookies:		<none>
Multiparts:		<none>
Body:			<none>
Request method:	GET
Request URI:	https://dataservice.accuweather.com/currentconditions/v1/294021/historical/6?apikey=AOAG2WhmzCsb9h5PVDoF8PicU9rbkRvB
Proxy:			<none>
Request params:	<none>
Query params:	apikey=AOAG2WhmzCsb9h5PVDoF8PicU9rbkRvB
Form params:	<none>
Path params:	<none>
Headers:		Accept=*/*
Cookies:		<none>
Multiparts:		<none>
Body:			<none>
Request method:	GET
Request URI:	https://dataservice.accuweather.com/currentconditions/v1/294021/historical/6?apikey=AOAG2WhmzCsb9h5PVDoF8PicU9rbkRvB
Proxy:			<none>
Request params:	<none>
Query params:	apikey=AOAG2WhmzCsb9h5PVDoF8PicU9rbkRvB
Form params:	<none>
Path params:	<none>
Headers:		Accept=*/*
Cookies:		<none>
Multiparts:		<none>
Body:			<none>
Request method:	GET
Request URI:	https://dataservice.accuweather.com/currentconditions/v1/294021/historical/6?apikey=AOAG2WhmzCsb9h5PVDoF8PicU9rbkRvB
Proxy:			<none>
Request params:	<none>
Query params:	apikey=AOAG2WhmzCsb9h5PVDoF8PicU9rbkRvB
Form params:	<none>
Path params:	<none>
Headers:		Accept=*/*
Cookies:		<none>
Multiparts:		<none>
Body:			<none>
Request method:	GET
Request URI:	https://dataservice.accuweather.com/currentconditions/v1/294021/historical/6?apikey=AOAG2WhmzCsb9h5PVDoF8PicU9rbkRvB
Proxy:			<none>
Request params:	<none>
Query params:	apikey=AOAG2WhmzCsb9h5PVDoF8PicU9rbkRvB
Form params:	<none>
Path params:	<none>
Headers:		Accept=*/*
Cookies:		<none>
Multiparts:		<none>
Body:			<none>
Request method:	GET
Request URI:	https://dataservice.accuweather.com/currentconditions/v1/294021/historical/6?apikey=AOAG2WhmzCsb9h5PVDoF8PicU9rbkRvB
Proxy:			<none>
Request params:	<none>
Query params:	apikey=AOAG2WhmzCsb9h5PVDoF8PicU9rbkRvB
Form params:	<none>
Path params:	<none>
Headers:		Accept=*/*
Cookies:		<none>
Multiparts:		<none>
Body:			<none>
Request method:	GET
Request URI:	https://dataservice.accuweather.com/currentconditions/v1/294021/historical/6?apikey=AOAG2WhmzCsb9h5PVDoF8PicU9rbkRvB
Proxy:			<none>
Request params:	<none>
Query params:	apikey=AOAG2WhmzCsb9h5PVDoF8PicU9rbkRvB
Form params:	<none>
Path params:	<none>
Headers:		Accept=*/*
Cookies:		<none>
Multiparts:		<none>
Body:			<none>
Request method:	GET
Request URI:	https://dataservice.accuweather.com/currentconditions/v1/294021/historical/6?apikey=AOAG2WhmzCsb9h5PVDoF8PicU9rbkRvB
Proxy:			<none>
Request params:	<none>
Query params:	apikey=AOAG2WhmzCsb9h5PVDoF8PicU9rbkRvB
Form params:	<none>
Path params:	<none>
Headers:		Accept=*/*
Cookies:		<none>
Multiparts:		<none>
Body:			<none>
Request method:	GET
Request URI:	https://dataservice.accuweather.com/currentconditions/v1/294021/historical/6?apikey=AOAG2WhmzCsb9h5PVDoF8PicU9rbkRvB
Proxy:			<none>
Request params:	<none>
Query params:	apikey=AOAG2WhmzCsb9h5PVDoF8PicU9rbkRvB
Form params:	<none>
Path params:	<none>
Headers:		Accept=*/*
Cookies:		<none>
Multiparts:		<none>
Body:			<none>
Request method:	GET
Request URI:	https://dataservice.accuweather.com/currentconditions/v1/294021/historical/6?apikey=AOAG2WhmzCsb9h5PVDoF8PicU9rbkRvB
Proxy:			<none>
Request params:	<none>
Query params:	apikey=AOAG2WhmzCsb9h5PVDoF8PicU9rbkRvB
Form params:	<none>
Path params:	<none>
Headers:		Accept=*/*
Cookies:		<none>
Multiparts:		<none>
Body:			<none>
Request method:	GET
Request URI:	https://dataservice.accuweather.com/currentconditions/v1/294021/historical/6?apikey=AOAG2WhmzCsb9h5PVDoF8PicU9rbkRvB
Proxy:			<none>
Request params:	<none>
Query params:	apikey=AOAG2WhmzCsb9h5PVDoF8PicU9rbkRvB
Form params:	<none>
Path params:	<none>
Headers:		Accept=*/*
Cookies:		<none>
Multiparts:		<none>
Body:			<none>
Request method:	GET
Request URI:	https://dataservice.accuweather.com/currentconditions/v1/294021/historical/6?apikey=AOAG2WhmzCsb9h5PVDoF8PicU9rbkRvB
Proxy:			<none>
Request params:	<none>
Query params:	apikey=AOAG2WhmzCsb9h5PVDoF8PicU9rbkRvB
Form params:	<none>
Path params:	<none>
Headers:		Accept=*/*
Cookies:		<none>
Multiparts:		<none>
Body:			<none>
Request method:	GET
Request URI:	https://dataservice.accuweather.com/currentconditions/v1/294021/historical/6?apikey=AOAG2WhmzCsb9h5PVDoF8PicU9rbkRvB
Proxy:			<none>
Request params:	<none>
Query params:	apikey=AOAG2WhmzCsb9h5PVDoF8PicU9rbkRvB
Form params:	<none>
Path params:	<none>
Headers:		Accept=*/*
Cookies:		<none>
Multiparts:		<none>
Body:			<none>
Request method:	GET
Request URI:	https://dataservice.accuweather.com/currentconditions/v1/294021/historical/6?apikey=AOAG2WhmzCsb9h5PVDoF8PicU9rbkRvB
Proxy:			<none>
Request params:	<none>
Query params:	apikey=AOAG2WhmzCsb9h5PVDoF8PicU9rbkRvB
Form params:	<none>
Path params:	<none>
Headers:		Accept=*/*
Cookies:		<none>
Multiparts:		<none>
Body:			<none>
HTTP/1.1 404 Not Found
Content-Type: application/problem+json
zp-rid: 4be365da-e3f4-46fa-ae27-5a7b188ee336
Vary: Accept-Encoding
Content-Encoding: gzip
Content-Length: 388
Date: Fri, 12 Sep 2025 14:52:57 GMT
Alt-Svc: h3=":443"; ma=93600,h3-29=":443"; ma=93600
Connection: keep-alive
Server-Timing: cdn-cache; desc=MISS
Server-Timing: edge; dur=32
Server-Timing: origin; dur=5
Strict-Transport-Security: max-age=86400 ; includeSubDomains
Server-Timing: ak_p; desc="1757688777861_1600473287_2079691910_3738_1850_36_43_-";dur=1

{
    "type": "https://httpproblems.com/http-status/404",
    "title": "Not Found",
    "status": 404,
    "instance": "/currentconditions/v1/294021/historical/6",
    "trace": {
        "timestamp": "2025-09-12T14:52:57.928Z",
        "requestId": "4be365da-e3f4-46fa-ae27-5a7b188ee336",
        "buildId": "f2cb8906-d568-4c43-a987-c19acf6faff6"
    },
    "Code": 404,
    "Message": "Not found",
    "Reference": "https://dataservice.accuweather.com/currentconditions/v1/294021/historical/6?apikey=REDACTED"
}
HTTP/1.1 404 Not Found
Content-Type: application/problem+json
zp-rid: 4be365da-e3f4-46fa-ae27-5a7b188ee336
Vary: Accept-Encoding
Content-Encoding: gzip
Content-Length: 388
Date: Fri, 12 Sep 2025 14:52:57 GMT
Alt-Svc: h3=":443"; ma=93600,h3-29=":443"; ma=93600
Connection: keep-alive
Server-Timing: cdn-cache; desc=MISS
Server-Timing: edge; dur=32
Server-Timing: origin; dur=5
Strict-Transport-Security: max-age=86400 ; includeSubDomains
Server-Timing: ak_p; desc="1757688777861_1600473287_2079691910_3738_1850_36_43_-";dur=1

{
    "type": "https://httpproblems.com/http-status/404",
    "title": "Not Found",
    "status": 404,
    "instance": "/currentconditions/v1/294021/historical/6",
    "trace": {
        "timestamp": "2025-09-12T14:52:57.928Z",
        "requestId": "4be365da-e3f4-46fa-ae27-5a7b188ee336",
        "buildId": "f2cb8906-d568-4c43-a987-c19acf6faff6"
    },
    "Code": 404,
    "Message": "Not found",
    "Reference": "https://dataservice.accuweather.com/currentconditions/v1/294021/historical/6?apikey=REDACTED"
}
HTTP/1.1 404 Not Found
Content-Type: application/problem+json
zp-rid: 4be365da-e3f4-46fa-ae27-5a7b188ee336
Vary: Accept-Encoding
Content-Encoding: gzip
Content-Length: 388
Date: Fri, 12 Sep 2025 14:52:57 GMT
Alt-Svc: h3=":443"; ma=93600,h3-29=":443"; ma=93600
Connection: keep-alive
Server-Timing: cdn-cache; desc=MISS
Server-Timing: edge; dur=32
Server-Timing: origin; dur=5
Strict-Transport-Security: max-age=86400 ; includeSubDomains
Server-Timing: ak_p; desc="1757688777861_1600473287_2079691910_3738_1850_36_43_-";dur=1

{
    "type": "https://httpproblems.com/http-status/404",
    "title": "Not Found",
    "status": 404,
    "instance": "/currentconditions/v1/294021/historical/6",
    "trace": {
        "timestamp": "2025-09-12T14:52:57.928Z",
        "requestId": "4be365da-e3f4-46fa-ae27-5a7b188ee336",
        "buildId": "f2cb8906-d568-4c43-a987-c19acf6faff6"
    },
    "Code": 404,
    "Message": "Not found",
    "Reference": "https://dataservice.accuweather.com/currentconditions/v1/294021/historical/6?apikey=REDACTED"
}
HTTP/1.1 404 Not Found
Content-Type: application/problem+json
zp-rid: 4be365da-e3f4-46fa-ae27-5a7b188ee336
Vary: Accept-Encoding
Content-Encoding: gzip
Content-Length: 388
Date: Fri, 12 Sep 2025 14:52:57 GMT
Alt-Svc: h3=":443"; ma=93600,h3-29=":443"; ma=93600
Connection: keep-alive
Server-Timing: cdn-cache; desc=MISS
Server-Timing: edge; dur=32
Server-Timing: origin; dur=5
Strict-Transport-Security: max-age=86400 ; includeSubDomains
Server-Timing: ak_p; desc="1757688777861_1600473287_2079691910_3738_1850_36_43_-";dur=1

{
    "type": "https://httpproblems.com/http-status/404",
    "title": "Not Found",
    "status": 404,
    "instance": "/currentconditions/v1/294021/historical/6",
    "trace": {
        "timestamp": "2025-09-12T14:52:57.928Z",
        "requestId": "4be365da-e3f4-46fa-ae27-5a7b188ee336",
        "buildId": "f2cb8906-d568-4c43-a987-c19acf6faff6"
    },
    "Code": 404,
    "Message": "Not found",
    "Reference": "https://dataservice.accuweather.com/currentconditions/v1/294021/historical/6?apikey=REDACTED"
}
HTTP/1.1 404 Not Found
Content-Type: application/problem+json
zp-rid: 4be365da-e3f4-46fa-ae27-5a7b188ee336
Vary: Accept-Encoding
Content-Encoding: gzip
Content-Length: 388
Date: Fri, 12 Sep 2025 14:52:57 GMT
Alt-Svc: h3=":443"; ma=93600,h3-29=":443"; ma=93600
Connection: keep-alive
Server-Timing: cdn-cache; desc=MISS
Server-Timing: edge; dur=32
Server-Timing: origin; dur=5
Strict-Transport-Security: max-age=86400 ; includeSubDomains
Server-Timing: ak_p; desc="1757688777861_1600473287_2079691910_3738_1850_36_43_-";dur=1

{
    "type": "https://httpproblems.com/http-status/404",
    "title": "Not Found",
    "status": 404,
    "instance": "/currentconditions/v1/294021/historical/6",
    "trace": {
        "timestamp": "2025-09-12T14:52:57.928Z",
        "requestId": "4be365da-e3f4-46fa-ae27-5a7b188ee336",
        "buildId": "f2cb8906-d568-4c43-a987-c19acf6faff6"
    },
    "Code": 404,
    "Message": "Not found",
    "Reference": "https://dataservice.accuweather.com/currentconditions/v1/294021/historical/6?apikey=REDACTED"
}
HTTP/1.1 404 Not Found
Content-Type: application/problem+json
zp-rid: 4be365da-e3f4-46fa-ae27-5a7b188ee336
Vary: Accept-Encoding
Content-Encoding: gzip
Content-Length: 388
Date: Fri, 12 Sep 2025 14:52:57 GMT
Alt-Svc: h3=":443"; ma=93600,h3-29=":443"; ma=93600
Connection: keep-alive
Server-Timing: cdn-cache; desc=MISS
Server-Timing: edge; dur=32
Server-Timing: origin; dur=5
Strict-Transport-Security: max-age=86400 ; includeSubDomains
Server-Timing: ak_p; desc="1757688777861_1600473287_2079691910_3738_1850_36_43_-";dur=1

{
    "type": "https://httpproblems.com/http-status/404",
    "title": "Not Found",
    "status": 404,
    "instance": "/currentconditions/v1/294021/historical/6",
    "trace": {
        "timestamp": "2025-09-12T14:52:57.928Z",
        "requestId": "4be365da-e3f4-46fa-ae27-5a7b188ee336",
        "buildId": "f2cb8906-d568-4c43-a987-c19acf6faff6"
    },
    "Code": 404,
    "Message": "Not found",
    "Reference": "https://dataservice.accuweather.com/currentconditions/v1/294021/historical/6?apikey=REDACTED"
}
HTTP/1.1 404 Not Found
Content-Type: application/problem+json
zp-rid: 4be365da-e3f4-46fa-ae27-5a7b188ee336
Vary: Accept-Encoding
Content-Encoding: gzip
Content-Length: 388
Date: Fri, 12 Sep 2025 14:52:57 GMT
Alt-Svc: h3=":443"; ma=93600,h3-29=":443"; ma=93600
Connection: keep-alive
Server-Timing: cdn-cache; desc=MISS
Server-Timing: edge; dur=32
Server-Timing: origin; dur=5
Strict-Transport-Security: max-age=86400 ; includeSubDomains
Server-Timing: ak_p; desc="1757688777861_1600473287_2079691910_3738_1850_36_43_-";dur=1

{
    "type": "https://httpproblems.com/http-status/404",
    "title": "Not Found",
    "status": 404,
    "instance": "/currentconditions/v1/294021/historical/6",
    "trace": {
        "timestamp": "2025-09-12T14:52:57.928Z",
        "requestId": "4be365da-e3f4-46fa-ae27-5a7b188ee336",
        "buildId": "f2cb8906-d568-4c43-a987-c19acf6faff6"
    },
    "Code": 404,
    "Message": "Not found",
    "Reference": "https://dataservice.accuweather.com/currentconditions/v1/294021/historical/6?apikey=REDACTED"
}
HTTP/1.1 404 Not Found
Content-Type: application/problem+json
zp-rid: 4be365da-e3f4-46fa-ae27-5a7b188ee336
Vary: Accept-Encoding
Content-Encoding: gzip
Content-Length: 388
Date: Fri, 12 Sep 2025 14:52:57 GMT
Alt-Svc: h3=":443"; ma=93600,h3-29=":443"; ma=93600
Connection: keep-alive
Server-Timing: cdn-cache; desc=MISS
Server-Timing: edge; dur=32
Server-Timing: origin; dur=5
Strict-Transport-Security: max-age=86400 ; includeSubDomains
Server-Timing: ak_p; desc="1757688777861_1600473287_2079691910_3738_1850_36_43_-";dur=1

{
    "type": "https://httpproblems.com/http-status/404",
    "title": "Not Found",
    "status": 404,
    "instance": "/currentconditions/v1/294021/historical/6",
    "trace": {
        "timestamp": "2025-09-12T14:52:57.928Z",
        "requestId": "4be365da-e3f4-46fa-ae27-5a7b188ee336",
        "buildId": "f2cb8906-d568-4c43-a987-c19acf6faff6"
    },
    "Code": 404,
    "Message": "Not found",
    "Reference": "https://dataservice.accuweather.com/currentconditions/v1/294021/historical/6?apikey=REDACTED"
}
HTTP/1.1 404 Not Found
Content-Type: application/problem+json
zp-rid: 4be365da-e3f4-46fa-ae27-5a7b188ee336
Vary: Accept-Encoding
Content-Encoding: gzip
Content-Length: 388
Date: Fri, 12 Sep 2025 14:52:57 GMT
Alt-Svc: h3=":443"; ma=93600,h3-29=":443"; ma=93600
Connection: keep-alive
Server-Timing: cdn-cache; desc=MISS
Server-Timing: edge; dur=32
Server-Timing: origin; dur=5
Strict-Transport-Security: max-age=86400 ; includeSubDomains
Server-Timing: ak_p; desc="1757688777861_1600473287_2079691910_3738_1850_36_43_-";dur=1

{
    "type": "https://httpproblems.com/http-status/404",
    "title": "Not Found",
    "status": 404,
    "instance": "/currentconditions/v1/294021/historical/6",
    "trace": {
        "timestamp": "2025-09-12T14:52:57.928Z",
        "requestId": "4be365da-e3f4-46fa-ae27-5a7b188ee336",
        "buildId": "f2cb8906-d568-4c43-a987-c19acf6faff6"
    },
    "Code": 404,
    "Message": "Not found",
    "Reference": "https://dataservice.accuweather.com/currentconditions/v1/294021/historical/6?apikey=REDACTED"
}
HTTP/1.1 404 Not Found
Content-Type: application/problem+json
zp-rid: 4be365da-e3f4-46fa-ae27-5a7b188ee336
Vary: Accept-Encoding
Content-Encoding: gzip
Content-Length: 388
Date: Fri, 12 Sep 2025 14:52:57 GMT
Alt-Svc: h3=":443"; ma=93600,h3-29=":443"; ma=93600
Connection: keep-alive
Server-Timing: cdn-cache; desc=MISS
Server-Timing: edge; dur=32
Server-Timing: origin; dur=5
Strict-Transport-Security: max-age=86400 ; includeSubDomains
Server-Timing: ak_p; desc="1757688777861_1600473287_2079691910_3738_1850_36_43_-";dur=1

{
    "type": "https://httpproblems.com/http-status/404",
    "title": "Not Found",
    "status": 404,
    "instance": "/currentconditions/v1/294021/historical/6",
    "trace": {
        "timestamp": "2025-09-12T14:52:57.928Z",
        "requestId": "4be365da-e3f4-46fa-ae27-5a7b188ee336",
        "buildId": "f2cb8906-d568-4c43-a987-c19acf6faff6"
    },
    "Code": 404,
    "Message": "Not found",
    "Reference": "https://dataservice.accuweather.com/currentconditions/v1/294021/historical/6?apikey=REDACTED"
}
HTTP/1.1 404 Not Found
Content-Type: application/problem+json
zp-rid: 4be365da-e3f4-46fa-ae27-5a7b188ee336
Vary: Accept-Encoding
Content-Encoding: gzip
Content-Length: 388
Date: Fri, 12 Sep 2025 14:52:57 GMT
Alt-Svc: h3=":443"; ma=93600,h3-29=":443"; ma=93600
Connection: keep-alive
Server-Timing: cdn-cache; desc=MISS
Server-Timing: edge; dur=32
Server-Timing: origin; dur=5
Strict-Transport-Security: max-age=86400 ; includeSubDomains
Server-Timing: ak_p; desc="1757688777861_1600473287_2079691910_3738_1850_36_43_-";dur=1

{
    "type": "https://httpproblems.com/http-status/404",
    "title": "Not Found",
    "status": 404,
    "instance": "/currentconditions/v1/294021/historical/6",
    "trace": {
        "timestamp": "2025-09-12T14:52:57.928Z",
        "requestId": "4be365da-e3f4-46fa-ae27-5a7b188ee336",
        "buildId": "f2cb8906-d568-4c43-a987-c19acf6faff6"
    },
    "Code": 404,
    "Message": "Not found",
    "Reference": "https://dataservice.accuweather.com/currentconditions/v1/294021/historical/6?apikey=REDACTED"
}
HTTP/1.1 404 Not Found
Content-Type: application/problem+json
zp-rid: 4be365da-e3f4-46fa-ae27-5a7b188ee336
Vary: Accept-Encoding
Content-Encoding: gzip
Content-Length: 388
Date: Fri, 12 Sep 2025 14:52:57 GMT
Alt-Svc: h3=":443"; ma=93600,h3-29=":443"; ma=93600
Connection: keep-alive
Server-Timing: cdn-cache; desc=MISS
Server-Timing: edge; dur=32
Server-Timing: origin; dur=5
Strict-Transport-Security: max-age=86400 ; includeSubDomains
Server-Timing: ak_p; desc="1757688777861_1600473287_2079691910_3738_1850_36_43_-";dur=1

{
    "type": "https://httpproblems.com/http-status/404",
    "title": "Not Found",
    "status": 404,
    "instance": "/currentconditions/v1/294021/historical/6",
    "trace": {
        "timestamp": "2025-09-12T14:52:57.928Z",
        "requestId": "4be365da-e3f4-46fa-ae27-5a7b188ee336",
        "buildId": "f2cb8906-d568-4c43-a987-c19acf6faff6"
    },
    "Code": 404,
    "Message": "Not found",
    "Reference": "https://dataservice.accuweather.com/currentconditions/v1/294021/historical/6?apikey=REDACTED"
}
HTTP/1.1 404 Not Found
Content-Type: application/problem+json
zp-rid: 4be365da-e3f4-46fa-ae27-5a7b188ee336
Vary: Accept-Encoding
Content-Encoding: gzip
Content-Length: 388
Date: Fri, 12 Sep 2025 14:52:57 GMT
Alt-Svc: h3=":443"; ma=93600,h3-29=":443"; ma=93600
Connection: keep-alive
Server-Timing: cdn-cache; desc=MISS
Server-Timing: edge; dur=32
Server-Timing: origin; dur=5
Strict-Transport-Security: max-age=86400 ; includeSubDomains
Server-Timing: ak_p; desc="1757688777861_1600473287_2079691910_3738_1850_36_43_-";dur=1

{
    "type": "https://httpproblems.com/http-status/404",
    "title": "Not Found",
    "status": 404,
    "instance": "/currentconditions/v1/294021/historical/6",
    "trace": {
        "timestamp": "2025-09-12T14:52:57.928Z",
        "requestId": "4be365da-e3f4-46fa-ae27-5a7b188ee336",
        "buildId": "f2cb8906-d568-4c43-a987-c19acf6faff6"
    },
    "Code": 404,
    "Message": "Not found",
    "Reference": "https://dataservice.accuweather.com/currentconditions/v1/294021/historical/6?apikey=REDACTED"
}
HTTP/1.1 404 Not Found
Content-Type: application/problem+json
zp-rid: 4be365da-e3f4-46fa-ae27-5a7b188ee336
Vary: Accept-Encoding
Content-Encoding: gzip
Content-Length: 388
Date: Fri, 12 Sep 2025 14:52:57 GMT
Alt-Svc: h3=":443"; ma=93600,h3-29=":443"; ma=93600
Connection: keep-alive
Server-Timing: cdn-cache; desc=MISS
Server-Timing: edge; dur=32
Server-Timing: origin; dur=5
Strict-Transport-Security: max-age=86400 ; includeSubDomains
Server-Timing: ak_p; desc="1757688777861_1600473287_2079691910_3738_1850_36_43_-";dur=1

{
    "type": "https://httpproblems.com/http-status/404",
    "title": "Not Found",
    "status": 404,
    "instance": "/currentconditions/v1/294021/historical/6",
    "trace": {
        "timestamp": "2025-09-12T14:52:57.928Z",
        "requestId": "4be365da-e3f4-46fa-ae27-5a7b188ee336",
        "buildId": "f2cb8906-d568-4c43-a987-c19acf6faff6"
    },
    "Code": 404,
    "Message": "Not found",
    "Reference": "https://dataservice.accuweather.com/currentconditions/v1/294021/historical/6?apikey=REDACTED"
}
HTTP/1.1 404 Not Found
Content-Type: application/problem+json
zp-rid: 4be365da-e3f4-46fa-ae27-5a7b188ee336
Vary: Accept-Encoding
Content-Encoding: gzip
Content-Length: 388
Date: Fri, 12 Sep 2025 14:52:57 GMT
Alt-Svc: h3=":443"; ma=93600,h3-29=":443"; ma=93600
Connection: keep-alive
Server-Timing: cdn-cache; desc=MISS
Server-Timing: edge; dur=32
Server-Timing: origin; dur=5
Strict-Transport-Security: max-age=86400 ; includeSubDomains
Server-Timing: ak_p; desc="1757688777861_1600473287_2079691910_3738_1850_36_43_-";dur=1

{
    "type": "https://httpproblems.com/http-status/404",
    "title": "Not Found",
    "status": 404,
    "instance": "/currentconditions/v1/294021/historical/6",
    "trace": {
        "timestamp": "2025-09-12T14:52:57.928Z",
        "requestId": "4be365da-e3f4-46fa-ae27-5a7b188ee336",
        "buildId": "f2cb8906-d568-4c43-a987-c19acf6faff6"
    },
    "Code": 404,
    "Message": "Not found",
    "Reference": "https://dataservice.accuweather.com/currentconditions/v1/294021/historical/6?apikey=REDACTED"
}
HTTP/1.1 404 Not Found
Content-Type: application/problem+json
zp-rid: 4be365da-e3f4-46fa-ae27-5a7b188ee336
Vary: Accept-Encoding
Content-Encoding: gzip
Content-Length: 388
Date: Fri, 12 Sep 2025 14:52:57 GMT
Alt-Svc: h3=":443"; ma=93600,h3-29=":443"; ma=93600
Connection: keep-alive
Server-Timing: cdn-cache; desc=MISS
Server-Timing: edge; dur=32
Server-Timing: origin; dur=5
Strict-Transport-Security: max-age=86400 ; includeSubDomains
Server-Timing: ak_p; desc="1757688777861_1600473287_2079691910_3738_1850_36_43_-";dur=1

{
    "type": "https://httpproblems.com/http-status/404",
    "title": "Not Found",
    "status": 404,
    "instance": "/currentconditions/v1/294021/historical/6",
    "trace": {
        "timestamp": "2025-09-12T14:52:57.928Z",
        "requestId": "4be365da-e3f4-46fa-ae27-5a7b188ee336",
        "buildId": "f2cb8906-d568-4c43-a987-c19acf6faff6"
    },
    "Code": 404,
    "Message": "Not found",
    "Reference": "https://dataservice.accuweather.com/currentconditions/v1/294021/historical/6?apikey=REDACTED"
}
HTTP/1.1 404 Not Found
Content-Type: application/problem+json
zp-rid: 4be365da-e3f4-46fa-ae27-5a7b188ee336
Vary: Accept-Encoding
Content-Encoding: gzip
Content-Length: 388
Date: Fri, 12 Sep 2025 14:52:57 GMT
Alt-Svc: h3=":443"; ma=93600,h3-29=":443"; ma=93600
Connection: keep-alive
Server-Timing: cdn-cache; desc=MISS
Server-Timing: edge; dur=32
Server-Timing: origin; dur=5
Strict-Transport-Security: max-age=86400 ; includeSubDomains
Server-Timing: ak_p; desc="1757688777861_1600473287_2079691910_3738_1850_36_43_-";dur=1

{
    "type": "https://httpproblems.com/http-status/404",
    "title": "Not Found",
    "status": 404,
    "instance": "/currentconditions/v1/294021/historical/6",
    "trace": {
        "timestamp": "2025-09-12T14:52:57.928Z",
        "requestId": "4be365da-e3f4-46fa-ae27-5a7b188ee336",
        "buildId": "f2cb8906-d568-4c43-a987-c19acf6faff6"
    },
    "Code": 404,
    "Message": "Not found",
    "Reference": "https://dataservice.accuweather.com/currentconditions/v1/294021/historical/6?apikey=REDACTED"
}
HTTP/1.1 404 Not Found
Content-Type: application/problem+json
zp-rid: 4be365da-e3f4-46fa-ae27-5a7b188ee336
Vary: Accept-Encoding
Content-Encoding: gzip
Content-Length: 388
Date: Fri, 12 Sep 2025 14:52:57 GMT
Alt-Svc: h3=":443"; ma=93600,h3-29=":443"; ma=93600
Connection: keep-alive
Server-Timing: cdn-cache; desc=MISS
Server-Timing: edge; dur=32
Server-Timing: origin; dur=5
Strict-Transport-Security: max-age=86400 ; includeSubDomains
Server-Timing: ak_p; desc="1757688777861_1600473287_2079691910_3738_1850_36_43_-";dur=1

{
    "type": "https://httpproblems.com/http-status/404",
    "title": "Not Found",
    "status": 404,
    "instance": "/currentconditions/v1/294021/historical/6",
    "trace": {
        "timestamp": "2025-09-12T14:52:57.928Z",
        "requestId": "4be365da-e3f4-46fa-ae27-5a7b188ee336",
        "buildId": "f2cb8906-d568-4c43-a987-c19acf6faff6"
    },
    "Code": 404,
    "Message": "Not found",
    "Reference": "https://dataservice.accuweather.com/currentconditions/v1/294021/historical/6?apikey=REDACTED"
}
HTTP/1.1 404 Not Found
Content-Type: application/problem+json
zp-rid: 4be365da-e3f4-46fa-ae27-5a7b188ee336
Vary: Accept-Encoding
Content-Encoding: gzip
Content-Length: 388
Date: Fri, 12 Sep 2025 14:52:57 GMT
Alt-Svc: h3=":443"; ma=93600,h3-29=":443"; ma=93600
Connection: keep-alive
Server-Timing: cdn-cache; desc=MISS
Server-Timing: edge; dur=32
Server-Timing: origin; dur=5
Strict-Transport-Security: max-age=86400 ; includeSubDomains
Server-Timing: ak_p; desc="1757688777861_1600473287_2079691910_3738_1850_36_43_-";dur=1

{
    "type": "https://httpproblems.com/http-status/404",
    "title": "Not Found",
    "status": 404,
    "instance": "/currentconditions/v1/294021/historical/6",
    "trace": {
        "timestamp": "2025-09-12T14:52:57.928Z",
        "requestId": "4be365da-e3f4-46fa-ae27-5a7b188ee336",
        "buildId": "f2cb8906-d568-4c43-a987-c19acf6faff6"
    },
    "Code": 404,
    "Message": "Not found",
    "Reference": "https://dataservice.accuweather.com/currentconditions/v1/294021/historical/6?apikey=REDACTED"
}
]]></system-out>
  </testcase>
  <testcase name="historical24h" classname="study.api.AccuWeatherApiTests" time="0.247">
    <system-out><![CDATA[Request method:	GET
Request URI:	https://dataservice.accuweather.com/currentconditions/v1/294021/historical/24?apikey=AOAG2WhmzCsb9h5PVDoF8PicU9rbkRvB
Proxy:			<none>
Request params:	<none>
Query params:	apikey=AOAG2WhmzCsb9h5PVDoF8PicU9rbkRvB
Form params:	<none>
Path params:	<none>
Headers:		Accept=*/*
Cookies:		<none>
Multiparts:		<none>
Body:			<none>
Request method:	GET
Request URI:	https://dataservice.accuweather.com/currentconditions/v1/294021/historical/24?apikey=AOAG2WhmzCsb9h5PVDoF8PicU9rbkRvB
Proxy:			<none>
Request params:	<none>
Query params:	apikey=AOAG2WhmzCsb9h5PVDoF8PicU9rbkRvB
Form params:	<none>
Path params:	<none>
Headers:		Accept=*/*
Cookies:		<none>
Multiparts:		<none>
Body:			<none>
Request method:	GET
Request URI:	https://dataservice.accuweather.com/currentconditions/v1/294021/historical/24?apikey=AOAG2WhmzCsb9h5PVDoF8PicU9rbkRvB
Proxy:			<none>
Request params:	<none>
Query params:	apikey=AOAG2WhmzCsb9h5PVDoF8PicU9rbkRvB
Form params:	<none>
Path params:	<none>
Headers:		Accept=*/*
Cookies:		<none>
Multiparts:		<none>
Body:			<none>
Request method:	GET
Request URI:	https://dataservice.accuweather.com/currentconditions/v1/294021/historical/24?apikey=AOAG2WhmzCsb9h5PVDoF8PicU9rbkRvB
Proxy:			<none>
Request params:	<none>
Query params:	apikey=AOAG2WhmzCsb9h5PVDoF8PicU9rbkRvB
Form params:	<none>
Path params:	<none>
Headers:		Accept=*/*
Cookies:		<none>
Multiparts:		<none>
Body:			<none>
Request method:	GET
Request URI:	https://dataservice.accuweather.com/currentconditions/v1/294021/historical/24?apikey=AOAG2WhmzCsb9h5PVDoF8PicU9rbkRvB
Proxy:			<none>
Request params:	<none>
Query params:	apikey=AOAG2WhmzCsb9h5PVDoF8PicU9rbkRvB
Form params:	<none>
Path params:	<none>
Headers:		Accept=*/*
Cookies:		<none>
Multiparts:		<none>
Body:			<none>
Request method:	GET
Request URI:	https://dataservice.accuweather.com/currentconditions/v1/294021/historical/24?apikey=AOAG2WhmzCsb9h5PVDoF8PicU9rbkRvB
Proxy:			<none>
Request params:	<none>
Query params:	apikey=AOAG2WhmzCsb9h5PVDoF8PicU9rbkRvB
Form params:	<none>
Path params:	<none>
Headers:		Accept=*/*
Cookies:		<none>
Multiparts:		<none>
Body:			<none>
Request method:	GET
Request URI:	https://dataservice.accuweather.com/currentconditions/v1/294021/historical/24?apikey=AOAG2WhmzCsb9h5PVDoF8PicU9rbkRvB
Proxy:			<none>
Request params:	<none>
Query params:	apikey=AOAG2WhmzCsb9h5PVDoF8PicU9rbkRvB
Form params:	<none>
Path params:	<none>
Headers:		Accept=*/*
Cookies:		<none>
Multiparts:		<none>
Body:			<none>
Request method:	GET
Request URI:	https://dataservice.accuweather.com/currentconditions/v1/294021/historical/24?apikey=AOAG2WhmzCsb9h5PVDoF8PicU9rbkRvB
Proxy:			<none>
Request params:	<none>
Query params:	apikey=AOAG2WhmzCsb9h5PVDoF8PicU9rbkRvB
Form params:	<none>
Path params:	<none>
Headers:		Accept=*/*
Cookies:		<none>
Multiparts:		<none>
Body:			<none>
Request method:	GET
Request URI:	https://dataservice.accuweather.com/currentconditions/v1/294021/historical/24?apikey=AOAG2WhmzCsb9h5PVDoF8PicU9rbkRvB
Proxy:			<none>
Request params:	<none>
Query params:	apikey=AOAG2WhmzCsb9h5PVDoF8PicU9rbkRvB
Form params:	<none>
Path params:	<none>
Headers:		Accept=*/*
Cookies:		<none>
Multiparts:		<none>
Body:			<none>
Request method:	GET
Request URI:	https://dataservice.accuweather.com/currentconditions/v1/294021/historical/24?apikey=AOAG2WhmzCsb9h5PVDoF8PicU9rbkRvB
Proxy:			<none>
Request params:	<none>
Query params:	apikey=AOAG2WhmzCsb9h5PVDoF8PicU9rbkRvB
Form params:	<none>
Path params:	<none>
Headers:		Accept=*/*
Cookies:		<none>
Multiparts:		<none>
Body:			<none>
Request method:	GET
Request URI:	https://dataservice.accuweather.com/currentconditions/v1/294021/historical/24?apikey=AOAG2WhmzCsb9h5PVDoF8PicU9rbkRvB
Proxy:			<none>
Request params:	<none>
Query params:	apikey=AOAG2WhmzCsb9h5PVDoF8PicU9rbkRvB
Form params:	<none>
Path params:	<none>
Headers:		Accept=*/*
Cookies:		<none>
Multiparts:		<none>
Body:			<none>
Request method:	GET
Request URI:	https://dataservice.accuweather.com/currentconditions/v1/294021/historical/24?apikey=AOAG2WhmzCsb9h5PVDoF8PicU9rbkRvB
Proxy:			<none>
Request params:	<none>
Query params:	apikey=AOAG2WhmzCsb9h5PVDoF8PicU9rbkRvB
Form params:	<none>
Path params:	<none>
Headers:		Accept=*/*
Cookies:		<none>
Multiparts:		<none>
Body:			<none>
Request method:	GET
Request URI:	https://dataservice.accuweather.com/currentconditions/v1/294021/historical/24?apikey=AOAG2WhmzCsb9h5PVDoF8PicU9rbkRvB
Proxy:			<none>
Request params:	<none>
Query params:	apikey=AOAG2WhmzCsb9h5PVDoF8PicU9rbkRvB
Form params:	<none>
Path params:	<none>
Headers:		Accept=*/*
Cookies:		<none>
Multiparts:		<none>
Body:			<none>
Request method:	GET
Request URI:	https://dataservice.accuweather.com/currentconditions/v1/294021/historical/24?apikey=AOAG2WhmzCsb9h5PVDoF8PicU9rbkRvB
Proxy:			<none>
Request params:	<none>
Query params:	apikey=AOAG2WhmzCsb9h5PVDoF8PicU9rbkRvB
Form params:	<none>
Path params:	<none>
Headers:		Accept=*/*
Cookies:		<none>
Multiparts:		<none>
Body:			<none>
Request method:	GET
Request URI:	https://dataservice.accuweather.com/currentconditions/v1/294021/historical/24?apikey=AOAG2WhmzCsb9h5PVDoF8PicU9rbkRvB
Proxy:			<none>
Request params:	<none>
Query params:	apikey=AOAG2WhmzCsb9h5PVDoF8PicU9rbkRvB
Form params:	<none>
Path params:	<none>
Headers:		Accept=*/*
Cookies:		<none>
Multiparts:		<none>
Body:			<none>
Request method:	GET
Request URI:	https://dataservice.accuweather.com/currentconditions/v1/294021/historical/24?apikey=AOAG2WhmzCsb9h5PVDoF8PicU9rbkRvB
Proxy:			<none>
Request params:	<none>
Query params:	apikey=AOAG2WhmzCsb9h5PVDoF8PicU9rbkRvB
Form params:	<none>
Path params:	<none>
Headers:		Accept=*/*
Cookies:		<none>
Multiparts:		<none>
Body:			<none>
Request method:	GET
Request URI:	https://dataservice.accuweather.com/currentconditions/v1/294021/historical/24?apikey=AOAG2WhmzCsb9h5PVDoF8PicU9rbkRvB
Proxy:			<none>
Request params:	<none>
Query params:	apikey=AOAG2WhmzCsb9h5PVDoF8PicU9rbkRvB
Form params:	<none>
Path params:	<none>
Headers:		Accept=*/*
Cookies:		<none>
Multiparts:		<none>
Body:			<none>
Request method:	GET
Request URI:	https://dataservice.accuweather.com/currentconditions/v1/294021/historical/24?apikey=AOAG2WhmzCsb9h5PVDoF8PicU9rbkRvB
Proxy:			<none>
Request params:	<none>
Query params:	apikey=AOAG2WhmzCsb9h5PVDoF8PicU9rbkRvB
Form params:	<none>
Path params:	<none>
Headers:		Accept=*/*
Cookies:		<none>
Multiparts:		<none>
Body:			<none>
Request method:	GET
Request URI:	https://dataservice.accuweather.com/currentconditions/v1/294021/historical/24?apikey=AOAG2WhmzCsb9h5PVDoF8PicU9rbkRvB
Proxy:			<none>
Request params:	<none>
Query params:	apikey=AOAG2WhmzCsb9h5PVDoF8PicU9rbkRvB
Form params:	<none>
Path params:	<none>
Headers:		Accept=*/*
Cookies:		<none>
Multiparts:		<none>
Body:			<none>
Request method:	GET
Request URI:	https://dataservice.accuweather.com/currentconditions/v1/294021/historical/24?apikey=AOAG2WhmzCsb9h5PVDoF8PicU9rbkRvB
Proxy:			<none>
Request params:	<none>
Query params:	apikey=AOAG2WhmzCsb9h5PVDoF8PicU9rbkRvB
Form params:	<none>
Path params:	<none>
Headers:		Accept=*/*
Cookies:		<none>
Multiparts:		<none>
Body:			<none>
HTTP/1.1 401 Unauthorized
Content-Type: application/problem+json
zp-rid: d5722092-f23f-4688-ad27-4df833a9971a
Vary: Accept-Encoding
Content-Encoding: gzip
Content-Length: 401
Date: Fri, 12 Sep 2025 14:52:58 GMT
Alt-Svc: h3=":443"; ma=93600,h3-29=":443"; ma=93600
Connection: keep-alive
Server-Timing: cdn-cache; desc=MISS
Server-Timing: edge; dur=32
Server-Timing: origin; dur=44
Strict-Transport-Security: max-age=86400 ; includeSubDomains
Server-Timing: ak_p; desc="1757688778069_1600473287_2079694284_7589_1504_37_43_-";dur=1

{
    "type": "https://httpproblems.com/http-status/401",
    "title": "Unauthorized",
    "status": 401,
    "instance": "/currentconditions/v1/294021/historical/24",
    "trace": {
        "timestamp": "2025-09-12T14:52:58.174Z",
        "requestId": "d5722092-f23f-4688-ad27-4df833a9971a",
        "buildId": "f2cb8906-d568-4c43-a987-c19acf6faff6"
    },
    "Code": "Unauthorized",
    "Message": "API authorization failed",
    "Reference": "https://dataservice.accuweather.com/currentconditions/v1/294021/historical/24?apikey=REDACTED"
}
HTTP/1.1 401 Unauthorized
Content-Type: application/problem+json
zp-rid: d5722092-f23f-4688-ad27-4df833a9971a
Vary: Accept-Encoding
Content-Encoding: gzip
Content-Length: 401
Date: Fri, 12 Sep 2025 14:52:58 GMT
Alt-Svc: h3=":443"; ma=93600,h3-29=":443"; ma=93600
Connection: keep-alive
Server-Timing: cdn-cache; desc=MISS
Server-Timing: edge; dur=32
Server-Timing: origin; dur=44
Strict-Transport-Security: max-age=86400 ; includeSubDomains
Server-Timing: ak_p; desc="1757688778069_1600473287_2079694284_7589_1504_37_43_-";dur=1

{
    "type": "https://httpproblems.com/http-status/401",
    "title": "Unauthorized",
    "status": 401,
    "instance": "/currentconditions/v1/294021/historical/24",
    "trace": {
        "timestamp": "2025-09-12T14:52:58.174Z",
        "requestId": "d5722092-f23f-4688-ad27-4df833a9971a",
        "buildId": "f2cb8906-d568-4c43-a987-c19acf6faff6"
    },
    "Code": "Unauthorized",
    "Message": "API authorization failed",
    "Reference": "https://dataservice.accuweather.com/currentconditions/v1/294021/historical/24?apikey=REDACTED"
}
HTTP/1.1 401 Unauthorized
Content-Type: application/problem+json
zp-rid: d5722092-f23f-4688-ad27-4df833a9971a
Vary: Accept-Encoding
Content-Encoding: gzip
Content-Length: 401
Date: Fri, 12 Sep 2025 14:52:58 GMT
Alt-Svc: h3=":443"; ma=93600,h3-29=":443"; ma=93600
Connection: keep-alive
Server-Timing: cdn-cache; desc=MISS
Server-Timing: edge; dur=32
Server-Timing: origin; dur=44
Strict-Transport-Security: max-age=86400 ; includeSubDomains
Server-Timing: ak_p; desc="1757688778069_1600473287_2079694284_7589_1504_37_43_-";dur=1

{
    "type": "https://httpproblems.com/http-status/401",
    "title": "Unauthorized",
    "status": 401,
    "instance": "/currentconditions/v1/294021/historical/24",
    "trace": {
        "timestamp": "2025-09-12T14:52:58.174Z",
        "requestId": "d5722092-f23f-4688-ad27-4df833a9971a",
        "buildId": "f2cb8906-d568-4c43-a987-c19acf6faff6"
    },
    "Code": "Unauthorized",
    "Message": "API authorization failed",
    "Reference": "https://dataservice.accuweather.com/currentconditions/v1/294021/historical/24?apikey=REDACTED"
}
HTTP/1.1 401 Unauthorized
Content-Type: application/problem+json
zp-rid: d5722092-f23f-4688-ad27-4df833a9971a
Vary: Accept-Encoding
Content-Encoding: gzip
Content-Length: 401
Date: Fri, 12 Sep 2025 14:52:58 GMT
Alt-Svc: h3=":443"; ma=93600,h3-29=":443"; ma=93600
Connection: keep-alive
Server-Timing: cdn-cache; desc=MISS
Server-Timing: edge; dur=32
Server-Timing: origin; dur=44
Strict-Transport-Security: max-age=86400 ; includeSubDomains
Server-Timing: ak_p; desc="1757688778069_1600473287_2079694284_7589_1504_37_43_-";dur=1

{
    "type": "https://httpproblems.com/http-status/401",
    "title": "Unauthorized",
    "status": 401,
    "instance": "/currentconditions/v1/294021/historical/24",
    "trace": {
        "timestamp": "2025-09-12T14:52:58.174Z",
        "requestId": "d5722092-f23f-4688-ad27-4df833a9971a",
        "buildId": "f2cb8906-d568-4c43-a987-c19acf6faff6"
    },
    "Code": "Unauthorized",
    "Message": "API authorization failed",
    "Reference": "https://dataservice.accuweather.com/currentconditions/v1/294021/historical/24?apikey=REDACTED"
}
HTTP/1.1 401 Unauthorized
Content-Type: application/problem+json
zp-rid: d5722092-f23f-4688-ad27-4df833a9971a
Vary: Accept-Encoding
Content-Encoding: gzip
Content-Length: 401
Date: Fri, 12 Sep 2025 14:52:58 GMT
Alt-Svc: h3=":443"; ma=93600,h3-29=":443"; ma=93600
Connection: keep-alive
Server-Timing: cdn-cache; desc=MISS
Server-Timing: edge; dur=32
Server-Timing: origin; dur=44
Strict-Transport-Security: max-age=86400 ; includeSubDomains
Server-Timing: ak_p; desc="1757688778069_1600473287_2079694284_7589_1504_37_43_-";dur=1

{
    "type": "https://httpproblems.com/http-status/401",
    "title": "Unauthorized",
    "status": 401,
    "instance": "/currentconditions/v1/294021/historical/24",
    "trace": {
        "timestamp": "2025-09-12T14:52:58.174Z",
        "requestId": "d5722092-f23f-4688-ad27-4df833a9971a",
        "buildId": "f2cb8906-d568-4c43-a987-c19acf6faff6"
    },
    "Code": "Unauthorized",
    "Message": "API authorization failed",
    "Reference": "https://dataservice.accuweather.com/currentconditions/v1/294021/historical/24?apikey=REDACTED"
}
HTTP/1.1 401 Unauthorized
Content-Type: application/problem+json
zp-rid: d5722092-f23f-4688-ad27-4df833a9971a
Vary: Accept-Encoding
Content-Encoding: gzip
Content-Length: 401
Date: Fri, 12 Sep 2025 14:52:58 GMT
Alt-Svc: h3=":443"; ma=93600,h3-29=":443"; ma=93600
Connection: keep-alive
Server-Timing: cdn-cache; desc=MISS
Server-Timing: edge; dur=32
Server-Timing: origin; dur=44
Strict-Transport-Security: max-age=86400 ; includeSubDomains
Server-Timing: ak_p; desc="1757688778069_1600473287_2079694284_7589_1504_37_43_-";dur=1

{
    "type": "https://httpproblems.com/http-status/401",
    "title": "Unauthorized",
    "status": 401,
    "instance": "/currentconditions/v1/294021/historical/24",
    "trace": {
        "timestamp": "2025-09-12T14:52:58.174Z",
        "requestId": "d5722092-f23f-4688-ad27-4df833a9971a",
        "buildId": "f2cb8906-d568-4c43-a987-c19acf6faff6"
    },
    "Code": "Unauthorized",
    "Message": "API authorization failed",
    "Reference": "https://dataservice.accuweather.com/currentconditions/v1/294021/historical/24?apikey=REDACTED"
}
HTTP/1.1 401 Unauthorized
Content-Type: application/problem+json
zp-rid: d5722092-f23f-4688-ad27-4df833a9971a
Vary: Accept-Encoding
Content-Encoding: gzip
Content-Length: 401
Date: Fri, 12 Sep 2025 14:52:58 GMT
Alt-Svc: h3=":443"; ma=93600,h3-29=":443"; ma=93600
Connection: keep-alive
Server-Timing: cdn-cache; desc=MISS
Server-Timing: edge; dur=32
Server-Timing: origin; dur=44
Strict-Transport-Security: max-age=86400 ; includeSubDomains
Server-Timing: ak_p; desc="1757688778069_1600473287_2079694284_7589_1504_37_43_-";dur=1

{
    "type": "https://httpproblems.com/http-status/401",
    "title": "Unauthorized",
    "status": 401,
    "instance": "/currentconditions/v1/294021/historical/24",
    "trace": {
        "timestamp": "2025-09-12T14:52:58.174Z",
        "requestId": "d5722092-f23f-4688-ad27-4df833a9971a",
        "buildId": "f2cb8906-d568-4c43-a987-c19acf6faff6"
    },
    "Code": "Unauthorized",
    "Message": "API authorization failed",
    "Reference": "https://dataservice.accuweather.com/currentconditions/v1/294021/historical/24?apikey=REDACTED"
}
HTTP/1.1 401 Unauthorized
Content-Type: application/problem+json
zp-rid: d5722092-f23f-4688-ad27-4df833a9971a
Vary: Accept-Encoding
Content-Encoding: gzip
Content-Length: 401
Date: Fri, 12 Sep 2025 14:52:58 GMT
Alt-Svc: h3=":443"; ma=93600,h3-29=":443"; ma=93600
Connection: keep-alive
Server-Timing: cdn-cache; desc=MISS
Server-Timing: edge; dur=32
Server-Timing: origin; dur=44
Strict-Transport-Security: max-age=86400 ; includeSubDomains
Server-Timing: ak_p; desc="1757688778069_1600473287_2079694284_7589_1504_37_43_-";dur=1

{
    "type": "https://httpproblems.com/http-status/401",
    "title": "Unauthorized",
    "status": 401,
    "instance": "/currentconditions/v1/294021/historical/24",
    "trace": {
        "timestamp": "2025-09-12T14:52:58.174Z",
        "requestId": "d5722092-f23f-4688-ad27-4df833a9971a",
        "buildId": "f2cb8906-d568-4c43-a987-c19acf6faff6"
    },
    "Code": "Unauthorized",
    "Message": "API authorization failed",
    "Reference": "https://dataservice.accuweather.com/currentconditions/v1/294021/historical/24?apikey=REDACTED"
}
HTTP/1.1 401 Unauthorized
Content-Type: application/problem+json
zp-rid: d5722092-f23f-4688-ad27-4df833a9971a
Vary: Accept-Encoding
Content-Encoding: gzip
Content-Length: 401
Date: Fri, 12 Sep 2025 14:52:58 GMT
Alt-Svc: h3=":443"; ma=93600,h3-29=":443"; ma=93600
Connection: keep-alive
Server-Timing: cdn-cache; desc=MISS
Server-Timing: edge; dur=32
Server-Timing: origin; dur=44
Strict-Transport-Security: max-age=86400 ; includeSubDomains
Server-Timing: ak_p; desc="1757688778069_1600473287_2079694284_7589_1504_37_43_-";dur=1

{
    "type": "https://httpproblems.com/http-status/401",
    "title": "Unauthorized",
    "status": 401,
    "instance": "/currentconditions/v1/294021/historical/24",
    "trace": {
        "timestamp": "2025-09-12T14:52:58.174Z",
        "requestId": "d5722092-f23f-4688-ad27-4df833a9971a",
        "buildId": "f2cb8906-d568-4c43-a987-c19acf6faff6"
    },
    "Code": "Unauthorized",
    "Message": "API authorization failed",
    "Reference": "https://dataservice.accuweather.com/currentconditions/v1/294021/historical/24?apikey=REDACTED"
}
HTTP/1.1 401 Unauthorized
Content-Type: application/problem+json
zp-rid: d5722092-f23f-4688-ad27-4df833a9971a
Vary: Accept-Encoding
Content-Encoding: gzip
Content-Length: 401
Date: Fri, 12 Sep 2025 14:52:58 GMT
Alt-Svc: h3=":443"; ma=93600,h3-29=":443"; ma=93600
Connection: keep-alive
Server-Timing: cdn-cache; desc=MISS
Server-Timing: edge; dur=32
Server-Timing: origin; dur=44
Strict-Transport-Security: max-age=86400 ; includeSubDomains
Server-Timing: ak_p; desc="1757688778069_1600473287_2079694284_7589_1504_37_43_-";dur=1

{
    "type": "https://httpproblems.com/http-status/401",
    "title": "Unauthorized",
    "status": 401,
    "instance": "/currentconditions/v1/294021/historical/24",
    "trace": {
        "timestamp": "2025-09-12T14:52:58.174Z",
        "requestId": "d5722092-f23f-4688-ad27-4df833a9971a",
        "buildId": "f2cb8906-d568-4c43-a987-c19acf6faff6"
    },
    "Code": "Unauthorized",
    "Message": "API authorization failed",
    "Reference": "https://dataservice.accuweather.com/currentconditions/v1/294021/historical/24?apikey=REDACTED"
}
HTTP/1.1 401 Unauthorized
Content-Type: application/problem+json
zp-rid: d5722092-f23f-4688-ad27-4df833a9971a
Vary: Accept-Encoding
Content-Encoding: gzip
Content-Length: 401
Date: Fri, 12 Sep 2025 14:52:58 GMT
Alt-Svc: h3=":443"; ma=93600,h3-29=":443"; ma=93600
Connection: keep-alive
Server-Timing: cdn-cache; desc=MISS
Server-Timing: edge; dur=32
Server-Timing: origin; dur=44
Strict-Transport-Security: max-age=86400 ; includeSubDomains
Server-Timing: ak_p; desc="1757688778069_1600473287_2079694284_7589_1504_37_43_-";dur=1

{
    "type": "https://httpproblems.com/http-status/401",
    "title": "Unauthorized",
    "status": 401,
    "instance": "/currentconditions/v1/294021/historical/24",
    "trace": {
        "timestamp": "2025-09-12T14:52:58.174Z",
        "requestId": "d5722092-f23f-4688-ad27-4df833a9971a",
        "buildId": "f2cb8906-d568-4c43-a987-c19acf6faff6"
    },
    "Code": "Unauthorized",
    "Message": "API authorization failed",
    "Reference": "https://dataservice.accuweather.com/currentconditions/v1/294021/historical/24?apikey=REDACTED"
}
HTTP/1.1 401 Unauthorized
Content-Type: application/problem+json
zp-rid: d5722092-f23f-4688-ad27-4df833a9971a
Vary: Accept-Encoding
Content-Encoding: gzip
Content-Length: 401
Date: Fri, 12 Sep 2025 14:52:58 GMT
Alt-Svc: h3=":443"; ma=93600,h3-29=":443"; ma=93600
Connection: keep-alive
Server-Timing: cdn-cache; desc=MISS
Server-Timing: edge; dur=32
Server-Timing: origin; dur=44
Strict-Transport-Security: max-age=86400 ; includeSubDomains
Server-Timing: ak_p; desc="1757688778069_1600473287_2079694284_7589_1504_37_43_-";dur=1

{
    "type": "https://httpproblems.com/http-status/401",
    "title": "Unauthorized",
    "status": 401,
    "instance": "/currentconditions/v1/294021/historical/24",
    "trace": {
        "timestamp": "2025-09-12T14:52:58.174Z",
        "requestId": "d5722092-f23f-4688-ad27-4df833a9971a",
        "buildId": "f2cb8906-d568-4c43-a987-c19acf6faff6"
    },
    "Code": "Unauthorized",
    "Message": "API authorization failed",
    "Reference": "https://dataservice.accuweather.com/currentconditions/v1/294021/historical/24?apikey=REDACTED"
}
HTTP/1.1 401 Unauthorized
Content-Type: application/problem+json
zp-rid: d5722092-f23f-4688-ad27-4df833a9971a
Vary: Accept-Encoding
Content-Encoding: gzip
Content-Length: 401
Date: Fri, 12 Sep 2025 14:52:58 GMT
Alt-Svc: h3=":443"; ma=93600,h3-29=":443"; ma=93600
Connection: keep-alive
Server-Timing: cdn-cache; desc=MISS
Server-Timing: edge; dur=32
Server-Timing: origin; dur=44
Strict-Transport-Security: max-age=86400 ; includeSubDomains
Server-Timing: ak_p; desc="1757688778069_1600473287_2079694284_7589_1504_37_43_-";dur=1

{
    "type": "https://httpproblems.com/http-status/401",
    "title": "Unauthorized",
    "status": 401,
    "instance": "/currentconditions/v1/294021/historical/24",
    "trace": {
        "timestamp": "2025-09-12T14:52:58.174Z",
        "requestId": "d5722092-f23f-4688-ad27-4df833a9971a",
        "buildId": "f2cb8906-d568-4c43-a987-c19acf6faff6"
    },
    "Code": "Unauthorized",
    "Message": "API authorization failed",
    "Reference": "https://dataservice.accuweather.com/currentconditions/v1/294021/historical/24?apikey=REDACTED"
}
HTTP/1.1 401 Unauthorized
Content-Type: application/problem+json
zp-rid: d5722092-f23f-4688-ad27-4df833a9971a
Vary: Accept-Encoding
Content-Encoding: gzip
Content-Length: 401
Date: Fri, 12 Sep 2025 14:52:58 GMT
Alt-Svc: h3=":443"; ma=93600,h3-29=":443"; ma=93600
Connection: keep-alive
Server-Timing: cdn-cache; desc=MISS
Server-Timing: edge; dur=32
Server-Timing: origin; dur=44
Strict-Transport-Security: max-age=86400 ; includeSubDomains
Server-Timing: ak_p; desc="1757688778069_1600473287_2079694284_7589_1504_37_43_-";dur=1

{
    "type": "https://httpproblems.com/http-status/401",
    "title": "Unauthorized",
    "status": 401,
    "instance": "/currentconditions/v1/294021/historical/24",
    "trace": {
        "timestamp": "2025-09-12T14:52:58.174Z",
        "requestId": "d5722092-f23f-4688-ad27-4df833a9971a",
        "buildId": "f2cb8906-d568-4c43-a987-c19acf6faff6"
    },
    "Code": "Unauthorized",
    "Message": "API authorization failed",
    "Reference": "https://dataservice.accuweather.com/currentconditions/v1/294021/historical/24?apikey=REDACTED"
}
HTTP/1.1 401 Unauthorized
Content-Type: application/problem+json
zp-rid: d5722092-f23f-4688-ad27-4df833a9971a
Vary: Accept-Encoding
Content-Encoding: gzip
Content-Length: 401
Date: Fri, 12 Sep 2025 14:52:58 GMT
Alt-Svc: h3=":443"; ma=93600,h3-29=":443"; ma=93600
Connection: keep-alive
Server-Timing: cdn-cache; desc=MISS
Server-Timing: edge; dur=32
Server-Timing: origin; dur=44
Strict-Transport-Security: max-age=86400 ; includeSubDomains
Server-Timing: ak_p; desc="1757688778069_1600473287_2079694284_7589_1504_37_43_-";dur=1

{
    "type": "https://httpproblems.com/http-status/401",
    "title": "Unauthorized",
    "status": 401,
    "instance": "/currentconditions/v1/294021/historical/24",
    "trace": {
        "timestamp": "2025-09-12T14:52:58.174Z",
        "requestId": "d5722092-f23f-4688-ad27-4df833a9971a",
        "buildId": "f2cb8906-d568-4c43-a987-c19acf6faff6"
    },
    "Code": "Unauthorized",
    "Message": "API authorization failed",
    "Reference": "https://dataservice.accuweather.com/currentconditions/v1/294021/historical/24?apikey=REDACTED"
}
HTTP/1.1 401 Unauthorized
Content-Type: application/problem+json
zp-rid: d5722092-f23f-4688-ad27-4df833a9971a
Vary: Accept-Encoding
Content-Encoding: gzip
Content-Length: 401
Date: Fri, 12 Sep 2025 14:52:58 GMT
Alt-Svc: h3=":443"; ma=93600,h3-29=":443"; ma=93600
Connection: keep-alive
Server-Timing: cdn-cache; desc=MISS
Server-Timing: edge; dur=32
Server-Timing: origin; dur=44
Strict-Transport-Security: max-age=86400 ; includeSubDomains
Server-Timing: ak_p; desc="1757688778069_1600473287_2079694284_7589_1504_37_43_-";dur=1

{
    "type": "https://httpproblems.com/http-status/401",
    "title": "Unauthorized",
    "status": 401,
    "instance": "/currentconditions/v1/294021/historical/24",
    "trace": {
        "timestamp": "2025-09-12T14:52:58.174Z",
        "requestId": "d5722092-f23f-4688-ad27-4df833a9971a",
        "buildId": "f2cb8906-d568-4c43-a987-c19acf6faff6"
    },
    "Code": "Unauthorized",
    "Message": "API authorization failed",
    "Reference": "https://dataservice.accuweather.com/currentconditions/v1/294021/historical/24?apikey=REDACTED"
}
HTTP/1.1 401 Unauthorized
Content-Type: application/problem+json
zp-rid: d5722092-f23f-4688-ad27-4df833a9971a
Vary: Accept-Encoding
Content-Encoding: gzip
Content-Length: 401
Date: Fri, 12 Sep 2025 14:52:58 GMT
Alt-Svc: h3=":443"; ma=93600,h3-29=":443"; ma=93600
Connection: keep-alive
Server-Timing: cdn-cache; desc=MISS
Server-Timing: edge; dur=32
Server-Timing: origin; dur=44
Strict-Transport-Security: max-age=86400 ; includeSubDomains
Server-Timing: ak_p; desc="1757688778069_1600473287_2079694284_7589_1504_37_43_-";dur=1

{
    "type": "https://httpproblems.com/http-status/401",
    "title": "Unauthorized",
    "status": 401,
    "instance": "/currentconditions/v1/294021/historical/24",
    "trace": {
        "timestamp": "2025-09-12T14:52:58.174Z",
        "requestId": "d5722092-f23f-4688-ad27-4df833a9971a",
        "buildId": "f2cb8906-d568-4c43-a987-c19acf6faff6"
    },
    "Code": "Unauthorized",
    "Message": "API authorization failed",
    "Reference": "https://dataservice.accuweather.com/currentconditions/v1/294021/historical/24?apikey=REDACTED"
}
HTTP/1.1 401 Unauthorized
Content-Type: application/problem+json
zp-rid: d5722092-f23f-4688-ad27-4df833a9971a
Vary: Accept-Encoding
Content-Encoding: gzip
Content-Length: 401
Date: Fri, 12 Sep 2025 14:52:58 GMT
Alt-Svc: h3=":443"; ma=93600,h3-29=":443"; ma=93600
Connection: keep-alive
Server-Timing: cdn-cache; desc=MISS
Server-Timing: edge; dur=32
Server-Timing: origin; dur=44
Strict-Transport-Security: max-age=86400 ; includeSubDomains
Server-Timing: ak_p; desc="1757688778069_1600473287_2079694284_7589_1504_37_43_-";dur=1

{
    "type": "https://httpproblems.com/http-status/401",
    "title": "Unauthorized",
    "status": 401,
    "instance": "/currentconditions/v1/294021/historical/24",
    "trace": {
        "timestamp": "2025-09-12T14:52:58.174Z",
        "requestId": "d5722092-f23f-4688-ad27-4df833a9971a",
        "buildId": "f2cb8906-d568-4c43-a987-c19acf6faff6"
    },
    "Code": "Unauthorized",
    "Message": "API authorization failed",
    "Reference": "https://dataservice.accuweather.com/currentconditions/v1/294021/historical/24?apikey=REDACTED"
}
HTTP/1.1 401 Unauthorized
Content-Type: application/problem+json
zp-rid: d5722092-f23f-4688-ad27-4df833a9971a
Vary: Accept-Encoding
Content-Encoding: gzip
Content-Length: 401
Date: Fri, 12 Sep 2025 14:52:58 GMT
Alt-Svc: h3=":443"; ma=93600,h3-29=":443"; ma=93600
Connection: keep-alive
Server-Timing: cdn-cache; desc=MISS
Server-Timing: edge; dur=32
Server-Timing: origin; dur=44
Strict-Transport-Security: max-age=86400 ; includeSubDomains
Server-Timing: ak_p; desc="1757688778069_1600473287_2079694284_7589_1504_37_43_-";dur=1

{
    "type": "https://httpproblems.com/http-status/401",
    "title": "Unauthorized",
    "status": 401,
    "instance": "/currentconditions/v1/294021/historical/24",
    "trace": {
        "timestamp": "2025-09-12T14:52:58.174Z",
        "requestId": "d5722092-f23f-4688-ad27-4df833a9971a",
        "buildId": "f2cb8906-d568-4c43-a987-c19acf6faff6"
    },
    "Code": "Unauthorized",
    "Message": "API authorization failed",
    "Reference": "https://dataservice.accuweather.com/currentconditions/v1/294021/historical/24?apikey=REDACTED"
}
HTTP/1.1 401 Unauthorized
Content-Type: application/problem+json
zp-rid: d5722092-f23f-4688-ad27-4df833a9971a
Vary: Accept-Encoding
Content-Encoding: gzip
Content-Length: 401
Date: Fri, 12 Sep 2025 14:52:58 GMT
Alt-Svc: h3=":443"; ma=93600,h3-29=":443"; ma=93600
Connection: keep-alive
Server-Timing: cdn-cache; desc=MISS
Server-Timing: edge; dur=32
Server-Timing: origin; dur=44
Strict-Transport-Security: max-age=86400 ; includeSubDomains
Server-Timing: ak_p; desc="1757688778069_1600473287_2079694284_7589_1504_37_43_-";dur=1

{
    "type": "https://httpproblems.com/http-status/401",
    "title": "Unauthorized",
    "status": 401,
    "instance": "/currentconditions/v1/294021/historical/24",
    "trace": {
        "timestamp": "2025-09-12T14:52:58.174Z",
        "requestId": "d5722092-f23f-4688-ad27-4df833a9971a",
        "buildId": "f2cb8906-d568-4c43-a987-c19acf6faff6"
    },
    "Code": "Unauthorized",
    "Message": "API authorization failed",
    "Reference": "https://dataservice.accuweather.com/currentconditions/v1/294021/historical/24?apikey=REDACTED"
}
]]></system-out>
  </testcase>
</testsuite>