<?xml version="1.0" encoding="UTF-8"?>
<testsuite xmlns:xsi="http://www.w3.org/2001/XMLSchema-instance" xsi:noNamespaceSchemaLocation="https://maven.apache.org/surefire/maven-surefire-plugin/xsd/surefire-test-report-3.0.xsd" version="3.0" name="study.api.AccuWeatherMockTests" time="2.09" tests="20" errors="0" skipped="0" failures="0">
  <properties>
    <property name="java.specification.version" value="17"/>
    <property name="sun.jnu.encoding" value="UTF-8"/>
    <property name="java.class.path" value="/Users/anastasiyashagrai/Desktop/accuweather-restassured/target/test-classes:/Users/anastasiyashagrai/Desktop/accuweather-restassured/target/classes:/Users/anastasiyashagrai/.m2/repository/io/rest-assured/rest-assured/5.4.0/rest-assured-5.4.0.jar:/Users/anastasiyashagrai/.m2/repository/org/apache/groovy/groovy/4.0.16/groovy-4.0.16.jar:/Users/anastasiyashagrai/.m2/repository/org/apache/groovy/groovy-xml/4.0.16/groovy-xml-4.0.16.jar:/Users/anastasiyashagrai/.m2/repository/org/apache/httpcomponents/httpclient/4.5.13/httpclient-4.5.13.jar:/Users/anastasiyashagrai/.m2/repository/org/apache/httpcomponents/httpcore/4.4.13/httpcore-4.4.13.jar:/Users/anastasiyashagrai/.m2/repository/commons-logging/commons-logging/1.2/commons-logging-1.2.jar:/Users/anastasiyashagrai/.m2/repository/commons-codec/commons-codec/1.11/commons-codec-1.11.jar:/Users/anastasiyashagrai/.m2/repository/org/apache/httpcomponents/httpmime/4.5.13/httpmime-4.5.13.jar:/Users/anastasiyashagrai/.m2/repository/org/hamcrest/hamcrest/2.2/hamcrest-2.2.jar:/Users/anastasiyashagrai/.m2/repository/org/ccil/cowan/tagsoup/tagsoup/1.2.1/tagsoup-1.2.1.jar:/Users/anastasiyashagrai/.m2/repository/io/rest-assured/json-path/5.4.0/json-path-5.4.0.jar:/Users/anastasiyashagrai/.m2/repository/org/apache/groovy/groovy-json/4.0.16/groovy-json-4.0.16.jar:/Users/anastasiyashagrai/.m2/repository/io/rest-assured/rest-assured-common/5.4.0/rest-assured-common-5.4.0.jar:/Users/anastasiyashagrai/.m2/repository/io/rest-assured/xml-path/5.4.0/xml-path-5.4.0.jar:/Users/anastasiyashagrai/.m2/repository/org/apache/commons/commons-lang3/3.11/commons-lang3-3.11.jar:/Users/anastasiyashagrai/.m2/repository/org/junit/jupiter/junit-jupiter-api/5.10.2/junit-jupiter-api-5.10.2.jar:/Users/anastasiyashagrai/.m2/repository/org/opentest4j/opentest4j/1.3.0/opentest4j-1.3.0.jar:/Users/anastasiyashagrai/.m2/repository/org/junit/platform/junit-platform-commons/1.10.2/junit-platform-commons-1.10.2.jar:/Users/anastasiyashagrai/.m2/repository/org/apiguardian/apiguardian-api/1.1.2/apiguardian-api-1.1.2.jar:/Users/anastasiyashagrai/.m2/repository/org/junit/jupiter/junit-jupiter-engine/5.10.2/junit-jupiter-engine-5.10.2.jar:/Users/anastasiyashagrai/.m2/repository/org/junit/platform/junit-platform-engine/1.10.2/junit-platform-engine-1.10.2.jar:/Users/anastasiyashagrai/.m2/repository/com/fasterxml/jackson/core/jackson-databind/2.17.1/jackson-databind-2.17.1.jar:/Users/anastasiyashagrai/.m2/repository/com/fasterxml/jackson/core/jackson-annotations/2.17.1/jackson-annotations-2.17.1.jar:/Users/anastasiyashagrai/.m2/repository/com/fasterxml/jackson/core/jackson-core/2.17.1/jackson-core-2.17.1.jar:/Users/anastasiyashagrai/.m2/repository/com/github/tomakehurst/wiremock-jre8-standalone/2.35.1/wiremock-jre8-standalone-2.35.1.jar:/Users/anastasiyashagrai/.m2/repository/org/slf4j/slf4j-api/2.0.13/slf4j-api-2.0.13.jar:/Users/anastasiyashagrai/.m2/repository/ch/qos/logback/logback-classic/1.5.6/logback-classic-1.5.6.jar:/Users/anastasiyashagrai/.m2/repository/ch/qos/logback/logback-core/1.5.6/logback-core-1.5.6.jar:/Users/anastasiyashagrai/.m2/repository/org/assertj/assertj-core/3.26.0/assertj-core-3.26.0.jar:/Users/anastasiyashagrai/.m2/repository/net/bytebuddy/byte-buddy/1.14.16/byte-buddy-1.14.16.jar:/Users/anastasiyashagrai/.m2/repository/io/qameta/allure/allure-junit5/2.26.0/allure-junit5-2.26.0.jar:/Users/anastasiyashagrai/.m2/repository/io/qameta/allure/allure-junit-platform/2.26.0/allure-junit-platform-2.26.0.jar:/Users/anastasiyashagrai/.m2/repository/io/qameta/allure/allure-java-commons/2.26.0/allure-java-commons-2.26.0.jar:/Users/anastasiyashagrai/.m2/repository/io/qameta/allure/allure-model/2.26.0/allure-model-2.26.0.jar:/Users/anastasiyashagrai/.m2/repository/io/qameta/allure/allure-test-filter/2.26.0/allure-test-filter-2.26.0.jar:/Users/anastasiyashagrai/.m2/repository/org/junit/platform/junit-platform-launcher/1.9.2/junit-platform-launcher-1.9.2.jar:/Users/anastasiyashagrai/.m2/repository/io/qameta/allure/allure-rest-assured/2.13.0/allure-rest-assured-2.13.0.jar:/Users/anastasiyashagrai/.m2/repository/io/qameta/allure/allure-attachments/2.13.0/allure-attachments-2.13.0.jar:/Users/anastasiyashagrai/.m2/repository/org/freemarker/freemarker/2.3.28/freemarker-2.3.28.jar:"/>
    <property name="java.vm.vendor" value="Eclipse Adoptium"/>
    <property name="sun.arch.data.model" value="64"/>
    <property name="java.vendor.url" value="https://adoptium.net/"/>
    <property name="user.timezone" value="Europe/Minsk"/>
    <property name="os.name" value="Mac OS X"/>
    <property name="java.vm.specification.version" value="17"/>
    <property name="sun.java.launcher" value="SUN_STANDARD"/>
    <property name="user.country" value="BY"/>
    <property name="sun.boot.library.path" value="/Library/Java/JavaVirtualMachines/temurin-17.jdk/Contents/Home/lib"/>
    <property name="sun.java.command" value="/Users/anastasiyashagrai/Desktop/accuweather-restassured/target/surefire/surefirebooter-20250912175250920_3.jar /Users/anastasiyashagrai/Desktop/accuweather-restassured/target/surefire 2025-09-12T17-52-50_884-jvmRun1 surefire-20250912175250920_1tmp surefire_0-20250912175250920_2tmp"/>
    <property name="jdk.debug" value="release"/>
    <property name="surefire.test.class.path" value="/Users/anastasiyashagrai/Desktop/accuweather-restassured/target/test-classes:/Users/anastasiyashagrai/Desktop/accuweather-restassured/target/classes:/Users/anastasiyashagrai/.m2/repository/io/rest-assured/rest-assured/5.4.0/rest-assured-5.4.0.jar:/Users/anastasiyashagrai/.m2/repository/org/apache/groovy/groovy/4.0.16/groovy-4.0.16.jar:/Users/anastasiyashagrai/.m2/repository/org/apache/groovy/groovy-xml/4.0.16/groovy-xml-4.0.16.jar:/Users/anastasiyashagrai/.m2/repository/org/apache/httpcomponents/httpclient/4.5.13/httpclient-4.5.13.jar:/Users/anastasiyashagrai/.m2/repository/org/apache/httpcomponents/httpcore/4.4.13/httpcore-4.4.13.jar:/Users/anastasiyashagrai/.m2/repository/commons-logging/commons-logging/1.2/commons-logging-1.2.jar:/Users/anastasiyashagrai/.m2/repository/commons-codec/commons-codec/1.11/commons-codec-1.11.jar:/Users/anastasiyashagrai/.m2/repository/org/apache/httpcomponents/httpmime/4.5.13/httpmime-4.5.13.jar:/Users/anastasiyashagrai/.m2/repository/org/hamcrest/hamcrest/2.2/hamcrest-2.2.jar:/Users/anastasiyashagrai/.m2/repository/org/ccil/cowan/tagsoup/tagsoup/1.2.1/tagsoup-1.2.1.jar:/Users/anastasiyashagrai/.m2/repository/io/rest-assured/json-path/5.4.0/json-path-5.4.0.jar:/Users/anastasiyashagrai/.m2/repository/org/apache/groovy/groovy-json/4.0.16/groovy-json-4.0.16.jar:/Users/anastasiyashagrai/.m2/repository/io/rest-assured/rest-assured-common/5.4.0/rest-assured-common-5.4.0.jar:/Users/anastasiyashagrai/.m2/repository/io/rest-assured/xml-path/5.4.0/xml-path-5.4.0.jar:/Users/anastasiyashagrai/.m2/repository/org/apache/commons/commons-lang3/3.11/commons-lang3-3.11.jar:/Users/anastasiyashagrai/.m2/repository/org/junit/jupiter/junit-jupiter-api/5.10.2/junit-jupiter-api-5.10.2.jar:/Users/anastasiyashagrai/.m2/repository/org/opentest4j/opentest4j/1.3.0/opentest4j-1.3.0.jar:/Users/anastasiyashagrai/.m2/repository/org/junit/platform/junit-platform-commons/1.10.2/junit-platform-commons-1.10.2.jar:/Users/anastasiyashagrai/.m2/repository/org/apiguardian/apiguardian-api/1.1.2/apiguardian-api-1.1.2.jar:/Users/anastasiyashagrai/.m2/repository/org/junit/jupiter/junit-jupiter-engine/5.10.2/junit-jupiter-engine-5.10.2.jar:/Users/anastasiyashagrai/.m2/repository/org/junit/platform/junit-platform-engine/1.10.2/junit-platform-engine-1.10.2.jar:/Users/anastasiyashagrai/.m2/repository/com/fasterxml/jackson/core/jackson-databind/2.17.1/jackson-databind-2.17.1.jar:/Users/anastasiyashagrai/.m2/repository/com/fasterxml/jackson/core/jackson-annotations/2.17.1/jackson-annotations-2.17.1.jar:/Users/anastasiyashagrai/.m2/repository/com/fasterxml/jackson/core/jackson-core/2.17.1/jackson-core-2.17.1.jar:/Users/anastasiyashagrai/.m2/repository/com/github/tomakehurst/wiremock-jre8-standalone/2.35.1/wiremock-jre8-standalone-2.35.1.jar:/Users/anastasiyashagrai/.m2/repository/org/slf4j/slf4j-api/2.0.13/slf4j-api-2.0.13.jar:/Users/anastasiyashagrai/.m2/repository/ch/qos/logback/logback-classic/1.5.6/logback-classic-1.5.6.jar:/Users/anastasiyashagrai/.m2/repository/ch/qos/logback/logback-core/1.5.6/logback-core-1.5.6.jar:/Users/anastasiyashagrai/.m2/repository/org/assertj/assertj-core/3.26.0/assertj-core-3.26.0.jar:/Users/anastasiyashagrai/.m2/repository/net/bytebuddy/byte-buddy/1.14.16/byte-buddy-1.14.16.jar:/Users/anastasiyashagrai/.m2/repository/io/qameta/allure/allure-junit5/2.26.0/allure-junit5-2.26.0.jar:/Users/anastasiyashagrai/.m2/repository/io/qameta/allure/allure-junit-platform/2.26.0/allure-junit-platform-2.26.0.jar:/Users/anastasiyashagrai/.m2/repository/io/qameta/allure/allure-java-commons/2.26.0/allure-java-commons-2.26.0.jar:/Users/anastasiyashagrai/.m2/repository/io/qameta/allure/allure-model/2.26.0/allure-model-2.26.0.jar:/Users/anastasiyashagrai/.m2/repository/io/qameta/allure/allure-test-filter/2.26.0/allure-test-filter-2.26.0.jar:/Users/anastasiyashagrai/.m2/repository/org/junit/platform/junit-platform-launcher/1.9.2/junit-platform-launcher-1.9.2.jar:/Users/anastasiyashagrai/.m2/repository/io/qameta/allure/allure-rest-assured/2.13.0/allure-rest-assured-2.13.0.jar:/Users/anastasiyashagrai/.m2/repository/io/qameta/allure/allure-attachments/2.13.0/allure-attachments-2.13.0.jar:/Users/anastasiyashagrai/.m2/repository/org/freemarker/freemarker/2.3.28/freemarker-2.3.28.jar:"/>
    <property name="allure.results.directory" value="/Users/anastasiyashagrai/Desktop/accuweather-restassured/target/allure-results"/>
    <property name="sun.cpu.endian" value="little"/>
    <property name="user.home" value="/Users/anastasiyashagrai"/>
    <property name="user.language" value="ru"/>
    <property name="java.specification.vendor" value="Oracle Corporation"/>
    <property name="java.version.date" value="2024-01-16"/>
    <property name="java.home" value="/Library/Java/JavaVirtualMachines/temurin-17.jdk/Contents/Home"/>
    <property name="file.separator" value="/"/>
    <property name="basedir" value="/Users/anastasiyashagrai/Desktop/accuweather-restassured"/>
    <property name="java.vm.compressedOopsMode" value="Zero based"/>
    <property name="line.separator" value="&#10;"/>
    <property name="java.specification.name" value="Java Platform API Specification"/>
    <property name="java.vm.specification.vendor" value="Oracle Corporation"/>
    <property name="surefire.real.class.path" value="/Users/anastasiyashagrai/Desktop/accuweather-restassured/target/surefire/surefirebooter-20250912175250920_3.jar"/>
    <property name="sun.management.compiler" value="HotSpot 64-Bit Tiered Compilers"/>
    <property name="java.runtime.version" value="17.0.10+7"/>
    <property name="user.name" value="anastasiyashagrai"/>
    <property name="path.separator" value=":"/>
    <property name="os.version" value="15.1"/>
    <property name="java.runtime.name" value="OpenJDK Runtime Environment"/>
    <property name="API_KEY" value=""/>
    <property name="file.encoding" value="UTF-8"/>
    <property name="java.vm.name" value="OpenJDK 64-Bit Server VM"/>
    <property name="java.vendor.version" value="Temurin-17.0.10+7"/>
    <property name="localRepository" value="/Users/anastasiyashagrai/.m2/repository"/>
    <property name="javax.xml.xpath.XPathFactory:http://java.sun.com/jaxp/xpath/dom" value="com.sun.org.apache.xpath.internal.jaxp.XPathFactoryImpl"/>
    <property name="java.vendor.url.bug" value="https://github.com/adoptium/adoptium-support/issues"/>
    <property name="jetty.git.hash" value="4231a3b2e4cb8548a412a789936d640a97b1aa0a"/>
    <property name="java.io.tmpdir" value="/var/folders/hr/56f9fygs78nb8r4pg8qvc_xc0000gn/T/"/>
    <property name="wiremock.org.eclipse.jetty.http.HttpGenerator.STRICT" value="true"/>
    <property name="java.version" value="17.0.10"/>
    <property name="user.dir" value="/Users/anastasiyashagrai/Desktop/accuweather-restassured"/>
    <property name="os.arch" value="aarch64"/>
    <property name="java.vm.specification.name" value="Java Virtual Machine Specification"/>
    <property name="native.encoding" value="UTF-8"/>
    <property name="java.library.path" value="/Users/anastasiyashagrai/Library/Java/Extensions:/Library/Java/Extensions:/Network/Library/Java/Extensions:/System/Library/Java/Extensions:/usr/lib/java:."/>
    <property name="java.vm.info" value="mixed mode"/>
    <property name="java.vendor" value="Eclipse Adoptium"/>
    <property name="java.vm.version" value="17.0.10+7"/>
    <property name="sun.io.unicode.encoding" value="UnicodeBig"/>
    <property name="javax.xml.transform.TransformerFactory" value="com.sun.org.apache.xalan.internal.xsltc.trax.TransformerFactoryImpl"/>
    <property name="java.class.version" value="61.0"/>
    <property name="BASE_URL" value=""/>
  </properties>
  <testcase name="testCitiesSearchMock" classname="study.api.AccuWeatherMockTests" time="0.135">
    <system-out><![CDATA[Request method:	GET
Request URI:	http://localhost:54820/locations/v1/cities/search?apikey=TEST&q=Minsk
Proxy:			<none>
Request params:	<none>
Query params:	apikey=TEST
				q=Minsk
Form params:	<none>
Path params:	<none>
Headers:		Accept=*/*
Cookies:		<none>
Multiparts:		<none>
Body:			<none>
Request method:	GET
Request URI:	http://localhost:54820/locations/v1/cities/search?apikey=TEST&q=Minsk
Proxy:			<none>
Request params:	<none>
Query params:	apikey=TEST
				q=Minsk
Form params:	<none>
Path params:	<none>
Headers:		Accept=*/*
Cookies:		<none>
Multiparts:		<none>
Body:			<none>
Request method:	GET
Request URI:	http://localhost:54820/locations/v1/cities/search?apikey=TEST&q=Minsk
Proxy:			<none>
Request params:	<none>
Query params:	apikey=TEST
				q=Minsk
Form params:	<none>
Path params:	<none>
Headers:		Accept=*/*
Cookies:		<none>
Multiparts:		<none>
Body:			<none>
Request method:	GET
Request URI:	http://localhost:54820/locations/v1/cities/search?apikey=TEST&q=Minsk
Proxy:			<none>
Request params:	<none>
Query params:	apikey=TEST
				q=Minsk
Form params:	<none>
Path params:	<none>
Headers:		Accept=*/*
Cookies:		<none>
Multiparts:		<none>
Body:			<none>
Request method:	GET
Request URI:	http://localhost:54820/locations/v1/cities/search?apikey=TEST&q=Minsk
Proxy:			<none>
Request params:	<none>
Query params:	apikey=TEST
				q=Minsk
Form params:	<none>
Path params:	<none>
Headers:		Accept=*/*
Cookies:		<none>
Multiparts:		<none>
Body:			<none>
Request method:	GET
Request URI:	http://localhost:54820/locations/v1/cities/search?apikey=TEST&q=Minsk
Proxy:			<none>
Request params:	<none>
Query params:	apikey=TEST
				q=Minsk
Form params:	<none>
Path params:	<none>
Headers:		Accept=*/*
Cookies:		<none>
Multiparts:		<none>
Body:			<none>
Request method:	GET
Request URI:	http://localhost:54820/locations/v1/cities/search?apikey=TEST&q=Minsk
Proxy:			<none>
Request params:	<none>
Query params:	apikey=TEST
				q=Minsk
Form params:	<none>
Path params:	<none>
Headers:		Accept=*/*
Cookies:		<none>
Multiparts:		<none>
Body:			<none>
Request method:	GET
Request URI:	http://localhost:54820/locations/v1/cities/search?apikey=TEST&q=Minsk
Proxy:			<none>
Request params:	<none>
Query params:	apikey=TEST
				q=Minsk
Form params:	<none>
Path params:	<none>
Headers:		Accept=*/*
Cookies:		<none>
Multiparts:		<none>
Body:			<none>
Request method:	GET
Request URI:	http://localhost:54820/locations/v1/cities/search?apikey=TEST&q=Minsk
Proxy:			<none>
Request params:	<none>
Query params:	apikey=TEST
				q=Minsk
Form params:	<none>
Path params:	<none>
Headers:		Accept=*/*
Cookies:		<none>
Multiparts:		<none>
Body:			<none>
Request method:	GET
Request URI:	http://localhost:54820/locations/v1/cities/search?apikey=TEST&q=Minsk
Proxy:			<none>
Request params:	<none>
Query params:	apikey=TEST
				q=Minsk
Form params:	<none>
Path params:	<none>
Headers:		Accept=*/*
Cookies:		<none>
Multiparts:		<none>
Body:			<none>
Request method:	GET
Request URI:	http://localhost:54820/locations/v1/cities/search?apikey=TEST&q=Minsk
Proxy:			<none>
Request params:	<none>
Query params:	apikey=TEST
				q=Minsk
Form params:	<none>
Path params:	<none>
Headers:		Accept=*/*
Cookies:		<none>
Multiparts:		<none>
Body:			<none>
Request method:	GET
Request URI:	http://localhost:54820/locations/v1/cities/search?apikey=TEST&q=Minsk
Proxy:			<none>
Request params:	<none>
Query params:	apikey=TEST
				q=Minsk
Form params:	<none>
Path params:	<none>
Headers:		Accept=*/*
Cookies:		<none>
Multiparts:		<none>
Body:			<none>
Request method:	GET
Request URI:	http://localhost:54820/locations/v1/cities/search?apikey=TEST&q=Minsk
Proxy:			<none>
Request params:	<none>
Query params:	apikey=TEST
				q=Minsk
Form params:	<none>
Path params:	<none>
Headers:		Accept=*/*
Cookies:		<none>
Multiparts:		<none>
Body:			<none>
Request method:	GET
Request URI:	http://localhost:54820/locations/v1/cities/search?apikey=TEST&q=Minsk
Proxy:			<none>
Request params:	<none>
Query params:	apikey=TEST
				q=Minsk
Form params:	<none>
Path params:	<none>
Headers:		Accept=*/*
Cookies:		<none>
Multiparts:		<none>
Body:			<none>
Request method:	GET
Request URI:	http://localhost:54820/locations/v1/cities/search?apikey=TEST&q=Minsk
Proxy:			<none>
Request params:	<none>
Query params:	apikey=TEST
				q=Minsk
Form params:	<none>
Path params:	<none>
Headers:		Accept=*/*
Cookies:		<none>
Multiparts:		<none>
Body:			<none>
Request method:	GET
Request URI:	http://localhost:54820/locations/v1/cities/search?apikey=TEST&q=Minsk
Proxy:			<none>
Request params:	<none>
Query params:	apikey=TEST
				q=Minsk
Form params:	<none>
Path params:	<none>
Headers:		Accept=*/*
Cookies:		<none>
Multiparts:		<none>
Body:			<none>
Request method:	GET
Request URI:	http://localhost:54820/locations/v1/cities/search?apikey=TEST&q=Minsk
Proxy:			<none>
Request params:	<none>
Query params:	apikey=TEST
				q=Minsk
Form params:	<none>
Path params:	<none>
Headers:		Accept=*/*
Cookies:		<none>
Multiparts:		<none>
Body:			<none>
Request method:	GET
Request URI:	http://localhost:54820/locations/v1/cities/search?apikey=TEST&q=Minsk
Proxy:			<none>
Request params:	<none>
Query params:	apikey=TEST
				q=Minsk
Form params:	<none>
Path params:	<none>
Headers:		Accept=*/*
Cookies:		<none>
Multiparts:		<none>
Body:			<none>
Request method:	GET
Request URI:	http://localhost:54820/locations/v1/cities/search?apikey=TEST&q=Minsk
Proxy:			<none>
Request params:	<none>
Query params:	apikey=TEST
				q=Minsk
Form params:	<none>
Path params:	<none>
Headers:		Accept=*/*
Cookies:		<none>
Multiparts:		<none>
Body:			<none>
Request method:	GET
Request URI:	http://localhost:54820/locations/v1/cities/search?apikey=TEST&q=Minsk
Proxy:			<none>
Request params:	<none>
Query params:	apikey=TEST
				q=Minsk
Form params:	<none>
Path params:	<none>
Headers:		Accept=*/*
Cookies:		<none>
Multiparts:		<none>
Body:			<none>
Request method:	GET
Request URI:	http://localhost:54820/locations/v1/cities/search?apikey=TEST&q=Minsk
Proxy:			<none>
Request params:	<none>
Query params:	apikey=TEST
				q=Minsk
Form params:	<none>
Path params:	<none>
Headers:		Accept=*/*
Cookies:		<none>
Multiparts:		<none>
Body:			<none>
HTTP/1.1 200 OK
Content-Type: application/json
Matched-Stub-Id: 767ed2a1-d65f-498a-9e84-d458707c597f
Vary: Accept-Encoding, User-Agent
Content-Encoding: gzip
Transfer-Encoding: chunked

[
    {
        "Version": 1,
        "Key": "294021",
        "Type": "City",
        "Rank": 10,
        "LocalizedName": "Минск",
        "EnglishName": "Minsk",
        "Country": {
            "ID": "BY",
            "EnglishName": "Belarus"
        },
        "GeoPosition": {
            "Latitude": 53.9,
            "Longitude": 27.5667
        }
    }
]
HTTP/1.1 200 OK
Content-Type: application/json
Matched-Stub-Id: 767ed2a1-d65f-498a-9e84-d458707c597f
Vary: Accept-Encoding, User-Agent
Content-Encoding: gzip
Transfer-Encoding: chunked

[
    {
        "Version": 1,
        "Key": "294021",
        "Type": "City",
        "Rank": 10,
        "LocalizedName": "Минск",
        "EnglishName": "Minsk",
        "Country": {
            "ID": "BY",
            "EnglishName": "Belarus"
        },
        "GeoPosition": {
            "Latitude": 53.9,
            "Longitude": 27.5667
        }
    }
]
HTTP/1.1 200 OK
Content-Type: application/json
Matched-Stub-Id: 767ed2a1-d65f-498a-9e84-d458707c597f
Vary: Accept-Encoding, User-Agent
Content-Encoding: gzip
Transfer-Encoding: chunked

[
    {
        "Version": 1,
        "Key": "294021",
        "Type": "City",
        "Rank": 10,
        "LocalizedName": "Минск",
        "EnglishName": "Minsk",
        "Country": {
            "ID": "BY",
            "EnglishName": "Belarus"
        },
        "GeoPosition": {
            "Latitude": 53.9,
            "Longitude": 27.5667
        }
    }
]
HTTP/1.1 200 OK
Content-Type: application/json
Matched-Stub-Id: 767ed2a1-d65f-498a-9e84-d458707c597f
Vary: Accept-Encoding, User-Agent
Content-Encoding: gzip
Transfer-Encoding: chunked

[
    {
        "Version": 1,
        "Key": "294021",
        "Type": "City",
        "Rank": 10,
        "LocalizedName": "Минск",
        "EnglishName": "Minsk",
        "Country": {
            "ID": "BY",
            "EnglishName": "Belarus"
        },
        "GeoPosition": {
            "Latitude": 53.9,
            "Longitude": 27.5667
        }
    }
]
HTTP/1.1 200 OK
Content-Type: application/json
Matched-Stub-Id: 767ed2a1-d65f-498a-9e84-d458707c597f
Vary: Accept-Encoding, User-Agent
Content-Encoding: gzip
Transfer-Encoding: chunked

[
    {
        "Version": 1,
        "Key": "294021",
        "Type": "City",
        "Rank": 10,
        "LocalizedName": "Минск",
        "EnglishName": "Minsk",
        "Country": {
            "ID": "BY",
            "EnglishName": "Belarus"
        },
        "GeoPosition": {
            "Latitude": 53.9,
            "Longitude": 27.5667
        }
    }
]
HTTP/1.1 200 OK
Content-Type: application/json
Matched-Stub-Id: 767ed2a1-d65f-498a-9e84-d458707c597f
Vary: Accept-Encoding, User-Agent
Content-Encoding: gzip
Transfer-Encoding: chunked

[
    {
        "Version": 1,
        "Key": "294021",
        "Type": "City",
        "Rank": 10,
        "LocalizedName": "Минск",
        "EnglishName": "Minsk",
        "Country": {
            "ID": "BY",
            "EnglishName": "Belarus"
        },
        "GeoPosition": {
            "Latitude": 53.9,
            "Longitude": 27.5667
        }
    }
]
HTTP/1.1 200 OK
Content-Type: application/json
Matched-Stub-Id: 767ed2a1-d65f-498a-9e84-d458707c597f
Vary: Accept-Encoding, User-Agent
Content-Encoding: gzip
Transfer-Encoding: chunked

[
    {
        "Version": 1,
        "Key": "294021",
        "Type": "City",
        "Rank": 10,
        "LocalizedName": "Минск",
        "EnglishName": "Minsk",
        "Country": {
            "ID": "BY",
            "EnglishName": "Belarus"
        },
        "GeoPosition": {
            "Latitude": 53.9,
            "Longitude": 27.5667
        }
    }
]
HTTP/1.1 200 OK
Content-Type: application/json
Matched-Stub-Id: 767ed2a1-d65f-498a-9e84-d458707c597f
Vary: Accept-Encoding, User-Agent
Content-Encoding: gzip
Transfer-Encoding: chunked

[
    {
        "Version": 1,
        "Key": "294021",
        "Type": "City",
        "Rank": 10,
        "LocalizedName": "Минск",
        "EnglishName": "Minsk",
        "Country": {
            "ID": "BY",
            "EnglishName": "Belarus"
        },
        "GeoPosition": {
            "Latitude": 53.9,
            "Longitude": 27.5667
        }
    }
]
HTTP/1.1 200 OK
Content-Type: application/json
Matched-Stub-Id: 767ed2a1-d65f-498a-9e84-d458707c597f
Vary: Accept-Encoding, User-Agent
Content-Encoding: gzip
Transfer-Encoding: chunked

[
    {
        "Version": 1,
        "Key": "294021",
        "Type": "City",
        "Rank": 10,
        "LocalizedName": "Минск",
        "EnglishName": "Minsk",
        "Country": {
            "ID": "BY",
            "EnglishName": "Belarus"
        },
        "GeoPosition": {
            "Latitude": 53.9,
            "Longitude": 27.5667
        }
    }
]
HTTP/1.1 200 OK
Content-Type: application/json
Matched-Stub-Id: 767ed2a1-d65f-498a-9e84-d458707c597f
Vary: Accept-Encoding, User-Agent
Content-Encoding: gzip
Transfer-Encoding: chunked

[
    {
        "Version": 1,
        "Key": "294021",
        "Type": "City",
        "Rank": 10,
        "LocalizedName": "Минск",
        "EnglishName": "Minsk",
        "Country": {
            "ID": "BY",
            "EnglishName": "Belarus"
        },
        "GeoPosition": {
            "Latitude": 53.9,
            "Longitude": 27.5667
        }
    }
]
HTTP/1.1 200 OK
Content-Type: application/json
Matched-Stub-Id: 767ed2a1-d65f-498a-9e84-d458707c597f
Vary: Accept-Encoding, User-Agent
Content-Encoding: gzip
Transfer-Encoding: chunked

[
    {
        "Version": 1,
        "Key": "294021",
        "Type": "City",
        "Rank": 10,
        "LocalizedName": "Минск",
        "EnglishName": "Minsk",
        "Country": {
            "ID": "BY",
            "EnglishName": "Belarus"
        },
        "GeoPosition": {
            "Latitude": 53.9,
            "Longitude": 27.5667
        }
    }
]
HTTP/1.1 200 OK
Content-Type: application/json
Matched-Stub-Id: 767ed2a1-d65f-498a-9e84-d458707c597f
Vary: Accept-Encoding, User-Agent
Content-Encoding: gzip
Transfer-Encoding: chunked

[
    {
        "Version": 1,
        "Key": "294021",
        "Type": "City",
        "Rank": 10,
        "LocalizedName": "Минск",
        "EnglishName": "Minsk",
        "Country": {
            "ID": "BY",
            "EnglishName": "Belarus"
        },
        "GeoPosition": {
            "Latitude": 53.9,
            "Longitude": 27.5667
        }
    }
]
HTTP/1.1 200 OK
Content-Type: application/json
Matched-Stub-Id: 767ed2a1-d65f-498a-9e84-d458707c597f
Vary: Accept-Encoding, User-Agent
Content-Encoding: gzip
Transfer-Encoding: chunked

[
    {
        "Version": 1,
        "Key": "294021",
        "Type": "City",
        "Rank": 10,
        "LocalizedName": "Минск",
        "EnglishName": "Minsk",
        "Country": {
            "ID": "BY",
            "EnglishName": "Belarus"
        },
        "GeoPosition": {
            "Latitude": 53.9,
            "Longitude": 27.5667
        }
    }
]
HTTP/1.1 200 OK
Content-Type: application/json
Matched-Stub-Id: 767ed2a1-d65f-498a-9e84-d458707c597f
Vary: Accept-Encoding, User-Agent
Content-Encoding: gzip
Transfer-Encoding: chunked

[
    {
        "Version": 1,
        "Key": "294021",
        "Type": "City",
        "Rank": 10,
        "LocalizedName": "Минск",
        "EnglishName": "Minsk",
        "Country": {
            "ID": "BY",
            "EnglishName": "Belarus"
        },
        "GeoPosition": {
            "Latitude": 53.9,
            "Longitude": 27.5667
        }
    }
]
HTTP/1.1 200 OK
Content-Type: application/json
Matched-Stub-Id: 767ed2a1-d65f-498a-9e84-d458707c597f
Vary: Accept-Encoding, User-Agent
Content-Encoding: gzip
Transfer-Encoding: chunked

[
    {
        "Version": 1,
        "Key": "294021",
        "Type": "City",
        "Rank": 10,
        "LocalizedName": "Минск",
        "EnglishName": "Minsk",
        "Country": {
            "ID": "BY",
            "EnglishName": "Belarus"
        },
        "GeoPosition": {
            "Latitude": 53.9,
            "Longitude": 27.5667
        }
    }
]
HTTP/1.1 200 OK
Content-Type: application/json
Matched-Stub-Id: 767ed2a1-d65f-498a-9e84-d458707c597f
Vary: Accept-Encoding, User-Agent
Content-Encoding: gzip
Transfer-Encoding: chunked

[
    {
        "Version": 1,
        "Key": "294021",
        "Type": "City",
        "Rank": 10,
        "LocalizedName": "Минск",
        "EnglishName": "Minsk",
        "Country": {
            "ID": "BY",
            "EnglishName": "Belarus"
        },
        "GeoPosition": {
            "Latitude": 53.9,
            "Longitude": 27.5667
        }
    }
]
HTTP/1.1 200 OK
Content-Type: application/json
Matched-Stub-Id: 767ed2a1-d65f-498a-9e84-d458707c597f
Vary: Accept-Encoding, User-Agent
Content-Encoding: gzip
Transfer-Encoding: chunked

[
    {
        "Version": 1,
        "Key": "294021",
        "Type": "City",
        "Rank": 10,
        "LocalizedName": "Минск",
        "EnglishName": "Minsk",
        "Country": {
            "ID": "BY",
            "EnglishName": "Belarus"
        },
        "GeoPosition": {
            "Latitude": 53.9,
            "Longitude": 27.5667
        }
    }
]
HTTP/1.1 200 OK
Content-Type: application/json
Matched-Stub-Id: 767ed2a1-d65f-498a-9e84-d458707c597f
Vary: Accept-Encoding, User-Agent
Content-Encoding: gzip
Transfer-Encoding: chunked

[
    {
        "Version": 1,
        "Key": "294021",
        "Type": "City",
        "Rank": 10,
        "LocalizedName": "Минск",
        "EnglishName": "Minsk",
        "Country": {
            "ID": "BY",
            "EnglishName": "Belarus"
        },
        "GeoPosition": {
            "Latitude": 53.9,
            "Longitude": 27.5667
        }
    }
]
HTTP/1.1 200 OK
Content-Type: application/json
Matched-Stub-Id: 767ed2a1-d65f-498a-9e84-d458707c597f
Vary: Accept-Encoding, User-Agent
Content-Encoding: gzip
Transfer-Encoding: chunked

[
    {
        "Version": 1,
        "Key": "294021",
        "Type": "City",
        "Rank": 10,
        "LocalizedName": "Минск",
        "EnglishName": "Minsk",
        "Country": {
            "ID": "BY",
            "EnglishName": "Belarus"
        },
        "GeoPosition": {
            "Latitude": 53.9,
            "Longitude": 27.5667
        }
    }
]
HTTP/1.1 200 OK
Content-Type: application/json
Matched-Stub-Id: 767ed2a1-d65f-498a-9e84-d458707c597f
Vary: Accept-Encoding, User-Agent
Content-Encoding: gzip
Transfer-Encoding: chunked

[
    {
        "Version": 1,
        "Key": "294021",
        "Type": "City",
        "Rank": 10,
        "LocalizedName": "Минск",
        "EnglishName": "Minsk",
        "Country": {
            "ID": "BY",
            "EnglishName": "Belarus"
        },
        "GeoPosition": {
            "Latitude": 53.9,
            "Longitude": 27.5667
        }
    }
]
HTTP/1.1 200 OK
Content-Type: application/json
Matched-Stub-Id: 767ed2a1-d65f-498a-9e84-d458707c597f
Vary: Accept-Encoding, User-Agent
Content-Encoding: gzip
Transfer-Encoding: chunked

[
    {
        "Version": 1,
        "Key": "294021",
        "Type": "City",
        "Rank": 10,
        "LocalizedName": "Минск",
        "EnglishName": "Minsk",
        "Country": {
            "ID": "BY",
            "EnglishName": "Belarus"
        },
        "GeoPosition": {
            "Latitude": 53.9,
            "Longitude": 27.5667
        }
    }
]
]]></system-out>
  </testcase>
  <testcase name="conditionsTopCities_mock" classname="study.api.AccuWeatherMockTests" time="0.461">
    <system-out><![CDATA[Request method:	GET
Request URI:	http://localhost:54820/currentconditions/v1/topcities/50?apikey=TEST
Proxy:			<none>
Request params:	<none>
Query params:	apikey=TEST
Form params:	<none>
Path params:	<none>
Headers:		Accept=*/*
Cookies:		<none>
Multiparts:		<none>
Body:			<none>
Request method:	GET
Request URI:	http://localhost:54820/currentconditions/v1/topcities/50?apikey=TEST
Proxy:			<none>
Request params:	<none>
Query params:	apikey=TEST
Form params:	<none>
Path params:	<none>
Headers:		Accept=*/*
Cookies:		<none>
Multiparts:		<none>
Body:			<none>
Request method:	GET
Request URI:	http://localhost:54820/currentconditions/v1/topcities/50?apikey=TEST
Proxy:			<none>
Request params:	<none>
Query params:	apikey=TEST
Form params:	<none>
Path params:	<none>
Headers:		Accept=*/*
Cookies:		<none>
Multiparts:		<none>
Body:			<none>
Request method:	GET
Request URI:	http://localhost:54820/currentconditions/v1/topcities/50?apikey=TEST
Proxy:			<none>
Request params:	<none>
Query params:	apikey=TEST
Form params:	<none>
Path params:	<none>
Headers:		Accept=*/*
Cookies:		<none>
Multiparts:		<none>
Body:			<none>
Request method:	GET
Request URI:	http://localhost:54820/currentconditions/v1/topcities/50?apikey=TEST
Proxy:			<none>
Request params:	<none>
Query params:	apikey=TEST
Form params:	<none>
Path params:	<none>
Headers:		Accept=*/*
Cookies:		<none>
Multiparts:		<none>
Body:			<none>
Request method:	GET
Request URI:	http://localhost:54820/currentconditions/v1/topcities/50?apikey=TEST
Proxy:			<none>
Request params:	<none>
Query params:	apikey=TEST
Form params:	<none>
Path params:	<none>
Headers:		Accept=*/*
Cookies:		<none>
Multiparts:		<none>
Body:			<none>
Request method:	GET
Request URI:	http://localhost:54820/currentconditions/v1/topcities/50?apikey=TEST
Proxy:			<none>
Request params:	<none>
Query params:	apikey=TEST
Form params:	<none>
Path params:	<none>
Headers:		Accept=*/*
Cookies:		<none>
Multiparts:		<none>
Body:			<none>
Request method:	GET
Request URI:	http://localhost:54820/currentconditions/v1/topcities/50?apikey=TEST
Proxy:			<none>
Request params:	<none>
Query params:	apikey=TEST
Form params:	<none>
Path params:	<none>
Headers:		Accept=*/*
Cookies:		<none>
Multiparts:		<none>
Body:			<none>
Request method:	GET
Request URI:	http://localhost:54820/currentconditions/v1/topcities/50?apikey=TEST
Proxy:			<none>
Request params:	<none>
Query params:	apikey=TEST
Form params:	<none>
Path params:	<none>
Headers:		Accept=*/*
Cookies:		<none>
Multiparts:		<none>
Body:			<none>
Request method:	GET
Request URI:	http://localhost:54820/currentconditions/v1/topcities/50?apikey=TEST
Proxy:			<none>
Request params:	<none>
Query params:	apikey=TEST
Form params:	<none>
Path params:	<none>
Headers:		Accept=*/*
Cookies:		<none>
Multiparts:		<none>
Body:			<none>
Request method:	GET
Request URI:	http://localhost:54820/currentconditions/v1/topcities/50?apikey=TEST
Proxy:			<none>
Request params:	<none>
Query params:	apikey=TEST
Form params:	<none>
Path params:	<none>
Headers:		Accept=*/*
Cookies:		<none>
Multiparts:		<none>
Body:			<none>
Request method:	GET
Request URI:	http://localhost:54820/currentconditions/v1/topcities/50?apikey=TEST
Proxy:			<none>
Request params:	<none>
Query params:	apikey=TEST
Form params:	<none>
Path params:	<none>
Headers:		Accept=*/*
Cookies:		<none>
Multiparts:		<none>
Body:			<none>
Request method:	GET
Request URI:	http://localhost:54820/currentconditions/v1/topcities/50?apikey=TEST
Proxy:			<none>
Request params:	<none>
Query params:	apikey=TEST
Form params:	<none>
Path params:	<none>
Headers:		Accept=*/*
Cookies:		<none>
Multiparts:		<none>
Body:			<none>
Request method:	GET
Request URI:	http://localhost:54820/currentconditions/v1/topcities/50?apikey=TEST
Proxy:			<none>
Request params:	<none>
Query params:	apikey=TEST
Form params:	<none>
Path params:	<none>
Headers:		Accept=*/*
Cookies:		<none>
Multiparts:		<none>
Body:			<none>
Request method:	GET
Request URI:	http://localhost:54820/currentconditions/v1/topcities/50?apikey=TEST
Proxy:			<none>
Request params:	<none>
Query params:	apikey=TEST
Form params:	<none>
Path params:	<none>
Headers:		Accept=*/*
Cookies:		<none>
Multiparts:		<none>
Body:			<none>
Request method:	GET
Request URI:	http://localhost:54820/currentconditions/v1/topcities/50?apikey=TEST
Proxy:			<none>
Request params:	<none>
Query params:	apikey=TEST
Form params:	<none>
Path params:	<none>
Headers:		Accept=*/*
Cookies:		<none>
Multiparts:		<none>
Body:			<none>
Request method:	GET
Request URI:	http://localhost:54820/currentconditions/v1/topcities/50?apikey=TEST
Proxy:			<none>
Request params:	<none>
Query params:	apikey=TEST
Form params:	<none>
Path params:	<none>
Headers:		Accept=*/*
Cookies:		<none>
Multiparts:		<none>
Body:			<none>
Request method:	GET
Request URI:	http://localhost:54820/currentconditions/v1/topcities/50?apikey=TEST
Proxy:			<none>
Request params:	<none>
Query params:	apikey=TEST
Form params:	<none>
Path params:	<none>
Headers:		Accept=*/*
Cookies:		<none>
Multiparts:		<none>
Body:			<none>
Request method:	GET
Request URI:	http://localhost:54820/currentconditions/v1/topcities/50?apikey=TEST
Proxy:			<none>
Request params:	<none>
Query params:	apikey=TEST
Form params:	<none>
Path params:	<none>
Headers:		Accept=*/*
Cookies:		<none>
Multiparts:		<none>
Body:			<none>
Request method:	GET
Request URI:	http://localhost:54820/currentconditions/v1/topcities/50?apikey=TEST
Proxy:			<none>
Request params:	<none>
Query params:	apikey=TEST
Form params:	<none>
Path params:	<none>
Headers:		Accept=*/*
Cookies:		<none>
Multiparts:		<none>
Body:			<none>
Request method:	GET
Request URI:	http://localhost:54820/currentconditions/v1/topcities/50?apikey=TEST
Proxy:			<none>
Request params:	<none>
Query params:	apikey=TEST
Form params:	<none>
Path params:	<none>
Headers:		Accept=*/*
Cookies:		<none>
Multiparts:		<none>
Body:			<none>
Request method:	GET
Request URI:	http://localhost:54820/currentconditions/v1/topcities/50?apikey=TEST
Proxy:			<none>
Request params:	<none>
Query params:	apikey=TEST
Form params:	<none>
Path params:	<none>
Headers:		Accept=*/*
Cookies:		<none>
Multiparts:		<none>
Body:			<none>
HTTP/1.1 200 OK
Content-Type: application/json
Matched-Stub-Id: 5cb6939c-d6c0-4a30-8061-b5f2e649af3c
Vary: Accept-Encoding, User-Agent
Content-Encoding: gzip
Transfer-Encoding: chunked

[
    {
        "Key": "349727",
        "WeatherText": "Sunny",
        "Temperature": {
            "Metric": {
                "Value": 25,
                "Unit": "C"
            }
        }
    },
    {
        "Key": "328328",
        "WeatherText": "Cloudy",
        "Temperature": {
            "Metric": {
                "Value": 16,
                "Unit": "C"
            }
        }
    }
]
HTTP/1.1 200 OK
Content-Type: application/json
Matched-Stub-Id: 5cb6939c-d6c0-4a30-8061-b5f2e649af3c
Vary: Accept-Encoding, User-Agent
Content-Encoding: gzip
Transfer-Encoding: chunked

[
    {
        "Key": "349727",
        "WeatherText": "Sunny",
        "Temperature": {
            "Metric": {
                "Value": 25,
                "Unit": "C"
            }
        }
    },
    {
        "Key": "328328",
        "WeatherText": "Cloudy",
        "Temperature": {
            "Metric": {
                "Value": 16,
                "Unit": "C"
            }
        }
    }
]
HTTP/1.1 200 OK
Content-Type: application/json
Matched-Stub-Id: 5cb6939c-d6c0-4a30-8061-b5f2e649af3c
Vary: Accept-Encoding, User-Agent
Content-Encoding: gzip
Transfer-Encoding: chunked

[
    {
        "Key": "349727",
        "WeatherText": "Sunny",
        "Temperature": {
            "Metric": {
                "Value": 25,
                "Unit": "C"
            }
        }
    },
    {
        "Key": "328328",
        "WeatherText": "Cloudy",
        "Temperature": {
            "Metric": {
                "Value": 16,
                "Unit": "C"
            }
        }
    }
]
HTTP/1.1 200 OK
Content-Type: application/json
Matched-Stub-Id: 5cb6939c-d6c0-4a30-8061-b5f2e649af3c
Vary: Accept-Encoding, User-Agent
Content-Encoding: gzip
Transfer-Encoding: chunked

[
    {
        "Key": "349727",
        "WeatherText": "Sunny",
        "Temperature": {
            "Metric": {
                "Value": 25,
                "Unit": "C"
            }
        }
    },
    {
        "Key": "328328",
        "WeatherText": "Cloudy",
        "Temperature": {
            "Metric": {
                "Value": 16,
                "Unit": "C"
            }
        }
    }
]
HTTP/1.1 200 OK
Content-Type: application/json
Matched-Stub-Id: 5cb6939c-d6c0-4a30-8061-b5f2e649af3c
Vary: Accept-Encoding, User-Agent
Content-Encoding: gzip
Transfer-Encoding: chunked

[
    {
        "Key": "349727",
        "WeatherText": "Sunny",
        "Temperature": {
            "Metric": {
                "Value": 25,
                "Unit": "C"
            }
        }
    },
    {
        "Key": "328328",
        "WeatherText": "Cloudy",
        "Temperature": {
            "Metric": {
                "Value": 16,
                "Unit": "C"
            }
        }
    }
]
HTTP/1.1 200 OK
Content-Type: application/json
Matched-Stub-Id: 5cb6939c-d6c0-4a30-8061-b5f2e649af3c
Vary: Accept-Encoding, User-Agent
Content-Encoding: gzip
Transfer-Encoding: chunked

[
    {
        "Key": "349727",
        "WeatherText": "Sunny",
        "Temperature": {
            "Metric": {
                "Value": 25,
                "Unit": "C"
            }
        }
    },
    {
        "Key": "328328",
        "WeatherText": "Cloudy",
        "Temperature": {
            "Metric": {
                "Value": 16,
                "Unit": "C"
            }
        }
    }
]
HTTP/1.1 200 OK
Content-Type: application/json
Matched-Stub-Id: 5cb6939c-d6c0-4a30-8061-b5f2e649af3c
Vary: Accept-Encoding, User-Agent
Content-Encoding: gzip
Transfer-Encoding: chunked

[
    {
        "Key": "349727",
        "WeatherText": "Sunny",
        "Temperature": {
            "Metric": {
                "Value": 25,
                "Unit": "C"
            }
        }
    },
    {
        "Key": "328328",
        "WeatherText": "Cloudy",
        "Temperature": {
            "Metric": {
                "Value": 16,
                "Unit": "C"
            }
        }
    }
]
HTTP/1.1 200 OK
Content-Type: application/json
Matched-Stub-Id: 5cb6939c-d6c0-4a30-8061-b5f2e649af3c
Vary: Accept-Encoding, User-Agent
Content-Encoding: gzip
Transfer-Encoding: chunked

[
    {
        "Key": "349727",
        "WeatherText": "Sunny",
        "Temperature": {
            "Metric": {
                "Value": 25,
                "Unit": "C"
            }
        }
    },
    {
        "Key": "328328",
        "WeatherText": "Cloudy",
        "Temperature": {
            "Metric": {
                "Value": 16,
                "Unit": "C"
            }
        }
    }
]
HTTP/1.1 200 OK
Content-Type: application/json
Matched-Stub-Id: 5cb6939c-d6c0-4a30-8061-b5f2e649af3c
Vary: Accept-Encoding, User-Agent
Content-Encoding: gzip
Transfer-Encoding: chunked

[
    {
        "Key": "349727",
        "WeatherText": "Sunny",
        "Temperature": {
            "Metric": {
                "Value": 25,
                "Unit": "C"
            }
        }
    },
    {
        "Key": "328328",
        "WeatherText": "Cloudy",
        "Temperature": {
            "Metric": {
                "Value": 16,
                "Unit": "C"
            }
        }
    }
]
HTTP/1.1 200 OK
Content-Type: application/json
Matched-Stub-Id: 5cb6939c-d6c0-4a30-8061-b5f2e649af3c
Vary: Accept-Encoding, User-Agent
Content-Encoding: gzip
Transfer-Encoding: chunked

[
    {
        "Key": "349727",
        "WeatherText": "Sunny",
        "Temperature": {
            "Metric": {
                "Value": 25,
                "Unit": "C"
            }
        }
    },
    {
        "Key": "328328",
        "WeatherText": "Cloudy",
        "Temperature": {
            "Metric": {
                "Value": 16,
                "Unit": "C"
            }
        }
    }
]
HTTP/1.1 200 OK
Content-Type: application/json
Matched-Stub-Id: 5cb6939c-d6c0-4a30-8061-b5f2e649af3c
Vary: Accept-Encoding, User-Agent
Content-Encoding: gzip
Transfer-Encoding: chunked

[
    {
        "Key": "349727",
        "WeatherText": "Sunny",
        "Temperature": {
            "Metric": {
                "Value": 25,
                "Unit": "C"
            }
        }
    },
    {
        "Key": "328328",
        "WeatherText": "Cloudy",
        "Temperature": {
            "Metric": {
                "Value": 16,
                "Unit": "C"
            }
        }
    }
]
HTTP/1.1 200 OK
Content-Type: application/json
Matched-Stub-Id: 5cb6939c-d6c0-4a30-8061-b5f2e649af3c
Vary: Accept-Encoding, User-Agent
Content-Encoding: gzip
Transfer-Encoding: chunked

[
    {
        "Key": "349727",
        "WeatherText": "Sunny",
        "Temperature": {
            "Metric": {
                "Value": 25,
                "Unit": "C"
            }
        }
    },
    {
        "Key": "328328",
        "WeatherText": "Cloudy",
        "Temperature": {
            "Metric": {
                "Value": 16,
                "Unit": "C"
            }
        }
    }
]
HTTP/1.1 200 OK
Content-Type: application/json
Matched-Stub-Id: 5cb6939c-d6c0-4a30-8061-b5f2e649af3c
Vary: Accept-Encoding, User-Agent
Content-Encoding: gzip
Transfer-Encoding: chunked

[
    {
        "Key": "349727",
        "WeatherText": "Sunny",
        "Temperature": {
            "Metric": {
                "Value": 25,
                "Unit": "C"
            }
        }
    },
    {
        "Key": "328328",
        "WeatherText": "Cloudy",
        "Temperature": {
            "Metric": {
                "Value": 16,
                "Unit": "C"
            }
        }
    }
]
HTTP/1.1 200 OK
Content-Type: application/json
Matched-Stub-Id: 5cb6939c-d6c0-4a30-8061-b5f2e649af3c
Vary: Accept-Encoding, User-Agent
Content-Encoding: gzip
Transfer-Encoding: chunked

[
    {
        "Key": "349727",
        "WeatherText": "Sunny",
        "Temperature": {
            "Metric": {
                "Value": 25,
                "Unit": "C"
            }
        }
    },
    {
        "Key": "328328",
        "WeatherText": "Cloudy",
        "Temperature": {
            "Metric": {
                "Value": 16,
                "Unit": "C"
            }
        }
    }
]
HTTP/1.1 200 OK
Content-Type: application/json
Matched-Stub-Id: 5cb6939c-d6c0-4a30-8061-b5f2e649af3c
Vary: Accept-Encoding, User-Agent
Content-Encoding: gzip
Transfer-Encoding: chunked

[
    {
        "Key": "349727",
        "WeatherText": "Sunny",
        "Temperature": {
            "Metric": {
                "Value": 25,
                "Unit": "C"
            }
        }
    },
    {
        "Key": "328328",
        "WeatherText": "Cloudy",
        "Temperature": {
            "Metric": {
                "Value": 16,
                "Unit": "C"
            }
        }
    }
]
HTTP/1.1 200 OK
Content-Type: application/json
Matched-Stub-Id: 5cb6939c-d6c0-4a30-8061-b5f2e649af3c
Vary: Accept-Encoding, User-Agent
Content-Encoding: gzip
Transfer-Encoding: chunked

[
    {
        "Key": "349727",
        "WeatherText": "Sunny",
        "Temperature": {
            "Metric": {
                "Value": 25,
                "Unit": "C"
            }
        }
    },
    {
        "Key": "328328",
        "WeatherText": "Cloudy",
        "Temperature": {
            "Metric": {
                "Value": 16,
                "Unit": "C"
            }
        }
    }
]
HTTP/1.1 200 OK
Content-Type: application/json
Matched-Stub-Id: 5cb6939c-d6c0-4a30-8061-b5f2e649af3c
Vary: Accept-Encoding, User-Agent
Content-Encoding: gzip
Transfer-Encoding: chunked

[
    {
        "Key": "349727",
        "WeatherText": "Sunny",
        "Temperature": {
            "Metric": {
                "Value": 25,
                "Unit": "C"
            }
        }
    },
    {
        "Key": "328328",
        "WeatherText": "Cloudy",
        "Temperature": {
            "Metric": {
                "Value": 16,
                "Unit": "C"
            }
        }
    }
]
HTTP/1.1 200 OK
Content-Type: application/json
Matched-Stub-Id: 5cb6939c-d6c0-4a30-8061-b5f2e649af3c
Vary: Accept-Encoding, User-Agent
Content-Encoding: gzip
Transfer-Encoding: chunked

[
    {
        "Key": "349727",
        "WeatherText": "Sunny",
        "Temperature": {
            "Metric": {
                "Value": 25,
                "Unit": "C"
            }
        }
    },
    {
        "Key": "328328",
        "WeatherText": "Cloudy",
        "Temperature": {
            "Metric": {
                "Value": 16,
                "Unit": "C"
            }
        }
    }
]
HTTP/1.1 200 OK
Content-Type: application/json
Matched-Stub-Id: 5cb6939c-d6c0-4a30-8061-b5f2e649af3c
Vary: Accept-Encoding, User-Agent
Content-Encoding: gzip
Transfer-Encoding: chunked

[
    {
        "Key": "349727",
        "WeatherText": "Sunny",
        "Temperature": {
            "Metric": {
                "Value": 25,
                "Unit": "C"
            }
        }
    },
    {
        "Key": "328328",
        "WeatherText": "Cloudy",
        "Temperature": {
            "Metric": {
                "Value": 16,
                "Unit": "C"
            }
        }
    }
]
HTTP/1.1 200 OK
Content-Type: application/json
Matched-Stub-Id: 5cb6939c-d6c0-4a30-8061-b5f2e649af3c
Vary: Accept-Encoding, User-Agent
Content-Encoding: gzip
Transfer-Encoding: chunked

[
    {
        "Key": "349727",
        "WeatherText": "Sunny",
        "Temperature": {
            "Metric": {
                "Value": 25,
                "Unit": "C"
            }
        }
    },
    {
        "Key": "328328",
        "WeatherText": "Cloudy",
        "Temperature": {
            "Metric": {
                "Value": 16,
                "Unit": "C"
            }
        }
    }
]
HTTP/1.1 200 OK
Content-Type: application/json
Matched-Stub-Id: 5cb6939c-d6c0-4a30-8061-b5f2e649af3c
Vary: Accept-Encoding, User-Agent
Content-Encoding: gzip
Transfer-Encoding: chunked

[
    {
        "Key": "349727",
        "WeatherText": "Sunny",
        "Temperature": {
            "Metric": {
                "Value": 25,
                "Unit": "C"
            }
        }
    },
    {
        "Key": "328328",
        "WeatherText": "Cloudy",
        "Temperature": {
            "Metric": {
                "Value": 16,
                "Unit": "C"
            }
        }
    }
]
HTTP/1.1 200 OK
Content-Type: application/json
Matched-Stub-Id: 5cb6939c-d6c0-4a30-8061-b5f2e649af3c
Vary: Accept-Encoding, User-Agent
Content-Encoding: gzip
Transfer-Encoding: chunked

[
    {
        "Key": "349727",
        "WeatherText": "Sunny",
        "Temperature": {
            "Metric": {
                "Value": 25,
                "Unit": "C"
            }
        }
    },
    {
        "Key": "328328",
        "WeatherText": "Cloudy",
        "Temperature": {
            "Metric": {
                "Value": 16,
                "Unit": "C"
            }
        }
    }
]
]]></system-out>
  </testcase>
  <testcase name="forecast1day_mock" classname="study.api.AccuWeatherMockTests" time="0.054">
    <system-out><![CDATA[Request method:	GET
Request URI:	http://localhost:54820/forecasts/v1/daily/1day/294021?apikey=TEST&language=ru-ru&metric=true
Proxy:			<none>
Request params:	<none>
Query params:	apikey=TEST
				language=ru-ru
				metric=true
Form params:	<none>
Path params:	<none>
Headers:		Accept=*/*
Cookies:		<none>
Multiparts:		<none>
Body:			<none>
Request method:	GET
Request URI:	http://localhost:54820/forecasts/v1/daily/1day/294021?apikey=TEST&language=ru-ru&metric=true
Proxy:			<none>
Request params:	<none>
Query params:	apikey=TEST
				language=ru-ru
				metric=true
Form params:	<none>
Path params:	<none>
Headers:		Accept=*/*
Cookies:		<none>
Multiparts:		<none>
Body:			<none>
Request method:	GET
Request URI:	http://localhost:54820/forecasts/v1/daily/1day/294021?apikey=TEST&language=ru-ru&metric=true
Proxy:			<none>
Request params:	<none>
Query params:	apikey=TEST
				language=ru-ru
				metric=true
Form params:	<none>
Path params:	<none>
Headers:		Accept=*/*
Cookies:		<none>
Multiparts:		<none>
Body:			<none>
Request method:	GET
Request URI:	http://localhost:54820/forecasts/v1/daily/1day/294021?apikey=TEST&language=ru-ru&metric=true
Proxy:			<none>
Request params:	<none>
Query params:	apikey=TEST
				language=ru-ru
				metric=true
Form params:	<none>
Path params:	<none>
Headers:		Accept=*/*
Cookies:		<none>
Multiparts:		<none>
Body:			<none>
Request method:	GET
Request URI:	http://localhost:54820/forecasts/v1/daily/1day/294021?apikey=TEST&language=ru-ru&metric=true
Proxy:			<none>
Request params:	<none>
Query params:	apikey=TEST
				language=ru-ru
				metric=true
Form params:	<none>
Path params:	<none>
Headers:		Accept=*/*
Cookies:		<none>
Multiparts:		<none>
Body:			<none>
Request method:	GET
Request URI:	http://localhost:54820/forecasts/v1/daily/1day/294021?apikey=TEST&language=ru-ru&metric=true
Proxy:			<none>
Request params:	<none>
Query params:	apikey=TEST
				language=ru-ru
				metric=true
Form params:	<none>
Path params:	<none>
Headers:		Accept=*/*
Cookies:		<none>
Multiparts:		<none>
Body:			<none>
Request method:	GET
Request URI:	http://localhost:54820/forecasts/v1/daily/1day/294021?apikey=TEST&language=ru-ru&metric=true
Proxy:			<none>
Request params:	<none>
Query params:	apikey=TEST
				language=ru-ru
				metric=true
Form params:	<none>
Path params:	<none>
Headers:		Accept=*/*
Cookies:		<none>
Multiparts:		<none>
Body:			<none>
Request method:	GET
Request URI:	http://localhost:54820/forecasts/v1/daily/1day/294021?apikey=TEST&language=ru-ru&metric=true
Proxy:			<none>
Request params:	<none>
Query params:	apikey=TEST
				language=ru-ru
				metric=true
Form params:	<none>
Path params:	<none>
Headers:		Accept=*/*
Cookies:		<none>
Multiparts:		<none>
Body:			<none>
Request method:	GET
Request URI:	http://localhost:54820/forecasts/v1/daily/1day/294021?apikey=TEST&language=ru-ru&metric=true
Proxy:			<none>
Request params:	<none>
Query params:	apikey=TEST
				language=ru-ru
				metric=true
Form params:	<none>
Path params:	<none>
Headers:		Accept=*/*
Cookies:		<none>
Multiparts:		<none>
Body:			<none>
Request method:	GET
Request URI:	http://localhost:54820/forecasts/v1/daily/1day/294021?apikey=TEST&language=ru-ru&metric=true
Proxy:			<none>
Request params:	<none>
Query params:	apikey=TEST
				language=ru-ru
				metric=true
Form params:	<none>
Path params:	<none>
Headers:		Accept=*/*
Cookies:		<none>
Multiparts:		<none>
Body:			<none>
Request method:	GET
Request URI:	http://localhost:54820/forecasts/v1/daily/1day/294021?apikey=TEST&language=ru-ru&metric=true
Proxy:			<none>
Request params:	<none>
Query params:	apikey=TEST
				language=ru-ru
				metric=true
Form params:	<none>
Path params:	<none>
Headers:		Accept=*/*
Cookies:		<none>
Multiparts:		<none>
Body:			<none>
Request method:	GET
Request URI:	http://localhost:54820/forecasts/v1/daily/1day/294021?apikey=TEST&language=ru-ru&metric=true
Proxy:			<none>
Request params:	<none>
Query params:	apikey=TEST
				language=ru-ru
				metric=true
Form params:	<none>
Path params:	<none>
Headers:		Accept=*/*
Cookies:		<none>
Multiparts:		<none>
Body:			<none>
Request method:	GET
Request URI:	http://localhost:54820/forecasts/v1/daily/1day/294021?apikey=TEST&language=ru-ru&metric=true
Proxy:			<none>
Request params:	<none>
Query params:	apikey=TEST
				language=ru-ru
				metric=true
Form params:	<none>
Path params:	<none>
Headers:		Accept=*/*
Cookies:		<none>
Multiparts:		<none>
Body:			<none>
Request method:	GET
Request URI:	http://localhost:54820/forecasts/v1/daily/1day/294021?apikey=TEST&language=ru-ru&metric=true
Proxy:			<none>
Request params:	<none>
Query params:	apikey=TEST
				language=ru-ru
				metric=true
Form params:	<none>
Path params:	<none>
Headers:		Accept=*/*
Cookies:		<none>
Multiparts:		<none>
Body:			<none>
Request method:	GET
Request URI:	http://localhost:54820/forecasts/v1/daily/1day/294021?apikey=TEST&language=ru-ru&metric=true
Proxy:			<none>
Request params:	<none>
Query params:	apikey=TEST
				language=ru-ru
				metric=true
Form params:	<none>
Path params:	<none>
Headers:		Accept=*/*
Cookies:		<none>
Multiparts:		<none>
Body:			<none>
Request method:	GET
Request URI:	http://localhost:54820/forecasts/v1/daily/1day/294021?apikey=TEST&language=ru-ru&metric=true
Proxy:			<none>
Request params:	<none>
Query params:	apikey=TEST
				language=ru-ru
				metric=true
Form params:	<none>
Path params:	<none>
Headers:		Accept=*/*
Cookies:		<none>
Multiparts:		<none>
Body:			<none>
Request method:	GET
Request URI:	http://localhost:54820/forecasts/v1/daily/1day/294021?apikey=TEST&language=ru-ru&metric=true
Proxy:			<none>
Request params:	<none>
Query params:	apikey=TEST
				language=ru-ru
				metric=true
Form params:	<none>
Path params:	<none>
Headers:		Accept=*/*
Cookies:		<none>
Multiparts:		<none>
Body:			<none>
Request method:	GET
Request URI:	http://localhost:54820/forecasts/v1/daily/1day/294021?apikey=TEST&language=ru-ru&metric=true
Proxy:			<none>
Request params:	<none>
Query params:	apikey=TEST
				language=ru-ru
				metric=true
Form params:	<none>
Path params:	<none>
Headers:		Accept=*/*
Cookies:		<none>
Multiparts:		<none>
Body:			<none>
Request method:	GET
Request URI:	http://localhost:54820/forecasts/v1/daily/1day/294021?apikey=TEST&language=ru-ru&metric=true
Proxy:			<none>
Request params:	<none>
Query params:	apikey=TEST
				language=ru-ru
				metric=true
Form params:	<none>
Path params:	<none>
Headers:		Accept=*/*
Cookies:		<none>
Multiparts:		<none>
Body:			<none>
Request method:	GET
Request URI:	http://localhost:54820/forecasts/v1/daily/1day/294021?apikey=TEST&language=ru-ru&metric=true
Proxy:			<none>
Request params:	<none>
Query params:	apikey=TEST
				language=ru-ru
				metric=true
Form params:	<none>
Path params:	<none>
Headers:		Accept=*/*
Cookies:		<none>
Multiparts:		<none>
Body:			<none>
Request method:	GET
Request URI:	http://localhost:54820/forecasts/v1/daily/1day/294021?apikey=TEST&language=ru-ru&metric=true
Proxy:			<none>
Request params:	<none>
Query params:	apikey=TEST
				language=ru-ru
				metric=true
Form params:	<none>
Path params:	<none>
Headers:		Accept=*/*
Cookies:		<none>
Multiparts:		<none>
Body:			<none>
Request method:	GET
Request URI:	http://localhost:54820/forecasts/v1/daily/1day/294021?apikey=TEST&language=ru-ru&metric=true
Proxy:			<none>
Request params:	<none>
Query params:	apikey=TEST
				language=ru-ru
				metric=true
Form params:	<none>
Path params:	<none>
Headers:		Accept=*/*
Cookies:		<none>
Multiparts:		<none>
Body:			<none>
Request method:	GET
Request URI:	http://localhost:54820/forecasts/v1/daily/1day/294021?apikey=TEST&language=ru-ru&metric=true
Proxy:			<none>
Request params:	<none>
Query params:	apikey=TEST
				language=ru-ru
				metric=true
Form params:	<none>
Path params:	<none>
Headers:		Accept=*/*
Cookies:		<none>
Multiparts:		<none>
Body:			<none>
HTTP/1.1 200 OK
Content-Type: application/json
Matched-Stub-Id: 1ab60c7c-ae09-4f18-93e1-b74a743430f4
Vary: Accept-Encoding, User-Agent
Content-Encoding: gzip
Transfer-Encoding: chunked

{
    "Headline": {
        "Text": "Облачно с прояснениями"
    },
    "DailyForecasts": [
        {
            "Date": "2024-01-01T07:00:00+03:00",
            "Temperature": {
                "Minimum": {
                    "Value": -3,
                    "Unit": "C"
                },
                "Maximum": {
                    "Value": 1,
                    "Unit": "C"
                }
            },
            "Day": {
                "IconPhrase": "Облачно"
            },
            "Night": {
                "IconPhrase": "Снег"
            }
        }
    ]
}
HTTP/1.1 200 OK
Content-Type: application/json
Matched-Stub-Id: 1ab60c7c-ae09-4f18-93e1-b74a743430f4
Vary: Accept-Encoding, User-Agent
Content-Encoding: gzip
Transfer-Encoding: chunked

{
    "Headline": {
        "Text": "Облачно с прояснениями"
    },
    "DailyForecasts": [
        {
            "Date": "2024-01-01T07:00:00+03:00",
            "Temperature": {
                "Minimum": {
                    "Value": -3,
                    "Unit": "C"
                },
                "Maximum": {
                    "Value": 1,
                    "Unit": "C"
                }
            },
            "Day": {
                "IconPhrase": "Облачно"
            },
            "Night": {
                "IconPhrase": "Снег"
            }
        }
    ]
}
HTTP/1.1 200 OK
Content-Type: application/json
Matched-Stub-Id: 1ab60c7c-ae09-4f18-93e1-b74a743430f4
Vary: Accept-Encoding, User-Agent
Content-Encoding: gzip
Transfer-Encoding: chunked

{
    "Headline": {
        "Text": "Облачно с прояснениями"
    },
    "DailyForecasts": [
        {
            "Date": "2024-01-01T07:00:00+03:00",
            "Temperature": {
                "Minimum": {
                    "Value": -3,
                    "Unit": "C"
                },
                "Maximum": {
                    "Value": 1,
                    "Unit": "C"
                }
            },
            "Day": {
                "IconPhrase": "Облачно"
            },
            "Night": {
                "IconPhrase": "Снег"
            }
        }
    ]
}
HTTP/1.1 200 OK
Content-Type: application/json
Matched-Stub-Id: 1ab60c7c-ae09-4f18-93e1-b74a743430f4
Vary: Accept-Encoding, User-Agent
Content-Encoding: gzip
Transfer-Encoding: chunked

{
    "Headline": {
        "Text": "Облачно с прояснениями"
    },
    "DailyForecasts": [
        {
            "Date": "2024-01-01T07:00:00+03:00",
            "Temperature": {
                "Minimum": {
                    "Value": -3,
                    "Unit": "C"
                },
                "Maximum": {
                    "Value": 1,
                    "Unit": "C"
                }
            },
            "Day": {
                "IconPhrase": "Облачно"
            },
            "Night": {
                "IconPhrase": "Снег"
            }
        }
    ]
}
HTTP/1.1 200 OK
Content-Type: application/json
Matched-Stub-Id: 1ab60c7c-ae09-4f18-93e1-b74a743430f4
Vary: Accept-Encoding, User-Agent
Content-Encoding: gzip
Transfer-Encoding: chunked

{
    "Headline": {
        "Text": "Облачно с прояснениями"
    },
    "DailyForecasts": [
        {
            "Date": "2024-01-01T07:00:00+03:00",
            "Temperature": {
                "Minimum": {
                    "Value": -3,
                    "Unit": "C"
                },
                "Maximum": {
                    "Value": 1,
                    "Unit": "C"
                }
            },
            "Day": {
                "IconPhrase": "Облачно"
            },
            "Night": {
                "IconPhrase": "Снег"
            }
        }
    ]
}
HTTP/1.1 200 OK
Content-Type: application/json
Matched-Stub-Id: 1ab60c7c-ae09-4f18-93e1-b74a743430f4
Vary: Accept-Encoding, User-Agent
Content-Encoding: gzip
Transfer-Encoding: chunked

{
    "Headline": {
        "Text": "Облачно с прояснениями"
    },
    "DailyForecasts": [
        {
            "Date": "2024-01-01T07:00:00+03:00",
            "Temperature": {
                "Minimum": {
                    "Value": -3,
                    "Unit": "C"
                },
                "Maximum": {
                    "Value": 1,
                    "Unit": "C"
                }
            },
            "Day": {
                "IconPhrase": "Облачно"
            },
            "Night": {
                "IconPhrase": "Снег"
            }
        }
    ]
}
HTTP/1.1 200 OK
Content-Type: application/json
Matched-Stub-Id: 1ab60c7c-ae09-4f18-93e1-b74a743430f4
Vary: Accept-Encoding, User-Agent
Content-Encoding: gzip
Transfer-Encoding: chunked

{
    "Headline": {
        "Text": "Облачно с прояснениями"
    },
    "DailyForecasts": [
        {
            "Date": "2024-01-01T07:00:00+03:00",
            "Temperature": {
                "Minimum": {
                    "Value": -3,
                    "Unit": "C"
                },
                "Maximum": {
                    "Value": 1,
                    "Unit": "C"
                }
            },
            "Day": {
                "IconPhrase": "Облачно"
            },
            "Night": {
                "IconPhrase": "Снег"
            }
        }
    ]
}
HTTP/1.1 200 OK
Content-Type: application/json
Matched-Stub-Id: 1ab60c7c-ae09-4f18-93e1-b74a743430f4
Vary: Accept-Encoding, User-Agent
Content-Encoding: gzip
Transfer-Encoding: chunked

{
    "Headline": {
        "Text": "Облачно с прояснениями"
    },
    "DailyForecasts": [
        {
            "Date": "2024-01-01T07:00:00+03:00",
            "Temperature": {
                "Minimum": {
                    "Value": -3,
                    "Unit": "C"
                },
                "Maximum": {
                    "Value": 1,
                    "Unit": "C"
                }
            },
            "Day": {
                "IconPhrase": "Облачно"
            },
            "Night": {
                "IconPhrase": "Снег"
            }
        }
    ]
}
HTTP/1.1 200 OK
Content-Type: application/json
Matched-Stub-Id: 1ab60c7c-ae09-4f18-93e1-b74a743430f4
Vary: Accept-Encoding, User-Agent
Content-Encoding: gzip
Transfer-Encoding: chunked

{
    "Headline": {
        "Text": "Облачно с прояснениями"
    },
    "DailyForecasts": [
        {
            "Date": "2024-01-01T07:00:00+03:00",
            "Temperature": {
                "Minimum": {
                    "Value": -3,
                    "Unit": "C"
                },
                "Maximum": {
                    "Value": 1,
                    "Unit": "C"
                }
            },
            "Day": {
                "IconPhrase": "Облачно"
            },
            "Night": {
                "IconPhrase": "Снег"
            }
        }
    ]
}
HTTP/1.1 200 OK
Content-Type: application/json
Matched-Stub-Id: 1ab60c7c-ae09-4f18-93e1-b74a743430f4
Vary: Accept-Encoding, User-Agent
Content-Encoding: gzip
Transfer-Encoding: chunked

{
    "Headline": {
        "Text": "Облачно с прояснениями"
    },
    "DailyForecasts": [
        {
            "Date": "2024-01-01T07:00:00+03:00",
            "Temperature": {
                "Minimum": {
                    "Value": -3,
                    "Unit": "C"
                },
                "Maximum": {
                    "Value": 1,
                    "Unit": "C"
                }
            },
            "Day": {
                "IconPhrase": "Облачно"
            },
            "Night": {
                "IconPhrase": "Снег"
            }
        }
    ]
}
HTTP/1.1 200 OK
Content-Type: application/json
Matched-Stub-Id: 1ab60c7c-ae09-4f18-93e1-b74a743430f4
Vary: Accept-Encoding, User-Agent
Content-Encoding: gzip
Transfer-Encoding: chunked

{
    "Headline": {
        "Text": "Облачно с прояснениями"
    },
    "DailyForecasts": [
        {
            "Date": "2024-01-01T07:00:00+03:00",
            "Temperature": {
                "Minimum": {
                    "Value": -3,
                    "Unit": "C"
                },
                "Maximum": {
                    "Value": 1,
                    "Unit": "C"
                }
            },
            "Day": {
                "IconPhrase": "Облачно"
            },
            "Night": {
                "IconPhrase": "Снег"
            }
        }
    ]
}
HTTP/1.1 200 OK
Content-Type: application/json
Matched-Stub-Id: 1ab60c7c-ae09-4f18-93e1-b74a743430f4
Vary: Accept-Encoding, User-Agent
Content-Encoding: gzip
Transfer-Encoding: chunked

{
    "Headline": {
        "Text": "Облачно с прояснениями"
    },
    "DailyForecasts": [
        {
            "Date": "2024-01-01T07:00:00+03:00",
            "Temperature": {
                "Minimum": {
                    "Value": -3,
                    "Unit": "C"
                },
                "Maximum": {
                    "Value": 1,
                    "Unit": "C"
                }
            },
            "Day": {
                "IconPhrase": "Облачно"
            },
            "Night": {
                "IconPhrase": "Снег"
            }
        }
    ]
}
HTTP/1.1 200 OK
Content-Type: application/json
Matched-Stub-Id: 1ab60c7c-ae09-4f18-93e1-b74a743430f4
Vary: Accept-Encoding, User-Agent
Content-Encoding: gzip
Transfer-Encoding: chunked

{
    "Headline": {
        "Text": "Облачно с прояснениями"
    },
    "DailyForecasts": [
        {
            "Date": "2024-01-01T07:00:00+03:00",
            "Temperature": {
                "Minimum": {
                    "Value": -3,
                    "Unit": "C"
                },
                "Maximum": {
                    "Value": 1,
                    "Unit": "C"
                }
            },
            "Day": {
                "IconPhrase": "Облачно"
            },
            "Night": {
                "IconPhrase": "Снег"
            }
        }
    ]
}
HTTP/1.1 200 OK
Content-Type: application/json
Matched-Stub-Id: 1ab60c7c-ae09-4f18-93e1-b74a743430f4
Vary: Accept-Encoding, User-Agent
Content-Encoding: gzip
Transfer-Encoding: chunked

{
    "Headline": {
        "Text": "Облачно с прояснениями"
    },
    "DailyForecasts": [
        {
            "Date": "2024-01-01T07:00:00+03:00",
            "Temperature": {
                "Minimum": {
                    "Value": -3,
                    "Unit": "C"
                },
                "Maximum": {
                    "Value": 1,
                    "Unit": "C"
                }
            },
            "Day": {
                "IconPhrase": "Облачно"
            },
            "Night": {
                "IconPhrase": "Снег"
            }
        }
    ]
}
HTTP/1.1 200 OK
Content-Type: application/json
Matched-Stub-Id: 1ab60c7c-ae09-4f18-93e1-b74a743430f4
Vary: Accept-Encoding, User-Agent
Content-Encoding: gzip
Transfer-Encoding: chunked

{
    "Headline": {
        "Text": "Облачно с прояснениями"
    },
    "DailyForecasts": [
        {
            "Date": "2024-01-01T07:00:00+03:00",
            "Temperature": {
                "Minimum": {
                    "Value": -3,
                    "Unit": "C"
                },
                "Maximum": {
                    "Value": 1,
                    "Unit": "C"
                }
            },
            "Day": {
                "IconPhrase": "Облачно"
            },
            "Night": {
                "IconPhrase": "Снег"
            }
        }
    ]
}
HTTP/1.1 200 OK
Content-Type: application/json
Matched-Stub-Id: 1ab60c7c-ae09-4f18-93e1-b74a743430f4
Vary: Accept-Encoding, User-Agent
Content-Encoding: gzip
Transfer-Encoding: chunked

{
    "Headline": {
        "Text": "Облачно с прояснениями"
    },
    "DailyForecasts": [
        {
            "Date": "2024-01-01T07:00:00+03:00",
            "Temperature": {
                "Minimum": {
                    "Value": -3,
                    "Unit": "C"
                },
                "Maximum": {
                    "Value": 1,
                    "Unit": "C"
                }
            },
            "Day": {
                "IconPhrase": "Облачно"
            },
            "Night": {
                "IconPhrase": "Снег"
            }
        }
    ]
}
HTTP/1.1 200 OK
Content-Type: application/json
Matched-Stub-Id: 1ab60c7c-ae09-4f18-93e1-b74a743430f4
Vary: Accept-Encoding, User-Agent
Content-Encoding: gzip
Transfer-Encoding: chunked

{
    "Headline": {
        "Text": "Облачно с прояснениями"
    },
    "DailyForecasts": [
        {
            "Date": "2024-01-01T07:00:00+03:00",
            "Temperature": {
                "Minimum": {
                    "Value": -3,
                    "Unit": "C"
                },
                "Maximum": {
                    "Value": 1,
                    "Unit": "C"
                }
            },
            "Day": {
                "IconPhrase": "Облачно"
            },
            "Night": {
                "IconPhrase": "Снег"
            }
        }
    ]
}
HTTP/1.1 200 OK
Content-Type: application/json
Matched-Stub-Id: 1ab60c7c-ae09-4f18-93e1-b74a743430f4
Vary: Accept-Encoding, User-Agent
Content-Encoding: gzip
Transfer-Encoding: chunked

{
    "Headline": {
        "Text": "Облачно с прояснениями"
    },
    "DailyForecasts": [
        {
            "Date": "2024-01-01T07:00:00+03:00",
            "Temperature": {
                "Minimum": {
                    "Value": -3,
                    "Unit": "C"
                },
                "Maximum": {
                    "Value": 1,
                    "Unit": "C"
                }
            },
            "Day": {
                "IconPhrase": "Облачно"
            },
            "Night": {
                "IconPhrase": "Снег"
            }
        }
    ]
}
HTTP/1.1 200 OK
Content-Type: application/json
Matched-Stub-Id: 1ab60c7c-ae09-4f18-93e1-b74a743430f4
Vary: Accept-Encoding, User-Agent
Content-Encoding: gzip
Transfer-Encoding: chunked

{
    "Headline": {
        "Text": "Облачно с прояснениями"
    },
    "DailyForecasts": [
        {
            "Date": "2024-01-01T07:00:00+03:00",
            "Temperature": {
                "Minimum": {
                    "Value": -3,
                    "Unit": "C"
                },
                "Maximum": {
                    "Value": 1,
                    "Unit": "C"
                }
            },
            "Day": {
                "IconPhrase": "Облачно"
            },
            "Night": {
                "IconPhrase": "Снег"
            }
        }
    ]
}
HTTP/1.1 200 OK
Content-Type: application/json
Matched-Stub-Id: 1ab60c7c-ae09-4f18-93e1-b74a743430f4
Vary: Accept-Encoding, User-Agent
Content-Encoding: gzip
Transfer-Encoding: chunked

{
    "Headline": {
        "Text": "Облачно с прояснениями"
    },
    "DailyForecasts": [
        {
            "Date": "2024-01-01T07:00:00+03:00",
            "Temperature": {
                "Minimum": {
                    "Value": -3,
                    "Unit": "C"
                },
                "Maximum": {
                    "Value": 1,
                    "Unit": "C"
                }
            },
            "Day": {
                "IconPhrase": "Облачно"
            },
            "Night": {
                "IconPhrase": "Снег"
            }
        }
    ]
}
HTTP/1.1 200 OK
Content-Type: application/json
Matched-Stub-Id: 1ab60c7c-ae09-4f18-93e1-b74a743430f4
Vary: Accept-Encoding, User-Agent
Content-Encoding: gzip
Transfer-Encoding: chunked

{
    "Headline": {
        "Text": "Облачно с прояснениями"
    },
    "DailyForecasts": [
        {
            "Date": "2024-01-01T07:00:00+03:00",
            "Temperature": {
                "Minimum": {
                    "Value": -3,
                    "Unit": "C"
                },
                "Maximum": {
                    "Value": 1,
                    "Unit": "C"
                }
            },
            "Day": {
                "IconPhrase": "Облачно"
            },
            "Night": {
                "IconPhrase": "Снег"
            }
        }
    ]
}
HTTP/1.1 200 OK
Content-Type: application/json
Matched-Stub-Id: 1ab60c7c-ae09-4f18-93e1-b74a743430f4
Vary: Accept-Encoding, User-Agent
Content-Encoding: gzip
Transfer-Encoding: chunked

{
    "Headline": {
        "Text": "Облачно с прояснениями"
    },
    "DailyForecasts": [
        {
            "Date": "2024-01-01T07:00:00+03:00",
            "Temperature": {
                "Minimum": {
                    "Value": -3,
                    "Unit": "C"
                },
                "Maximum": {
                    "Value": 1,
                    "Unit": "C"
                }
            },
            "Day": {
                "IconPhrase": "Облачно"
            },
            "Night": {
                "IconPhrase": "Снег"
            }
        }
    ]
}
HTTP/1.1 200 OK
Content-Type: application/json
Matched-Stub-Id: 1ab60c7c-ae09-4f18-93e1-b74a743430f4
Vary: Accept-Encoding, User-Agent
Content-Encoding: gzip
Transfer-Encoding: chunked

{
    "Headline": {
        "Text": "Облачно с прояснениями"
    },
    "DailyForecasts": [
        {
            "Date": "2024-01-01T07:00:00+03:00",
            "Temperature": {
                "Minimum": {
                    "Value": -3,
                    "Unit": "C"
                },
                "Maximum": {
                    "Value": 1,
                    "Unit": "C"
                }
            },
            "Day": {
                "IconPhrase": "Облачно"
            },
            "Night": {
                "IconPhrase": "Снег"
            }
        }
    ]
}
]]></system-out>
  </testcase>
  <testcase name="forecast5day_mock" classname="study.api.AccuWeatherMockTests" time="0.062">
    <system-out><![CDATA[Request method:	GET
Request URI:	http://localhost:54820/forecasts/v1/daily/5day/294021?apikey=TEST&metric=true
Proxy:			<none>
Request params:	<none>
Query params:	apikey=TEST
				metric=true
Form params:	<none>
Path params:	<none>
Headers:		Accept=*/*
Cookies:		<none>
Multiparts:		<none>
Body:			<none>
Request method:	GET
Request URI:	http://localhost:54820/forecasts/v1/daily/5day/294021?apikey=TEST&metric=true
Proxy:			<none>
Request params:	<none>
Query params:	apikey=TEST
				metric=true
Form params:	<none>
Path params:	<none>
Headers:		Accept=*/*
Cookies:		<none>
Multiparts:		<none>
Body:			<none>
Request method:	GET
Request URI:	http://localhost:54820/forecasts/v1/daily/5day/294021?apikey=TEST&metric=true
Proxy:			<none>
Request params:	<none>
Query params:	apikey=TEST
				metric=true
Form params:	<none>
Path params:	<none>
Headers:		Accept=*/*
Cookies:		<none>
Multiparts:		<none>
Body:			<none>
Request method:	GET
Request URI:	http://localhost:54820/forecasts/v1/daily/5day/294021?apikey=TEST&metric=true
Proxy:			<none>
Request params:	<none>
Query params:	apikey=TEST
				metric=true
Form params:	<none>
Path params:	<none>
Headers:		Accept=*/*
Cookies:		<none>
Multiparts:		<none>
Body:			<none>
Request method:	GET
Request URI:	http://localhost:54820/forecasts/v1/daily/5day/294021?apikey=TEST&metric=true
Proxy:			<none>
Request params:	<none>
Query params:	apikey=TEST
				metric=true
Form params:	<none>
Path params:	<none>
Headers:		Accept=*/*
Cookies:		<none>
Multiparts:		<none>
Body:			<none>
Request method:	GET
Request URI:	http://localhost:54820/forecasts/v1/daily/5day/294021?apikey=TEST&metric=true
Proxy:			<none>
Request params:	<none>
Query params:	apikey=TEST
				metric=true
Form params:	<none>
Path params:	<none>
Headers:		Accept=*/*
Cookies:		<none>
Multiparts:		<none>
Body:			<none>
Request method:	GET
Request URI:	http://localhost:54820/forecasts/v1/daily/5day/294021?apikey=TEST&metric=true
Proxy:			<none>
Request params:	<none>
Query params:	apikey=TEST
				metric=true
Form params:	<none>
Path params:	<none>
Headers:		Accept=*/*
Cookies:		<none>
Multiparts:		<none>
Body:			<none>
Request method:	GET
Request URI:	http://localhost:54820/forecasts/v1/daily/5day/294021?apikey=TEST&metric=true
Proxy:			<none>
Request params:	<none>
Query params:	apikey=TEST
				metric=true
Form params:	<none>
Path params:	<none>
Headers:		Accept=*/*
Cookies:		<none>
Multiparts:		<none>
Body:			<none>
Request method:	GET
Request URI:	http://localhost:54820/forecasts/v1/daily/5day/294021?apikey=TEST&metric=true
Proxy:			<none>
Request params:	<none>
Query params:	apikey=TEST
				metric=true
Form params:	<none>
Path params:	<none>
Headers:		Accept=*/*
Cookies:		<none>
Multiparts:		<none>
Body:			<none>
Request method:	GET
Request URI:	http://localhost:54820/forecasts/v1/daily/5day/294021?apikey=TEST&metric=true
Proxy:			<none>
Request params:	<none>
Query params:	apikey=TEST
				metric=true
Form params:	<none>
Path params:	<none>
Headers:		Accept=*/*
Cookies:		<none>
Multiparts:		<none>
Body:			<none>
Request method:	GET
Request URI:	http://localhost:54820/forecasts/v1/daily/5day/294021?apikey=TEST&metric=true
Proxy:			<none>
Request params:	<none>
Query params:	apikey=TEST
				metric=true
Form params:	<none>
Path params:	<none>
Headers:		Accept=*/*
Cookies:		<none>
Multiparts:		<none>
Body:			<none>
Request method:	GET
Request URI:	http://localhost:54820/forecasts/v1/daily/5day/294021?apikey=TEST&metric=true
Proxy:			<none>
Request params:	<none>
Query params:	apikey=TEST
				metric=true
Form params:	<none>
Path params:	<none>
Headers:		Accept=*/*
Cookies:		<none>
Multiparts:		<none>
Body:			<none>
Request method:	GET
Request URI:	http://localhost:54820/forecasts/v1/daily/5day/294021?apikey=TEST&metric=true
Proxy:			<none>
Request params:	<none>
Query params:	apikey=TEST
				metric=true
Form params:	<none>
Path params:	<none>
Headers:		Accept=*/*
Cookies:		<none>
Multiparts:		<none>
Body:			<none>
Request method:	GET
Request URI:	http://localhost:54820/forecasts/v1/daily/5day/294021?apikey=TEST&metric=true
Proxy:			<none>
Request params:	<none>
Query params:	apikey=TEST
				metric=true
Form params:	<none>
Path params:	<none>
Headers:		Accept=*/*
Cookies:		<none>
Multiparts:		<none>
Body:			<none>
Request method:	GET
Request URI:	http://localhost:54820/forecasts/v1/daily/5day/294021?apikey=TEST&metric=true
Proxy:			<none>
Request params:	<none>
Query params:	apikey=TEST
				metric=true
Form params:	<none>
Path params:	<none>
Headers:		Accept=*/*
Cookies:		<none>
Multiparts:		<none>
Body:			<none>
Request method:	GET
Request URI:	http://localhost:54820/forecasts/v1/daily/5day/294021?apikey=TEST&metric=true
Proxy:			<none>
Request params:	<none>
Query params:	apikey=TEST
				metric=true
Form params:	<none>
Path params:	<none>
Headers:		Accept=*/*
Cookies:		<none>
Multiparts:		<none>
Body:			<none>
Request method:	GET
Request URI:	http://localhost:54820/forecasts/v1/daily/5day/294021?apikey=TEST&metric=true
Proxy:			<none>
Request params:	<none>
Query params:	apikey=TEST
				metric=true
Form params:	<none>
Path params:	<none>
Headers:		Accept=*/*
Cookies:		<none>
Multiparts:		<none>
Body:			<none>
Request method:	GET
Request URI:	http://localhost:54820/forecasts/v1/daily/5day/294021?apikey=TEST&metric=true
Proxy:			<none>
Request params:	<none>
Query params:	apikey=TEST
				metric=true
Form params:	<none>
Path params:	<none>
Headers:		Accept=*/*
Cookies:		<none>
Multiparts:		<none>
Body:			<none>
Request method:	GET
Request URI:	http://localhost:54820/forecasts/v1/daily/5day/294021?apikey=TEST&metric=true
Proxy:			<none>
Request params:	<none>
Query params:	apikey=TEST
				metric=true
Form params:	<none>
Path params:	<none>
Headers:		Accept=*/*
Cookies:		<none>
Multiparts:		<none>
Body:			<none>
Request method:	GET
Request URI:	http://localhost:54820/forecasts/v1/daily/5day/294021?apikey=TEST&metric=true
Proxy:			<none>
Request params:	<none>
Query params:	apikey=TEST
				metric=true
Form params:	<none>
Path params:	<none>
Headers:		Accept=*/*
Cookies:		<none>
Multiparts:		<none>
Body:			<none>
Request method:	GET
Request URI:	http://localhost:54820/forecasts/v1/daily/5day/294021?apikey=TEST&metric=true
Proxy:			<none>
Request params:	<none>
Query params:	apikey=TEST
				metric=true
Form params:	<none>
Path params:	<none>
Headers:		Accept=*/*
Cookies:		<none>
Multiparts:		<none>
Body:			<none>
Request method:	GET
Request URI:	http://localhost:54820/forecasts/v1/daily/5day/294021?apikey=TEST&metric=true
Proxy:			<none>
Request params:	<none>
Query params:	apikey=TEST
				metric=true
Form params:	<none>
Path params:	<none>
Headers:		Accept=*/*
Cookies:		<none>
Multiparts:		<none>
Body:			<none>
Request method:	GET
Request URI:	http://localhost:54820/forecasts/v1/daily/5day/294021?apikey=TEST&metric=true
Proxy:			<none>
Request params:	<none>
Query params:	apikey=TEST
				metric=true
Form params:	<none>
Path params:	<none>
Headers:		Accept=*/*
Cookies:		<none>
Multiparts:		<none>
Body:			<none>
Request method:	GET
Request URI:	http://localhost:54820/forecasts/v1/daily/5day/294021?apikey=TEST&metric=true
Proxy:			<none>
Request params:	<none>
Query params:	apikey=TEST
				metric=true
Form params:	<none>
Path params:	<none>
Headers:		Accept=*/*
Cookies:		<none>
Multiparts:		<none>
Body:			<none>
HTTP/1.1 200 OK
Content-Type: application/json
Matched-Stub-Id: 4395f6e1-54f2-400e-9a57-c31924052d91
Vary: Accept-Encoding, User-Agent
Content-Encoding: gzip
Transfer-Encoding: chunked

{
    "Headline": {
        "Text": "Cold spell"
    },
    "DailyForecasts": [
        {
            "Date": "2024-01-01",
            "Temperature": {
                "Minimum": {
                    "Value": -3,
                    "Unit": "C"
                },
                "Maximum": {
                    "Value": 1,
                    "Unit": "C"
                }
            }
        },
        {
            "Date": "2024-01-02",
            "Temperature": {
                "Minimum": {
                    "Value": -5,
                    "Unit": "C"
                },
                "Maximum": {
                    "Value": 0,
                    "Unit": "C"
                }
            }
        },
        {
            "Date": "2024-01-03",
            "Temperature": {
                "Minimum": {
                    "Value": -4,
                    "Unit": "C"
                },
                "Maximum": {
                    "Value": 2,
                    "Unit": "C"
                }
            }
        },
        {
            "Date": "2024-01-04",
            "Temperature": {
                "Minimum": {
                    "Value": -2,
                    "Unit": "C"
                },
                "Maximum": {
                    "Value": 3,
                    "Unit": "C"
                }
            }
        },
        {
            "Date": "2024-01-05",
            "Temperature": {
                "Minimum": {
                    "Value": -1,
                    "Unit": "C"
                },
                "Maximum": {
                    "Value": 4,
                    "Unit": "C"
                }
            }
        }
    ]
}
HTTP/1.1 200 OK
Content-Type: application/json
Matched-Stub-Id: 4395f6e1-54f2-400e-9a57-c31924052d91
Vary: Accept-Encoding, User-Agent
Content-Encoding: gzip
Transfer-Encoding: chunked

{
    "Headline": {
        "Text": "Cold spell"
    },
    "DailyForecasts": [
        {
            "Date": "2024-01-01",
            "Temperature": {
                "Minimum": {
                    "Value": -3,
                    "Unit": "C"
                },
                "Maximum": {
                    "Value": 1,
                    "Unit": "C"
                }
            }
        },
        {
            "Date": "2024-01-02",
            "Temperature": {
                "Minimum": {
                    "Value": -5,
                    "Unit": "C"
                },
                "Maximum": {
                    "Value": 0,
                    "Unit": "C"
                }
            }
        },
        {
            "Date": "2024-01-03",
            "Temperature": {
                "Minimum": {
                    "Value": -4,
                    "Unit": "C"
                },
                "Maximum": {
                    "Value": 2,
                    "Unit": "C"
                }
            }
        },
        {
            "Date": "2024-01-04",
            "Temperature": {
                "Minimum": {
                    "Value": -2,
                    "Unit": "C"
                },
                "Maximum": {
                    "Value": 3,
                    "Unit": "C"
                }
            }
        },
        {
            "Date": "2024-01-05",
            "Temperature": {
                "Minimum": {
                    "Value": -1,
                    "Unit": "C"
                },
                "Maximum": {
                    "Value": 4,
                    "Unit": "C"
                }
            }
        }
    ]
}
HTTP/1.1 200 OK
Content-Type: application/json
Matched-Stub-Id: 4395f6e1-54f2-400e-9a57-c31924052d91
Vary: Accept-Encoding, User-Agent
Content-Encoding: gzip
Transfer-Encoding: chunked

{
    "Headline": {
        "Text": "Cold spell"
    },
    "DailyForecasts": [
        {
            "Date": "2024-01-01",
            "Temperature": {
                "Minimum": {
                    "Value": -3,
                    "Unit": "C"
                },
                "Maximum": {
                    "Value": 1,
                    "Unit": "C"
                }
            }
        },
        {
            "Date": "2024-01-02",
            "Temperature": {
                "Minimum": {
                    "Value": -5,
                    "Unit": "C"
                },
                "Maximum": {
                    "Value": 0,
                    "Unit": "C"
                }
            }
        },
        {
            "Date": "2024-01-03",
            "Temperature": {
                "Minimum": {
                    "Value": -4,
                    "Unit": "C"
                },
                "Maximum": {
                    "Value": 2,
                    "Unit": "C"
                }
            }
        },
        {
            "Date": "2024-01-04",
            "Temperature": {
                "Minimum": {
                    "Value": -2,
                    "Unit": "C"
                },
                "Maximum": {
                    "Value": 3,
                    "Unit": "C"
                }
            }
        },
        {
            "Date": "2024-01-05",
            "Temperature": {
                "Minimum": {
                    "Value": -1,
                    "Unit": "C"
                },
                "Maximum": {
                    "Value": 4,
                    "Unit": "C"
                }
            }
        }
    ]
}
HTTP/1.1 200 OK
Content-Type: application/json
Matched-Stub-Id: 4395f6e1-54f2-400e-9a57-c31924052d91
Vary: Accept-Encoding, User-Agent
Content-Encoding: gzip
Transfer-Encoding: chunked

{
    "Headline": {
        "Text": "Cold spell"
    },
    "DailyForecasts": [
        {
            "Date": "2024-01-01",
            "Temperature": {
                "Minimum": {
                    "Value": -3,
                    "Unit": "C"
                },
                "Maximum": {
                    "Value": 1,
                    "Unit": "C"
                }
            }
        },
        {
            "Date": "2024-01-02",
            "Temperature": {
                "Minimum": {
                    "Value": -5,
                    "Unit": "C"
                },
                "Maximum": {
                    "Value": 0,
                    "Unit": "C"
                }
            }
        },
        {
            "Date": "2024-01-03",
            "Temperature": {
                "Minimum": {
                    "Value": -4,
                    "Unit": "C"
                },
                "Maximum": {
                    "Value": 2,
                    "Unit": "C"
                }
            }
        },
        {
            "Date": "2024-01-04",
            "Temperature": {
                "Minimum": {
                    "Value": -2,
                    "Unit": "C"
                },
                "Maximum": {
                    "Value": 3,
                    "Unit": "C"
                }
            }
        },
        {
            "Date": "2024-01-05",
            "Temperature": {
                "Minimum": {
                    "Value": -1,
                    "Unit": "C"
                },
                "Maximum": {
                    "Value": 4,
                    "Unit": "C"
                }
            }
        }
    ]
}
HTTP/1.1 200 OK
Content-Type: application/json
Matched-Stub-Id: 4395f6e1-54f2-400e-9a57-c31924052d91
Vary: Accept-Encoding, User-Agent
Content-Encoding: gzip
Transfer-Encoding: chunked

{
    "Headline": {
        "Text": "Cold spell"
    },
    "DailyForecasts": [
        {
            "Date": "2024-01-01",
            "Temperature": {
                "Minimum": {
                    "Value": -3,
                    "Unit": "C"
                },
                "Maximum": {
                    "Value": 1,
                    "Unit": "C"
                }
            }
        },
        {
            "Date": "2024-01-02",
            "Temperature": {
                "Minimum": {
                    "Value": -5,
                    "Unit": "C"
                },
                "Maximum": {
                    "Value": 0,
                    "Unit": "C"
                }
            }
        },
        {
            "Date": "2024-01-03",
            "Temperature": {
                "Minimum": {
                    "Value": -4,
                    "Unit": "C"
                },
                "Maximum": {
                    "Value": 2,
                    "Unit": "C"
                }
            }
        },
        {
            "Date": "2024-01-04",
            "Temperature": {
                "Minimum": {
                    "Value": -2,
                    "Unit": "C"
                },
                "Maximum": {
                    "Value": 3,
                    "Unit": "C"
                }
            }
        },
        {
            "Date": "2024-01-05",
            "Temperature": {
                "Minimum": {
                    "Value": -1,
                    "Unit": "C"
                },
                "Maximum": {
                    "Value": 4,
                    "Unit": "C"
                }
            }
        }
    ]
}
HTTP/1.1 200 OK
Content-Type: application/json
Matched-Stub-Id: 4395f6e1-54f2-400e-9a57-c31924052d91
Vary: Accept-Encoding, User-Agent
Content-Encoding: gzip
Transfer-Encoding: chunked

{
    "Headline": {
        "Text": "Cold spell"
    },
    "DailyForecasts": [
        {
            "Date": "2024-01-01",
            "Temperature": {
                "Minimum": {
                    "Value": -3,
                    "Unit": "C"
                },
                "Maximum": {
                    "Value": 1,
                    "Unit": "C"
                }
            }
        },
        {
            "Date": "2024-01-02",
            "Temperature": {
                "Minimum": {
                    "Value": -5,
                    "Unit": "C"
                },
                "Maximum": {
                    "Value": 0,
                    "Unit": "C"
                }
            }
        },
        {
            "Date": "2024-01-03",
            "Temperature": {
                "Minimum": {
                    "Value": -4,
                    "Unit": "C"
                },
                "Maximum": {
                    "Value": 2,
                    "Unit": "C"
                }
            }
        },
        {
            "Date": "2024-01-04",
            "Temperature": {
                "Minimum": {
                    "Value": -2,
                    "Unit": "C"
                },
                "Maximum": {
                    "Value": 3,
                    "Unit": "C"
                }
            }
        },
        {
            "Date": "2024-01-05",
            "Temperature": {
                "Minimum": {
                    "Value": -1,
                    "Unit": "C"
                },
                "Maximum": {
                    "Value": 4,
                    "Unit": "C"
                }
            }
        }
    ]
}
HTTP/1.1 200 OK
Content-Type: application/json
Matched-Stub-Id: 4395f6e1-54f2-400e-9a57-c31924052d91
Vary: Accept-Encoding, User-Agent
Content-Encoding: gzip
Transfer-Encoding: chunked

{
    "Headline": {
        "Text": "Cold spell"
    },
    "DailyForecasts": [
        {
            "Date": "2024-01-01",
            "Temperature": {
                "Minimum": {
                    "Value": -3,
                    "Unit": "C"
                },
                "Maximum": {
                    "Value": 1,
                    "Unit": "C"
                }
            }
        },
        {
            "Date": "2024-01-02",
            "Temperature": {
                "Minimum": {
                    "Value": -5,
                    "Unit": "C"
                },
                "Maximum": {
                    "Value": 0,
                    "Unit": "C"
                }
            }
        },
        {
            "Date": "2024-01-03",
            "Temperature": {
                "Minimum": {
                    "Value": -4,
                    "Unit": "C"
                },
                "Maximum": {
                    "Value": 2,
                    "Unit": "C"
                }
            }
        },
        {
            "Date": "2024-01-04",
            "Temperature": {
                "Minimum": {
                    "Value": -2,
                    "Unit": "C"
                },
                "Maximum": {
                    "Value": 3,
                    "Unit": "C"
                }
            }
        },
        {
            "Date": "2024-01-05",
            "Temperature": {
                "Minimum": {
                    "Value": -1,
                    "Unit": "C"
                },
                "Maximum": {
                    "Value": 4,
                    "Unit": "C"
                }
            }
        }
    ]
}
HTTP/1.1 200 OK
Content-Type: application/json
Matched-Stub-Id: 4395f6e1-54f2-400e-9a57-c31924052d91
Vary: Accept-Encoding, User-Agent
Content-Encoding: gzip
Transfer-Encoding: chunked

{
    "Headline": {
        "Text": "Cold spell"
    },
    "DailyForecasts": [
        {
            "Date": "2024-01-01",
            "Temperature": {
                "Minimum": {
                    "Value": -3,
                    "Unit": "C"
                },
                "Maximum": {
                    "Value": 1,
                    "Unit": "C"
                }
            }
        },
        {
            "Date": "2024-01-02",
            "Temperature": {
                "Minimum": {
                    "Value": -5,
                    "Unit": "C"
                },
                "Maximum": {
                    "Value": 0,
                    "Unit": "C"
                }
            }
        },
        {
            "Date": "2024-01-03",
            "Temperature": {
                "Minimum": {
                    "Value": -4,
                    "Unit": "C"
                },
                "Maximum": {
                    "Value": 2,
                    "Unit": "C"
                }
            }
        },
        {
            "Date": "2024-01-04",
            "Temperature": {
                "Minimum": {
                    "Value": -2,
                    "Unit": "C"
                },
                "Maximum": {
                    "Value": 3,
                    "Unit": "C"
                }
            }
        },
        {
            "Date": "2024-01-05",
            "Temperature": {
                "Minimum": {
                    "Value": -1,
                    "Unit": "C"
                },
                "Maximum": {
                    "Value": 4,
                    "Unit": "C"
                }
            }
        }
    ]
}
HTTP/1.1 200 OK
Content-Type: application/json
Matched-Stub-Id: 4395f6e1-54f2-400e-9a57-c31924052d91
Vary: Accept-Encoding, User-Agent
Content-Encoding: gzip
Transfer-Encoding: chunked

{
    "Headline": {
        "Text": "Cold spell"
    },
    "DailyForecasts": [
        {
            "Date": "2024-01-01",
            "Temperature": {
                "Minimum": {
                    "Value": -3,
                    "Unit": "C"
                },
                "Maximum": {
                    "Value": 1,
                    "Unit": "C"
                }
            }
        },
        {
            "Date": "2024-01-02",
            "Temperature": {
                "Minimum": {
                    "Value": -5,
                    "Unit": "C"
                },
                "Maximum": {
                    "Value": 0,
                    "Unit": "C"
                }
            }
        },
        {
            "Date": "2024-01-03",
            "Temperature": {
                "Minimum": {
                    "Value": -4,
                    "Unit": "C"
                },
                "Maximum": {
                    "Value": 2,
                    "Unit": "C"
                }
            }
        },
        {
            "Date": "2024-01-04",
            "Temperature": {
                "Minimum": {
                    "Value": -2,
                    "Unit": "C"
                },
                "Maximum": {
                    "Value": 3,
                    "Unit": "C"
                }
            }
        },
        {
            "Date": "2024-01-05",
            "Temperature": {
                "Minimum": {
                    "Value": -1,
                    "Unit": "C"
                },
                "Maximum": {
                    "Value": 4,
                    "Unit": "C"
                }
            }
        }
    ]
}
HTTP/1.1 200 OK
Content-Type: application/json
Matched-Stub-Id: 4395f6e1-54f2-400e-9a57-c31924052d91
Vary: Accept-Encoding, User-Agent
Content-Encoding: gzip
Transfer-Encoding: chunked

{
    "Headline": {
        "Text": "Cold spell"
    },
    "DailyForecasts": [
        {
            "Date": "2024-01-01",
            "Temperature": {
                "Minimum": {
                    "Value": -3,
                    "Unit": "C"
                },
                "Maximum": {
                    "Value": 1,
                    "Unit": "C"
                }
            }
        },
        {
            "Date": "2024-01-02",
            "Temperature": {
                "Minimum": {
                    "Value": -5,
                    "Unit": "C"
                },
                "Maximum": {
                    "Value": 0,
                    "Unit": "C"
                }
            }
        },
        {
            "Date": "2024-01-03",
            "Temperature": {
                "Minimum": {
                    "Value": -4,
                    "Unit": "C"
                },
                "Maximum": {
                    "Value": 2,
                    "Unit": "C"
                }
            }
        },
        {
            "Date": "2024-01-04",
            "Temperature": {
                "Minimum": {
                    "Value": -2,
                    "Unit": "C"
                },
                "Maximum": {
                    "Value": 3,
                    "Unit": "C"
                }
            }
        },
        {
            "Date": "2024-01-05",
            "Temperature": {
                "Minimum": {
                    "Value": -1,
                    "Unit": "C"
                },
                "Maximum": {
                    "Value": 4,
                    "Unit": "C"
                }
            }
        }
    ]
}
HTTP/1.1 200 OK
Content-Type: application/json
Matched-Stub-Id: 4395f6e1-54f2-400e-9a57-c31924052d91
Vary: Accept-Encoding, User-Agent
Content-Encoding: gzip
Transfer-Encoding: chunked

{
    "Headline": {
        "Text": "Cold spell"
    },
    "DailyForecasts": [
        {
            "Date": "2024-01-01",
            "Temperature": {
                "Minimum": {
                    "Value": -3,
                    "Unit": "C"
                },
                "Maximum": {
                    "Value": 1,
                    "Unit": "C"
                }
            }
        },
        {
            "Date": "2024-01-02",
            "Temperature": {
                "Minimum": {
                    "Value": -5,
                    "Unit": "C"
                },
                "Maximum": {
                    "Value": 0,
                    "Unit": "C"
                }
            }
        },
        {
            "Date": "2024-01-03",
            "Temperature": {
                "Minimum": {
                    "Value": -4,
                    "Unit": "C"
                },
                "Maximum": {
                    "Value": 2,
                    "Unit": "C"
                }
            }
        },
        {
            "Date": "2024-01-04",
            "Temperature": {
                "Minimum": {
                    "Value": -2,
                    "Unit": "C"
                },
                "Maximum": {
                    "Value": 3,
                    "Unit": "C"
                }
            }
        },
        {
            "Date": "2024-01-05",
            "Temperature": {
                "Minimum": {
                    "Value": -1,
                    "Unit": "C"
                },
                "Maximum": {
                    "Value": 4,
                    "Unit": "C"
                }
            }
        }
    ]
}
HTTP/1.1 200 OK
Content-Type: application/json
Matched-Stub-Id: 4395f6e1-54f2-400e-9a57-c31924052d91
Vary: Accept-Encoding, User-Agent
Content-Encoding: gzip
Transfer-Encoding: chunked

{
    "Headline": {
        "Text": "Cold spell"
    },
    "DailyForecasts": [
        {
            "Date": "2024-01-01",
            "Temperature": {
                "Minimum": {
                    "Value": -3,
                    "Unit": "C"
                },
                "Maximum": {
                    "Value": 1,
                    "Unit": "C"
                }
            }
        },
        {
            "Date": "2024-01-02",
            "Temperature": {
                "Minimum": {
                    "Value": -5,
                    "Unit": "C"
                },
                "Maximum": {
                    "Value": 0,
                    "Unit": "C"
                }
            }
        },
        {
            "Date": "2024-01-03",
            "Temperature": {
                "Minimum": {
                    "Value": -4,
                    "Unit": "C"
                },
                "Maximum": {
                    "Value": 2,
                    "Unit": "C"
                }
            }
        },
        {
            "Date": "2024-01-04",
            "Temperature": {
                "Minimum": {
                    "Value": -2,
                    "Unit": "C"
                },
                "Maximum": {
                    "Value": 3,
                    "Unit": "C"
                }
            }
        },
        {
            "Date": "2024-01-05",
            "Temperature": {
                "Minimum": {
                    "Value": -1,
                    "Unit": "C"
                },
                "Maximum": {
                    "Value": 4,
                    "Unit": "C"
                }
            }
        }
    ]
}
HTTP/1.1 200 OK
Content-Type: application/json
Matched-Stub-Id: 4395f6e1-54f2-400e-9a57-c31924052d91
Vary: Accept-Encoding, User-Agent
Content-Encoding: gzip
Transfer-Encoding: chunked

{
    "Headline": {
        "Text": "Cold spell"
    },
    "DailyForecasts": [
        {
            "Date": "2024-01-01",
            "Temperature": {
                "Minimum": {
                    "Value": -3,
                    "Unit": "C"
                },
                "Maximum": {
                    "Value": 1,
                    "Unit": "C"
                }
            }
        },
        {
            "Date": "2024-01-02",
            "Temperature": {
                "Minimum": {
                    "Value": -5,
                    "Unit": "C"
                },
                "Maximum": {
                    "Value": 0,
                    "Unit": "C"
                }
            }
        },
        {
            "Date": "2024-01-03",
            "Temperature": {
                "Minimum": {
                    "Value": -4,
                    "Unit": "C"
                },
                "Maximum": {
                    "Value": 2,
                    "Unit": "C"
                }
            }
        },
        {
            "Date": "2024-01-04",
            "Temperature": {
                "Minimum": {
                    "Value": -2,
                    "Unit": "C"
                },
                "Maximum": {
                    "Value": 3,
                    "Unit": "C"
                }
            }
        },
        {
            "Date": "2024-01-05",
            "Temperature": {
                "Minimum": {
                    "Value": -1,
                    "Unit": "C"
                },
                "Maximum": {
                    "Value": 4,
                    "Unit": "C"
                }
            }
        }
    ]
}
HTTP/1.1 200 OK
Content-Type: application/json
Matched-Stub-Id: 4395f6e1-54f2-400e-9a57-c31924052d91
Vary: Accept-Encoding, User-Agent
Content-Encoding: gzip
Transfer-Encoding: chunked

{
    "Headline": {
        "Text": "Cold spell"
    },
    "DailyForecasts": [
        {
            "Date": "2024-01-01",
            "Temperature": {
                "Minimum": {
                    "Value": -3,
                    "Unit": "C"
                },
                "Maximum": {
                    "Value": 1,
                    "Unit": "C"
                }
            }
        },
        {
            "Date": "2024-01-02",
            "Temperature": {
                "Minimum": {
                    "Value": -5,
                    "Unit": "C"
                },
                "Maximum": {
                    "Value": 0,
                    "Unit": "C"
                }
            }
        },
        {
            "Date": "2024-01-03",
            "Temperature": {
                "Minimum": {
                    "Value": -4,
                    "Unit": "C"
                },
                "Maximum": {
                    "Value": 2,
                    "Unit": "C"
                }
            }
        },
        {
            "Date": "2024-01-04",
            "Temperature": {
                "Minimum": {
                    "Value": -2,
                    "Unit": "C"
                },
                "Maximum": {
                    "Value": 3,
                    "Unit": "C"
                }
            }
        },
        {
            "Date": "2024-01-05",
            "Temperature": {
                "Minimum": {
                    "Value": -1,
                    "Unit": "C"
                },
                "Maximum": {
                    "Value": 4,
                    "Unit": "C"
                }
            }
        }
    ]
}
HTTP/1.1 200 OK
Content-Type: application/json
Matched-Stub-Id: 4395f6e1-54f2-400e-9a57-c31924052d91
Vary: Accept-Encoding, User-Agent
Content-Encoding: gzip
Transfer-Encoding: chunked

{
    "Headline": {
        "Text": "Cold spell"
    },
    "DailyForecasts": [
        {
            "Date": "2024-01-01",
            "Temperature": {
                "Minimum": {
                    "Value": -3,
                    "Unit": "C"
                },
                "Maximum": {
                    "Value": 1,
                    "Unit": "C"
                }
            }
        },
        {
            "Date": "2024-01-02",
            "Temperature": {
                "Minimum": {
                    "Value": -5,
                    "Unit": "C"
                },
                "Maximum": {
                    "Value": 0,
                    "Unit": "C"
                }
            }
        },
        {
            "Date": "2024-01-03",
            "Temperature": {
                "Minimum": {
                    "Value": -4,
                    "Unit": "C"
                },
                "Maximum": {
                    "Value": 2,
                    "Unit": "C"
                }
            }
        },
        {
            "Date": "2024-01-04",
            "Temperature": {
                "Minimum": {
                    "Value": -2,
                    "Unit": "C"
                },
                "Maximum": {
                    "Value": 3,
                    "Unit": "C"
                }
            }
        },
        {
            "Date": "2024-01-05",
            "Temperature": {
                "Minimum": {
                    "Value": -1,
                    "Unit": "C"
                },
                "Maximum": {
                    "Value": 4,
                    "Unit": "C"
                }
            }
        }
    ]
}
HTTP/1.1 200 OK
Content-Type: application/json
Matched-Stub-Id: 4395f6e1-54f2-400e-9a57-c31924052d91
Vary: Accept-Encoding, User-Agent
Content-Encoding: gzip
Transfer-Encoding: chunked

{
    "Headline": {
        "Text": "Cold spell"
    },
    "DailyForecasts": [
        {
            "Date": "2024-01-01",
            "Temperature": {
                "Minimum": {
                    "Value": -3,
                    "Unit": "C"
                },
                "Maximum": {
                    "Value": 1,
                    "Unit": "C"
                }
            }
        },
        {
            "Date": "2024-01-02",
            "Temperature": {
                "Minimum": {
                    "Value": -5,
                    "Unit": "C"
                },
                "Maximum": {
                    "Value": 0,
                    "Unit": "C"
                }
            }
        },
        {
            "Date": "2024-01-03",
            "Temperature": {
                "Minimum": {
                    "Value": -4,
                    "Unit": "C"
                },
                "Maximum": {
                    "Value": 2,
                    "Unit": "C"
                }
            }
        },
        {
            "Date": "2024-01-04",
            "Temperature": {
                "Minimum": {
                    "Value": -2,
                    "Unit": "C"
                },
                "Maximum": {
                    "Value": 3,
                    "Unit": "C"
                }
            }
        },
        {
            "Date": "2024-01-05",
            "Temperature": {
                "Minimum": {
                    "Value": -1,
                    "Unit": "C"
                },
                "Maximum": {
                    "Value": 4,
                    "Unit": "C"
                }
            }
        }
    ]
}
HTTP/1.1 200 OK
Content-Type: application/json
Matched-Stub-Id: 4395f6e1-54f2-400e-9a57-c31924052d91
Vary: Accept-Encoding, User-Agent
Content-Encoding: gzip
Transfer-Encoding: chunked

{
    "Headline": {
        "Text": "Cold spell"
    },
    "DailyForecasts": [
        {
            "Date": "2024-01-01",
            "Temperature": {
                "Minimum": {
                    "Value": -3,
                    "Unit": "C"
                },
                "Maximum": {
                    "Value": 1,
                    "Unit": "C"
                }
            }
        },
        {
            "Date": "2024-01-02",
            "Temperature": {
                "Minimum": {
                    "Value": -5,
                    "Unit": "C"
                },
                "Maximum": {
                    "Value": 0,
                    "Unit": "C"
                }
            }
        },
        {
            "Date": "2024-01-03",
            "Temperature": {
                "Minimum": {
                    "Value": -4,
                    "Unit": "C"
                },
                "Maximum": {
                    "Value": 2,
                    "Unit": "C"
                }
            }
        },
        {
            "Date": "2024-01-04",
            "Temperature": {
                "Minimum": {
                    "Value": -2,
                    "Unit": "C"
                },
                "Maximum": {
                    "Value": 3,
                    "Unit": "C"
                }
            }
        },
        {
            "Date": "2024-01-05",
            "Temperature": {
                "Minimum": {
                    "Value": -1,
                    "Unit": "C"
                },
                "Maximum": {
                    "Value": 4,
                    "Unit": "C"
                }
            }
        }
    ]
}
HTTP/1.1 200 OK
Content-Type: application/json
Matched-Stub-Id: 4395f6e1-54f2-400e-9a57-c31924052d91
Vary: Accept-Encoding, User-Agent
Content-Encoding: gzip
Transfer-Encoding: chunked

{
    "Headline": {
        "Text": "Cold spell"
    },
    "DailyForecasts": [
        {
            "Date": "2024-01-01",
            "Temperature": {
                "Minimum": {
                    "Value": -3,
                    "Unit": "C"
                },
                "Maximum": {
                    "Value": 1,
                    "Unit": "C"
                }
            }
        },
        {
            "Date": "2024-01-02",
            "Temperature": {
                "Minimum": {
                    "Value": -5,
                    "Unit": "C"
                },
                "Maximum": {
                    "Value": 0,
                    "Unit": "C"
                }
            }
        },
        {
            "Date": "2024-01-03",
            "Temperature": {
                "Minimum": {
                    "Value": -4,
                    "Unit": "C"
                },
                "Maximum": {
                    "Value": 2,
                    "Unit": "C"
                }
            }
        },
        {
            "Date": "2024-01-04",
            "Temperature": {
                "Minimum": {
                    "Value": -2,
                    "Unit": "C"
                },
                "Maximum": {
                    "Value": 3,
                    "Unit": "C"
                }
            }
        },
        {
            "Date": "2024-01-05",
            "Temperature": {
                "Minimum": {
                    "Value": -1,
                    "Unit": "C"
                },
                "Maximum": {
                    "Value": 4,
                    "Unit": "C"
                }
            }
        }
    ]
}
HTTP/1.1 200 OK
Content-Type: application/json
Matched-Stub-Id: 4395f6e1-54f2-400e-9a57-c31924052d91
Vary: Accept-Encoding, User-Agent
Content-Encoding: gzip
Transfer-Encoding: chunked

{
    "Headline": {
        "Text": "Cold spell"
    },
    "DailyForecasts": [
        {
            "Date": "2024-01-01",
            "Temperature": {
                "Minimum": {
                    "Value": -3,
                    "Unit": "C"
                },
                "Maximum": {
                    "Value": 1,
                    "Unit": "C"
                }
            }
        },
        {
            "Date": "2024-01-02",
            "Temperature": {
                "Minimum": {
                    "Value": -5,
                    "Unit": "C"
                },
                "Maximum": {
                    "Value": 0,
                    "Unit": "C"
                }
            }
        },
        {
            "Date": "2024-01-03",
            "Temperature": {
                "Minimum": {
                    "Value": -4,
                    "Unit": "C"
                },
                "Maximum": {
                    "Value": 2,
                    "Unit": "C"
                }
            }
        },
        {
            "Date": "2024-01-04",
            "Temperature": {
                "Minimum": {
                    "Value": -2,
                    "Unit": "C"
                },
                "Maximum": {
                    "Value": 3,
                    "Unit": "C"
                }
            }
        },
        {
            "Date": "2024-01-05",
            "Temperature": {
                "Minimum": {
                    "Value": -1,
                    "Unit": "C"
                },
                "Maximum": {
                    "Value": 4,
                    "Unit": "C"
                }
            }
        }
    ]
}
HTTP/1.1 200 OK
Content-Type: application/json
Matched-Stub-Id: 4395f6e1-54f2-400e-9a57-c31924052d91
Vary: Accept-Encoding, User-Agent
Content-Encoding: gzip
Transfer-Encoding: chunked

{
    "Headline": {
        "Text": "Cold spell"
    },
    "DailyForecasts": [
        {
            "Date": "2024-01-01",
            "Temperature": {
                "Minimum": {
                    "Value": -3,
                    "Unit": "C"
                },
                "Maximum": {
                    "Value": 1,
                    "Unit": "C"
                }
            }
        },
        {
            "Date": "2024-01-02",
            "Temperature": {
                "Minimum": {
                    "Value": -5,
                    "Unit": "C"
                },
                "Maximum": {
                    "Value": 0,
                    "Unit": "C"
                }
            }
        },
        {
            "Date": "2024-01-03",
            "Temperature": {
                "Minimum": {
                    "Value": -4,
                    "Unit": "C"
                },
                "Maximum": {
                    "Value": 2,
                    "Unit": "C"
                }
            }
        },
        {
            "Date": "2024-01-04",
            "Temperature": {
                "Minimum": {
                    "Value": -2,
                    "Unit": "C"
                },
                "Maximum": {
                    "Value": 3,
                    "Unit": "C"
                }
            }
        },
        {
            "Date": "2024-01-05",
            "Temperature": {
                "Minimum": {
                    "Value": -1,
                    "Unit": "C"
                },
                "Maximum": {
                    "Value": 4,
                    "Unit": "C"
                }
            }
        }
    ]
}
HTTP/1.1 200 OK
Content-Type: application/json
Matched-Stub-Id: 4395f6e1-54f2-400e-9a57-c31924052d91
Vary: Accept-Encoding, User-Agent
Content-Encoding: gzip
Transfer-Encoding: chunked

{
    "Headline": {
        "Text": "Cold spell"
    },
    "DailyForecasts": [
        {
            "Date": "2024-01-01",
            "Temperature": {
                "Minimum": {
                    "Value": -3,
                    "Unit": "C"
                },
                "Maximum": {
                    "Value": 1,
                    "Unit": "C"
                }
            }
        },
        {
            "Date": "2024-01-02",
            "Temperature": {
                "Minimum": {
                    "Value": -5,
                    "Unit": "C"
                },
                "Maximum": {
                    "Value": 0,
                    "Unit": "C"
                }
            }
        },
        {
            "Date": "2024-01-03",
            "Temperature": {
                "Minimum": {
                    "Value": -4,
                    "Unit": "C"
                },
                "Maximum": {
                    "Value": 2,
                    "Unit": "C"
                }
            }
        },
        {
            "Date": "2024-01-04",
            "Temperature": {
                "Minimum": {
                    "Value": -2,
                    "Unit": "C"
                },
                "Maximum": {
                    "Value": 3,
                    "Unit": "C"
                }
            }
        },
        {
            "Date": "2024-01-05",
            "Temperature": {
                "Minimum": {
                    "Value": -1,
                    "Unit": "C"
                },
                "Maximum": {
                    "Value": 4,
                    "Unit": "C"
                }
            }
        }
    ]
}
HTTP/1.1 200 OK
Content-Type: application/json
Matched-Stub-Id: 4395f6e1-54f2-400e-9a57-c31924052d91
Vary: Accept-Encoding, User-Agent
Content-Encoding: gzip
Transfer-Encoding: chunked

{
    "Headline": {
        "Text": "Cold spell"
    },
    "DailyForecasts": [
        {
            "Date": "2024-01-01",
            "Temperature": {
                "Minimum": {
                    "Value": -3,
                    "Unit": "C"
                },
                "Maximum": {
                    "Value": 1,
                    "Unit": "C"
                }
            }
        },
        {
            "Date": "2024-01-02",
            "Temperature": {
                "Minimum": {
                    "Value": -5,
                    "Unit": "C"
                },
                "Maximum": {
                    "Value": 0,
                    "Unit": "C"
                }
            }
        },
        {
            "Date": "2024-01-03",
            "Temperature": {
                "Minimum": {
                    "Value": -4,
                    "Unit": "C"
                },
                "Maximum": {
                    "Value": 2,
                    "Unit": "C"
                }
            }
        },
        {
            "Date": "2024-01-04",
            "Temperature": {
                "Minimum": {
                    "Value": -2,
                    "Unit": "C"
                },
                "Maximum": {
                    "Value": 3,
                    "Unit": "C"
                }
            }
        },
        {
            "Date": "2024-01-05",
            "Temperature": {
                "Minimum": {
                    "Value": -1,
                    "Unit": "C"
                },
                "Maximum": {
                    "Value": 4,
                    "Unit": "C"
                }
            }
        }
    ]
}
HTTP/1.1 200 OK
Content-Type: application/json
Matched-Stub-Id: 4395f6e1-54f2-400e-9a57-c31924052d91
Vary: Accept-Encoding, User-Agent
Content-Encoding: gzip
Transfer-Encoding: chunked

{
    "Headline": {
        "Text": "Cold spell"
    },
    "DailyForecasts": [
        {
            "Date": "2024-01-01",
            "Temperature": {
                "Minimum": {
                    "Value": -3,
                    "Unit": "C"
                },
                "Maximum": {
                    "Value": 1,
                    "Unit": "C"
                }
            }
        },
        {
            "Date": "2024-01-02",
            "Temperature": {
                "Minimum": {
                    "Value": -5,
                    "Unit": "C"
                },
                "Maximum": {
                    "Value": 0,
                    "Unit": "C"
                }
            }
        },
        {
            "Date": "2024-01-03",
            "Temperature": {
                "Minimum": {
                    "Value": -4,
                    "Unit": "C"
                },
                "Maximum": {
                    "Value": 2,
                    "Unit": "C"
                }
            }
        },
        {
            "Date": "2024-01-04",
            "Temperature": {
                "Minimum": {
                    "Value": -2,
                    "Unit": "C"
                },
                "Maximum": {
                    "Value": 3,
                    "Unit": "C"
                }
            }
        },
        {
            "Date": "2024-01-05",
            "Temperature": {
                "Minimum": {
                    "Value": -1,
                    "Unit": "C"
                },
                "Maximum": {
                    "Value": 4,
                    "Unit": "C"
                }
            }
        }
    ]
}
HTTP/1.1 200 OK
Content-Type: application/json
Matched-Stub-Id: 4395f6e1-54f2-400e-9a57-c31924052d91
Vary: Accept-Encoding, User-Agent
Content-Encoding: gzip
Transfer-Encoding: chunked

{
    "Headline": {
        "Text": "Cold spell"
    },
    "DailyForecasts": [
        {
            "Date": "2024-01-01",
            "Temperature": {
                "Minimum": {
                    "Value": -3,
                    "Unit": "C"
                },
                "Maximum": {
                    "Value": 1,
                    "Unit": "C"
                }
            }
        },
        {
            "Date": "2024-01-02",
            "Temperature": {
                "Minimum": {
                    "Value": -5,
                    "Unit": "C"
                },
                "Maximum": {
                    "Value": 0,
                    "Unit": "C"
                }
            }
        },
        {
            "Date": "2024-01-03",
            "Temperature": {
                "Minimum": {
                    "Value": -4,
                    "Unit": "C"
                },
                "Maximum": {
                    "Value": 2,
                    "Unit": "C"
                }
            }
        },
        {
            "Date": "2024-01-04",
            "Temperature": {
                "Minimum": {
                    "Value": -2,
                    "Unit": "C"
                },
                "Maximum": {
                    "Value": 3,
                    "Unit": "C"
                }
            }
        },
        {
            "Date": "2024-01-05",
            "Temperature": {
                "Minimum": {
                    "Value": -1,
                    "Unit": "C"
                },
                "Maximum": {
                    "Value": 4,
                    "Unit": "C"
                }
            }
        }
    ]
}
]]></system-out>
  </testcase>
  <testcase name="hourly12_mock" classname="study.api.AccuWeatherMockTests" time="0.055">
    <system-out><![CDATA[Request method:	GET
Request URI:	http://localhost:54820/forecasts/v1/hourly/12hour/294021?apikey=TEST&metric=true
Proxy:			<none>
Request params:	<none>
Query params:	apikey=TEST
				metric=true
Form params:	<none>
Path params:	<none>
Headers:		Accept=*/*
Cookies:		<none>
Multiparts:		<none>
Body:			<none>
Request method:	GET
Request URI:	http://localhost:54820/forecasts/v1/hourly/12hour/294021?apikey=TEST&metric=true
Proxy:			<none>
Request params:	<none>
Query params:	apikey=TEST
				metric=true
Form params:	<none>
Path params:	<none>
Headers:		Accept=*/*
Cookies:		<none>
Multiparts:		<none>
Body:			<none>
Request method:	GET
Request URI:	http://localhost:54820/forecasts/v1/hourly/12hour/294021?apikey=TEST&metric=true
Proxy:			<none>
Request params:	<none>
Query params:	apikey=TEST
				metric=true
Form params:	<none>
Path params:	<none>
Headers:		Accept=*/*
Cookies:		<none>
Multiparts:		<none>
Body:			<none>
Request method:	GET
Request URI:	http://localhost:54820/forecasts/v1/hourly/12hour/294021?apikey=TEST&metric=true
Proxy:			<none>
Request params:	<none>
Query params:	apikey=TEST
				metric=true
Form params:	<none>
Path params:	<none>
Headers:		Accept=*/*
Cookies:		<none>
Multiparts:		<none>
Body:			<none>
Request method:	GET
Request URI:	http://localhost:54820/forecasts/v1/hourly/12hour/294021?apikey=TEST&metric=true
Proxy:			<none>
Request params:	<none>
Query params:	apikey=TEST
				metric=true
Form params:	<none>
Path params:	<none>
Headers:		Accept=*/*
Cookies:		<none>
Multiparts:		<none>
Body:			<none>
Request method:	GET
Request URI:	http://localhost:54820/forecasts/v1/hourly/12hour/294021?apikey=TEST&metric=true
Proxy:			<none>
Request params:	<none>
Query params:	apikey=TEST
				metric=true
Form params:	<none>
Path params:	<none>
Headers:		Accept=*/*
Cookies:		<none>
Multiparts:		<none>
Body:			<none>
Request method:	GET
Request URI:	http://localhost:54820/forecasts/v1/hourly/12hour/294021?apikey=TEST&metric=true
Proxy:			<none>
Request params:	<none>
Query params:	apikey=TEST
				metric=true
Form params:	<none>
Path params:	<none>
Headers:		Accept=*/*
Cookies:		<none>
Multiparts:		<none>
Body:			<none>
Request method:	GET
Request URI:	http://localhost:54820/forecasts/v1/hourly/12hour/294021?apikey=TEST&metric=true
Proxy:			<none>
Request params:	<none>
Query params:	apikey=TEST
				metric=true
Form params:	<none>
Path params:	<none>
Headers:		Accept=*/*
Cookies:		<none>
Multiparts:		<none>
Body:			<none>
Request method:	GET
Request URI:	http://localhost:54820/forecasts/v1/hourly/12hour/294021?apikey=TEST&metric=true
Proxy:			<none>
Request params:	<none>
Query params:	apikey=TEST
				metric=true
Form params:	<none>
Path params:	<none>
Headers:		Accept=*/*
Cookies:		<none>
Multiparts:		<none>
Body:			<none>
Request method:	GET
Request URI:	http://localhost:54820/forecasts/v1/hourly/12hour/294021?apikey=TEST&metric=true
Proxy:			<none>
Request params:	<none>
Query params:	apikey=TEST
				metric=true
Form params:	<none>
Path params:	<none>
Headers:		Accept=*/*
Cookies:		<none>
Multiparts:		<none>
Body:			<none>
Request method:	GET
Request URI:	http://localhost:54820/forecasts/v1/hourly/12hour/294021?apikey=TEST&metric=true
Proxy:			<none>
Request params:	<none>
Query params:	apikey=TEST
				metric=true
Form params:	<none>
Path params:	<none>
Headers:		Accept=*/*
Cookies:		<none>
Multiparts:		<none>
Body:			<none>
Request method:	GET
Request URI:	http://localhost:54820/forecasts/v1/hourly/12hour/294021?apikey=TEST&metric=true
Proxy:			<none>
Request params:	<none>
Query params:	apikey=TEST
				metric=true
Form params:	<none>
Path params:	<none>
Headers:		Accept=*/*
Cookies:		<none>
Multiparts:		<none>
Body:			<none>
Request method:	GET
Request URI:	http://localhost:54820/forecasts/v1/hourly/12hour/294021?apikey=TEST&metric=true
Proxy:			<none>
Request params:	<none>
Query params:	apikey=TEST
				metric=true
Form params:	<none>
Path params:	<none>
Headers:		Accept=*/*
Cookies:		<none>
Multiparts:		<none>
Body:			<none>
Request method:	GET
Request URI:	http://localhost:54820/forecasts/v1/hourly/12hour/294021?apikey=TEST&metric=true
Proxy:			<none>
Request params:	<none>
Query params:	apikey=TEST
				metric=true
Form params:	<none>
Path params:	<none>
Headers:		Accept=*/*
Cookies:		<none>
Multiparts:		<none>
Body:			<none>
Request method:	GET
Request URI:	http://localhost:54820/forecasts/v1/hourly/12hour/294021?apikey=TEST&metric=true
Proxy:			<none>
Request params:	<none>
Query params:	apikey=TEST
				metric=true
Form params:	<none>
Path params:	<none>
Headers:		Accept=*/*
Cookies:		<none>
Multiparts:		<none>
Body:			<none>
Request method:	GET
Request URI:	http://localhost:54820/forecasts/v1/hourly/12hour/294021?apikey=TEST&metric=true
Proxy:			<none>
Request params:	<none>
Query params:	apikey=TEST
				metric=true
Form params:	<none>
Path params:	<none>
Headers:		Accept=*/*
Cookies:		<none>
Multiparts:		<none>
Body:			<none>
Request method:	GET
Request URI:	http://localhost:54820/forecasts/v1/hourly/12hour/294021?apikey=TEST&metric=true
Proxy:			<none>
Request params:	<none>
Query params:	apikey=TEST
				metric=true
Form params:	<none>
Path params:	<none>
Headers:		Accept=*/*
Cookies:		<none>
Multiparts:		<none>
Body:			<none>
Request method:	GET
Request URI:	http://localhost:54820/forecasts/v1/hourly/12hour/294021?apikey=TEST&metric=true
Proxy:			<none>
Request params:	<none>
Query params:	apikey=TEST
				metric=true
Form params:	<none>
Path params:	<none>
Headers:		Accept=*/*
Cookies:		<none>
Multiparts:		<none>
Body:			<none>
Request method:	GET
Request URI:	http://localhost:54820/forecasts/v1/hourly/12hour/294021?apikey=TEST&metric=true
Proxy:			<none>
Request params:	<none>
Query params:	apikey=TEST
				metric=true
Form params:	<none>
Path params:	<none>
Headers:		Accept=*/*
Cookies:		<none>
Multiparts:		<none>
Body:			<none>
Request method:	GET
Request URI:	http://localhost:54820/forecasts/v1/hourly/12hour/294021?apikey=TEST&metric=true
Proxy:			<none>
Request params:	<none>
Query params:	apikey=TEST
				metric=true
Form params:	<none>
Path params:	<none>
Headers:		Accept=*/*
Cookies:		<none>
Multiparts:		<none>
Body:			<none>
Request method:	GET
Request URI:	http://localhost:54820/forecasts/v1/hourly/12hour/294021?apikey=TEST&metric=true
Proxy:			<none>
Request params:	<none>
Query params:	apikey=TEST
				metric=true
Form params:	<none>
Path params:	<none>
Headers:		Accept=*/*
Cookies:		<none>
Multiparts:		<none>
Body:			<none>
Request method:	GET
Request URI:	http://localhost:54820/forecasts/v1/hourly/12hour/294021?apikey=TEST&metric=true
Proxy:			<none>
Request params:	<none>
Query params:	apikey=TEST
				metric=true
Form params:	<none>
Path params:	<none>
Headers:		Accept=*/*
Cookies:		<none>
Multiparts:		<none>
Body:			<none>
Request method:	GET
Request URI:	http://localhost:54820/forecasts/v1/hourly/12hour/294021?apikey=TEST&metric=true
Proxy:			<none>
Request params:	<none>
Query params:	apikey=TEST
				metric=true
Form params:	<none>
Path params:	<none>
Headers:		Accept=*/*
Cookies:		<none>
Multiparts:		<none>
Body:			<none>
Request method:	GET
Request URI:	http://localhost:54820/forecasts/v1/hourly/12hour/294021?apikey=TEST&metric=true
Proxy:			<none>
Request params:	<none>
Query params:	apikey=TEST
				metric=true
Form params:	<none>
Path params:	<none>
Headers:		Accept=*/*
Cookies:		<none>
Multiparts:		<none>
Body:			<none>
Request method:	GET
Request URI:	http://localhost:54820/forecasts/v1/hourly/12hour/294021?apikey=TEST&metric=true
Proxy:			<none>
Request params:	<none>
Query params:	apikey=TEST
				metric=true
Form params:	<none>
Path params:	<none>
Headers:		Accept=*/*
Cookies:		<none>
Multiparts:		<none>
Body:			<none>
HTTP/1.1 200 OK
Content-Type: application/json
Matched-Stub-Id: db6979d1-dde5-4db6-a403-95e009ce221e
Vary: Accept-Encoding, User-Agent
Content-Encoding: gzip
Transfer-Encoding: chunked

[
    {
        "DateTime": "2024-01-01T01:00:00+03:00",
        "IconPhrase": "Cloudy",
        "Temperature": {
            "Value": 0,
            "Unit": "C"
        }
    },
    {
        "DateTime": "2024-01-01T02:00:00+03:00",
        "IconPhrase": "Cloudy",
        "Temperature": {
            "Value": 0,
            "Unit": "C"
        }
    },
    {
        "DateTime": "2024-01-01T03:00:00+03:00",
        "IconPhrase": "Snow",
        "Temperature": {
            "Value": -1,
            "Unit": "C"
        }
    }
]
HTTP/1.1 200 OK
Content-Type: application/json
Matched-Stub-Id: db6979d1-dde5-4db6-a403-95e009ce221e
Vary: Accept-Encoding, User-Agent
Content-Encoding: gzip
Transfer-Encoding: chunked

[
    {
        "DateTime": "2024-01-01T01:00:00+03:00",
        "IconPhrase": "Cloudy",
        "Temperature": {
            "Value": 0,
            "Unit": "C"
        }
    },
    {
        "DateTime": "2024-01-01T02:00:00+03:00",
        "IconPhrase": "Cloudy",
        "Temperature": {
            "Value": 0,
            "Unit": "C"
        }
    },
    {
        "DateTime": "2024-01-01T03:00:00+03:00",
        "IconPhrase": "Snow",
        "Temperature": {
            "Value": -1,
            "Unit": "C"
        }
    }
]
HTTP/1.1 200 OK
Content-Type: application/json
Matched-Stub-Id: db6979d1-dde5-4db6-a403-95e009ce221e
Vary: Accept-Encoding, User-Agent
Content-Encoding: gzip
Transfer-Encoding: chunked

[
    {
        "DateTime": "2024-01-01T01:00:00+03:00",
        "IconPhrase": "Cloudy",
        "Temperature": {
            "Value": 0,
            "Unit": "C"
        }
    },
    {
        "DateTime": "2024-01-01T02:00:00+03:00",
        "IconPhrase": "Cloudy",
        "Temperature": {
            "Value": 0,
            "Unit": "C"
        }
    },
    {
        "DateTime": "2024-01-01T03:00:00+03:00",
        "IconPhrase": "Snow",
        "Temperature": {
            "Value": -1,
            "Unit": "C"
        }
    }
]
HTTP/1.1 200 OK
Content-Type: application/json
Matched-Stub-Id: db6979d1-dde5-4db6-a403-95e009ce221e
Vary: Accept-Encoding, User-Agent
Content-Encoding: gzip
Transfer-Encoding: chunked

[
    {
        "DateTime": "2024-01-01T01:00:00+03:00",
        "IconPhrase": "Cloudy",
        "Temperature": {
            "Value": 0,
            "Unit": "C"
        }
    },
    {
        "DateTime": "2024-01-01T02:00:00+03:00",
        "IconPhrase": "Cloudy",
        "Temperature": {
            "Value": 0,
            "Unit": "C"
        }
    },
    {
        "DateTime": "2024-01-01T03:00:00+03:00",
        "IconPhrase": "Snow",
        "Temperature": {
            "Value": -1,
            "Unit": "C"
        }
    }
]
HTTP/1.1 200 OK
Content-Type: application/json
Matched-Stub-Id: db6979d1-dde5-4db6-a403-95e009ce221e
Vary: Accept-Encoding, User-Agent
Content-Encoding: gzip
Transfer-Encoding: chunked

[
    {
        "DateTime": "2024-01-01T01:00:00+03:00",
        "IconPhrase": "Cloudy",
        "Temperature": {
            "Value": 0,
            "Unit": "C"
        }
    },
    {
        "DateTime": "2024-01-01T02:00:00+03:00",
        "IconPhrase": "Cloudy",
        "Temperature": {
            "Value": 0,
            "Unit": "C"
        }
    },
    {
        "DateTime": "2024-01-01T03:00:00+03:00",
        "IconPhrase": "Snow",
        "Temperature": {
            "Value": -1,
            "Unit": "C"
        }
    }
]
HTTP/1.1 200 OK
Content-Type: application/json
Matched-Stub-Id: db6979d1-dde5-4db6-a403-95e009ce221e
Vary: Accept-Encoding, User-Agent
Content-Encoding: gzip
Transfer-Encoding: chunked

[
    {
        "DateTime": "2024-01-01T01:00:00+03:00",
        "IconPhrase": "Cloudy",
        "Temperature": {
            "Value": 0,
            "Unit": "C"
        }
    },
    {
        "DateTime": "2024-01-01T02:00:00+03:00",
        "IconPhrase": "Cloudy",
        "Temperature": {
            "Value": 0,
            "Unit": "C"
        }
    },
    {
        "DateTime": "2024-01-01T03:00:00+03:00",
        "IconPhrase": "Snow",
        "Temperature": {
            "Value": -1,
            "Unit": "C"
        }
    }
]
HTTP/1.1 200 OK
Content-Type: application/json
Matched-Stub-Id: db6979d1-dde5-4db6-a403-95e009ce221e
Vary: Accept-Encoding, User-Agent
Content-Encoding: gzip
Transfer-Encoding: chunked

[
    {
        "DateTime": "2024-01-01T01:00:00+03:00",
        "IconPhrase": "Cloudy",
        "Temperature": {
            "Value": 0,
            "Unit": "C"
        }
    },
    {
        "DateTime": "2024-01-01T02:00:00+03:00",
        "IconPhrase": "Cloudy",
        "Temperature": {
            "Value": 0,
            "Unit": "C"
        }
    },
    {
        "DateTime": "2024-01-01T03:00:00+03:00",
        "IconPhrase": "Snow",
        "Temperature": {
            "Value": -1,
            "Unit": "C"
        }
    }
]
HTTP/1.1 200 OK
Content-Type: application/json
Matched-Stub-Id: db6979d1-dde5-4db6-a403-95e009ce221e
Vary: Accept-Encoding, User-Agent
Content-Encoding: gzip
Transfer-Encoding: chunked

[
    {
        "DateTime": "2024-01-01T01:00:00+03:00",
        "IconPhrase": "Cloudy",
        "Temperature": {
            "Value": 0,
            "Unit": "C"
        }
    },
    {
        "DateTime": "2024-01-01T02:00:00+03:00",
        "IconPhrase": "Cloudy",
        "Temperature": {
            "Value": 0,
            "Unit": "C"
        }
    },
    {
        "DateTime": "2024-01-01T03:00:00+03:00",
        "IconPhrase": "Snow",
        "Temperature": {
            "Value": -1,
            "Unit": "C"
        }
    }
]
HTTP/1.1 200 OK
Content-Type: application/json
Matched-Stub-Id: db6979d1-dde5-4db6-a403-95e009ce221e
Vary: Accept-Encoding, User-Agent
Content-Encoding: gzip
Transfer-Encoding: chunked

[
    {
        "DateTime": "2024-01-01T01:00:00+03:00",
        "IconPhrase": "Cloudy",
        "Temperature": {
            "Value": 0,
            "Unit": "C"
        }
    },
    {
        "DateTime": "2024-01-01T02:00:00+03:00",
        "IconPhrase": "Cloudy",
        "Temperature": {
            "Value": 0,
            "Unit": "C"
        }
    },
    {
        "DateTime": "2024-01-01T03:00:00+03:00",
        "IconPhrase": "Snow",
        "Temperature": {
            "Value": -1,
            "Unit": "C"
        }
    }
]
HTTP/1.1 200 OK
Content-Type: application/json
Matched-Stub-Id: db6979d1-dde5-4db6-a403-95e009ce221e
Vary: Accept-Encoding, User-Agent
Content-Encoding: gzip
Transfer-Encoding: chunked

[
    {
        "DateTime": "2024-01-01T01:00:00+03:00",
        "IconPhrase": "Cloudy",
        "Temperature": {
            "Value": 0,
            "Unit": "C"
        }
    },
    {
        "DateTime": "2024-01-01T02:00:00+03:00",
        "IconPhrase": "Cloudy",
        "Temperature": {
            "Value": 0,
            "Unit": "C"
        }
    },
    {
        "DateTime": "2024-01-01T03:00:00+03:00",
        "IconPhrase": "Snow",
        "Temperature": {
            "Value": -1,
            "Unit": "C"
        }
    }
]
HTTP/1.1 200 OK
Content-Type: application/json
Matched-Stub-Id: db6979d1-dde5-4db6-a403-95e009ce221e
Vary: Accept-Encoding, User-Agent
Content-Encoding: gzip
Transfer-Encoding: chunked

[
    {
        "DateTime": "2024-01-01T01:00:00+03:00",
        "IconPhrase": "Cloudy",
        "Temperature": {
            "Value": 0,
            "Unit": "C"
        }
    },
    {
        "DateTime": "2024-01-01T02:00:00+03:00",
        "IconPhrase": "Cloudy",
        "Temperature": {
            "Value": 0,
            "Unit": "C"
        }
    },
    {
        "DateTime": "2024-01-01T03:00:00+03:00",
        "IconPhrase": "Snow",
        "Temperature": {
            "Value": -1,
            "Unit": "C"
        }
    }
]
HTTP/1.1 200 OK
Content-Type: application/json
Matched-Stub-Id: db6979d1-dde5-4db6-a403-95e009ce221e
Vary: Accept-Encoding, User-Agent
Content-Encoding: gzip
Transfer-Encoding: chunked

[
    {
        "DateTime": "2024-01-01T01:00:00+03:00",
        "IconPhrase": "Cloudy",
        "Temperature": {
            "Value": 0,
            "Unit": "C"
        }
    },
    {
        "DateTime": "2024-01-01T02:00:00+03:00",
        "IconPhrase": "Cloudy",
        "Temperature": {
            "Value": 0,
            "Unit": "C"
        }
    },
    {
        "DateTime": "2024-01-01T03:00:00+03:00",
        "IconPhrase": "Snow",
        "Temperature": {
            "Value": -1,
            "Unit": "C"
        }
    }
]
HTTP/1.1 200 OK
Content-Type: application/json
Matched-Stub-Id: db6979d1-dde5-4db6-a403-95e009ce221e
Vary: Accept-Encoding, User-Agent
Content-Encoding: gzip
Transfer-Encoding: chunked

[
    {
        "DateTime": "2024-01-01T01:00:00+03:00",
        "IconPhrase": "Cloudy",
        "Temperature": {
            "Value": 0,
            "Unit": "C"
        }
    },
    {
        "DateTime": "2024-01-01T02:00:00+03:00",
        "IconPhrase": "Cloudy",
        "Temperature": {
            "Value": 0,
            "Unit": "C"
        }
    },
    {
        "DateTime": "2024-01-01T03:00:00+03:00",
        "IconPhrase": "Snow",
        "Temperature": {
            "Value": -1,
            "Unit": "C"
        }
    }
]
HTTP/1.1 200 OK
Content-Type: application/json
Matched-Stub-Id: db6979d1-dde5-4db6-a403-95e009ce221e
Vary: Accept-Encoding, User-Agent
Content-Encoding: gzip
Transfer-Encoding: chunked

[
    {
        "DateTime": "2024-01-01T01:00:00+03:00",
        "IconPhrase": "Cloudy",
        "Temperature": {
            "Value": 0,
            "Unit": "C"
        }
    },
    {
        "DateTime": "2024-01-01T02:00:00+03:00",
        "IconPhrase": "Cloudy",
        "Temperature": {
            "Value": 0,
            "Unit": "C"
        }
    },
    {
        "DateTime": "2024-01-01T03:00:00+03:00",
        "IconPhrase": "Snow",
        "Temperature": {
            "Value": -1,
            "Unit": "C"
        }
    }
]
HTTP/1.1 200 OK
Content-Type: application/json
Matched-Stub-Id: db6979d1-dde5-4db6-a403-95e009ce221e
Vary: Accept-Encoding, User-Agent
Content-Encoding: gzip
Transfer-Encoding: chunked

[
    {
        "DateTime": "2024-01-01T01:00:00+03:00",
        "IconPhrase": "Cloudy",
        "Temperature": {
            "Value": 0,
            "Unit": "C"
        }
    },
    {
        "DateTime": "2024-01-01T02:00:00+03:00",
        "IconPhrase": "Cloudy",
        "Temperature": {
            "Value": 0,
            "Unit": "C"
        }
    },
    {
        "DateTime": "2024-01-01T03:00:00+03:00",
        "IconPhrase": "Snow",
        "Temperature": {
            "Value": -1,
            "Unit": "C"
        }
    }
]
HTTP/1.1 200 OK
Content-Type: application/json
Matched-Stub-Id: db6979d1-dde5-4db6-a403-95e009ce221e
Vary: Accept-Encoding, User-Agent
Content-Encoding: gzip
Transfer-Encoding: chunked

[
    {
        "DateTime": "2024-01-01T01:00:00+03:00",
        "IconPhrase": "Cloudy",
        "Temperature": {
            "Value": 0,
            "Unit": "C"
        }
    },
    {
        "DateTime": "2024-01-01T02:00:00+03:00",
        "IconPhrase": "Cloudy",
        "Temperature": {
            "Value": 0,
            "Unit": "C"
        }
    },
    {
        "DateTime": "2024-01-01T03:00:00+03:00",
        "IconPhrase": "Snow",
        "Temperature": {
            "Value": -1,
            "Unit": "C"
        }
    }
]
HTTP/1.1 200 OK
Content-Type: application/json
Matched-Stub-Id: db6979d1-dde5-4db6-a403-95e009ce221e
Vary: Accept-Encoding, User-Agent
Content-Encoding: gzip
Transfer-Encoding: chunked

[
    {
        "DateTime": "2024-01-01T01:00:00+03:00",
        "IconPhrase": "Cloudy",
        "Temperature": {
            "Value": 0,
            "Unit": "C"
        }
    },
    {
        "DateTime": "2024-01-01T02:00:00+03:00",
        "IconPhrase": "Cloudy",
        "Temperature": {
            "Value": 0,
            "Unit": "C"
        }
    },
    {
        "DateTime": "2024-01-01T03:00:00+03:00",
        "IconPhrase": "Snow",
        "Temperature": {
            "Value": -1,
            "Unit": "C"
        }
    }
]
HTTP/1.1 200 OK
Content-Type: application/json
Matched-Stub-Id: db6979d1-dde5-4db6-a403-95e009ce221e
Vary: Accept-Encoding, User-Agent
Content-Encoding: gzip
Transfer-Encoding: chunked

[
    {
        "DateTime": "2024-01-01T01:00:00+03:00",
        "IconPhrase": "Cloudy",
        "Temperature": {
            "Value": 0,
            "Unit": "C"
        }
    },
    {
        "DateTime": "2024-01-01T02:00:00+03:00",
        "IconPhrase": "Cloudy",
        "Temperature": {
            "Value": 0,
            "Unit": "C"
        }
    },
    {
        "DateTime": "2024-01-01T03:00:00+03:00",
        "IconPhrase": "Snow",
        "Temperature": {
            "Value": -1,
            "Unit": "C"
        }
    }
]
HTTP/1.1 200 OK
Content-Type: application/json
Matched-Stub-Id: db6979d1-dde5-4db6-a403-95e009ce221e
Vary: Accept-Encoding, User-Agent
Content-Encoding: gzip
Transfer-Encoding: chunked

[
    {
        "DateTime": "2024-01-01T01:00:00+03:00",
        "IconPhrase": "Cloudy",
        "Temperature": {
            "Value": 0,
            "Unit": "C"
        }
    },
    {
        "DateTime": "2024-01-01T02:00:00+03:00",
        "IconPhrase": "Cloudy",
        "Temperature": {
            "Value": 0,
            "Unit": "C"
        }
    },
    {
        "DateTime": "2024-01-01T03:00:00+03:00",
        "IconPhrase": "Snow",
        "Temperature": {
            "Value": -1,
            "Unit": "C"
        }
    }
]
HTTP/1.1 200 OK
Content-Type: application/json
Matched-Stub-Id: db6979d1-dde5-4db6-a403-95e009ce221e
Vary: Accept-Encoding, User-Agent
Content-Encoding: gzip
Transfer-Encoding: chunked

[
    {
        "DateTime": "2024-01-01T01:00:00+03:00",
        "IconPhrase": "Cloudy",
        "Temperature": {
            "Value": 0,
            "Unit": "C"
        }
    },
    {
        "DateTime": "2024-01-01T02:00:00+03:00",
        "IconPhrase": "Cloudy",
        "Temperature": {
            "Value": 0,
            "Unit": "C"
        }
    },
    {
        "DateTime": "2024-01-01T03:00:00+03:00",
        "IconPhrase": "Snow",
        "Temperature": {
            "Value": -1,
            "Unit": "C"
        }
    }
]
HTTP/1.1 200 OK
Content-Type: application/json
Matched-Stub-Id: db6979d1-dde5-4db6-a403-95e009ce221e
Vary: Accept-Encoding, User-Agent
Content-Encoding: gzip
Transfer-Encoding: chunked

[
    {
        "DateTime": "2024-01-01T01:00:00+03:00",
        "IconPhrase": "Cloudy",
        "Temperature": {
            "Value": 0,
            "Unit": "C"
        }
    },
    {
        "DateTime": "2024-01-01T02:00:00+03:00",
        "IconPhrase": "Cloudy",
        "Temperature": {
            "Value": 0,
            "Unit": "C"
        }
    },
    {
        "DateTime": "2024-01-01T03:00:00+03:00",
        "IconPhrase": "Snow",
        "Temperature": {
            "Value": -1,
            "Unit": "C"
        }
    }
]
HTTP/1.1 200 OK
Content-Type: application/json
Matched-Stub-Id: db6979d1-dde5-4db6-a403-95e009ce221e
Vary: Accept-Encoding, User-Agent
Content-Encoding: gzip
Transfer-Encoding: chunked

[
    {
        "DateTime": "2024-01-01T01:00:00+03:00",
        "IconPhrase": "Cloudy",
        "Temperature": {
            "Value": 0,
            "Unit": "C"
        }
    },
    {
        "DateTime": "2024-01-01T02:00:00+03:00",
        "IconPhrase": "Cloudy",
        "Temperature": {
            "Value": 0,
            "Unit": "C"
        }
    },
    {
        "DateTime": "2024-01-01T03:00:00+03:00",
        "IconPhrase": "Snow",
        "Temperature": {
            "Value": -1,
            "Unit": "C"
        }
    }
]
HTTP/1.1 200 OK
Content-Type: application/json
Matched-Stub-Id: db6979d1-dde5-4db6-a403-95e009ce221e
Vary: Accept-Encoding, User-Agent
Content-Encoding: gzip
Transfer-Encoding: chunked

[
    {
        "DateTime": "2024-01-01T01:00:00+03:00",
        "IconPhrase": "Cloudy",
        "Temperature": {
            "Value": 0,
            "Unit": "C"
        }
    },
    {
        "DateTime": "2024-01-01T02:00:00+03:00",
        "IconPhrase": "Cloudy",
        "Temperature": {
            "Value": 0,
            "Unit": "C"
        }
    },
    {
        "DateTime": "2024-01-01T03:00:00+03:00",
        "IconPhrase": "Snow",
        "Temperature": {
            "Value": -1,
            "Unit": "C"
        }
    }
]
HTTP/1.1 200 OK
Content-Type: application/json
Matched-Stub-Id: db6979d1-dde5-4db6-a403-95e009ce221e
Vary: Accept-Encoding, User-Agent
Content-Encoding: gzip
Transfer-Encoding: chunked

[
    {
        "DateTime": "2024-01-01T01:00:00+03:00",
        "IconPhrase": "Cloudy",
        "Temperature": {
            "Value": 0,
            "Unit": "C"
        }
    },
    {
        "DateTime": "2024-01-01T02:00:00+03:00",
        "IconPhrase": "Cloudy",
        "Temperature": {
            "Value": 0,
            "Unit": "C"
        }
    },
    {
        "DateTime": "2024-01-01T03:00:00+03:00",
        "IconPhrase": "Snow",
        "Temperature": {
            "Value": -1,
            "Unit": "C"
        }
    }
]
HTTP/1.1 200 OK
Content-Type: application/json
Matched-Stub-Id: db6979d1-dde5-4db6-a403-95e009ce221e
Vary: Accept-Encoding, User-Agent
Content-Encoding: gzip
Transfer-Encoding: chunked

[
    {
        "DateTime": "2024-01-01T01:00:00+03:00",
        "IconPhrase": "Cloudy",
        "Temperature": {
            "Value": 0,
            "Unit": "C"
        }
    },
    {
        "DateTime": "2024-01-01T02:00:00+03:00",
        "IconPhrase": "Cloudy",
        "Temperature": {
            "Value": 0,
            "Unit": "C"
        }
    },
    {
        "DateTime": "2024-01-01T03:00:00+03:00",
        "IconPhrase": "Snow",
        "Temperature": {
            "Value": -1,
            "Unit": "C"
        }
    }
]
]]></system-out>
  </testcase>
  <testcase name="hourly24_mock" classname="study.api.AccuWeatherMockTests" time="0.052">
    <system-out><![CDATA[Request method:	GET
Request URI:	http://localhost:54820/forecasts/v1/hourly/24hour/294021?apikey=TEST&metric=true
Proxy:			<none>
Request params:	<none>
Query params:	apikey=TEST
				metric=true
Form params:	<none>
Path params:	<none>
Headers:		Accept=*/*
Cookies:		<none>
Multiparts:		<none>
Body:			<none>
Request method:	GET
Request URI:	http://localhost:54820/forecasts/v1/hourly/24hour/294021?apikey=TEST&metric=true
Proxy:			<none>
Request params:	<none>
Query params:	apikey=TEST
				metric=true
Form params:	<none>
Path params:	<none>
Headers:		Accept=*/*
Cookies:		<none>
Multiparts:		<none>
Body:			<none>
Request method:	GET
Request URI:	http://localhost:54820/forecasts/v1/hourly/24hour/294021?apikey=TEST&metric=true
Proxy:			<none>
Request params:	<none>
Query params:	apikey=TEST
				metric=true
Form params:	<none>
Path params:	<none>
Headers:		Accept=*/*
Cookies:		<none>
Multiparts:		<none>
Body:			<none>
Request method:	GET
Request URI:	http://localhost:54820/forecasts/v1/hourly/24hour/294021?apikey=TEST&metric=true
Proxy:			<none>
Request params:	<none>
Query params:	apikey=TEST
				metric=true
Form params:	<none>
Path params:	<none>
Headers:		Accept=*/*
Cookies:		<none>
Multiparts:		<none>
Body:			<none>
Request method:	GET
Request URI:	http://localhost:54820/forecasts/v1/hourly/24hour/294021?apikey=TEST&metric=true
Proxy:			<none>
Request params:	<none>
Query params:	apikey=TEST
				metric=true
Form params:	<none>
Path params:	<none>
Headers:		Accept=*/*
Cookies:		<none>
Multiparts:		<none>
Body:			<none>
Request method:	GET
Request URI:	http://localhost:54820/forecasts/v1/hourly/24hour/294021?apikey=TEST&metric=true
Proxy:			<none>
Request params:	<none>
Query params:	apikey=TEST
				metric=true
Form params:	<none>
Path params:	<none>
Headers:		Accept=*/*
Cookies:		<none>
Multiparts:		<none>
Body:			<none>
Request method:	GET
Request URI:	http://localhost:54820/forecasts/v1/hourly/24hour/294021?apikey=TEST&metric=true
Proxy:			<none>
Request params:	<none>
Query params:	apikey=TEST
				metric=true
Form params:	<none>
Path params:	<none>
Headers:		Accept=*/*
Cookies:		<none>
Multiparts:		<none>
Body:			<none>
Request method:	GET
Request URI:	http://localhost:54820/forecasts/v1/hourly/24hour/294021?apikey=TEST&metric=true
Proxy:			<none>
Request params:	<none>
Query params:	apikey=TEST
				metric=true
Form params:	<none>
Path params:	<none>
Headers:		Accept=*/*
Cookies:		<none>
Multiparts:		<none>
Body:			<none>
Request method:	GET
Request URI:	http://localhost:54820/forecasts/v1/hourly/24hour/294021?apikey=TEST&metric=true
Proxy:			<none>
Request params:	<none>
Query params:	apikey=TEST
				metric=true
Form params:	<none>
Path params:	<none>
Headers:		Accept=*/*
Cookies:		<none>
Multiparts:		<none>
Body:			<none>
Request method:	GET
Request URI:	http://localhost:54820/forecasts/v1/hourly/24hour/294021?apikey=TEST&metric=true
Proxy:			<none>
Request params:	<none>
Query params:	apikey=TEST
				metric=true
Form params:	<none>
Path params:	<none>
Headers:		Accept=*/*
Cookies:		<none>
Multiparts:		<none>
Body:			<none>
Request method:	GET
Request URI:	http://localhost:54820/forecasts/v1/hourly/24hour/294021?apikey=TEST&metric=true
Proxy:			<none>
Request params:	<none>
Query params:	apikey=TEST
				metric=true
Form params:	<none>
Path params:	<none>
Headers:		Accept=*/*
Cookies:		<none>
Multiparts:		<none>
Body:			<none>
Request method:	GET
Request URI:	http://localhost:54820/forecasts/v1/hourly/24hour/294021?apikey=TEST&metric=true
Proxy:			<none>
Request params:	<none>
Query params:	apikey=TEST
				metric=true
Form params:	<none>
Path params:	<none>
Headers:		Accept=*/*
Cookies:		<none>
Multiparts:		<none>
Body:			<none>
Request method:	GET
Request URI:	http://localhost:54820/forecasts/v1/hourly/24hour/294021?apikey=TEST&metric=true
Proxy:			<none>
Request params:	<none>
Query params:	apikey=TEST
				metric=true
Form params:	<none>
Path params:	<none>
Headers:		Accept=*/*
Cookies:		<none>
Multiparts:		<none>
Body:			<none>
Request method:	GET
Request URI:	http://localhost:54820/forecasts/v1/hourly/24hour/294021?apikey=TEST&metric=true
Proxy:			<none>
Request params:	<none>
Query params:	apikey=TEST
				metric=true
Form params:	<none>
Path params:	<none>
Headers:		Accept=*/*
Cookies:		<none>
Multiparts:		<none>
Body:			<none>
Request method:	GET
Request URI:	http://localhost:54820/forecasts/v1/hourly/24hour/294021?apikey=TEST&metric=true
Proxy:			<none>
Request params:	<none>
Query params:	apikey=TEST
				metric=true
Form params:	<none>
Path params:	<none>
Headers:		Accept=*/*
Cookies:		<none>
Multiparts:		<none>
Body:			<none>
Request method:	GET
Request URI:	http://localhost:54820/forecasts/v1/hourly/24hour/294021?apikey=TEST&metric=true
Proxy:			<none>
Request params:	<none>
Query params:	apikey=TEST
				metric=true
Form params:	<none>
Path params:	<none>
Headers:		Accept=*/*
Cookies:		<none>
Multiparts:		<none>
Body:			<none>
Request method:	GET
Request URI:	http://localhost:54820/forecasts/v1/hourly/24hour/294021?apikey=TEST&metric=true
Proxy:			<none>
Request params:	<none>
Query params:	apikey=TEST
				metric=true
Form params:	<none>
Path params:	<none>
Headers:		Accept=*/*
Cookies:		<none>
Multiparts:		<none>
Body:			<none>
Request method:	GET
Request URI:	http://localhost:54820/forecasts/v1/hourly/24hour/294021?apikey=TEST&metric=true
Proxy:			<none>
Request params:	<none>
Query params:	apikey=TEST
				metric=true
Form params:	<none>
Path params:	<none>
Headers:		Accept=*/*
Cookies:		<none>
Multiparts:		<none>
Body:			<none>
Request method:	GET
Request URI:	http://localhost:54820/forecasts/v1/hourly/24hour/294021?apikey=TEST&metric=true
Proxy:			<none>
Request params:	<none>
Query params:	apikey=TEST
				metric=true
Form params:	<none>
Path params:	<none>
Headers:		Accept=*/*
Cookies:		<none>
Multiparts:		<none>
Body:			<none>
Request method:	GET
Request URI:	http://localhost:54820/forecasts/v1/hourly/24hour/294021?apikey=TEST&metric=true
Proxy:			<none>
Request params:	<none>
Query params:	apikey=TEST
				metric=true
Form params:	<none>
Path params:	<none>
Headers:		Accept=*/*
Cookies:		<none>
Multiparts:		<none>
Body:			<none>
Request method:	GET
Request URI:	http://localhost:54820/forecasts/v1/hourly/24hour/294021?apikey=TEST&metric=true
Proxy:			<none>
Request params:	<none>
Query params:	apikey=TEST
				metric=true
Form params:	<none>
Path params:	<none>
Headers:		Accept=*/*
Cookies:		<none>
Multiparts:		<none>
Body:			<none>
Request method:	GET
Request URI:	http://localhost:54820/forecasts/v1/hourly/24hour/294021?apikey=TEST&metric=true
Proxy:			<none>
Request params:	<none>
Query params:	apikey=TEST
				metric=true
Form params:	<none>
Path params:	<none>
Headers:		Accept=*/*
Cookies:		<none>
Multiparts:		<none>
Body:			<none>
Request method:	GET
Request URI:	http://localhost:54820/forecasts/v1/hourly/24hour/294021?apikey=TEST&metric=true
Proxy:			<none>
Request params:	<none>
Query params:	apikey=TEST
				metric=true
Form params:	<none>
Path params:	<none>
Headers:		Accept=*/*
Cookies:		<none>
Multiparts:		<none>
Body:			<none>
Request method:	GET
Request URI:	http://localhost:54820/forecasts/v1/hourly/24hour/294021?apikey=TEST&metric=true
Proxy:			<none>
Request params:	<none>
Query params:	apikey=TEST
				metric=true
Form params:	<none>
Path params:	<none>
Headers:		Accept=*/*
Cookies:		<none>
Multiparts:		<none>
Body:			<none>
Request method:	GET
Request URI:	http://localhost:54820/forecasts/v1/hourly/24hour/294021?apikey=TEST&metric=true
Proxy:			<none>
Request params:	<none>
Query params:	apikey=TEST
				metric=true
Form params:	<none>
Path params:	<none>
Headers:		Accept=*/*
Cookies:		<none>
Multiparts:		<none>
Body:			<none>
Request method:	GET
Request URI:	http://localhost:54820/forecasts/v1/hourly/24hour/294021?apikey=TEST&metric=true
Proxy:			<none>
Request params:	<none>
Query params:	apikey=TEST
				metric=true
Form params:	<none>
Path params:	<none>
Headers:		Accept=*/*
Cookies:		<none>
Multiparts:		<none>
Body:			<none>
HTTP/1.1 200 OK
Content-Type: application/json
Matched-Stub-Id: c2ccbfaa-09bb-4f9f-928a-090a60ccedb8
Vary: Accept-Encoding, User-Agent
Content-Encoding: gzip
Transfer-Encoding: chunked

[
    {
        "DateTime": "2024-01-01T01:00:00+03:00",
        "IconPhrase": "Cloudy",
        "Temperature": {
            "Value": 0,
            "Unit": "C"
        }
    },
    {
        "DateTime": "2024-01-01T02:00:00+03:00",
        "IconPhrase": "Cloudy",
        "Temperature": {
            "Value": 0,
            "Unit": "C"
        }
    },
    {
        "DateTime": "2024-01-01T03:00:00+03:00",
        "IconPhrase": "Snow",
        "Temperature": {
            "Value": -1,
            "Unit": "C"
        }
    },
    {
        "DateTime": "2024-01-01T04:00:00+03:00",
        "IconPhrase": "Clear",
        "Temperature": {
            "Value": -2,
            "Unit": "C"
        }
    }
]
HTTP/1.1 200 OK
Content-Type: application/json
Matched-Stub-Id: c2ccbfaa-09bb-4f9f-928a-090a60ccedb8
Vary: Accept-Encoding, User-Agent
Content-Encoding: gzip
Transfer-Encoding: chunked

[
    {
        "DateTime": "2024-01-01T01:00:00+03:00",
        "IconPhrase": "Cloudy",
        "Temperature": {
            "Value": 0,
            "Unit": "C"
        }
    },
    {
        "DateTime": "2024-01-01T02:00:00+03:00",
        "IconPhrase": "Cloudy",
        "Temperature": {
            "Value": 0,
            "Unit": "C"
        }
    },
    {
        "DateTime": "2024-01-01T03:00:00+03:00",
        "IconPhrase": "Snow",
        "Temperature": {
            "Value": -1,
            "Unit": "C"
        }
    },
    {
        "DateTime": "2024-01-01T04:00:00+03:00",
        "IconPhrase": "Clear",
        "Temperature": {
            "Value": -2,
            "Unit": "C"
        }
    }
]
HTTP/1.1 200 OK
Content-Type: application/json
Matched-Stub-Id: c2ccbfaa-09bb-4f9f-928a-090a60ccedb8
Vary: Accept-Encoding, User-Agent
Content-Encoding: gzip
Transfer-Encoding: chunked

[
    {
        "DateTime": "2024-01-01T01:00:00+03:00",
        "IconPhrase": "Cloudy",
        "Temperature": {
            "Value": 0,
            "Unit": "C"
        }
    },
    {
        "DateTime": "2024-01-01T02:00:00+03:00",
        "IconPhrase": "Cloudy",
        "Temperature": {
            "Value": 0,
            "Unit": "C"
        }
    },
    {
        "DateTime": "2024-01-01T03:00:00+03:00",
        "IconPhrase": "Snow",
        "Temperature": {
            "Value": -1,
            "Unit": "C"
        }
    },
    {
        "DateTime": "2024-01-01T04:00:00+03:00",
        "IconPhrase": "Clear",
        "Temperature": {
            "Value": -2,
            "Unit": "C"
        }
    }
]
HTTP/1.1 200 OK
Content-Type: application/json
Matched-Stub-Id: c2ccbfaa-09bb-4f9f-928a-090a60ccedb8
Vary: Accept-Encoding, User-Agent
Content-Encoding: gzip
Transfer-Encoding: chunked

[
    {
        "DateTime": "2024-01-01T01:00:00+03:00",
        "IconPhrase": "Cloudy",
        "Temperature": {
            "Value": 0,
            "Unit": "C"
        }
    },
    {
        "DateTime": "2024-01-01T02:00:00+03:00",
        "IconPhrase": "Cloudy",
        "Temperature": {
            "Value": 0,
            "Unit": "C"
        }
    },
    {
        "DateTime": "2024-01-01T03:00:00+03:00",
        "IconPhrase": "Snow",
        "Temperature": {
            "Value": -1,
            "Unit": "C"
        }
    },
    {
        "DateTime": "2024-01-01T04:00:00+03:00",
        "IconPhrase": "Clear",
        "Temperature": {
            "Value": -2,
            "Unit": "C"
        }
    }
]
HTTP/1.1 200 OK
Content-Type: application/json
Matched-Stub-Id: c2ccbfaa-09bb-4f9f-928a-090a60ccedb8
Vary: Accept-Encoding, User-Agent
Content-Encoding: gzip
Transfer-Encoding: chunked

[
    {
        "DateTime": "2024-01-01T01:00:00+03:00",
        "IconPhrase": "Cloudy",
        "Temperature": {
            "Value": 0,
            "Unit": "C"
        }
    },
    {
        "DateTime": "2024-01-01T02:00:00+03:00",
        "IconPhrase": "Cloudy",
        "Temperature": {
            "Value": 0,
            "Unit": "C"
        }
    },
    {
        "DateTime": "2024-01-01T03:00:00+03:00",
        "IconPhrase": "Snow",
        "Temperature": {
            "Value": -1,
            "Unit": "C"
        }
    },
    {
        "DateTime": "2024-01-01T04:00:00+03:00",
        "IconPhrase": "Clear",
        "Temperature": {
            "Value": -2,
            "Unit": "C"
        }
    }
]
HTTP/1.1 200 OK
Content-Type: application/json
Matched-Stub-Id: c2ccbfaa-09bb-4f9f-928a-090a60ccedb8
Vary: Accept-Encoding, User-Agent
Content-Encoding: gzip
Transfer-Encoding: chunked

[
    {
        "DateTime": "2024-01-01T01:00:00+03:00",
        "IconPhrase": "Cloudy",
        "Temperature": {
            "Value": 0,
            "Unit": "C"
        }
    },
    {
        "DateTime": "2024-01-01T02:00:00+03:00",
        "IconPhrase": "Cloudy",
        "Temperature": {
            "Value": 0,
            "Unit": "C"
        }
    },
    {
        "DateTime": "2024-01-01T03:00:00+03:00",
        "IconPhrase": "Snow",
        "Temperature": {
            "Value": -1,
            "Unit": "C"
        }
    },
    {
        "DateTime": "2024-01-01T04:00:00+03:00",
        "IconPhrase": "Clear",
        "Temperature": {
            "Value": -2,
            "Unit": "C"
        }
    }
]
HTTP/1.1 200 OK
Content-Type: application/json
Matched-Stub-Id: c2ccbfaa-09bb-4f9f-928a-090a60ccedb8
Vary: Accept-Encoding, User-Agent
Content-Encoding: gzip
Transfer-Encoding: chunked

[
    {
        "DateTime": "2024-01-01T01:00:00+03:00",
        "IconPhrase": "Cloudy",
        "Temperature": {
            "Value": 0,
            "Unit": "C"
        }
    },
    {
        "DateTime": "2024-01-01T02:00:00+03:00",
        "IconPhrase": "Cloudy",
        "Temperature": {
            "Value": 0,
            "Unit": "C"
        }
    },
    {
        "DateTime": "2024-01-01T03:00:00+03:00",
        "IconPhrase": "Snow",
        "Temperature": {
            "Value": -1,
            "Unit": "C"
        }
    },
    {
        "DateTime": "2024-01-01T04:00:00+03:00",
        "IconPhrase": "Clear",
        "Temperature": {
            "Value": -2,
            "Unit": "C"
        }
    }
]
HTTP/1.1 200 OK
Content-Type: application/json
Matched-Stub-Id: c2ccbfaa-09bb-4f9f-928a-090a60ccedb8
Vary: Accept-Encoding, User-Agent
Content-Encoding: gzip
Transfer-Encoding: chunked

[
    {
        "DateTime": "2024-01-01T01:00:00+03:00",
        "IconPhrase": "Cloudy",
        "Temperature": {
            "Value": 0,
            "Unit": "C"
        }
    },
    {
        "DateTime": "2024-01-01T02:00:00+03:00",
        "IconPhrase": "Cloudy",
        "Temperature": {
            "Value": 0,
            "Unit": "C"
        }
    },
    {
        "DateTime": "2024-01-01T03:00:00+03:00",
        "IconPhrase": "Snow",
        "Temperature": {
            "Value": -1,
            "Unit": "C"
        }
    },
    {
        "DateTime": "2024-01-01T04:00:00+03:00",
        "IconPhrase": "Clear",
        "Temperature": {
            "Value": -2,
            "Unit": "C"
        }
    }
]
HTTP/1.1 200 OK
Content-Type: application/json
Matched-Stub-Id: c2ccbfaa-09bb-4f9f-928a-090a60ccedb8
Vary: Accept-Encoding, User-Agent
Content-Encoding: gzip
Transfer-Encoding: chunked

[
    {
        "DateTime": "2024-01-01T01:00:00+03:00",
        "IconPhrase": "Cloudy",
        "Temperature": {
            "Value": 0,
            "Unit": "C"
        }
    },
    {
        "DateTime": "2024-01-01T02:00:00+03:00",
        "IconPhrase": "Cloudy",
        "Temperature": {
            "Value": 0,
            "Unit": "C"
        }
    },
    {
        "DateTime": "2024-01-01T03:00:00+03:00",
        "IconPhrase": "Snow",
        "Temperature": {
            "Value": -1,
            "Unit": "C"
        }
    },
    {
        "DateTime": "2024-01-01T04:00:00+03:00",
        "IconPhrase": "Clear",
        "Temperature": {
            "Value": -2,
            "Unit": "C"
        }
    }
]
HTTP/1.1 200 OK
Content-Type: application/json
Matched-Stub-Id: c2ccbfaa-09bb-4f9f-928a-090a60ccedb8
Vary: Accept-Encoding, User-Agent
Content-Encoding: gzip
Transfer-Encoding: chunked

[
    {
        "DateTime": "2024-01-01T01:00:00+03:00",
        "IconPhrase": "Cloudy",
        "Temperature": {
            "Value": 0,
            "Unit": "C"
        }
    },
    {
        "DateTime": "2024-01-01T02:00:00+03:00",
        "IconPhrase": "Cloudy",
        "Temperature": {
            "Value": 0,
            "Unit": "C"
        }
    },
    {
        "DateTime": "2024-01-01T03:00:00+03:00",
        "IconPhrase": "Snow",
        "Temperature": {
            "Value": -1,
            "Unit": "C"
        }
    },
    {
        "DateTime": "2024-01-01T04:00:00+03:00",
        "IconPhrase": "Clear",
        "Temperature": {
            "Value": -2,
            "Unit": "C"
        }
    }
]
HTTP/1.1 200 OK
Content-Type: application/json
Matched-Stub-Id: c2ccbfaa-09bb-4f9f-928a-090a60ccedb8
Vary: Accept-Encoding, User-Agent
Content-Encoding: gzip
Transfer-Encoding: chunked

[
    {
        "DateTime": "2024-01-01T01:00:00+03:00",
        "IconPhrase": "Cloudy",
        "Temperature": {
            "Value": 0,
            "Unit": "C"
        }
    },
    {
        "DateTime": "2024-01-01T02:00:00+03:00",
        "IconPhrase": "Cloudy",
        "Temperature": {
            "Value": 0,
            "Unit": "C"
        }
    },
    {
        "DateTime": "2024-01-01T03:00:00+03:00",
        "IconPhrase": "Snow",
        "Temperature": {
            "Value": -1,
            "Unit": "C"
        }
    },
    {
        "DateTime": "2024-01-01T04:00:00+03:00",
        "IconPhrase": "Clear",
        "Temperature": {
            "Value": -2,
            "Unit": "C"
        }
    }
]
HTTP/1.1 200 OK
Content-Type: application/json
Matched-Stub-Id: c2ccbfaa-09bb-4f9f-928a-090a60ccedb8
Vary: Accept-Encoding, User-Agent
Content-Encoding: gzip
Transfer-Encoding: chunked

[
    {
        "DateTime": "2024-01-01T01:00:00+03:00",
        "IconPhrase": "Cloudy",
        "Temperature": {
            "Value": 0,
            "Unit": "C"
        }
    },
    {
        "DateTime": "2024-01-01T02:00:00+03:00",
        "IconPhrase": "Cloudy",
        "Temperature": {
            "Value": 0,
            "Unit": "C"
        }
    },
    {
        "DateTime": "2024-01-01T03:00:00+03:00",
        "IconPhrase": "Snow",
        "Temperature": {
            "Value": -1,
            "Unit": "C"
        }
    },
    {
        "DateTime": "2024-01-01T04:00:00+03:00",
        "IconPhrase": "Clear",
        "Temperature": {
            "Value": -2,
            "Unit": "C"
        }
    }
]
HTTP/1.1 200 OK
Content-Type: application/json
Matched-Stub-Id: c2ccbfaa-09bb-4f9f-928a-090a60ccedb8
Vary: Accept-Encoding, User-Agent
Content-Encoding: gzip
Transfer-Encoding: chunked

[
    {
        "DateTime": "2024-01-01T01:00:00+03:00",
        "IconPhrase": "Cloudy",
        "Temperature": {
            "Value": 0,
            "Unit": "C"
        }
    },
    {
        "DateTime": "2024-01-01T02:00:00+03:00",
        "IconPhrase": "Cloudy",
        "Temperature": {
            "Value": 0,
            "Unit": "C"
        }
    },
    {
        "DateTime": "2024-01-01T03:00:00+03:00",
        "IconPhrase": "Snow",
        "Temperature": {
            "Value": -1,
            "Unit": "C"
        }
    },
    {
        "DateTime": "2024-01-01T04:00:00+03:00",
        "IconPhrase": "Clear",
        "Temperature": {
            "Value": -2,
            "Unit": "C"
        }
    }
]
HTTP/1.1 200 OK
Content-Type: application/json
Matched-Stub-Id: c2ccbfaa-09bb-4f9f-928a-090a60ccedb8
Vary: Accept-Encoding, User-Agent
Content-Encoding: gzip
Transfer-Encoding: chunked

[
    {
        "DateTime": "2024-01-01T01:00:00+03:00",
        "IconPhrase": "Cloudy",
        "Temperature": {
            "Value": 0,
            "Unit": "C"
        }
    },
    {
        "DateTime": "2024-01-01T02:00:00+03:00",
        "IconPhrase": "Cloudy",
        "Temperature": {
            "Value": 0,
            "Unit": "C"
        }
    },
    {
        "DateTime": "2024-01-01T03:00:00+03:00",
        "IconPhrase": "Snow",
        "Temperature": {
            "Value": -1,
            "Unit": "C"
        }
    },
    {
        "DateTime": "2024-01-01T04:00:00+03:00",
        "IconPhrase": "Clear",
        "Temperature": {
            "Value": -2,
            "Unit": "C"
        }
    }
]
HTTP/1.1 200 OK
Content-Type: application/json
Matched-Stub-Id: c2ccbfaa-09bb-4f9f-928a-090a60ccedb8
Vary: Accept-Encoding, User-Agent
Content-Encoding: gzip
Transfer-Encoding: chunked

[
    {
        "DateTime": "2024-01-01T01:00:00+03:00",
        "IconPhrase": "Cloudy",
        "Temperature": {
            "Value": 0,
            "Unit": "C"
        }
    },
    {
        "DateTime": "2024-01-01T02:00:00+03:00",
        "IconPhrase": "Cloudy",
        "Temperature": {
            "Value": 0,
            "Unit": "C"
        }
    },
    {
        "DateTime": "2024-01-01T03:00:00+03:00",
        "IconPhrase": "Snow",
        "Temperature": {
            "Value": -1,
            "Unit": "C"
        }
    },
    {
        "DateTime": "2024-01-01T04:00:00+03:00",
        "IconPhrase": "Clear",
        "Temperature": {
            "Value": -2,
            "Unit": "C"
        }
    }
]
HTTP/1.1 200 OK
Content-Type: application/json
Matched-Stub-Id: c2ccbfaa-09bb-4f9f-928a-090a60ccedb8
Vary: Accept-Encoding, User-Agent
Content-Encoding: gzip
Transfer-Encoding: chunked

[
    {
        "DateTime": "2024-01-01T01:00:00+03:00",
        "IconPhrase": "Cloudy",
        "Temperature": {
            "Value": 0,
            "Unit": "C"
        }
    },
    {
        "DateTime": "2024-01-01T02:00:00+03:00",
        "IconPhrase": "Cloudy",
        "Temperature": {
            "Value": 0,
            "Unit": "C"
        }
    },
    {
        "DateTime": "2024-01-01T03:00:00+03:00",
        "IconPhrase": "Snow",
        "Temperature": {
            "Value": -1,
            "Unit": "C"
        }
    },
    {
        "DateTime": "2024-01-01T04:00:00+03:00",
        "IconPhrase": "Clear",
        "Temperature": {
            "Value": -2,
            "Unit": "C"
        }
    }
]
HTTP/1.1 200 OK
Content-Type: application/json
Matched-Stub-Id: c2ccbfaa-09bb-4f9f-928a-090a60ccedb8
Vary: Accept-Encoding, User-Agent
Content-Encoding: gzip
Transfer-Encoding: chunked

[
    {
        "DateTime": "2024-01-01T01:00:00+03:00",
        "IconPhrase": "Cloudy",
        "Temperature": {
            "Value": 0,
            "Unit": "C"
        }
    },
    {
        "DateTime": "2024-01-01T02:00:00+03:00",
        "IconPhrase": "Cloudy",
        "Temperature": {
            "Value": 0,
            "Unit": "C"
        }
    },
    {
        "DateTime": "2024-01-01T03:00:00+03:00",
        "IconPhrase": "Snow",
        "Temperature": {
            "Value": -1,
            "Unit": "C"
        }
    },
    {
        "DateTime": "2024-01-01T04:00:00+03:00",
        "IconPhrase": "Clear",
        "Temperature": {
            "Value": -2,
            "Unit": "C"
        }
    }
]
HTTP/1.1 200 OK
Content-Type: application/json
Matched-Stub-Id: c2ccbfaa-09bb-4f9f-928a-090a60ccedb8
Vary: Accept-Encoding, User-Agent
Content-Encoding: gzip
Transfer-Encoding: chunked

[
    {
        "DateTime": "2024-01-01T01:00:00+03:00",
        "IconPhrase": "Cloudy",
        "Temperature": {
            "Value": 0,
            "Unit": "C"
        }
    },
    {
        "DateTime": "2024-01-01T02:00:00+03:00",
        "IconPhrase": "Cloudy",
        "Temperature": {
            "Value": 0,
            "Unit": "C"
        }
    },
    {
        "DateTime": "2024-01-01T03:00:00+03:00",
        "IconPhrase": "Snow",
        "Temperature": {
            "Value": -1,
            "Unit": "C"
        }
    },
    {
        "DateTime": "2024-01-01T04:00:00+03:00",
        "IconPhrase": "Clear",
        "Temperature": {
            "Value": -2,
            "Unit": "C"
        }
    }
]
HTTP/1.1 200 OK
Content-Type: application/json
Matched-Stub-Id: c2ccbfaa-09bb-4f9f-928a-090a60ccedb8
Vary: Accept-Encoding, User-Agent
Content-Encoding: gzip
Transfer-Encoding: chunked

[
    {
        "DateTime": "2024-01-01T01:00:00+03:00",
        "IconPhrase": "Cloudy",
        "Temperature": {
            "Value": 0,
            "Unit": "C"
        }
    },
    {
        "DateTime": "2024-01-01T02:00:00+03:00",
        "IconPhrase": "Cloudy",
        "Temperature": {
            "Value": 0,
            "Unit": "C"
        }
    },
    {
        "DateTime": "2024-01-01T03:00:00+03:00",
        "IconPhrase": "Snow",
        "Temperature": {
            "Value": -1,
            "Unit": "C"
        }
    },
    {
        "DateTime": "2024-01-01T04:00:00+03:00",
        "IconPhrase": "Clear",
        "Temperature": {
            "Value": -2,
            "Unit": "C"
        }
    }
]
HTTP/1.1 200 OK
Content-Type: application/json
Matched-Stub-Id: c2ccbfaa-09bb-4f9f-928a-090a60ccedb8
Vary: Accept-Encoding, User-Agent
Content-Encoding: gzip
Transfer-Encoding: chunked

[
    {
        "DateTime": "2024-01-01T01:00:00+03:00",
        "IconPhrase": "Cloudy",
        "Temperature": {
            "Value": 0,
            "Unit": "C"
        }
    },
    {
        "DateTime": "2024-01-01T02:00:00+03:00",
        "IconPhrase": "Cloudy",
        "Temperature": {
            "Value": 0,
            "Unit": "C"
        }
    },
    {
        "DateTime": "2024-01-01T03:00:00+03:00",
        "IconPhrase": "Snow",
        "Temperature": {
            "Value": -1,
            "Unit": "C"
        }
    },
    {
        "DateTime": "2024-01-01T04:00:00+03:00",
        "IconPhrase": "Clear",
        "Temperature": {
            "Value": -2,
            "Unit": "C"
        }
    }
]
HTTP/1.1 200 OK
Content-Type: application/json
Matched-Stub-Id: c2ccbfaa-09bb-4f9f-928a-090a60ccedb8
Vary: Accept-Encoding, User-Agent
Content-Encoding: gzip
Transfer-Encoding: chunked

[
    {
        "DateTime": "2024-01-01T01:00:00+03:00",
        "IconPhrase": "Cloudy",
        "Temperature": {
            "Value": 0,
            "Unit": "C"
        }
    },
    {
        "DateTime": "2024-01-01T02:00:00+03:00",
        "IconPhrase": "Cloudy",
        "Temperature": {
            "Value": 0,
            "Unit": "C"
        }
    },
    {
        "DateTime": "2024-01-01T03:00:00+03:00",
        "IconPhrase": "Snow",
        "Temperature": {
            "Value": -1,
            "Unit": "C"
        }
    },
    {
        "DateTime": "2024-01-01T04:00:00+03:00",
        "IconPhrase": "Clear",
        "Temperature": {
            "Value": -2,
            "Unit": "C"
        }
    }
]
HTTP/1.1 200 OK
Content-Type: application/json
Matched-Stub-Id: c2ccbfaa-09bb-4f9f-928a-090a60ccedb8
Vary: Accept-Encoding, User-Agent
Content-Encoding: gzip
Transfer-Encoding: chunked

[
    {
        "DateTime": "2024-01-01T01:00:00+03:00",
        "IconPhrase": "Cloudy",
        "Temperature": {
            "Value": 0,
            "Unit": "C"
        }
    },
    {
        "DateTime": "2024-01-01T02:00:00+03:00",
        "IconPhrase": "Cloudy",
        "Temperature": {
            "Value": 0,
            "Unit": "C"
        }
    },
    {
        "DateTime": "2024-01-01T03:00:00+03:00",
        "IconPhrase": "Snow",
        "Temperature": {
            "Value": -1,
            "Unit": "C"
        }
    },
    {
        "DateTime": "2024-01-01T04:00:00+03:00",
        "IconPhrase": "Clear",
        "Temperature": {
            "Value": -2,
            "Unit": "C"
        }
    }
]
HTTP/1.1 200 OK
Content-Type: application/json
Matched-Stub-Id: c2ccbfaa-09bb-4f9f-928a-090a60ccedb8
Vary: Accept-Encoding, User-Agent
Content-Encoding: gzip
Transfer-Encoding: chunked

[
    {
        "DateTime": "2024-01-01T01:00:00+03:00",
        "IconPhrase": "Cloudy",
        "Temperature": {
            "Value": 0,
            "Unit": "C"
        }
    },
    {
        "DateTime": "2024-01-01T02:00:00+03:00",
        "IconPhrase": "Cloudy",
        "Temperature": {
            "Value": 0,
            "Unit": "C"
        }
    },
    {
        "DateTime": "2024-01-01T03:00:00+03:00",
        "IconPhrase": "Snow",
        "Temperature": {
            "Value": -1,
            "Unit": "C"
        }
    },
    {
        "DateTime": "2024-01-01T04:00:00+03:00",
        "IconPhrase": "Clear",
        "Temperature": {
            "Value": -2,
            "Unit": "C"
        }
    }
]
HTTP/1.1 200 OK
Content-Type: application/json
Matched-Stub-Id: c2ccbfaa-09bb-4f9f-928a-090a60ccedb8
Vary: Accept-Encoding, User-Agent
Content-Encoding: gzip
Transfer-Encoding: chunked

[
    {
        "DateTime": "2024-01-01T01:00:00+03:00",
        "IconPhrase": "Cloudy",
        "Temperature": {
            "Value": 0,
            "Unit": "C"
        }
    },
    {
        "DateTime": "2024-01-01T02:00:00+03:00",
        "IconPhrase": "Cloudy",
        "Temperature": {
            "Value": 0,
            "Unit": "C"
        }
    },
    {
        "DateTime": "2024-01-01T03:00:00+03:00",
        "IconPhrase": "Snow",
        "Temperature": {
            "Value": -1,
            "Unit": "C"
        }
    },
    {
        "DateTime": "2024-01-01T04:00:00+03:00",
        "IconPhrase": "Clear",
        "Temperature": {
            "Value": -2,
            "Unit": "C"
        }
    }
]
HTTP/1.1 200 OK
Content-Type: application/json
Matched-Stub-Id: c2ccbfaa-09bb-4f9f-928a-090a60ccedb8
Vary: Accept-Encoding, User-Agent
Content-Encoding: gzip
Transfer-Encoding: chunked

[
    {
        "DateTime": "2024-01-01T01:00:00+03:00",
        "IconPhrase": "Cloudy",
        "Temperature": {
            "Value": 0,
            "Unit": "C"
        }
    },
    {
        "DateTime": "2024-01-01T02:00:00+03:00",
        "IconPhrase": "Cloudy",
        "Temperature": {
            "Value": 0,
            "Unit": "C"
        }
    },
    {
        "DateTime": "2024-01-01T03:00:00+03:00",
        "IconPhrase": "Snow",
        "Temperature": {
            "Value": -1,
            "Unit": "C"
        }
    },
    {
        "DateTime": "2024-01-01T04:00:00+03:00",
        "IconPhrase": "Clear",
        "Temperature": {
            "Value": -2,
            "Unit": "C"
        }
    }
]
HTTP/1.1 200 OK
Content-Type: application/json
Matched-Stub-Id: c2ccbfaa-09bb-4f9f-928a-090a60ccedb8
Vary: Accept-Encoding, User-Agent
Content-Encoding: gzip
Transfer-Encoding: chunked

[
    {
        "DateTime": "2024-01-01T01:00:00+03:00",
        "IconPhrase": "Cloudy",
        "Temperature": {
            "Value": 0,
            "Unit": "C"
        }
    },
    {
        "DateTime": "2024-01-01T02:00:00+03:00",
        "IconPhrase": "Cloudy",
        "Temperature": {
            "Value": 0,
            "Unit": "C"
        }
    },
    {
        "DateTime": "2024-01-01T03:00:00+03:00",
        "IconPhrase": "Snow",
        "Temperature": {
            "Value": -1,
            "Unit": "C"
        }
    },
    {
        "DateTime": "2024-01-01T04:00:00+03:00",
        "IconPhrase": "Clear",
        "Temperature": {
            "Value": -2,
            "Unit": "C"
        }
    }
]
]]></system-out>
  </testcase>
  <testcase name="quarterday1_mock" classname="study.api.AccuWeatherMockTests" time="0.11">
    <system-out><![CDATA[Request method:	GET
Request URI:	http://localhost:54820/forecasts/v1/quarterday/1day/294021?apikey=TEST&metric=true
Proxy:			<none>
Request params:	<none>
Query params:	apikey=TEST
				metric=true
Form params:	<none>
Path params:	<none>
Headers:		Accept=*/*
Cookies:		<none>
Multiparts:		<none>
Body:			<none>
Request method:	GET
Request URI:	http://localhost:54820/forecasts/v1/quarterday/1day/294021?apikey=TEST&metric=true
Proxy:			<none>
Request params:	<none>
Query params:	apikey=TEST
				metric=true
Form params:	<none>
Path params:	<none>
Headers:		Accept=*/*
Cookies:		<none>
Multiparts:		<none>
Body:			<none>
Request method:	GET
Request URI:	http://localhost:54820/forecasts/v1/quarterday/1day/294021?apikey=TEST&metric=true
Proxy:			<none>
Request params:	<none>
Query params:	apikey=TEST
				metric=true
Form params:	<none>
Path params:	<none>
Headers:		Accept=*/*
Cookies:		<none>
Multiparts:		<none>
Body:			<none>
Request method:	GET
Request URI:	http://localhost:54820/forecasts/v1/quarterday/1day/294021?apikey=TEST&metric=true
Proxy:			<none>
Request params:	<none>
Query params:	apikey=TEST
				metric=true
Form params:	<none>
Path params:	<none>
Headers:		Accept=*/*
Cookies:		<none>
Multiparts:		<none>
Body:			<none>
Request method:	GET
Request URI:	http://localhost:54820/forecasts/v1/quarterday/1day/294021?apikey=TEST&metric=true
Proxy:			<none>
Request params:	<none>
Query params:	apikey=TEST
				metric=true
Form params:	<none>
Path params:	<none>
Headers:		Accept=*/*
Cookies:		<none>
Multiparts:		<none>
Body:			<none>
Request method:	GET
Request URI:	http://localhost:54820/forecasts/v1/quarterday/1day/294021?apikey=TEST&metric=true
Proxy:			<none>
Request params:	<none>
Query params:	apikey=TEST
				metric=true
Form params:	<none>
Path params:	<none>
Headers:		Accept=*/*
Cookies:		<none>
Multiparts:		<none>
Body:			<none>
Request method:	GET
Request URI:	http://localhost:54820/forecasts/v1/quarterday/1day/294021?apikey=TEST&metric=true
Proxy:			<none>
Request params:	<none>
Query params:	apikey=TEST
				metric=true
Form params:	<none>
Path params:	<none>
Headers:		Accept=*/*
Cookies:		<none>
Multiparts:		<none>
Body:			<none>
Request method:	GET
Request URI:	http://localhost:54820/forecasts/v1/quarterday/1day/294021?apikey=TEST&metric=true
Proxy:			<none>
Request params:	<none>
Query params:	apikey=TEST
				metric=true
Form params:	<none>
Path params:	<none>
Headers:		Accept=*/*
Cookies:		<none>
Multiparts:		<none>
Body:			<none>
Request method:	GET
Request URI:	http://localhost:54820/forecasts/v1/quarterday/1day/294021?apikey=TEST&metric=true
Proxy:			<none>
Request params:	<none>
Query params:	apikey=TEST
				metric=true
Form params:	<none>
Path params:	<none>
Headers:		Accept=*/*
Cookies:		<none>
Multiparts:		<none>
Body:			<none>
Request method:	GET
Request URI:	http://localhost:54820/forecasts/v1/quarterday/1day/294021?apikey=TEST&metric=true
Proxy:			<none>
Request params:	<none>
Query params:	apikey=TEST
				metric=true
Form params:	<none>
Path params:	<none>
Headers:		Accept=*/*
Cookies:		<none>
Multiparts:		<none>
Body:			<none>
Request method:	GET
Request URI:	http://localhost:54820/forecasts/v1/quarterday/1day/294021?apikey=TEST&metric=true
Proxy:			<none>
Request params:	<none>
Query params:	apikey=TEST
				metric=true
Form params:	<none>
Path params:	<none>
Headers:		Accept=*/*
Cookies:		<none>
Multiparts:		<none>
Body:			<none>
Request method:	GET
Request URI:	http://localhost:54820/forecasts/v1/quarterday/1day/294021?apikey=TEST&metric=true
Proxy:			<none>
Request params:	<none>
Query params:	apikey=TEST
				metric=true
Form params:	<none>
Path params:	<none>
Headers:		Accept=*/*
Cookies:		<none>
Multiparts:		<none>
Body:			<none>
Request method:	GET
Request URI:	http://localhost:54820/forecasts/v1/quarterday/1day/294021?apikey=TEST&metric=true
Proxy:			<none>
Request params:	<none>
Query params:	apikey=TEST
				metric=true
Form params:	<none>
Path params:	<none>
Headers:		Accept=*/*
Cookies:		<none>
Multiparts:		<none>
Body:			<none>
Request method:	GET
Request URI:	http://localhost:54820/forecasts/v1/quarterday/1day/294021?apikey=TEST&metric=true
Proxy:			<none>
Request params:	<none>
Query params:	apikey=TEST
				metric=true
Form params:	<none>
Path params:	<none>
Headers:		Accept=*/*
Cookies:		<none>
Multiparts:		<none>
Body:			<none>
Request method:	GET
Request URI:	http://localhost:54820/forecasts/v1/quarterday/1day/294021?apikey=TEST&metric=true
Proxy:			<none>
Request params:	<none>
Query params:	apikey=TEST
				metric=true
Form params:	<none>
Path params:	<none>
Headers:		Accept=*/*
Cookies:		<none>
Multiparts:		<none>
Body:			<none>
Request method:	GET
Request URI:	http://localhost:54820/forecasts/v1/quarterday/1day/294021?apikey=TEST&metric=true
Proxy:			<none>
Request params:	<none>
Query params:	apikey=TEST
				metric=true
Form params:	<none>
Path params:	<none>
Headers:		Accept=*/*
Cookies:		<none>
Multiparts:		<none>
Body:			<none>
Request method:	GET
Request URI:	http://localhost:54820/forecasts/v1/quarterday/1day/294021?apikey=TEST&metric=true
Proxy:			<none>
Request params:	<none>
Query params:	apikey=TEST
				metric=true
Form params:	<none>
Path params:	<none>
Headers:		Accept=*/*
Cookies:		<none>
Multiparts:		<none>
Body:			<none>
Request method:	GET
Request URI:	http://localhost:54820/forecasts/v1/quarterday/1day/294021?apikey=TEST&metric=true
Proxy:			<none>
Request params:	<none>
Query params:	apikey=TEST
				metric=true
Form params:	<none>
Path params:	<none>
Headers:		Accept=*/*
Cookies:		<none>
Multiparts:		<none>
Body:			<none>
Request method:	GET
Request URI:	http://localhost:54820/forecasts/v1/quarterday/1day/294021?apikey=TEST&metric=true
Proxy:			<none>
Request params:	<none>
Query params:	apikey=TEST
				metric=true
Form params:	<none>
Path params:	<none>
Headers:		Accept=*/*
Cookies:		<none>
Multiparts:		<none>
Body:			<none>
Request method:	GET
Request URI:	http://localhost:54820/forecasts/v1/quarterday/1day/294021?apikey=TEST&metric=true
Proxy:			<none>
Request params:	<none>
Query params:	apikey=TEST
				metric=true
Form params:	<none>
Path params:	<none>
Headers:		Accept=*/*
Cookies:		<none>
Multiparts:		<none>
Body:			<none>
Request method:	GET
Request URI:	http://localhost:54820/forecasts/v1/quarterday/1day/294021?apikey=TEST&metric=true
Proxy:			<none>
Request params:	<none>
Query params:	apikey=TEST
				metric=true
Form params:	<none>
Path params:	<none>
Headers:		Accept=*/*
Cookies:		<none>
Multiparts:		<none>
Body:			<none>
Request method:	GET
Request URI:	http://localhost:54820/forecasts/v1/quarterday/1day/294021?apikey=TEST&metric=true
Proxy:			<none>
Request params:	<none>
Query params:	apikey=TEST
				metric=true
Form params:	<none>
Path params:	<none>
Headers:		Accept=*/*
Cookies:		<none>
Multiparts:		<none>
Body:			<none>
Request method:	GET
Request URI:	http://localhost:54820/forecasts/v1/quarterday/1day/294021?apikey=TEST&metric=true
Proxy:			<none>
Request params:	<none>
Query params:	apikey=TEST
				metric=true
Form params:	<none>
Path params:	<none>
Headers:		Accept=*/*
Cookies:		<none>
Multiparts:		<none>
Body:			<none>
Request method:	GET
Request URI:	http://localhost:54820/forecasts/v1/quarterday/1day/294021?apikey=TEST&metric=true
Proxy:			<none>
Request params:	<none>
Query params:	apikey=TEST
				metric=true
Form params:	<none>
Path params:	<none>
Headers:		Accept=*/*
Cookies:		<none>
Multiparts:		<none>
Body:			<none>
Request method:	GET
Request URI:	http://localhost:54820/forecasts/v1/quarterday/1day/294021?apikey=TEST&metric=true
Proxy:			<none>
Request params:	<none>
Query params:	apikey=TEST
				metric=true
Form params:	<none>
Path params:	<none>
Headers:		Accept=*/*
Cookies:		<none>
Multiparts:		<none>
Body:			<none>
Request method:	GET
Request URI:	http://localhost:54820/forecasts/v1/quarterday/1day/294021?apikey=TEST&metric=true
Proxy:			<none>
Request params:	<none>
Query params:	apikey=TEST
				metric=true
Form params:	<none>
Path params:	<none>
Headers:		Accept=*/*
Cookies:		<none>
Multiparts:		<none>
Body:			<none>
Request method:	GET
Request URI:	http://localhost:54820/forecasts/v1/quarterday/1day/294021?apikey=TEST&metric=true
Proxy:			<none>
Request params:	<none>
Query params:	apikey=TEST
				metric=true
Form params:	<none>
Path params:	<none>
Headers:		Accept=*/*
Cookies:		<none>
Multiparts:		<none>
Body:			<none>
HTTP/1.1 200 OK
Content-Type: application/json
Matched-Stub-Id: 6cc2bcc1-2807-460c-a070-353e88fcfd9d
Vary: Accept-Encoding, User-Agent
Content-Encoding: gzip
Transfer-Encoding: chunked

[
    {
        "Name": "Morning",
        "IconPhrase": "Cloudy",
        "Temperature": {
            "Value": -1,
            "Unit": "C"
        }
    },
    {
        "Name": "Afternoon",
        "IconPhrase": "Cloudy",
        "Temperature": {
            "Value": 2,
            "Unit": "C"
        }
    },
    {
        "Name": "Evening",
        "IconPhrase": "Snow",
        "Temperature": {
            "Value": 0,
            "Unit": "C"
        }
    },
    {
        "Name": "Overnight",
        "IconPhrase": "Clear",
        "Temperature": {
            "Value": -3,
            "Unit": "C"
        }
    }
]
HTTP/1.1 200 OK
Content-Type: application/json
Matched-Stub-Id: 6cc2bcc1-2807-460c-a070-353e88fcfd9d
Vary: Accept-Encoding, User-Agent
Content-Encoding: gzip
Transfer-Encoding: chunked

[
    {
        "Name": "Morning",
        "IconPhrase": "Cloudy",
        "Temperature": {
            "Value": -1,
            "Unit": "C"
        }
    },
    {
        "Name": "Afternoon",
        "IconPhrase": "Cloudy",
        "Temperature": {
            "Value": 2,
            "Unit": "C"
        }
    },
    {
        "Name": "Evening",
        "IconPhrase": "Snow",
        "Temperature": {
            "Value": 0,
            "Unit": "C"
        }
    },
    {
        "Name": "Overnight",
        "IconPhrase": "Clear",
        "Temperature": {
            "Value": -3,
            "Unit": "C"
        }
    }
]
HTTP/1.1 200 OK
Content-Type: application/json
Matched-Stub-Id: 6cc2bcc1-2807-460c-a070-353e88fcfd9d
Vary: Accept-Encoding, User-Agent
Content-Encoding: gzip
Transfer-Encoding: chunked

[
    {
        "Name": "Morning",
        "IconPhrase": "Cloudy",
        "Temperature": {
            "Value": -1,
            "Unit": "C"
        }
    },
    {
        "Name": "Afternoon",
        "IconPhrase": "Cloudy",
        "Temperature": {
            "Value": 2,
            "Unit": "C"
        }
    },
    {
        "Name": "Evening",
        "IconPhrase": "Snow",
        "Temperature": {
            "Value": 0,
            "Unit": "C"
        }
    },
    {
        "Name": "Overnight",
        "IconPhrase": "Clear",
        "Temperature": {
            "Value": -3,
            "Unit": "C"
        }
    }
]
HTTP/1.1 200 OK
Content-Type: application/json
Matched-Stub-Id: 6cc2bcc1-2807-460c-a070-353e88fcfd9d
Vary: Accept-Encoding, User-Agent
Content-Encoding: gzip
Transfer-Encoding: chunked

[
    {
        "Name": "Morning",
        "IconPhrase": "Cloudy",
        "Temperature": {
            "Value": -1,
            "Unit": "C"
        }
    },
    {
        "Name": "Afternoon",
        "IconPhrase": "Cloudy",
        "Temperature": {
            "Value": 2,
            "Unit": "C"
        }
    },
    {
        "Name": "Evening",
        "IconPhrase": "Snow",
        "Temperature": {
            "Value": 0,
            "Unit": "C"
        }
    },
    {
        "Name": "Overnight",
        "IconPhrase": "Clear",
        "Temperature": {
            "Value": -3,
            "Unit": "C"
        }
    }
]
HTTP/1.1 200 OK
Content-Type: application/json
Matched-Stub-Id: 6cc2bcc1-2807-460c-a070-353e88fcfd9d
Vary: Accept-Encoding, User-Agent
Content-Encoding: gzip
Transfer-Encoding: chunked

[
    {
        "Name": "Morning",
        "IconPhrase": "Cloudy",
        "Temperature": {
            "Value": -1,
            "Unit": "C"
        }
    },
    {
        "Name": "Afternoon",
        "IconPhrase": "Cloudy",
        "Temperature": {
            "Value": 2,
            "Unit": "C"
        }
    },
    {
        "Name": "Evening",
        "IconPhrase": "Snow",
        "Temperature": {
            "Value": 0,
            "Unit": "C"
        }
    },
    {
        "Name": "Overnight",
        "IconPhrase": "Clear",
        "Temperature": {
            "Value": -3,
            "Unit": "C"
        }
    }
]
HTTP/1.1 200 OK
Content-Type: application/json
Matched-Stub-Id: 6cc2bcc1-2807-460c-a070-353e88fcfd9d
Vary: Accept-Encoding, User-Agent
Content-Encoding: gzip
Transfer-Encoding: chunked

[
    {
        "Name": "Morning",
        "IconPhrase": "Cloudy",
        "Temperature": {
            "Value": -1,
            "Unit": "C"
        }
    },
    {
        "Name": "Afternoon",
        "IconPhrase": "Cloudy",
        "Temperature": {
            "Value": 2,
            "Unit": "C"
        }
    },
    {
        "Name": "Evening",
        "IconPhrase": "Snow",
        "Temperature": {
            "Value": 0,
            "Unit": "C"
        }
    },
    {
        "Name": "Overnight",
        "IconPhrase": "Clear",
        "Temperature": {
            "Value": -3,
            "Unit": "C"
        }
    }
]
HTTP/1.1 200 OK
Content-Type: application/json
Matched-Stub-Id: 6cc2bcc1-2807-460c-a070-353e88fcfd9d
Vary: Accept-Encoding, User-Agent
Content-Encoding: gzip
Transfer-Encoding: chunked

[
    {
        "Name": "Morning",
        "IconPhrase": "Cloudy",
        "Temperature": {
            "Value": -1,
            "Unit": "C"
        }
    },
    {
        "Name": "Afternoon",
        "IconPhrase": "Cloudy",
        "Temperature": {
            "Value": 2,
            "Unit": "C"
        }
    },
    {
        "Name": "Evening",
        "IconPhrase": "Snow",
        "Temperature": {
            "Value": 0,
            "Unit": "C"
        }
    },
    {
        "Name": "Overnight",
        "IconPhrase": "Clear",
        "Temperature": {
            "Value": -3,
            "Unit": "C"
        }
    }
]
HTTP/1.1 200 OK
Content-Type: application/json
Matched-Stub-Id: 6cc2bcc1-2807-460c-a070-353e88fcfd9d
Vary: Accept-Encoding, User-Agent
Content-Encoding: gzip
Transfer-Encoding: chunked

[
    {
        "Name": "Morning",
        "IconPhrase": "Cloudy",
        "Temperature": {
            "Value": -1,
            "Unit": "C"
        }
    },
    {
        "Name": "Afternoon",
        "IconPhrase": "Cloudy",
        "Temperature": {
            "Value": 2,
            "Unit": "C"
        }
    },
    {
        "Name": "Evening",
        "IconPhrase": "Snow",
        "Temperature": {
            "Value": 0,
            "Unit": "C"
        }
    },
    {
        "Name": "Overnight",
        "IconPhrase": "Clear",
        "Temperature": {
            "Value": -3,
            "Unit": "C"
        }
    }
]
HTTP/1.1 200 OK
Content-Type: application/json
Matched-Stub-Id: 6cc2bcc1-2807-460c-a070-353e88fcfd9d
Vary: Accept-Encoding, User-Agent
Content-Encoding: gzip
Transfer-Encoding: chunked

[
    {
        "Name": "Morning",
        "IconPhrase": "Cloudy",
        "Temperature": {
            "Value": -1,
            "Unit": "C"
        }
    },
    {
        "Name": "Afternoon",
        "IconPhrase": "Cloudy",
        "Temperature": {
            "Value": 2,
            "Unit": "C"
        }
    },
    {
        "Name": "Evening",
        "IconPhrase": "Snow",
        "Temperature": {
            "Value": 0,
            "Unit": "C"
        }
    },
    {
        "Name": "Overnight",
        "IconPhrase": "Clear",
        "Temperature": {
            "Value": -3,
            "Unit": "C"
        }
    }
]
HTTP/1.1 200 OK
Content-Type: application/json
Matched-Stub-Id: 6cc2bcc1-2807-460c-a070-353e88fcfd9d
Vary: Accept-Encoding, User-Agent
Content-Encoding: gzip
Transfer-Encoding: chunked

[
    {
        "Name": "Morning",
        "IconPhrase": "Cloudy",
        "Temperature": {
            "Value": -1,
            "Unit": "C"
        }
    },
    {
        "Name": "Afternoon",
        "IconPhrase": "Cloudy",
        "Temperature": {
            "Value": 2,
            "Unit": "C"
        }
    },
    {
        "Name": "Evening",
        "IconPhrase": "Snow",
        "Temperature": {
            "Value": 0,
            "Unit": "C"
        }
    },
    {
        "Name": "Overnight",
        "IconPhrase": "Clear",
        "Temperature": {
            "Value": -3,
            "Unit": "C"
        }
    }
]
HTTP/1.1 200 OK
Content-Type: application/json
Matched-Stub-Id: 6cc2bcc1-2807-460c-a070-353e88fcfd9d
Vary: Accept-Encoding, User-Agent
Content-Encoding: gzip
Transfer-Encoding: chunked

[
    {
        "Name": "Morning",
        "IconPhrase": "Cloudy",
        "Temperature": {
            "Value": -1,
            "Unit": "C"
        }
    },
    {
        "Name": "Afternoon",
        "IconPhrase": "Cloudy",
        "Temperature": {
            "Value": 2,
            "Unit": "C"
        }
    },
    {
        "Name": "Evening",
        "IconPhrase": "Snow",
        "Temperature": {
            "Value": 0,
            "Unit": "C"
        }
    },
    {
        "Name": "Overnight",
        "IconPhrase": "Clear",
        "Temperature": {
            "Value": -3,
            "Unit": "C"
        }
    }
]
HTTP/1.1 200 OK
Content-Type: application/json
Matched-Stub-Id: 6cc2bcc1-2807-460c-a070-353e88fcfd9d
Vary: Accept-Encoding, User-Agent
Content-Encoding: gzip
Transfer-Encoding: chunked

[
    {
        "Name": "Morning",
        "IconPhrase": "Cloudy",
        "Temperature": {
            "Value": -1,
            "Unit": "C"
        }
    },
    {
        "Name": "Afternoon",
        "IconPhrase": "Cloudy",
        "Temperature": {
            "Value": 2,
            "Unit": "C"
        }
    },
    {
        "Name": "Evening",
        "IconPhrase": "Snow",
        "Temperature": {
            "Value": 0,
            "Unit": "C"
        }
    },
    {
        "Name": "Overnight",
        "IconPhrase": "Clear",
        "Temperature": {
            "Value": -3,
            "Unit": "C"
        }
    }
]
HTTP/1.1 200 OK
Content-Type: application/json
Matched-Stub-Id: 6cc2bcc1-2807-460c-a070-353e88fcfd9d
Vary: Accept-Encoding, User-Agent
Content-Encoding: gzip
Transfer-Encoding: chunked

[
    {
        "Name": "Morning",
        "IconPhrase": "Cloudy",
        "Temperature": {
            "Value": -1,
            "Unit": "C"
        }
    },
    {
        "Name": "Afternoon",
        "IconPhrase": "Cloudy",
        "Temperature": {
            "Value": 2,
            "Unit": "C"
        }
    },
    {
        "Name": "Evening",
        "IconPhrase": "Snow",
        "Temperature": {
            "Value": 0,
            "Unit": "C"
        }
    },
    {
        "Name": "Overnight",
        "IconPhrase": "Clear",
        "Temperature": {
            "Value": -3,
            "Unit": "C"
        }
    }
]
HTTP/1.1 200 OK
Content-Type: application/json
Matched-Stub-Id: 6cc2bcc1-2807-460c-a070-353e88fcfd9d
Vary: Accept-Encoding, User-Agent
Content-Encoding: gzip
Transfer-Encoding: chunked

[
    {
        "Name": "Morning",
        "IconPhrase": "Cloudy",
        "Temperature": {
            "Value": -1,
            "Unit": "C"
        }
    },
    {
        "Name": "Afternoon",
        "IconPhrase": "Cloudy",
        "Temperature": {
            "Value": 2,
            "Unit": "C"
        }
    },
    {
        "Name": "Evening",
        "IconPhrase": "Snow",
        "Temperature": {
            "Value": 0,
            "Unit": "C"
        }
    },
    {
        "Name": "Overnight",
        "IconPhrase": "Clear",
        "Temperature": {
            "Value": -3,
            "Unit": "C"
        }
    }
]
HTTP/1.1 200 OK
Content-Type: application/json
Matched-Stub-Id: 6cc2bcc1-2807-460c-a070-353e88fcfd9d
Vary: Accept-Encoding, User-Agent
Content-Encoding: gzip
Transfer-Encoding: chunked

[
    {
        "Name": "Morning",
        "IconPhrase": "Cloudy",
        "Temperature": {
            "Value": -1,
            "Unit": "C"
        }
    },
    {
        "Name": "Afternoon",
        "IconPhrase": "Cloudy",
        "Temperature": {
            "Value": 2,
            "Unit": "C"
        }
    },
    {
        "Name": "Evening",
        "IconPhrase": "Snow",
        "Temperature": {
            "Value": 0,
            "Unit": "C"
        }
    },
    {
        "Name": "Overnight",
        "IconPhrase": "Clear",
        "Temperature": {
            "Value": -3,
            "Unit": "C"
        }
    }
]
HTTP/1.1 200 OK
Content-Type: application/json
Matched-Stub-Id: 6cc2bcc1-2807-460c-a070-353e88fcfd9d
Vary: Accept-Encoding, User-Agent
Content-Encoding: gzip
Transfer-Encoding: chunked

[
    {
        "Name": "Morning",
        "IconPhrase": "Cloudy",
        "Temperature": {
            "Value": -1,
            "Unit": "C"
        }
    },
    {
        "Name": "Afternoon",
        "IconPhrase": "Cloudy",
        "Temperature": {
            "Value": 2,
            "Unit": "C"
        }
    },
    {
        "Name": "Evening",
        "IconPhrase": "Snow",
        "Temperature": {
            "Value": 0,
            "Unit": "C"
        }
    },
    {
        "Name": "Overnight",
        "IconPhrase": "Clear",
        "Temperature": {
            "Value": -3,
            "Unit": "C"
        }
    }
]
HTTP/1.1 200 OK
Content-Type: application/json
Matched-Stub-Id: 6cc2bcc1-2807-460c-a070-353e88fcfd9d
Vary: Accept-Encoding, User-Agent
Content-Encoding: gzip
Transfer-Encoding: chunked

[
    {
        "Name": "Morning",
        "IconPhrase": "Cloudy",
        "Temperature": {
            "Value": -1,
            "Unit": "C"
        }
    },
    {
        "Name": "Afternoon",
        "IconPhrase": "Cloudy",
        "Temperature": {
            "Value": 2,
            "Unit": "C"
        }
    },
    {
        "Name": "Evening",
        "IconPhrase": "Snow",
        "Temperature": {
            "Value": 0,
            "Unit": "C"
        }
    },
    {
        "Name": "Overnight",
        "IconPhrase": "Clear",
        "Temperature": {
            "Value": -3,
            "Unit": "C"
        }
    }
]
HTTP/1.1 200 OK
Content-Type: application/json
Matched-Stub-Id: 6cc2bcc1-2807-460c-a070-353e88fcfd9d
Vary: Accept-Encoding, User-Agent
Content-Encoding: gzip
Transfer-Encoding: chunked

[
    {
        "Name": "Morning",
        "IconPhrase": "Cloudy",
        "Temperature": {
            "Value": -1,
            "Unit": "C"
        }
    },
    {
        "Name": "Afternoon",
        "IconPhrase": "Cloudy",
        "Temperature": {
            "Value": 2,
            "Unit": "C"
        }
    },
    {
        "Name": "Evening",
        "IconPhrase": "Snow",
        "Temperature": {
            "Value": 0,
            "Unit": "C"
        }
    },
    {
        "Name": "Overnight",
        "IconPhrase": "Clear",
        "Temperature": {
            "Value": -3,
            "Unit": "C"
        }
    }
]
HTTP/1.1 200 OK
Content-Type: application/json
Matched-Stub-Id: 6cc2bcc1-2807-460c-a070-353e88fcfd9d
Vary: Accept-Encoding, User-Agent
Content-Encoding: gzip
Transfer-Encoding: chunked

[
    {
        "Name": "Morning",
        "IconPhrase": "Cloudy",
        "Temperature": {
            "Value": -1,
            "Unit": "C"
        }
    },
    {
        "Name": "Afternoon",
        "IconPhrase": "Cloudy",
        "Temperature": {
            "Value": 2,
            "Unit": "C"
        }
    },
    {
        "Name": "Evening",
        "IconPhrase": "Snow",
        "Temperature": {
            "Value": 0,
            "Unit": "C"
        }
    },
    {
        "Name": "Overnight",
        "IconPhrase": "Clear",
        "Temperature": {
            "Value": -3,
            "Unit": "C"
        }
    }
]
HTTP/1.1 200 OK
Content-Type: application/json
Matched-Stub-Id: 6cc2bcc1-2807-460c-a070-353e88fcfd9d
Vary: Accept-Encoding, User-Agent
Content-Encoding: gzip
Transfer-Encoding: chunked

[
    {
        "Name": "Morning",
        "IconPhrase": "Cloudy",
        "Temperature": {
            "Value": -1,
            "Unit": "C"
        }
    },
    {
        "Name": "Afternoon",
        "IconPhrase": "Cloudy",
        "Temperature": {
            "Value": 2,
            "Unit": "C"
        }
    },
    {
        "Name": "Evening",
        "IconPhrase": "Snow",
        "Temperature": {
            "Value": 0,
            "Unit": "C"
        }
    },
    {
        "Name": "Overnight",
        "IconPhrase": "Clear",
        "Temperature": {
            "Value": -3,
            "Unit": "C"
        }
    }
]
HTTP/1.1 200 OK
Content-Type: application/json
Matched-Stub-Id: 6cc2bcc1-2807-460c-a070-353e88fcfd9d
Vary: Accept-Encoding, User-Agent
Content-Encoding: gzip
Transfer-Encoding: chunked

[
    {
        "Name": "Morning",
        "IconPhrase": "Cloudy",
        "Temperature": {
            "Value": -1,
            "Unit": "C"
        }
    },
    {
        "Name": "Afternoon",
        "IconPhrase": "Cloudy",
        "Temperature": {
            "Value": 2,
            "Unit": "C"
        }
    },
    {
        "Name": "Evening",
        "IconPhrase": "Snow",
        "Temperature": {
            "Value": 0,
            "Unit": "C"
        }
    },
    {
        "Name": "Overnight",
        "IconPhrase": "Clear",
        "Temperature": {
            "Value": -3,
            "Unit": "C"
        }
    }
]
HTTP/1.1 200 OK
Content-Type: application/json
Matched-Stub-Id: 6cc2bcc1-2807-460c-a070-353e88fcfd9d
Vary: Accept-Encoding, User-Agent
Content-Encoding: gzip
Transfer-Encoding: chunked

[
    {
        "Name": "Morning",
        "IconPhrase": "Cloudy",
        "Temperature": {
            "Value": -1,
            "Unit": "C"
        }
    },
    {
        "Name": "Afternoon",
        "IconPhrase": "Cloudy",
        "Temperature": {
            "Value": 2,
            "Unit": "C"
        }
    },
    {
        "Name": "Evening",
        "IconPhrase": "Snow",
        "Temperature": {
            "Value": 0,
            "Unit": "C"
        }
    },
    {
        "Name": "Overnight",
        "IconPhrase": "Clear",
        "Temperature": {
            "Value": -3,
            "Unit": "C"
        }
    }
]
HTTP/1.1 200 OK
Content-Type: application/json
Matched-Stub-Id: 6cc2bcc1-2807-460c-a070-353e88fcfd9d
Vary: Accept-Encoding, User-Agent
Content-Encoding: gzip
Transfer-Encoding: chunked

[
    {
        "Name": "Morning",
        "IconPhrase": "Cloudy",
        "Temperature": {
            "Value": -1,
            "Unit": "C"
        }
    },
    {
        "Name": "Afternoon",
        "IconPhrase": "Cloudy",
        "Temperature": {
            "Value": 2,
            "Unit": "C"
        }
    },
    {
        "Name": "Evening",
        "IconPhrase": "Snow",
        "Temperature": {
            "Value": 0,
            "Unit": "C"
        }
    },
    {
        "Name": "Overnight",
        "IconPhrase": "Clear",
        "Temperature": {
            "Value": -3,
            "Unit": "C"
        }
    }
]
HTTP/1.1 200 OK
Content-Type: application/json
Matched-Stub-Id: 6cc2bcc1-2807-460c-a070-353e88fcfd9d
Vary: Accept-Encoding, User-Agent
Content-Encoding: gzip
Transfer-Encoding: chunked

[
    {
        "Name": "Morning",
        "IconPhrase": "Cloudy",
        "Temperature": {
            "Value": -1,
            "Unit": "C"
        }
    },
    {
        "Name": "Afternoon",
        "IconPhrase": "Cloudy",
        "Temperature": {
            "Value": 2,
            "Unit": "C"
        }
    },
    {
        "Name": "Evening",
        "IconPhrase": "Snow",
        "Temperature": {
            "Value": 0,
            "Unit": "C"
        }
    },
    {
        "Name": "Overnight",
        "IconPhrase": "Clear",
        "Temperature": {
            "Value": -3,
            "Unit": "C"
        }
    }
]
HTTP/1.1 200 OK
Content-Type: application/json
Matched-Stub-Id: 6cc2bcc1-2807-460c-a070-353e88fcfd9d
Vary: Accept-Encoding, User-Agent
Content-Encoding: gzip
Transfer-Encoding: chunked

[
    {
        "Name": "Morning",
        "IconPhrase": "Cloudy",
        "Temperature": {
            "Value": -1,
            "Unit": "C"
        }
    },
    {
        "Name": "Afternoon",
        "IconPhrase": "Cloudy",
        "Temperature": {
            "Value": 2,
            "Unit": "C"
        }
    },
    {
        "Name": "Evening",
        "IconPhrase": "Snow",
        "Temperature": {
            "Value": 0,
            "Unit": "C"
        }
    },
    {
        "Name": "Overnight",
        "IconPhrase": "Clear",
        "Temperature": {
            "Value": -3,
            "Unit": "C"
        }
    }
]
HTTP/1.1 200 OK
Content-Type: application/json
Matched-Stub-Id: 6cc2bcc1-2807-460c-a070-353e88fcfd9d
Vary: Accept-Encoding, User-Agent
Content-Encoding: gzip
Transfer-Encoding: chunked

[
    {
        "Name": "Morning",
        "IconPhrase": "Cloudy",
        "Temperature": {
            "Value": -1,
            "Unit": "C"
        }
    },
    {
        "Name": "Afternoon",
        "IconPhrase": "Cloudy",
        "Temperature": {
            "Value": 2,
            "Unit": "C"
        }
    },
    {
        "Name": "Evening",
        "IconPhrase": "Snow",
        "Temperature": {
            "Value": 0,
            "Unit": "C"
        }
    },
    {
        "Name": "Overnight",
        "IconPhrase": "Clear",
        "Temperature": {
            "Value": -3,
            "Unit": "C"
        }
    }
]
HTTP/1.1 200 OK
Content-Type: application/json
Matched-Stub-Id: 6cc2bcc1-2807-460c-a070-353e88fcfd9d
Vary: Accept-Encoding, User-Agent
Content-Encoding: gzip
Transfer-Encoding: chunked

[
    {
        "Name": "Morning",
        "IconPhrase": "Cloudy",
        "Temperature": {
            "Value": -1,
            "Unit": "C"
        }
    },
    {
        "Name": "Afternoon",
        "IconPhrase": "Cloudy",
        "Temperature": {
            "Value": 2,
            "Unit": "C"
        }
    },
    {
        "Name": "Evening",
        "IconPhrase": "Snow",
        "Temperature": {
            "Value": 0,
            "Unit": "C"
        }
    },
    {
        "Name": "Overnight",
        "IconPhrase": "Clear",
        "Temperature": {
            "Value": -3,
            "Unit": "C"
        }
    }
]
]]></system-out>
  </testcase>
  <testcase name="indices1day_mock" classname="study.api.AccuWeatherMockTests" time="0.061">
    <system-out><![CDATA[Request method:	GET
Request URI:	http://localhost:54820/indices/v1/daily/1day/294021?apikey=TEST
Proxy:			<none>
Request params:	<none>
Query params:	apikey=TEST
Form params:	<none>
Path params:	<none>
Headers:		Accept=*/*
Cookies:		<none>
Multiparts:		<none>
Body:			<none>
Request method:	GET
Request URI:	http://localhost:54820/indices/v1/daily/1day/294021?apikey=TEST
Proxy:			<none>
Request params:	<none>
Query params:	apikey=TEST
Form params:	<none>
Path params:	<none>
Headers:		Accept=*/*
Cookies:		<none>
Multiparts:		<none>
Body:			<none>
Request method:	GET
Request URI:	http://localhost:54820/indices/v1/daily/1day/294021?apikey=TEST
Proxy:			<none>
Request params:	<none>
Query params:	apikey=TEST
Form params:	<none>
Path params:	<none>
Headers:		Accept=*/*
Cookies:		<none>
Multiparts:		<none>
Body:			<none>
Request method:	GET
Request URI:	http://localhost:54820/indices/v1/daily/1day/294021?apikey=TEST
Proxy:			<none>
Request params:	<none>
Query params:	apikey=TEST
Form params:	<none>
Path params:	<none>
Headers:		Accept=*/*
Cookies:		<none>
Multiparts:		<none>
Body:			<none>
Request method:	GET
Request URI:	http://localhost:54820/indices/v1/daily/1day/294021?apikey=TEST
Proxy:			<none>
Request params:	<none>
Query params:	apikey=TEST
Form params:	<none>
Path params:	<none>
Headers:		Accept=*/*
Cookies:		<none>
Multiparts:		<none>
Body:			<none>
Request method:	GET
Request URI:	http://localhost:54820/indices/v1/daily/1day/294021?apikey=TEST
Proxy:			<none>
Request params:	<none>
Query params:	apikey=TEST
Form params:	<none>
Path params:	<none>
Headers:		Accept=*/*
Cookies:		<none>
Multiparts:		<none>
Body:			<none>
Request method:	GET
Request URI:	http://localhost:54820/indices/v1/daily/1day/294021?apikey=TEST
Proxy:			<none>
Request params:	<none>
Query params:	apikey=TEST
Form params:	<none>
Path params:	<none>
Headers:		Accept=*/*
Cookies:		<none>
Multiparts:		<none>
Body:			<none>
Request method:	GET
Request URI:	http://localhost:54820/indices/v1/daily/1day/294021?apikey=TEST
Proxy:			<none>
Request params:	<none>
Query params:	apikey=TEST
Form params:	<none>
Path params:	<none>
Headers:		Accept=*/*
Cookies:		<none>
Multiparts:		<none>
Body:			<none>
Request method:	GET
Request URI:	http://localhost:54820/indices/v1/daily/1day/294021?apikey=TEST
Proxy:			<none>
Request params:	<none>
Query params:	apikey=TEST
Form params:	<none>
Path params:	<none>
Headers:		Accept=*/*
Cookies:		<none>
Multiparts:		<none>
Body:			<none>
Request method:	GET
Request URI:	http://localhost:54820/indices/v1/daily/1day/294021?apikey=TEST
Proxy:			<none>
Request params:	<none>
Query params:	apikey=TEST
Form params:	<none>
Path params:	<none>
Headers:		Accept=*/*
Cookies:		<none>
Multiparts:		<none>
Body:			<none>
Request method:	GET
Request URI:	http://localhost:54820/indices/v1/daily/1day/294021?apikey=TEST
Proxy:			<none>
Request params:	<none>
Query params:	apikey=TEST
Form params:	<none>
Path params:	<none>
Headers:		Accept=*/*
Cookies:		<none>
Multiparts:		<none>
Body:			<none>
Request method:	GET
Request URI:	http://localhost:54820/indices/v1/daily/1day/294021?apikey=TEST
Proxy:			<none>
Request params:	<none>
Query params:	apikey=TEST
Form params:	<none>
Path params:	<none>
Headers:		Accept=*/*
Cookies:		<none>
Multiparts:		<none>
Body:			<none>
Request method:	GET
Request URI:	http://localhost:54820/indices/v1/daily/1day/294021?apikey=TEST
Proxy:			<none>
Request params:	<none>
Query params:	apikey=TEST
Form params:	<none>
Path params:	<none>
Headers:		Accept=*/*
Cookies:		<none>
Multiparts:		<none>
Body:			<none>
Request method:	GET
Request URI:	http://localhost:54820/indices/v1/daily/1day/294021?apikey=TEST
Proxy:			<none>
Request params:	<none>
Query params:	apikey=TEST
Form params:	<none>
Path params:	<none>
Headers:		Accept=*/*
Cookies:		<none>
Multiparts:		<none>
Body:			<none>
Request method:	GET
Request URI:	http://localhost:54820/indices/v1/daily/1day/294021?apikey=TEST
Proxy:			<none>
Request params:	<none>
Query params:	apikey=TEST
Form params:	<none>
Path params:	<none>
Headers:		Accept=*/*
Cookies:		<none>
Multiparts:		<none>
Body:			<none>
Request method:	GET
Request URI:	http://localhost:54820/indices/v1/daily/1day/294021?apikey=TEST
Proxy:			<none>
Request params:	<none>
Query params:	apikey=TEST
Form params:	<none>
Path params:	<none>
Headers:		Accept=*/*
Cookies:		<none>
Multiparts:		<none>
Body:			<none>
Request method:	GET
Request URI:	http://localhost:54820/indices/v1/daily/1day/294021?apikey=TEST
Proxy:			<none>
Request params:	<none>
Query params:	apikey=TEST
Form params:	<none>
Path params:	<none>
Headers:		Accept=*/*
Cookies:		<none>
Multiparts:		<none>
Body:			<none>
Request method:	GET
Request URI:	http://localhost:54820/indices/v1/daily/1day/294021?apikey=TEST
Proxy:			<none>
Request params:	<none>
Query params:	apikey=TEST
Form params:	<none>
Path params:	<none>
Headers:		Accept=*/*
Cookies:		<none>
Multiparts:		<none>
Body:			<none>
Request method:	GET
Request URI:	http://localhost:54820/indices/v1/daily/1day/294021?apikey=TEST
Proxy:			<none>
Request params:	<none>
Query params:	apikey=TEST
Form params:	<none>
Path params:	<none>
Headers:		Accept=*/*
Cookies:		<none>
Multiparts:		<none>
Body:			<none>
Request method:	GET
Request URI:	http://localhost:54820/indices/v1/daily/1day/294021?apikey=TEST
Proxy:			<none>
Request params:	<none>
Query params:	apikey=TEST
Form params:	<none>
Path params:	<none>
Headers:		Accept=*/*
Cookies:		<none>
Multiparts:		<none>
Body:			<none>
Request method:	GET
Request URI:	http://localhost:54820/indices/v1/daily/1day/294021?apikey=TEST
Proxy:			<none>
Request params:	<none>
Query params:	apikey=TEST
Form params:	<none>
Path params:	<none>
Headers:		Accept=*/*
Cookies:		<none>
Multiparts:		<none>
Body:			<none>
Request method:	GET
Request URI:	http://localhost:54820/indices/v1/daily/1day/294021?apikey=TEST
Proxy:			<none>
Request params:	<none>
Query params:	apikey=TEST
Form params:	<none>
Path params:	<none>
Headers:		Accept=*/*
Cookies:		<none>
Multiparts:		<none>
Body:			<none>
Request method:	GET
Request URI:	http://localhost:54820/indices/v1/daily/1day/294021?apikey=TEST
Proxy:			<none>
Request params:	<none>
Query params:	apikey=TEST
Form params:	<none>
Path params:	<none>
Headers:		Accept=*/*
Cookies:		<none>
Multiparts:		<none>
Body:			<none>
Request method:	GET
Request URI:	http://localhost:54820/indices/v1/daily/1day/294021?apikey=TEST
Proxy:			<none>
Request params:	<none>
Query params:	apikey=TEST
Form params:	<none>
Path params:	<none>
Headers:		Accept=*/*
Cookies:		<none>
Multiparts:		<none>
Body:			<none>
Request method:	GET
Request URI:	http://localhost:54820/indices/v1/daily/1day/294021?apikey=TEST
Proxy:			<none>
Request params:	<none>
Query params:	apikey=TEST
Form params:	<none>
Path params:	<none>
Headers:		Accept=*/*
Cookies:		<none>
Multiparts:		<none>
Body:			<none>
Request method:	GET
Request URI:	http://localhost:54820/indices/v1/daily/1day/294021?apikey=TEST
Proxy:			<none>
Request params:	<none>
Query params:	apikey=TEST
Form params:	<none>
Path params:	<none>
Headers:		Accept=*/*
Cookies:		<none>
Multiparts:		<none>
Body:			<none>
Request method:	GET
Request URI:	http://localhost:54820/indices/v1/daily/1day/294021?apikey=TEST
Proxy:			<none>
Request params:	<none>
Query params:	apikey=TEST
Form params:	<none>
Path params:	<none>
Headers:		Accept=*/*
Cookies:		<none>
Multiparts:		<none>
Body:			<none>
Request method:	GET
Request URI:	http://localhost:54820/indices/v1/daily/1day/294021?apikey=TEST
Proxy:			<none>
Request params:	<none>
Query params:	apikey=TEST
Form params:	<none>
Path params:	<none>
Headers:		Accept=*/*
Cookies:		<none>
Multiparts:		<none>
Body:			<none>
HTTP/1.1 200 OK
Content-Type: application/json
Matched-Stub-Id: 21d5fd52-09a5-4125-819b-3b962acb1ac0
Vary: Accept-Encoding, User-Agent
Content-Encoding: gzip
Transfer-Encoding: chunked

[
    {
        "ID": 1,
        "LocalizedName": "Air Quality",
        "Category": "Fair",
        "Value": 50
    },
    {
        "ID": 2,
        "LocalizedName": "UV Index",
        "Category": "Low",
        "Value": 1
    }
]
HTTP/1.1 200 OK
Content-Type: application/json
Matched-Stub-Id: 21d5fd52-09a5-4125-819b-3b962acb1ac0
Vary: Accept-Encoding, User-Agent
Content-Encoding: gzip
Transfer-Encoding: chunked

[
    {
        "ID": 1,
        "LocalizedName": "Air Quality",
        "Category": "Fair",
        "Value": 50
    },
    {
        "ID": 2,
        "LocalizedName": "UV Index",
        "Category": "Low",
        "Value": 1
    }
]
HTTP/1.1 200 OK
Content-Type: application/json
Matched-Stub-Id: 21d5fd52-09a5-4125-819b-3b962acb1ac0
Vary: Accept-Encoding, User-Agent
Content-Encoding: gzip
Transfer-Encoding: chunked

[
    {
        "ID": 1,
        "LocalizedName": "Air Quality",
        "Category": "Fair",
        "Value": 50
    },
    {
        "ID": 2,
        "LocalizedName": "UV Index",
        "Category": "Low",
        "Value": 1
    }
]
HTTP/1.1 200 OK
Content-Type: application/json
Matched-Stub-Id: 21d5fd52-09a5-4125-819b-3b962acb1ac0
Vary: Accept-Encoding, User-Agent
Content-Encoding: gzip
Transfer-Encoding: chunked

[
    {
        "ID": 1,
        "LocalizedName": "Air Quality",
        "Category": "Fair",
        "Value": 50
    },
    {
        "ID": 2,
        "LocalizedName": "UV Index",
        "Category": "Low",
        "Value": 1
    }
]
HTTP/1.1 200 OK
Content-Type: application/json
Matched-Stub-Id: 21d5fd52-09a5-4125-819b-3b962acb1ac0
Vary: Accept-Encoding, User-Agent
Content-Encoding: gzip
Transfer-Encoding: chunked

[
    {
        "ID": 1,
        "LocalizedName": "Air Quality",
        "Category": "Fair",
        "Value": 50
    },
    {
        "ID": 2,
        "LocalizedName": "UV Index",
        "Category": "Low",
        "Value": 1
    }
]
HTTP/1.1 200 OK
Content-Type: application/json
Matched-Stub-Id: 21d5fd52-09a5-4125-819b-3b962acb1ac0
Vary: Accept-Encoding, User-Agent
Content-Encoding: gzip
Transfer-Encoding: chunked

[
    {
        "ID": 1,
        "LocalizedName": "Air Quality",
        "Category": "Fair",
        "Value": 50
    },
    {
        "ID": 2,
        "LocalizedName": "UV Index",
        "Category": "Low",
        "Value": 1
    }
]
HTTP/1.1 200 OK
Content-Type: application/json
Matched-Stub-Id: 21d5fd52-09a5-4125-819b-3b962acb1ac0
Vary: Accept-Encoding, User-Agent
Content-Encoding: gzip
Transfer-Encoding: chunked

[
    {
        "ID": 1,
        "LocalizedName": "Air Quality",
        "Category": "Fair",
        "Value": 50
    },
    {
        "ID": 2,
        "LocalizedName": "UV Index",
        "Category": "Low",
        "Value": 1
    }
]
HTTP/1.1 200 OK
Content-Type: application/json
Matched-Stub-Id: 21d5fd52-09a5-4125-819b-3b962acb1ac0
Vary: Accept-Encoding, User-Agent
Content-Encoding: gzip
Transfer-Encoding: chunked

[
    {
        "ID": 1,
        "LocalizedName": "Air Quality",
        "Category": "Fair",
        "Value": 50
    },
    {
        "ID": 2,
        "LocalizedName": "UV Index",
        "Category": "Low",
        "Value": 1
    }
]
HTTP/1.1 200 OK
Content-Type: application/json
Matched-Stub-Id: 21d5fd52-09a5-4125-819b-3b962acb1ac0
Vary: Accept-Encoding, User-Agent
Content-Encoding: gzip
Transfer-Encoding: chunked

[
    {
        "ID": 1,
        "LocalizedName": "Air Quality",
        "Category": "Fair",
        "Value": 50
    },
    {
        "ID": 2,
        "LocalizedName": "UV Index",
        "Category": "Low",
        "Value": 1
    }
]
HTTP/1.1 200 OK
Content-Type: application/json
Matched-Stub-Id: 21d5fd52-09a5-4125-819b-3b962acb1ac0
Vary: Accept-Encoding, User-Agent
Content-Encoding: gzip
Transfer-Encoding: chunked

[
    {
        "ID": 1,
        "LocalizedName": "Air Quality",
        "Category": "Fair",
        "Value": 50
    },
    {
        "ID": 2,
        "LocalizedName": "UV Index",
        "Category": "Low",
        "Value": 1
    }
]
HTTP/1.1 200 OK
Content-Type: application/json
Matched-Stub-Id: 21d5fd52-09a5-4125-819b-3b962acb1ac0
Vary: Accept-Encoding, User-Agent
Content-Encoding: gzip
Transfer-Encoding: chunked

[
    {
        "ID": 1,
        "LocalizedName": "Air Quality",
        "Category": "Fair",
        "Value": 50
    },
    {
        "ID": 2,
        "LocalizedName": "UV Index",
        "Category": "Low",
        "Value": 1
    }
]
HTTP/1.1 200 OK
Content-Type: application/json
Matched-Stub-Id: 21d5fd52-09a5-4125-819b-3b962acb1ac0
Vary: Accept-Encoding, User-Agent
Content-Encoding: gzip
Transfer-Encoding: chunked

[
    {
        "ID": 1,
        "LocalizedName": "Air Quality",
        "Category": "Fair",
        "Value": 50
    },
    {
        "ID": 2,
        "LocalizedName": "UV Index",
        "Category": "Low",
        "Value": 1
    }
]
HTTP/1.1 200 OK
Content-Type: application/json
Matched-Stub-Id: 21d5fd52-09a5-4125-819b-3b962acb1ac0
Vary: Accept-Encoding, User-Agent
Content-Encoding: gzip
Transfer-Encoding: chunked

[
    {
        "ID": 1,
        "LocalizedName": "Air Quality",
        "Category": "Fair",
        "Value": 50
    },
    {
        "ID": 2,
        "LocalizedName": "UV Index",
        "Category": "Low",
        "Value": 1
    }
]
HTTP/1.1 200 OK
Content-Type: application/json
Matched-Stub-Id: 21d5fd52-09a5-4125-819b-3b962acb1ac0
Vary: Accept-Encoding, User-Agent
Content-Encoding: gzip
Transfer-Encoding: chunked

[
    {
        "ID": 1,
        "LocalizedName": "Air Quality",
        "Category": "Fair",
        "Value": 50
    },
    {
        "ID": 2,
        "LocalizedName": "UV Index",
        "Category": "Low",
        "Value": 1
    }
]
HTTP/1.1 200 OK
Content-Type: application/json
Matched-Stub-Id: 21d5fd52-09a5-4125-819b-3b962acb1ac0
Vary: Accept-Encoding, User-Agent
Content-Encoding: gzip
Transfer-Encoding: chunked

[
    {
        "ID": 1,
        "LocalizedName": "Air Quality",
        "Category": "Fair",
        "Value": 50
    },
    {
        "ID": 2,
        "LocalizedName": "UV Index",
        "Category": "Low",
        "Value": 1
    }
]
HTTP/1.1 200 OK
Content-Type: application/json
Matched-Stub-Id: 21d5fd52-09a5-4125-819b-3b962acb1ac0
Vary: Accept-Encoding, User-Agent
Content-Encoding: gzip
Transfer-Encoding: chunked

[
    {
        "ID": 1,
        "LocalizedName": "Air Quality",
        "Category": "Fair",
        "Value": 50
    },
    {
        "ID": 2,
        "LocalizedName": "UV Index",
        "Category": "Low",
        "Value": 1
    }
]
HTTP/1.1 200 OK
Content-Type: application/json
Matched-Stub-Id: 21d5fd52-09a5-4125-819b-3b962acb1ac0
Vary: Accept-Encoding, User-Agent
Content-Encoding: gzip
Transfer-Encoding: chunked

[
    {
        "ID": 1,
        "LocalizedName": "Air Quality",
        "Category": "Fair",
        "Value": 50
    },
    {
        "ID": 2,
        "LocalizedName": "UV Index",
        "Category": "Low",
        "Value": 1
    }
]
HTTP/1.1 200 OK
Content-Type: application/json
Matched-Stub-Id: 21d5fd52-09a5-4125-819b-3b962acb1ac0
Vary: Accept-Encoding, User-Agent
Content-Encoding: gzip
Transfer-Encoding: chunked

[
    {
        "ID": 1,
        "LocalizedName": "Air Quality",
        "Category": "Fair",
        "Value": 50
    },
    {
        "ID": 2,
        "LocalizedName": "UV Index",
        "Category": "Low",
        "Value": 1
    }
]
HTTP/1.1 200 OK
Content-Type: application/json
Matched-Stub-Id: 21d5fd52-09a5-4125-819b-3b962acb1ac0
Vary: Accept-Encoding, User-Agent
Content-Encoding: gzip
Transfer-Encoding: chunked

[
    {
        "ID": 1,
        "LocalizedName": "Air Quality",
        "Category": "Fair",
        "Value": 50
    },
    {
        "ID": 2,
        "LocalizedName": "UV Index",
        "Category": "Low",
        "Value": 1
    }
]
HTTP/1.1 200 OK
Content-Type: application/json
Matched-Stub-Id: 21d5fd52-09a5-4125-819b-3b962acb1ac0
Vary: Accept-Encoding, User-Agent
Content-Encoding: gzip
Transfer-Encoding: chunked

[
    {
        "ID": 1,
        "LocalizedName": "Air Quality",
        "Category": "Fair",
        "Value": 50
    },
    {
        "ID": 2,
        "LocalizedName": "UV Index",
        "Category": "Low",
        "Value": 1
    }
]
HTTP/1.1 200 OK
Content-Type: application/json
Matched-Stub-Id: 21d5fd52-09a5-4125-819b-3b962acb1ac0
Vary: Accept-Encoding, User-Agent
Content-Encoding: gzip
Transfer-Encoding: chunked

[
    {
        "ID": 1,
        "LocalizedName": "Air Quality",
        "Category": "Fair",
        "Value": 50
    },
    {
        "ID": 2,
        "LocalizedName": "UV Index",
        "Category": "Low",
        "Value": 1
    }
]
HTTP/1.1 200 OK
Content-Type: application/json
Matched-Stub-Id: 21d5fd52-09a5-4125-819b-3b962acb1ac0
Vary: Accept-Encoding, User-Agent
Content-Encoding: gzip
Transfer-Encoding: chunked

[
    {
        "ID": 1,
        "LocalizedName": "Air Quality",
        "Category": "Fair",
        "Value": 50
    },
    {
        "ID": 2,
        "LocalizedName": "UV Index",
        "Category": "Low",
        "Value": 1
    }
]
HTTP/1.1 200 OK
Content-Type: application/json
Matched-Stub-Id: 21d5fd52-09a5-4125-819b-3b962acb1ac0
Vary: Accept-Encoding, User-Agent
Content-Encoding: gzip
Transfer-Encoding: chunked

[
    {
        "ID": 1,
        "LocalizedName": "Air Quality",
        "Category": "Fair",
        "Value": 50
    },
    {
        "ID": 2,
        "LocalizedName": "UV Index",
        "Category": "Low",
        "Value": 1
    }
]
HTTP/1.1 200 OK
Content-Type: application/json
Matched-Stub-Id: 21d5fd52-09a5-4125-819b-3b962acb1ac0
Vary: Accept-Encoding, User-Agent
Content-Encoding: gzip
Transfer-Encoding: chunked

[
    {
        "ID": 1,
        "LocalizedName": "Air Quality",
        "Category": "Fair",
        "Value": 50
    },
    {
        "ID": 2,
        "LocalizedName": "UV Index",
        "Category": "Low",
        "Value": 1
    }
]
HTTP/1.1 200 OK
Content-Type: application/json
Matched-Stub-Id: 21d5fd52-09a5-4125-819b-3b962acb1ac0
Vary: Accept-Encoding, User-Agent
Content-Encoding: gzip
Transfer-Encoding: chunked

[
    {
        "ID": 1,
        "LocalizedName": "Air Quality",
        "Category": "Fair",
        "Value": 50
    },
    {
        "ID": 2,
        "LocalizedName": "UV Index",
        "Category": "Low",
        "Value": 1
    }
]
HTTP/1.1 200 OK
Content-Type: application/json
Matched-Stub-Id: 21d5fd52-09a5-4125-819b-3b962acb1ac0
Vary: Accept-Encoding, User-Agent
Content-Encoding: gzip
Transfer-Encoding: chunked

[
    {
        "ID": 1,
        "LocalizedName": "Air Quality",
        "Category": "Fair",
        "Value": 50
    },
    {
        "ID": 2,
        "LocalizedName": "UV Index",
        "Category": "Low",
        "Value": 1
    }
]
HTTP/1.1 200 OK
Content-Type: application/json
Matched-Stub-Id: 21d5fd52-09a5-4125-819b-3b962acb1ac0
Vary: Accept-Encoding, User-Agent
Content-Encoding: gzip
Transfer-Encoding: chunked

[
    {
        "ID": 1,
        "LocalizedName": "Air Quality",
        "Category": "Fair",
        "Value": 50
    },
    {
        "ID": 2,
        "LocalizedName": "UV Index",
        "Category": "Low",
        "Value": 1
    }
]
HTTP/1.1 200 OK
Content-Type: application/json
Matched-Stub-Id: 21d5fd52-09a5-4125-819b-3b962acb1ac0
Vary: Accept-Encoding, User-Agent
Content-Encoding: gzip
Transfer-Encoding: chunked

[
    {
        "ID": 1,
        "LocalizedName": "Air Quality",
        "Category": "Fair",
        "Value": 50
    },
    {
        "ID": 2,
        "LocalizedName": "UV Index",
        "Category": "Low",
        "Value": 1
    }
]
]]></system-out>
  </testcase>
  <testcase name="indices5day_mock" classname="study.api.AccuWeatherMockTests" time="0.042">
    <system-out><![CDATA[Request method:	GET
Request URI:	http://localhost:54820/indices/v1/daily/5day/294021?apikey=TEST
Proxy:			<none>
Request params:	<none>
Query params:	apikey=TEST
Form params:	<none>
Path params:	<none>
Headers:		Accept=*/*
Cookies:		<none>
Multiparts:		<none>
Body:			<none>
Request method:	GET
Request URI:	http://localhost:54820/indices/v1/daily/5day/294021?apikey=TEST
Proxy:			<none>
Request params:	<none>
Query params:	apikey=TEST
Form params:	<none>
Path params:	<none>
Headers:		Accept=*/*
Cookies:		<none>
Multiparts:		<none>
Body:			<none>
Request method:	GET
Request URI:	http://localhost:54820/indices/v1/daily/5day/294021?apikey=TEST
Proxy:			<none>
Request params:	<none>
Query params:	apikey=TEST
Form params:	<none>
Path params:	<none>
Headers:		Accept=*/*
Cookies:		<none>
Multiparts:		<none>
Body:			<none>
Request method:	GET
Request URI:	http://localhost:54820/indices/v1/daily/5day/294021?apikey=TEST
Proxy:			<none>
Request params:	<none>
Query params:	apikey=TEST
Form params:	<none>
Path params:	<none>
Headers:		Accept=*/*
Cookies:		<none>
Multiparts:		<none>
Body:			<none>
Request method:	GET
Request URI:	http://localhost:54820/indices/v1/daily/5day/294021?apikey=TEST
Proxy:			<none>
Request params:	<none>
Query params:	apikey=TEST
Form params:	<none>
Path params:	<none>
Headers:		Accept=*/*
Cookies:		<none>
Multiparts:		<none>
Body:			<none>
Request method:	GET
Request URI:	http://localhost:54820/indices/v1/daily/5day/294021?apikey=TEST
Proxy:			<none>
Request params:	<none>
Query params:	apikey=TEST
Form params:	<none>
Path params:	<none>
Headers:		Accept=*/*
Cookies:		<none>
Multiparts:		<none>
Body:			<none>
Request method:	GET
Request URI:	http://localhost:54820/indices/v1/daily/5day/294021?apikey=TEST
Proxy:			<none>
Request params:	<none>
Query params:	apikey=TEST
Form params:	<none>
Path params:	<none>
Headers:		Accept=*/*
Cookies:		<none>
Multiparts:		<none>
Body:			<none>
Request method:	GET
Request URI:	http://localhost:54820/indices/v1/daily/5day/294021?apikey=TEST
Proxy:			<none>
Request params:	<none>
Query params:	apikey=TEST
Form params:	<none>
Path params:	<none>
Headers:		Accept=*/*
Cookies:		<none>
Multiparts:		<none>
Body:			<none>
Request method:	GET
Request URI:	http://localhost:54820/indices/v1/daily/5day/294021?apikey=TEST
Proxy:			<none>
Request params:	<none>
Query params:	apikey=TEST
Form params:	<none>
Path params:	<none>
Headers:		Accept=*/*
Cookies:		<none>
Multiparts:		<none>
Body:			<none>
Request method:	GET
Request URI:	http://localhost:54820/indices/v1/daily/5day/294021?apikey=TEST
Proxy:			<none>
Request params:	<none>
Query params:	apikey=TEST
Form params:	<none>
Path params:	<none>
Headers:		Accept=*/*
Cookies:		<none>
Multiparts:		<none>
Body:			<none>
Request method:	GET
Request URI:	http://localhost:54820/indices/v1/daily/5day/294021?apikey=TEST
Proxy:			<none>
Request params:	<none>
Query params:	apikey=TEST
Form params:	<none>
Path params:	<none>
Headers:		Accept=*/*
Cookies:		<none>
Multiparts:		<none>
Body:			<none>
Request method:	GET
Request URI:	http://localhost:54820/indices/v1/daily/5day/294021?apikey=TEST
Proxy:			<none>
Request params:	<none>
Query params:	apikey=TEST
Form params:	<none>
Path params:	<none>
Headers:		Accept=*/*
Cookies:		<none>
Multiparts:		<none>
Body:			<none>
Request method:	GET
Request URI:	http://localhost:54820/indices/v1/daily/5day/294021?apikey=TEST
Proxy:			<none>
Request params:	<none>
Query params:	apikey=TEST
Form params:	<none>
Path params:	<none>
Headers:		Accept=*/*
Cookies:		<none>
Multiparts:		<none>
Body:			<none>
Request method:	GET
Request URI:	http://localhost:54820/indices/v1/daily/5day/294021?apikey=TEST
Proxy:			<none>
Request params:	<none>
Query params:	apikey=TEST
Form params:	<none>
Path params:	<none>
Headers:		Accept=*/*
Cookies:		<none>
Multiparts:		<none>
Body:			<none>
Request method:	GET
Request URI:	http://localhost:54820/indices/v1/daily/5day/294021?apikey=TEST
Proxy:			<none>
Request params:	<none>
Query params:	apikey=TEST
Form params:	<none>
Path params:	<none>
Headers:		Accept=*/*
Cookies:		<none>
Multiparts:		<none>
Body:			<none>
Request method:	GET
Request URI:	http://localhost:54820/indices/v1/daily/5day/294021?apikey=TEST
Proxy:			<none>
Request params:	<none>
Query params:	apikey=TEST
Form params:	<none>
Path params:	<none>
Headers:		Accept=*/*
Cookies:		<none>
Multiparts:		<none>
Body:			<none>
Request method:	GET
Request URI:	http://localhost:54820/indices/v1/daily/5day/294021?apikey=TEST
Proxy:			<none>
Request params:	<none>
Query params:	apikey=TEST
Form params:	<none>
Path params:	<none>
Headers:		Accept=*/*
Cookies:		<none>
Multiparts:		<none>
Body:			<none>
Request method:	GET
Request URI:	http://localhost:54820/indices/v1/daily/5day/294021?apikey=TEST
Proxy:			<none>
Request params:	<none>
Query params:	apikey=TEST
Form params:	<none>
Path params:	<none>
Headers:		Accept=*/*
Cookies:		<none>
Multiparts:		<none>
Body:			<none>
Request method:	GET
Request URI:	http://localhost:54820/indices/v1/daily/5day/294021?apikey=TEST
Proxy:			<none>
Request params:	<none>
Query params:	apikey=TEST
Form params:	<none>
Path params:	<none>
Headers:		Accept=*/*
Cookies:		<none>
Multiparts:		<none>
Body:			<none>
Request method:	GET
Request URI:	http://localhost:54820/indices/v1/daily/5day/294021?apikey=TEST
Proxy:			<none>
Request params:	<none>
Query params:	apikey=TEST
Form params:	<none>
Path params:	<none>
Headers:		Accept=*/*
Cookies:		<none>
Multiparts:		<none>
Body:			<none>
Request method:	GET
Request URI:	http://localhost:54820/indices/v1/daily/5day/294021?apikey=TEST
Proxy:			<none>
Request params:	<none>
Query params:	apikey=TEST
Form params:	<none>
Path params:	<none>
Headers:		Accept=*/*
Cookies:		<none>
Multiparts:		<none>
Body:			<none>
Request method:	GET
Request URI:	http://localhost:54820/indices/v1/daily/5day/294021?apikey=TEST
Proxy:			<none>
Request params:	<none>
Query params:	apikey=TEST
Form params:	<none>
Path params:	<none>
Headers:		Accept=*/*
Cookies:		<none>
Multiparts:		<none>
Body:			<none>
Request method:	GET
Request URI:	http://localhost:54820/indices/v1/daily/5day/294021?apikey=TEST
Proxy:			<none>
Request params:	<none>
Query params:	apikey=TEST
Form params:	<none>
Path params:	<none>
Headers:		Accept=*/*
Cookies:		<none>
Multiparts:		<none>
Body:			<none>
Request method:	GET
Request URI:	http://localhost:54820/indices/v1/daily/5day/294021?apikey=TEST
Proxy:			<none>
Request params:	<none>
Query params:	apikey=TEST
Form params:	<none>
Path params:	<none>
Headers:		Accept=*/*
Cookies:		<none>
Multiparts:		<none>
Body:			<none>
Request method:	GET
Request URI:	http://localhost:54820/indices/v1/daily/5day/294021?apikey=TEST
Proxy:			<none>
Request params:	<none>
Query params:	apikey=TEST
Form params:	<none>
Path params:	<none>
Headers:		Accept=*/*
Cookies:		<none>
Multiparts:		<none>
Body:			<none>
Request method:	GET
Request URI:	http://localhost:54820/indices/v1/daily/5day/294021?apikey=TEST
Proxy:			<none>
Request params:	<none>
Query params:	apikey=TEST
Form params:	<none>
Path params:	<none>
Headers:		Accept=*/*
Cookies:		<none>
Multiparts:		<none>
Body:			<none>
Request method:	GET
Request URI:	http://localhost:54820/indices/v1/daily/5day/294021?apikey=TEST
Proxy:			<none>
Request params:	<none>
Query params:	apikey=TEST
Form params:	<none>
Path params:	<none>
Headers:		Accept=*/*
Cookies:		<none>
Multiparts:		<none>
Body:			<none>
Request method:	GET
Request URI:	http://localhost:54820/indices/v1/daily/5day/294021?apikey=TEST
Proxy:			<none>
Request params:	<none>
Query params:	apikey=TEST
Form params:	<none>
Path params:	<none>
Headers:		Accept=*/*
Cookies:		<none>
Multiparts:		<none>
Body:			<none>
Request method:	GET
Request URI:	http://localhost:54820/indices/v1/daily/5day/294021?apikey=TEST
Proxy:			<none>
Request params:	<none>
Query params:	apikey=TEST
Form params:	<none>
Path params:	<none>
Headers:		Accept=*/*
Cookies:		<none>
Multiparts:		<none>
Body:			<none>
HTTP/1.1 200 OK
Content-Type: application/json
Matched-Stub-Id: 087b78cb-8501-44f6-a918-29531691b2e7
Vary: Accept-Encoding, User-Agent
Content-Encoding: gzip
Transfer-Encoding: chunked

[
    {
        "Date": "2024-01-01",
        "ID": 1,
        "LocalizedName": "Air Quality",
        "Category": "Fair",
        "Value": 50
    },
    {
        "Date": "2024-01-02",
        "ID": 1,
        "LocalizedName": "Air Quality",
        "Category": "Good",
        "Value": 40
    }
]
HTTP/1.1 200 OK
Content-Type: application/json
Matched-Stub-Id: 087b78cb-8501-44f6-a918-29531691b2e7
Vary: Accept-Encoding, User-Agent
Content-Encoding: gzip
Transfer-Encoding: chunked

[
    {
        "Date": "2024-01-01",
        "ID": 1,
        "LocalizedName": "Air Quality",
        "Category": "Fair",
        "Value": 50
    },
    {
        "Date": "2024-01-02",
        "ID": 1,
        "LocalizedName": "Air Quality",
        "Category": "Good",
        "Value": 40
    }
]
HTTP/1.1 200 OK
Content-Type: application/json
Matched-Stub-Id: 087b78cb-8501-44f6-a918-29531691b2e7
Vary: Accept-Encoding, User-Agent
Content-Encoding: gzip
Transfer-Encoding: chunked

[
    {
        "Date": "2024-01-01",
        "ID": 1,
        "LocalizedName": "Air Quality",
        "Category": "Fair",
        "Value": 50
    },
    {
        "Date": "2024-01-02",
        "ID": 1,
        "LocalizedName": "Air Quality",
        "Category": "Good",
        "Value": 40
    }
]
HTTP/1.1 200 OK
Content-Type: application/json
Matched-Stub-Id: 087b78cb-8501-44f6-a918-29531691b2e7
Vary: Accept-Encoding, User-Agent
Content-Encoding: gzip
Transfer-Encoding: chunked

[
    {
        "Date": "2024-01-01",
        "ID": 1,
        "LocalizedName": "Air Quality",
        "Category": "Fair",
        "Value": 50
    },
    {
        "Date": "2024-01-02",
        "ID": 1,
        "LocalizedName": "Air Quality",
        "Category": "Good",
        "Value": 40
    }
]
HTTP/1.1 200 OK
Content-Type: application/json
Matched-Stub-Id: 087b78cb-8501-44f6-a918-29531691b2e7
Vary: Accept-Encoding, User-Agent
Content-Encoding: gzip
Transfer-Encoding: chunked

[
    {
        "Date": "2024-01-01",
        "ID": 1,
        "LocalizedName": "Air Quality",
        "Category": "Fair",
        "Value": 50
    },
    {
        "Date": "2024-01-02",
        "ID": 1,
        "LocalizedName": "Air Quality",
        "Category": "Good",
        "Value": 40
    }
]
HTTP/1.1 200 OK
Content-Type: application/json
Matched-Stub-Id: 087b78cb-8501-44f6-a918-29531691b2e7
Vary: Accept-Encoding, User-Agent
Content-Encoding: gzip
Transfer-Encoding: chunked

[
    {
        "Date": "2024-01-01",
        "ID": 1,
        "LocalizedName": "Air Quality",
        "Category": "Fair",
        "Value": 50
    },
    {
        "Date": "2024-01-02",
        "ID": 1,
        "LocalizedName": "Air Quality",
        "Category": "Good",
        "Value": 40
    }
]
HTTP/1.1 200 OK
Content-Type: application/json
Matched-Stub-Id: 087b78cb-8501-44f6-a918-29531691b2e7
Vary: Accept-Encoding, User-Agent
Content-Encoding: gzip
Transfer-Encoding: chunked

[
    {
        "Date": "2024-01-01",
        "ID": 1,
        "LocalizedName": "Air Quality",
        "Category": "Fair",
        "Value": 50
    },
    {
        "Date": "2024-01-02",
        "ID": 1,
        "LocalizedName": "Air Quality",
        "Category": "Good",
        "Value": 40
    }
]
HTTP/1.1 200 OK
Content-Type: application/json
Matched-Stub-Id: 087b78cb-8501-44f6-a918-29531691b2e7
Vary: Accept-Encoding, User-Agent
Content-Encoding: gzip
Transfer-Encoding: chunked

[
    {
        "Date": "2024-01-01",
        "ID": 1,
        "LocalizedName": "Air Quality",
        "Category": "Fair",
        "Value": 50
    },
    {
        "Date": "2024-01-02",
        "ID": 1,
        "LocalizedName": "Air Quality",
        "Category": "Good",
        "Value": 40
    }
]
HTTP/1.1 200 OK
Content-Type: application/json
Matched-Stub-Id: 087b78cb-8501-44f6-a918-29531691b2e7
Vary: Accept-Encoding, User-Agent
Content-Encoding: gzip
Transfer-Encoding: chunked

[
    {
        "Date": "2024-01-01",
        "ID": 1,
        "LocalizedName": "Air Quality",
        "Category": "Fair",
        "Value": 50
    },
    {
        "Date": "2024-01-02",
        "ID": 1,
        "LocalizedName": "Air Quality",
        "Category": "Good",
        "Value": 40
    }
]
HTTP/1.1 200 OK
Content-Type: application/json
Matched-Stub-Id: 087b78cb-8501-44f6-a918-29531691b2e7
Vary: Accept-Encoding, User-Agent
Content-Encoding: gzip
Transfer-Encoding: chunked

[
    {
        "Date": "2024-01-01",
        "ID": 1,
        "LocalizedName": "Air Quality",
        "Category": "Fair",
        "Value": 50
    },
    {
        "Date": "2024-01-02",
        "ID": 1,
        "LocalizedName": "Air Quality",
        "Category": "Good",
        "Value": 40
    }
]
HTTP/1.1 200 OK
Content-Type: application/json
Matched-Stub-Id: 087b78cb-8501-44f6-a918-29531691b2e7
Vary: Accept-Encoding, User-Agent
Content-Encoding: gzip
Transfer-Encoding: chunked

[
    {
        "Date": "2024-01-01",
        "ID": 1,
        "LocalizedName": "Air Quality",
        "Category": "Fair",
        "Value": 50
    },
    {
        "Date": "2024-01-02",
        "ID": 1,
        "LocalizedName": "Air Quality",
        "Category": "Good",
        "Value": 40
    }
]
HTTP/1.1 200 OK
Content-Type: application/json
Matched-Stub-Id: 087b78cb-8501-44f6-a918-29531691b2e7
Vary: Accept-Encoding, User-Agent
Content-Encoding: gzip
Transfer-Encoding: chunked

[
    {
        "Date": "2024-01-01",
        "ID": 1,
        "LocalizedName": "Air Quality",
        "Category": "Fair",
        "Value": 50
    },
    {
        "Date": "2024-01-02",
        "ID": 1,
        "LocalizedName": "Air Quality",
        "Category": "Good",
        "Value": 40
    }
]
HTTP/1.1 200 OK
Content-Type: application/json
Matched-Stub-Id: 087b78cb-8501-44f6-a918-29531691b2e7
Vary: Accept-Encoding, User-Agent
Content-Encoding: gzip
Transfer-Encoding: chunked

[
    {
        "Date": "2024-01-01",
        "ID": 1,
        "LocalizedName": "Air Quality",
        "Category": "Fair",
        "Value": 50
    },
    {
        "Date": "2024-01-02",
        "ID": 1,
        "LocalizedName": "Air Quality",
        "Category": "Good",
        "Value": 40
    }
]
HTTP/1.1 200 OK
Content-Type: application/json
Matched-Stub-Id: 087b78cb-8501-44f6-a918-29531691b2e7
Vary: Accept-Encoding, User-Agent
Content-Encoding: gzip
Transfer-Encoding: chunked

[
    {
        "Date": "2024-01-01",
        "ID": 1,
        "LocalizedName": "Air Quality",
        "Category": "Fair",
        "Value": 50
    },
    {
        "Date": "2024-01-02",
        "ID": 1,
        "LocalizedName": "Air Quality",
        "Category": "Good",
        "Value": 40
    }
]
HTTP/1.1 200 OK
Content-Type: application/json
Matched-Stub-Id: 087b78cb-8501-44f6-a918-29531691b2e7
Vary: Accept-Encoding, User-Agent
Content-Encoding: gzip
Transfer-Encoding: chunked

[
    {
        "Date": "2024-01-01",
        "ID": 1,
        "LocalizedName": "Air Quality",
        "Category": "Fair",
        "Value": 50
    },
    {
        "Date": "2024-01-02",
        "ID": 1,
        "LocalizedName": "Air Quality",
        "Category": "Good",
        "Value": 40
    }
]
HTTP/1.1 200 OK
Content-Type: application/json
Matched-Stub-Id: 087b78cb-8501-44f6-a918-29531691b2e7
Vary: Accept-Encoding, User-Agent
Content-Encoding: gzip
Transfer-Encoding: chunked

[
    {
        "Date": "2024-01-01",
        "ID": 1,
        "LocalizedName": "Air Quality",
        "Category": "Fair",
        "Value": 50
    },
    {
        "Date": "2024-01-02",
        "ID": 1,
        "LocalizedName": "Air Quality",
        "Category": "Good",
        "Value": 40
    }
]
HTTP/1.1 200 OK
Content-Type: application/json
Matched-Stub-Id: 087b78cb-8501-44f6-a918-29531691b2e7
Vary: Accept-Encoding, User-Agent
Content-Encoding: gzip
Transfer-Encoding: chunked

[
    {
        "Date": "2024-01-01",
        "ID": 1,
        "LocalizedName": "Air Quality",
        "Category": "Fair",
        "Value": 50
    },
    {
        "Date": "2024-01-02",
        "ID": 1,
        "LocalizedName": "Air Quality",
        "Category": "Good",
        "Value": 40
    }
]
HTTP/1.1 200 OK
Content-Type: application/json
Matched-Stub-Id: 087b78cb-8501-44f6-a918-29531691b2e7
Vary: Accept-Encoding, User-Agent
Content-Encoding: gzip
Transfer-Encoding: chunked

[
    {
        "Date": "2024-01-01",
        "ID": 1,
        "LocalizedName": "Air Quality",
        "Category": "Fair",
        "Value": 50
    },
    {
        "Date": "2024-01-02",
        "ID": 1,
        "LocalizedName": "Air Quality",
        "Category": "Good",
        "Value": 40
    }
]
HTTP/1.1 200 OK
Content-Type: application/json
Matched-Stub-Id: 087b78cb-8501-44f6-a918-29531691b2e7
Vary: Accept-Encoding, User-Agent
Content-Encoding: gzip
Transfer-Encoding: chunked

[
    {
        "Date": "2024-01-01",
        "ID": 1,
        "LocalizedName": "Air Quality",
        "Category": "Fair",
        "Value": 50
    },
    {
        "Date": "2024-01-02",
        "ID": 1,
        "LocalizedName": "Air Quality",
        "Category": "Good",
        "Value": 40
    }
]
HTTP/1.1 200 OK
Content-Type: application/json
Matched-Stub-Id: 087b78cb-8501-44f6-a918-29531691b2e7
Vary: Accept-Encoding, User-Agent
Content-Encoding: gzip
Transfer-Encoding: chunked

[
    {
        "Date": "2024-01-01",
        "ID": 1,
        "LocalizedName": "Air Quality",
        "Category": "Fair",
        "Value": 50
    },
    {
        "Date": "2024-01-02",
        "ID": 1,
        "LocalizedName": "Air Quality",
        "Category": "Good",
        "Value": 40
    }
]
HTTP/1.1 200 OK
Content-Type: application/json
Matched-Stub-Id: 087b78cb-8501-44f6-a918-29531691b2e7
Vary: Accept-Encoding, User-Agent
Content-Encoding: gzip
Transfer-Encoding: chunked

[
    {
        "Date": "2024-01-01",
        "ID": 1,
        "LocalizedName": "Air Quality",
        "Category": "Fair",
        "Value": 50
    },
    {
        "Date": "2024-01-02",
        "ID": 1,
        "LocalizedName": "Air Quality",
        "Category": "Good",
        "Value": 40
    }
]
HTTP/1.1 200 OK
Content-Type: application/json
Matched-Stub-Id: 087b78cb-8501-44f6-a918-29531691b2e7
Vary: Accept-Encoding, User-Agent
Content-Encoding: gzip
Transfer-Encoding: chunked

[
    {
        "Date": "2024-01-01",
        "ID": 1,
        "LocalizedName": "Air Quality",
        "Category": "Fair",
        "Value": 50
    },
    {
        "Date": "2024-01-02",
        "ID": 1,
        "LocalizedName": "Air Quality",
        "Category": "Good",
        "Value": 40
    }
]
HTTP/1.1 200 OK
Content-Type: application/json
Matched-Stub-Id: 087b78cb-8501-44f6-a918-29531691b2e7
Vary: Accept-Encoding, User-Agent
Content-Encoding: gzip
Transfer-Encoding: chunked

[
    {
        "Date": "2024-01-01",
        "ID": 1,
        "LocalizedName": "Air Quality",
        "Category": "Fair",
        "Value": 50
    },
    {
        "Date": "2024-01-02",
        "ID": 1,
        "LocalizedName": "Air Quality",
        "Category": "Good",
        "Value": 40
    }
]
HTTP/1.1 200 OK
Content-Type: application/json
Matched-Stub-Id: 087b78cb-8501-44f6-a918-29531691b2e7
Vary: Accept-Encoding, User-Agent
Content-Encoding: gzip
Transfer-Encoding: chunked

[
    {
        "Date": "2024-01-01",
        "ID": 1,
        "LocalizedName": "Air Quality",
        "Category": "Fair",
        "Value": 50
    },
    {
        "Date": "2024-01-02",
        "ID": 1,
        "LocalizedName": "Air Quality",
        "Category": "Good",
        "Value": 40
    }
]
HTTP/1.1 200 OK
Content-Type: application/json
Matched-Stub-Id: 087b78cb-8501-44f6-a918-29531691b2e7
Vary: Accept-Encoding, User-Agent
Content-Encoding: gzip
Transfer-Encoding: chunked

[
    {
        "Date": "2024-01-01",
        "ID": 1,
        "LocalizedName": "Air Quality",
        "Category": "Fair",
        "Value": 50
    },
    {
        "Date": "2024-01-02",
        "ID": 1,
        "LocalizedName": "Air Quality",
        "Category": "Good",
        "Value": 40
    }
]
HTTP/1.1 200 OK
Content-Type: application/json
Matched-Stub-Id: 087b78cb-8501-44f6-a918-29531691b2e7
Vary: Accept-Encoding, User-Agent
Content-Encoding: gzip
Transfer-Encoding: chunked

[
    {
        "Date": "2024-01-01",
        "ID": 1,
        "LocalizedName": "Air Quality",
        "Category": "Fair",
        "Value": 50
    },
    {
        "Date": "2024-01-02",
        "ID": 1,
        "LocalizedName": "Air Quality",
        "Category": "Good",
        "Value": 40
    }
]
HTTP/1.1 200 OK
Content-Type: application/json
Matched-Stub-Id: 087b78cb-8501-44f6-a918-29531691b2e7
Vary: Accept-Encoding, User-Agent
Content-Encoding: gzip
Transfer-Encoding: chunked

[
    {
        "Date": "2024-01-01",
        "ID": 1,
        "LocalizedName": "Air Quality",
        "Category": "Fair",
        "Value": 50
    },
    {
        "Date": "2024-01-02",
        "ID": 1,
        "LocalizedName": "Air Quality",
        "Category": "Good",
        "Value": 40
    }
]
HTTP/1.1 200 OK
Content-Type: application/json
Matched-Stub-Id: 087b78cb-8501-44f6-a918-29531691b2e7
Vary: Accept-Encoding, User-Agent
Content-Encoding: gzip
Transfer-Encoding: chunked

[
    {
        "Date": "2024-01-01",
        "ID": 1,
        "LocalizedName": "Air Quality",
        "Category": "Fair",
        "Value": 50
    },
    {
        "Date": "2024-01-02",
        "ID": 1,
        "LocalizedName": "Air Quality",
        "Category": "Good",
        "Value": 40
    }
]
HTTP/1.1 200 OK
Content-Type: application/json
Matched-Stub-Id: 087b78cb-8501-44f6-a918-29531691b2e7
Vary: Accept-Encoding, User-Agent
Content-Encoding: gzip
Transfer-Encoding: chunked

[
    {
        "Date": "2024-01-01",
        "ID": 1,
        "LocalizedName": "Air Quality",
        "Category": "Fair",
        "Value": 50
    },
    {
        "Date": "2024-01-02",
        "ID": 1,
        "LocalizedName": "Air Quality",
        "Category": "Good",
        "Value": 40
    }
]
]]></system-out>
  </testcase>
  <testcase name="alerts_mock" classname="study.api.AccuWeatherMockTests" time="0.055">
    <system-out><![CDATA[Request method:	GET
Request URI:	http://localhost:54820/alerts/v1/294021?apikey=TEST
Proxy:			<none>
Request params:	<none>
Query params:	apikey=TEST
Form params:	<none>
Path params:	<none>
Headers:		Accept=*/*
Cookies:		<none>
Multiparts:		<none>
Body:			<none>
Request method:	GET
Request URI:	http://localhost:54820/alerts/v1/294021?apikey=TEST
Proxy:			<none>
Request params:	<none>
Query params:	apikey=TEST
Form params:	<none>
Path params:	<none>
Headers:		Accept=*/*
Cookies:		<none>
Multiparts:		<none>
Body:			<none>
Request method:	GET
Request URI:	http://localhost:54820/alerts/v1/294021?apikey=TEST
Proxy:			<none>
Request params:	<none>
Query params:	apikey=TEST
Form params:	<none>
Path params:	<none>
Headers:		Accept=*/*
Cookies:		<none>
Multiparts:		<none>
Body:			<none>
Request method:	GET
Request URI:	http://localhost:54820/alerts/v1/294021?apikey=TEST
Proxy:			<none>
Request params:	<none>
Query params:	apikey=TEST
Form params:	<none>
Path params:	<none>
Headers:		Accept=*/*
Cookies:		<none>
Multiparts:		<none>
Body:			<none>
Request method:	GET
Request URI:	http://localhost:54820/alerts/v1/294021?apikey=TEST
Proxy:			<none>
Request params:	<none>
Query params:	apikey=TEST
Form params:	<none>
Path params:	<none>
Headers:		Accept=*/*
Cookies:		<none>
Multiparts:		<none>
Body:			<none>
Request method:	GET
Request URI:	http://localhost:54820/alerts/v1/294021?apikey=TEST
Proxy:			<none>
Request params:	<none>
Query params:	apikey=TEST
Form params:	<none>
Path params:	<none>
Headers:		Accept=*/*
Cookies:		<none>
Multiparts:		<none>
Body:			<none>
Request method:	GET
Request URI:	http://localhost:54820/alerts/v1/294021?apikey=TEST
Proxy:			<none>
Request params:	<none>
Query params:	apikey=TEST
Form params:	<none>
Path params:	<none>
Headers:		Accept=*/*
Cookies:		<none>
Multiparts:		<none>
Body:			<none>
Request method:	GET
Request URI:	http://localhost:54820/alerts/v1/294021?apikey=TEST
Proxy:			<none>
Request params:	<none>
Query params:	apikey=TEST
Form params:	<none>
Path params:	<none>
Headers:		Accept=*/*
Cookies:		<none>
Multiparts:		<none>
Body:			<none>
Request method:	GET
Request URI:	http://localhost:54820/alerts/v1/294021?apikey=TEST
Proxy:			<none>
Request params:	<none>
Query params:	apikey=TEST
Form params:	<none>
Path params:	<none>
Headers:		Accept=*/*
Cookies:		<none>
Multiparts:		<none>
Body:			<none>
Request method:	GET
Request URI:	http://localhost:54820/alerts/v1/294021?apikey=TEST
Proxy:			<none>
Request params:	<none>
Query params:	apikey=TEST
Form params:	<none>
Path params:	<none>
Headers:		Accept=*/*
Cookies:		<none>
Multiparts:		<none>
Body:			<none>
Request method:	GET
Request URI:	http://localhost:54820/alerts/v1/294021?apikey=TEST
Proxy:			<none>
Request params:	<none>
Query params:	apikey=TEST
Form params:	<none>
Path params:	<none>
Headers:		Accept=*/*
Cookies:		<none>
Multiparts:		<none>
Body:			<none>
Request method:	GET
Request URI:	http://localhost:54820/alerts/v1/294021?apikey=TEST
Proxy:			<none>
Request params:	<none>
Query params:	apikey=TEST
Form params:	<none>
Path params:	<none>
Headers:		Accept=*/*
Cookies:		<none>
Multiparts:		<none>
Body:			<none>
Request method:	GET
Request URI:	http://localhost:54820/alerts/v1/294021?apikey=TEST
Proxy:			<none>
Request params:	<none>
Query params:	apikey=TEST
Form params:	<none>
Path params:	<none>
Headers:		Accept=*/*
Cookies:		<none>
Multiparts:		<none>
Body:			<none>
Request method:	GET
Request URI:	http://localhost:54820/alerts/v1/294021?apikey=TEST
Proxy:			<none>
Request params:	<none>
Query params:	apikey=TEST
Form params:	<none>
Path params:	<none>
Headers:		Accept=*/*
Cookies:		<none>
Multiparts:		<none>
Body:			<none>
Request method:	GET
Request URI:	http://localhost:54820/alerts/v1/294021?apikey=TEST
Proxy:			<none>
Request params:	<none>
Query params:	apikey=TEST
Form params:	<none>
Path params:	<none>
Headers:		Accept=*/*
Cookies:		<none>
Multiparts:		<none>
Body:			<none>
Request method:	GET
Request URI:	http://localhost:54820/alerts/v1/294021?apikey=TEST
Proxy:			<none>
Request params:	<none>
Query params:	apikey=TEST
Form params:	<none>
Path params:	<none>
Headers:		Accept=*/*
Cookies:		<none>
Multiparts:		<none>
Body:			<none>
Request method:	GET
Request URI:	http://localhost:54820/alerts/v1/294021?apikey=TEST
Proxy:			<none>
Request params:	<none>
Query params:	apikey=TEST
Form params:	<none>
Path params:	<none>
Headers:		Accept=*/*
Cookies:		<none>
Multiparts:		<none>
Body:			<none>
Request method:	GET
Request URI:	http://localhost:54820/alerts/v1/294021?apikey=TEST
Proxy:			<none>
Request params:	<none>
Query params:	apikey=TEST
Form params:	<none>
Path params:	<none>
Headers:		Accept=*/*
Cookies:		<none>
Multiparts:		<none>
Body:			<none>
Request method:	GET
Request URI:	http://localhost:54820/alerts/v1/294021?apikey=TEST
Proxy:			<none>
Request params:	<none>
Query params:	apikey=TEST
Form params:	<none>
Path params:	<none>
Headers:		Accept=*/*
Cookies:		<none>
Multiparts:		<none>
Body:			<none>
Request method:	GET
Request URI:	http://localhost:54820/alerts/v1/294021?apikey=TEST
Proxy:			<none>
Request params:	<none>
Query params:	apikey=TEST
Form params:	<none>
Path params:	<none>
Headers:		Accept=*/*
Cookies:		<none>
Multiparts:		<none>
Body:			<none>
Request method:	GET
Request URI:	http://localhost:54820/alerts/v1/294021?apikey=TEST
Proxy:			<none>
Request params:	<none>
Query params:	apikey=TEST
Form params:	<none>
Path params:	<none>
Headers:		Accept=*/*
Cookies:		<none>
Multiparts:		<none>
Body:			<none>
Request method:	GET
Request URI:	http://localhost:54820/alerts/v1/294021?apikey=TEST
Proxy:			<none>
Request params:	<none>
Query params:	apikey=TEST
Form params:	<none>
Path params:	<none>
Headers:		Accept=*/*
Cookies:		<none>
Multiparts:		<none>
Body:			<none>
Request method:	GET
Request URI:	http://localhost:54820/alerts/v1/294021?apikey=TEST
Proxy:			<none>
Request params:	<none>
Query params:	apikey=TEST
Form params:	<none>
Path params:	<none>
Headers:		Accept=*/*
Cookies:		<none>
Multiparts:		<none>
Body:			<none>
Request method:	GET
Request URI:	http://localhost:54820/alerts/v1/294021?apikey=TEST
Proxy:			<none>
Request params:	<none>
Query params:	apikey=TEST
Form params:	<none>
Path params:	<none>
Headers:		Accept=*/*
Cookies:		<none>
Multiparts:		<none>
Body:			<none>
Request method:	GET
Request URI:	http://localhost:54820/alerts/v1/294021?apikey=TEST
Proxy:			<none>
Request params:	<none>
Query params:	apikey=TEST
Form params:	<none>
Path params:	<none>
Headers:		Accept=*/*
Cookies:		<none>
Multiparts:		<none>
Body:			<none>
Request method:	GET
Request URI:	http://localhost:54820/alerts/v1/294021?apikey=TEST
Proxy:			<none>
Request params:	<none>
Query params:	apikey=TEST
Form params:	<none>
Path params:	<none>
Headers:		Accept=*/*
Cookies:		<none>
Multiparts:		<none>
Body:			<none>
Request method:	GET
Request URI:	http://localhost:54820/alerts/v1/294021?apikey=TEST
Proxy:			<none>
Request params:	<none>
Query params:	apikey=TEST
Form params:	<none>
Path params:	<none>
Headers:		Accept=*/*
Cookies:		<none>
Multiparts:		<none>
Body:			<none>
Request method:	GET
Request URI:	http://localhost:54820/alerts/v1/294021?apikey=TEST
Proxy:			<none>
Request params:	<none>
Query params:	apikey=TEST
Form params:	<none>
Path params:	<none>
Headers:		Accept=*/*
Cookies:		<none>
Multiparts:		<none>
Body:			<none>
Request method:	GET
Request URI:	http://localhost:54820/alerts/v1/294021?apikey=TEST
Proxy:			<none>
Request params:	<none>
Query params:	apikey=TEST
Form params:	<none>
Path params:	<none>
Headers:		Accept=*/*
Cookies:		<none>
Multiparts:		<none>
Body:			<none>
Request method:	GET
Request URI:	http://localhost:54820/alerts/v1/294021?apikey=TEST
Proxy:			<none>
Request params:	<none>
Query params:	apikey=TEST
Form params:	<none>
Path params:	<none>
Headers:		Accept=*/*
Cookies:		<none>
Multiparts:		<none>
Body:			<none>
HTTP/1.1 200 OK
Content-Type: application/json
Matched-Stub-Id: d6a9f24c-aca8-4a8c-9929-2bb92b2f5734
Vary: Accept-Encoding, User-Agent
Content-Encoding: gzip
Transfer-Encoding: chunked

[
    {
        "AlertID": "AL-100500",
        "Description": "Snow expected",
        "Severity": "Moderate",
        "Areas": [
            "Minsk"
        ],
        "EffectiveDate": "2024-01-01T10:00:00+03:00"
    }
]
HTTP/1.1 200 OK
Content-Type: application/json
Matched-Stub-Id: d6a9f24c-aca8-4a8c-9929-2bb92b2f5734
Vary: Accept-Encoding, User-Agent
Content-Encoding: gzip
Transfer-Encoding: chunked

[
    {
        "AlertID": "AL-100500",
        "Description": "Snow expected",
        "Severity": "Moderate",
        "Areas": [
            "Minsk"
        ],
        "EffectiveDate": "2024-01-01T10:00:00+03:00"
    }
]
HTTP/1.1 200 OK
Content-Type: application/json
Matched-Stub-Id: d6a9f24c-aca8-4a8c-9929-2bb92b2f5734
Vary: Accept-Encoding, User-Agent
Content-Encoding: gzip
Transfer-Encoding: chunked

[
    {
        "AlertID": "AL-100500",
        "Description": "Snow expected",
        "Severity": "Moderate",
        "Areas": [
            "Minsk"
        ],
        "EffectiveDate": "2024-01-01T10:00:00+03:00"
    }
]
HTTP/1.1 200 OK
Content-Type: application/json
Matched-Stub-Id: d6a9f24c-aca8-4a8c-9929-2bb92b2f5734
Vary: Accept-Encoding, User-Agent
Content-Encoding: gzip
Transfer-Encoding: chunked

[
    {
        "AlertID": "AL-100500",
        "Description": "Snow expected",
        "Severity": "Moderate",
        "Areas": [
            "Minsk"
        ],
        "EffectiveDate": "2024-01-01T10:00:00+03:00"
    }
]
HTTP/1.1 200 OK
Content-Type: application/json
Matched-Stub-Id: d6a9f24c-aca8-4a8c-9929-2bb92b2f5734
Vary: Accept-Encoding, User-Agent
Content-Encoding: gzip
Transfer-Encoding: chunked

[
    {
        "AlertID": "AL-100500",
        "Description": "Snow expected",
        "Severity": "Moderate",
        "Areas": [
            "Minsk"
        ],
        "EffectiveDate": "2024-01-01T10:00:00+03:00"
    }
]
HTTP/1.1 200 OK
Content-Type: application/json
Matched-Stub-Id: d6a9f24c-aca8-4a8c-9929-2bb92b2f5734
Vary: Accept-Encoding, User-Agent
Content-Encoding: gzip
Transfer-Encoding: chunked

[
    {
        "AlertID": "AL-100500",
        "Description": "Snow expected",
        "Severity": "Moderate",
        "Areas": [
            "Minsk"
        ],
        "EffectiveDate": "2024-01-01T10:00:00+03:00"
    }
]
HTTP/1.1 200 OK
Content-Type: application/json
Matched-Stub-Id: d6a9f24c-aca8-4a8c-9929-2bb92b2f5734
Vary: Accept-Encoding, User-Agent
Content-Encoding: gzip
Transfer-Encoding: chunked

[
    {
        "AlertID": "AL-100500",
        "Description": "Snow expected",
        "Severity": "Moderate",
        "Areas": [
            "Minsk"
        ],
        "EffectiveDate": "2024-01-01T10:00:00+03:00"
    }
]
HTTP/1.1 200 OK
Content-Type: application/json
Matched-Stub-Id: d6a9f24c-aca8-4a8c-9929-2bb92b2f5734
Vary: Accept-Encoding, User-Agent
Content-Encoding: gzip
Transfer-Encoding: chunked

[
    {
        "AlertID": "AL-100500",
        "Description": "Snow expected",
        "Severity": "Moderate",
        "Areas": [
            "Minsk"
        ],
        "EffectiveDate": "2024-01-01T10:00:00+03:00"
    }
]
HTTP/1.1 200 OK
Content-Type: application/json
Matched-Stub-Id: d6a9f24c-aca8-4a8c-9929-2bb92b2f5734
Vary: Accept-Encoding, User-Agent
Content-Encoding: gzip
Transfer-Encoding: chunked

[
    {
        "AlertID": "AL-100500",
        "Description": "Snow expected",
        "Severity": "Moderate",
        "Areas": [
            "Minsk"
        ],
        "EffectiveDate": "2024-01-01T10:00:00+03:00"
    }
]
HTTP/1.1 200 OK
Content-Type: application/json
Matched-Stub-Id: d6a9f24c-aca8-4a8c-9929-2bb92b2f5734
Vary: Accept-Encoding, User-Agent
Content-Encoding: gzip
Transfer-Encoding: chunked

[
    {
        "AlertID": "AL-100500",
        "Description": "Snow expected",
        "Severity": "Moderate",
        "Areas": [
            "Minsk"
        ],
        "EffectiveDate": "2024-01-01T10:00:00+03:00"
    }
]
HTTP/1.1 200 OK
Content-Type: application/json
Matched-Stub-Id: d6a9f24c-aca8-4a8c-9929-2bb92b2f5734
Vary: Accept-Encoding, User-Agent
Content-Encoding: gzip
Transfer-Encoding: chunked

[
    {
        "AlertID": "AL-100500",
        "Description": "Snow expected",
        "Severity": "Moderate",
        "Areas": [
            "Minsk"
        ],
        "EffectiveDate": "2024-01-01T10:00:00+03:00"
    }
]
HTTP/1.1 200 OK
Content-Type: application/json
Matched-Stub-Id: d6a9f24c-aca8-4a8c-9929-2bb92b2f5734
Vary: Accept-Encoding, User-Agent
Content-Encoding: gzip
Transfer-Encoding: chunked

[
    {
        "AlertID": "AL-100500",
        "Description": "Snow expected",
        "Severity": "Moderate",
        "Areas": [
            "Minsk"
        ],
        "EffectiveDate": "2024-01-01T10:00:00+03:00"
    }
]
HTTP/1.1 200 OK
Content-Type: application/json
Matched-Stub-Id: d6a9f24c-aca8-4a8c-9929-2bb92b2f5734
Vary: Accept-Encoding, User-Agent
Content-Encoding: gzip
Transfer-Encoding: chunked

[
    {
        "AlertID": "AL-100500",
        "Description": "Snow expected",
        "Severity": "Moderate",
        "Areas": [
            "Minsk"
        ],
        "EffectiveDate": "2024-01-01T10:00:00+03:00"
    }
]
HTTP/1.1 200 OK
Content-Type: application/json
Matched-Stub-Id: d6a9f24c-aca8-4a8c-9929-2bb92b2f5734
Vary: Accept-Encoding, User-Agent
Content-Encoding: gzip
Transfer-Encoding: chunked

[
    {
        "AlertID": "AL-100500",
        "Description": "Snow expected",
        "Severity": "Moderate",
        "Areas": [
            "Minsk"
        ],
        "EffectiveDate": "2024-01-01T10:00:00+03:00"
    }
]
HTTP/1.1 200 OK
Content-Type: application/json
Matched-Stub-Id: d6a9f24c-aca8-4a8c-9929-2bb92b2f5734
Vary: Accept-Encoding, User-Agent
Content-Encoding: gzip
Transfer-Encoding: chunked

[
    {
        "AlertID": "AL-100500",
        "Description": "Snow expected",
        "Severity": "Moderate",
        "Areas": [
            "Minsk"
        ],
        "EffectiveDate": "2024-01-01T10:00:00+03:00"
    }
]
HTTP/1.1 200 OK
Content-Type: application/json
Matched-Stub-Id: d6a9f24c-aca8-4a8c-9929-2bb92b2f5734
Vary: Accept-Encoding, User-Agent
Content-Encoding: gzip
Transfer-Encoding: chunked

[
    {
        "AlertID": "AL-100500",
        "Description": "Snow expected",
        "Severity": "Moderate",
        "Areas": [
            "Minsk"
        ],
        "EffectiveDate": "2024-01-01T10:00:00+03:00"
    }
]
HTTP/1.1 200 OK
Content-Type: application/json
Matched-Stub-Id: d6a9f24c-aca8-4a8c-9929-2bb92b2f5734
Vary: Accept-Encoding, User-Agent
Content-Encoding: gzip
Transfer-Encoding: chunked

[
    {
        "AlertID": "AL-100500",
        "Description": "Snow expected",
        "Severity": "Moderate",
        "Areas": [
            "Minsk"
        ],
        "EffectiveDate": "2024-01-01T10:00:00+03:00"
    }
]
HTTP/1.1 200 OK
Content-Type: application/json
Matched-Stub-Id: d6a9f24c-aca8-4a8c-9929-2bb92b2f5734
Vary: Accept-Encoding, User-Agent
Content-Encoding: gzip
Transfer-Encoding: chunked

[
    {
        "AlertID": "AL-100500",
        "Description": "Snow expected",
        "Severity": "Moderate",
        "Areas": [
            "Minsk"
        ],
        "EffectiveDate": "2024-01-01T10:00:00+03:00"
    }
]
HTTP/1.1 200 OK
Content-Type: application/json
Matched-Stub-Id: d6a9f24c-aca8-4a8c-9929-2bb92b2f5734
Vary: Accept-Encoding, User-Agent
Content-Encoding: gzip
Transfer-Encoding: chunked

[
    {
        "AlertID": "AL-100500",
        "Description": "Snow expected",
        "Severity": "Moderate",
        "Areas": [
            "Minsk"
        ],
        "EffectiveDate": "2024-01-01T10:00:00+03:00"
    }
]
HTTP/1.1 200 OK
Content-Type: application/json
Matched-Stub-Id: d6a9f24c-aca8-4a8c-9929-2bb92b2f5734
Vary: Accept-Encoding, User-Agent
Content-Encoding: gzip
Transfer-Encoding: chunked

[
    {
        "AlertID": "AL-100500",
        "Description": "Snow expected",
        "Severity": "Moderate",
        "Areas": [
            "Minsk"
        ],
        "EffectiveDate": "2024-01-01T10:00:00+03:00"
    }
]
HTTP/1.1 200 OK
Content-Type: application/json
Matched-Stub-Id: d6a9f24c-aca8-4a8c-9929-2bb92b2f5734
Vary: Accept-Encoding, User-Agent
Content-Encoding: gzip
Transfer-Encoding: chunked

[
    {
        "AlertID": "AL-100500",
        "Description": "Snow expected",
        "Severity": "Moderate",
        "Areas": [
            "Minsk"
        ],
        "EffectiveDate": "2024-01-01T10:00:00+03:00"
    }
]
HTTP/1.1 200 OK
Content-Type: application/json
Matched-Stub-Id: d6a9f24c-aca8-4a8c-9929-2bb92b2f5734
Vary: Accept-Encoding, User-Agent
Content-Encoding: gzip
Transfer-Encoding: chunked

[
    {
        "AlertID": "AL-100500",
        "Description": "Snow expected",
        "Severity": "Moderate",
        "Areas": [
            "Minsk"
        ],
        "EffectiveDate": "2024-01-01T10:00:00+03:00"
    }
]
HTTP/1.1 200 OK
Content-Type: application/json
Matched-Stub-Id: d6a9f24c-aca8-4a8c-9929-2bb92b2f5734
Vary: Accept-Encoding, User-Agent
Content-Encoding: gzip
Transfer-Encoding: chunked

[
    {
        "AlertID": "AL-100500",
        "Description": "Snow expected",
        "Severity": "Moderate",
        "Areas": [
            "Minsk"
        ],
        "EffectiveDate": "2024-01-01T10:00:00+03:00"
    }
]
HTTP/1.1 200 OK
Content-Type: application/json
Matched-Stub-Id: d6a9f24c-aca8-4a8c-9929-2bb92b2f5734
Vary: Accept-Encoding, User-Agent
Content-Encoding: gzip
Transfer-Encoding: chunked

[
    {
        "AlertID": "AL-100500",
        "Description": "Snow expected",
        "Severity": "Moderate",
        "Areas": [
            "Minsk"
        ],
        "EffectiveDate": "2024-01-01T10:00:00+03:00"
    }
]
HTTP/1.1 200 OK
Content-Type: application/json
Matched-Stub-Id: d6a9f24c-aca8-4a8c-9929-2bb92b2f5734
Vary: Accept-Encoding, User-Agent
Content-Encoding: gzip
Transfer-Encoding: chunked

[
    {
        "AlertID": "AL-100500",
        "Description": "Snow expected",
        "Severity": "Moderate",
        "Areas": [
            "Minsk"
        ],
        "EffectiveDate": "2024-01-01T10:00:00+03:00"
    }
]
HTTP/1.1 200 OK
Content-Type: application/json
Matched-Stub-Id: d6a9f24c-aca8-4a8c-9929-2bb92b2f5734
Vary: Accept-Encoding, User-Agent
Content-Encoding: gzip
Transfer-Encoding: chunked

[
    {
        "AlertID": "AL-100500",
        "Description": "Snow expected",
        "Severity": "Moderate",
        "Areas": [
            "Minsk"
        ],
        "EffectiveDate": "2024-01-01T10:00:00+03:00"
    }
]
HTTP/1.1 200 OK
Content-Type: application/json
Matched-Stub-Id: d6a9f24c-aca8-4a8c-9929-2bb92b2f5734
Vary: Accept-Encoding, User-Agent
Content-Encoding: gzip
Transfer-Encoding: chunked

[
    {
        "AlertID": "AL-100500",
        "Description": "Snow expected",
        "Severity": "Moderate",
        "Areas": [
            "Minsk"
        ],
        "EffectiveDate": "2024-01-01T10:00:00+03:00"
    }
]
HTTP/1.1 200 OK
Content-Type: application/json
Matched-Stub-Id: d6a9f24c-aca8-4a8c-9929-2bb92b2f5734
Vary: Accept-Encoding, User-Agent
Content-Encoding: gzip
Transfer-Encoding: chunked

[
    {
        "AlertID": "AL-100500",
        "Description": "Snow expected",
        "Severity": "Moderate",
        "Areas": [
            "Minsk"
        ],
        "EffectiveDate": "2024-01-01T10:00:00+03:00"
    }
]
HTTP/1.1 200 OK
Content-Type: application/json
Matched-Stub-Id: d6a9f24c-aca8-4a8c-9929-2bb92b2f5734
Vary: Accept-Encoding, User-Agent
Content-Encoding: gzip
Transfer-Encoding: chunked

[
    {
        "AlertID": "AL-100500",
        "Description": "Snow expected",
        "Severity": "Moderate",
        "Areas": [
            "Minsk"
        ],
        "EffectiveDate": "2024-01-01T10:00:00+03:00"
    }
]
HTTP/1.1 200 OK
Content-Type: application/json
Matched-Stub-Id: d6a9f24c-aca8-4a8c-9929-2bb92b2f5734
Vary: Accept-Encoding, User-Agent
Content-Encoding: gzip
Transfer-Encoding: chunked

[
    {
        "AlertID": "AL-100500",
        "Description": "Snow expected",
        "Severity": "Moderate",
        "Areas": [
            "Minsk"
        ],
        "EffectiveDate": "2024-01-01T10:00:00+03:00"
    }
]
]]></system-out>
  </testcase>
  <testcase name="forecast1dayRu_mock" classname="study.api.AccuWeatherMockTests" time="0.095">
    <system-out><![CDATA[Request method:	GET
Request URI:	http://localhost:54820/forecasts/v1/daily/1day/294021?apikey=TEST&language=ru-ru&metric=true
Proxy:			<none>
Request params:	<none>
Query params:	apikey=TEST
				language=ru-ru
				metric=true
Form params:	<none>
Path params:	<none>
Headers:		Accept=*/*
Cookies:		<none>
Multiparts:		<none>
Body:			<none>
Request method:	GET
Request URI:	http://localhost:54820/forecasts/v1/daily/1day/294021?apikey=TEST&language=ru-ru&metric=true
Proxy:			<none>
Request params:	<none>
Query params:	apikey=TEST
				language=ru-ru
				metric=true
Form params:	<none>
Path params:	<none>
Headers:		Accept=*/*
Cookies:		<none>
Multiparts:		<none>
Body:			<none>
Request method:	GET
Request URI:	http://localhost:54820/forecasts/v1/daily/1day/294021?apikey=TEST&language=ru-ru&metric=true
Proxy:			<none>
Request params:	<none>
Query params:	apikey=TEST
				language=ru-ru
				metric=true
Form params:	<none>
Path params:	<none>
Headers:		Accept=*/*
Cookies:		<none>
Multiparts:		<none>
Body:			<none>
Request method:	GET
Request URI:	http://localhost:54820/forecasts/v1/daily/1day/294021?apikey=TEST&language=ru-ru&metric=true
Proxy:			<none>
Request params:	<none>
Query params:	apikey=TEST
				language=ru-ru
				metric=true
Form params:	<none>
Path params:	<none>
Headers:		Accept=*/*
Cookies:		<none>
Multiparts:		<none>
Body:			<none>
Request method:	GET
Request URI:	http://localhost:54820/forecasts/v1/daily/1day/294021?apikey=TEST&language=ru-ru&metric=true
Proxy:			<none>
Request params:	<none>
Query params:	apikey=TEST
				language=ru-ru
				metric=true
Form params:	<none>
Path params:	<none>
Headers:		Accept=*/*
Cookies:		<none>
Multiparts:		<none>
Body:			<none>
Request method:	GET
Request URI:	http://localhost:54820/forecasts/v1/daily/1day/294021?apikey=TEST&language=ru-ru&metric=true
Proxy:			<none>
Request params:	<none>
Query params:	apikey=TEST
				language=ru-ru
				metric=true
Form params:	<none>
Path params:	<none>
Headers:		Accept=*/*
Cookies:		<none>
Multiparts:		<none>
Body:			<none>
Request method:	GET
Request URI:	http://localhost:54820/forecasts/v1/daily/1day/294021?apikey=TEST&language=ru-ru&metric=true
Proxy:			<none>
Request params:	<none>
Query params:	apikey=TEST
				language=ru-ru
				metric=true
Form params:	<none>
Path params:	<none>
Headers:		Accept=*/*
Cookies:		<none>
Multiparts:		<none>
Body:			<none>
Request method:	GET
Request URI:	http://localhost:54820/forecasts/v1/daily/1day/294021?apikey=TEST&language=ru-ru&metric=true
Proxy:			<none>
Request params:	<none>
Query params:	apikey=TEST
				language=ru-ru
				metric=true
Form params:	<none>
Path params:	<none>
Headers:		Accept=*/*
Cookies:		<none>
Multiparts:		<none>
Body:			<none>
Request method:	GET
Request URI:	http://localhost:54820/forecasts/v1/daily/1day/294021?apikey=TEST&language=ru-ru&metric=true
Proxy:			<none>
Request params:	<none>
Query params:	apikey=TEST
				language=ru-ru
				metric=true
Form params:	<none>
Path params:	<none>
Headers:		Accept=*/*
Cookies:		<none>
Multiparts:		<none>
Body:			<none>
Request method:	GET
Request URI:	http://localhost:54820/forecasts/v1/daily/1day/294021?apikey=TEST&language=ru-ru&metric=true
Proxy:			<none>
Request params:	<none>
Query params:	apikey=TEST
				language=ru-ru
				metric=true
Form params:	<none>
Path params:	<none>
Headers:		Accept=*/*
Cookies:		<none>
Multiparts:		<none>
Body:			<none>
Request method:	GET
Request URI:	http://localhost:54820/forecasts/v1/daily/1day/294021?apikey=TEST&language=ru-ru&metric=true
Proxy:			<none>
Request params:	<none>
Query params:	apikey=TEST
				language=ru-ru
				metric=true
Form params:	<none>
Path params:	<none>
Headers:		Accept=*/*
Cookies:		<none>
Multiparts:		<none>
Body:			<none>
Request method:	GET
Request URI:	http://localhost:54820/forecasts/v1/daily/1day/294021?apikey=TEST&language=ru-ru&metric=true
Proxy:			<none>
Request params:	<none>
Query params:	apikey=TEST
				language=ru-ru
				metric=true
Form params:	<none>
Path params:	<none>
Headers:		Accept=*/*
Cookies:		<none>
Multiparts:		<none>
Body:			<none>
Request method:	GET
Request URI:	http://localhost:54820/forecasts/v1/daily/1day/294021?apikey=TEST&language=ru-ru&metric=true
Proxy:			<none>
Request params:	<none>
Query params:	apikey=TEST
				language=ru-ru
				metric=true
Form params:	<none>
Path params:	<none>
Headers:		Accept=*/*
Cookies:		<none>
Multiparts:		<none>
Body:			<none>
Request method:	GET
Request URI:	http://localhost:54820/forecasts/v1/daily/1day/294021?apikey=TEST&language=ru-ru&metric=true
Proxy:			<none>
Request params:	<none>
Query params:	apikey=TEST
				language=ru-ru
				metric=true
Form params:	<none>
Path params:	<none>
Headers:		Accept=*/*
Cookies:		<none>
Multiparts:		<none>
Body:			<none>
Request method:	GET
Request URI:	http://localhost:54820/forecasts/v1/daily/1day/294021?apikey=TEST&language=ru-ru&metric=true
Proxy:			<none>
Request params:	<none>
Query params:	apikey=TEST
				language=ru-ru
				metric=true
Form params:	<none>
Path params:	<none>
Headers:		Accept=*/*
Cookies:		<none>
Multiparts:		<none>
Body:			<none>
Request method:	GET
Request URI:	http://localhost:54820/forecasts/v1/daily/1day/294021?apikey=TEST&language=ru-ru&metric=true
Proxy:			<none>
Request params:	<none>
Query params:	apikey=TEST
				language=ru-ru
				metric=true
Form params:	<none>
Path params:	<none>
Headers:		Accept=*/*
Cookies:		<none>
Multiparts:		<none>
Body:			<none>
Request method:	GET
Request URI:	http://localhost:54820/forecasts/v1/daily/1day/294021?apikey=TEST&language=ru-ru&metric=true
Proxy:			<none>
Request params:	<none>
Query params:	apikey=TEST
				language=ru-ru
				metric=true
Form params:	<none>
Path params:	<none>
Headers:		Accept=*/*
Cookies:		<none>
Multiparts:		<none>
Body:			<none>
Request method:	GET
Request URI:	http://localhost:54820/forecasts/v1/daily/1day/294021?apikey=TEST&language=ru-ru&metric=true
Proxy:			<none>
Request params:	<none>
Query params:	apikey=TEST
				language=ru-ru
				metric=true
Form params:	<none>
Path params:	<none>
Headers:		Accept=*/*
Cookies:		<none>
Multiparts:		<none>
Body:			<none>
Request method:	GET
Request URI:	http://localhost:54820/forecasts/v1/daily/1day/294021?apikey=TEST&language=ru-ru&metric=true
Proxy:			<none>
Request params:	<none>
Query params:	apikey=TEST
				language=ru-ru
				metric=true
Form params:	<none>
Path params:	<none>
Headers:		Accept=*/*
Cookies:		<none>
Multiparts:		<none>
Body:			<none>
Request method:	GET
Request URI:	http://localhost:54820/forecasts/v1/daily/1day/294021?apikey=TEST&language=ru-ru&metric=true
Proxy:			<none>
Request params:	<none>
Query params:	apikey=TEST
				language=ru-ru
				metric=true
Form params:	<none>
Path params:	<none>
Headers:		Accept=*/*
Cookies:		<none>
Multiparts:		<none>
Body:			<none>
Request method:	GET
Request URI:	http://localhost:54820/forecasts/v1/daily/1day/294021?apikey=TEST&language=ru-ru&metric=true
Proxy:			<none>
Request params:	<none>
Query params:	apikey=TEST
				language=ru-ru
				metric=true
Form params:	<none>
Path params:	<none>
Headers:		Accept=*/*
Cookies:		<none>
Multiparts:		<none>
Body:			<none>
Request method:	GET
Request URI:	http://localhost:54820/forecasts/v1/daily/1day/294021?apikey=TEST&language=ru-ru&metric=true
Proxy:			<none>
Request params:	<none>
Query params:	apikey=TEST
				language=ru-ru
				metric=true
Form params:	<none>
Path params:	<none>
Headers:		Accept=*/*
Cookies:		<none>
Multiparts:		<none>
Body:			<none>
Request method:	GET
Request URI:	http://localhost:54820/forecasts/v1/daily/1day/294021?apikey=TEST&language=ru-ru&metric=true
Proxy:			<none>
Request params:	<none>
Query params:	apikey=TEST
				language=ru-ru
				metric=true
Form params:	<none>
Path params:	<none>
Headers:		Accept=*/*
Cookies:		<none>
Multiparts:		<none>
Body:			<none>
Request method:	GET
Request URI:	http://localhost:54820/forecasts/v1/daily/1day/294021?apikey=TEST&language=ru-ru&metric=true
Proxy:			<none>
Request params:	<none>
Query params:	apikey=TEST
				language=ru-ru
				metric=true
Form params:	<none>
Path params:	<none>
Headers:		Accept=*/*
Cookies:		<none>
Multiparts:		<none>
Body:			<none>
Request method:	GET
Request URI:	http://localhost:54820/forecasts/v1/daily/1day/294021?apikey=TEST&language=ru-ru&metric=true
Proxy:			<none>
Request params:	<none>
Query params:	apikey=TEST
				language=ru-ru
				metric=true
Form params:	<none>
Path params:	<none>
Headers:		Accept=*/*
Cookies:		<none>
Multiparts:		<none>
Body:			<none>
Request method:	GET
Request URI:	http://localhost:54820/forecasts/v1/daily/1day/294021?apikey=TEST&language=ru-ru&metric=true
Proxy:			<none>
Request params:	<none>
Query params:	apikey=TEST
				language=ru-ru
				metric=true
Form params:	<none>
Path params:	<none>
Headers:		Accept=*/*
Cookies:		<none>
Multiparts:		<none>
Body:			<none>
Request method:	GET
Request URI:	http://localhost:54820/forecasts/v1/daily/1day/294021?apikey=TEST&language=ru-ru&metric=true
Proxy:			<none>
Request params:	<none>
Query params:	apikey=TEST
				language=ru-ru
				metric=true
Form params:	<none>
Path params:	<none>
Headers:		Accept=*/*
Cookies:		<none>
Multiparts:		<none>
Body:			<none>
Request method:	GET
Request URI:	http://localhost:54820/forecasts/v1/daily/1day/294021?apikey=TEST&language=ru-ru&metric=true
Proxy:			<none>
Request params:	<none>
Query params:	apikey=TEST
				language=ru-ru
				metric=true
Form params:	<none>
Path params:	<none>
Headers:		Accept=*/*
Cookies:		<none>
Multiparts:		<none>
Body:			<none>
Request method:	GET
Request URI:	http://localhost:54820/forecasts/v1/daily/1day/294021?apikey=TEST&language=ru-ru&metric=true
Proxy:			<none>
Request params:	<none>
Query params:	apikey=TEST
				language=ru-ru
				metric=true
Form params:	<none>
Path params:	<none>
Headers:		Accept=*/*
Cookies:		<none>
Multiparts:		<none>
Body:			<none>
Request method:	GET
Request URI:	http://localhost:54820/forecasts/v1/daily/1day/294021?apikey=TEST&language=ru-ru&metric=true
Proxy:			<none>
Request params:	<none>
Query params:	apikey=TEST
				language=ru-ru
				metric=true
Form params:	<none>
Path params:	<none>
Headers:		Accept=*/*
Cookies:		<none>
Multiparts:		<none>
Body:			<none>
Request method:	GET
Request URI:	http://localhost:54820/forecasts/v1/daily/1day/294021?apikey=TEST&language=ru-ru&metric=true
Proxy:			<none>
Request params:	<none>
Query params:	apikey=TEST
				language=ru-ru
				metric=true
Form params:	<none>
Path params:	<none>
Headers:		Accept=*/*
Cookies:		<none>
Multiparts:		<none>
Body:			<none>
HTTP/1.1 200 OK
Content-Type: application/json
Matched-Stub-Id: 1ab60c7c-ae09-4f18-93e1-b74a743430f4
Vary: Accept-Encoding, User-Agent
Content-Encoding: gzip
Transfer-Encoding: chunked

{
    "Headline": {
        "Text": "Облачно с прояснениями"
    },
    "DailyForecasts": [
        {
            "Date": "2024-01-01T07:00:00+03:00",
            "Temperature": {
                "Minimum": {
                    "Value": -3,
                    "Unit": "C"
                },
                "Maximum": {
                    "Value": 1,
                    "Unit": "C"
                }
            },
            "Day": {
                "IconPhrase": "Облачно"
            },
            "Night": {
                "IconPhrase": "Снег"
            }
        }
    ]
}
HTTP/1.1 200 OK
Content-Type: application/json
Matched-Stub-Id: 1ab60c7c-ae09-4f18-93e1-b74a743430f4
Vary: Accept-Encoding, User-Agent
Content-Encoding: gzip
Transfer-Encoding: chunked

{
    "Headline": {
        "Text": "Облачно с прояснениями"
    },
    "DailyForecasts": [
        {
            "Date": "2024-01-01T07:00:00+03:00",
            "Temperature": {
                "Minimum": {
                    "Value": -3,
                    "Unit": "C"
                },
                "Maximum": {
                    "Value": 1,
                    "Unit": "C"
                }
            },
            "Day": {
                "IconPhrase": "Облачно"
            },
            "Night": {
                "IconPhrase": "Снег"
            }
        }
    ]
}
HTTP/1.1 200 OK
Content-Type: application/json
Matched-Stub-Id: 1ab60c7c-ae09-4f18-93e1-b74a743430f4
Vary: Accept-Encoding, User-Agent
Content-Encoding: gzip
Transfer-Encoding: chunked

{
    "Headline": {
        "Text": "Облачно с прояснениями"
    },
    "DailyForecasts": [
        {
            "Date": "2024-01-01T07:00:00+03:00",
            "Temperature": {
                "Minimum": {
                    "Value": -3,
                    "Unit": "C"
                },
                "Maximum": {
                    "Value": 1,
                    "Unit": "C"
                }
            },
            "Day": {
                "IconPhrase": "Облачно"
            },
            "Night": {
                "IconPhrase": "Снег"
            }
        }
    ]
}
HTTP/1.1 200 OK
Content-Type: application/json
Matched-Stub-Id: 1ab60c7c-ae09-4f18-93e1-b74a743430f4
Vary: Accept-Encoding, User-Agent
Content-Encoding: gzip
Transfer-Encoding: chunked

{
    "Headline": {
        "Text": "Облачно с прояснениями"
    },
    "DailyForecasts": [
        {
            "Date": "2024-01-01T07:00:00+03:00",
            "Temperature": {
                "Minimum": {
                    "Value": -3,
                    "Unit": "C"
                },
                "Maximum": {
                    "Value": 1,
                    "Unit": "C"
                }
            },
            "Day": {
                "IconPhrase": "Облачно"
            },
            "Night": {
                "IconPhrase": "Снег"
            }
        }
    ]
}
HTTP/1.1 200 OK
Content-Type: application/json
Matched-Stub-Id: 1ab60c7c-ae09-4f18-93e1-b74a743430f4
Vary: Accept-Encoding, User-Agent
Content-Encoding: gzip
Transfer-Encoding: chunked

{
    "Headline": {
        "Text": "Облачно с прояснениями"
    },
    "DailyForecasts": [
        {
            "Date": "2024-01-01T07:00:00+03:00",
            "Temperature": {
                "Minimum": {
                    "Value": -3,
                    "Unit": "C"
                },
                "Maximum": {
                    "Value": 1,
                    "Unit": "C"
                }
            },
            "Day": {
                "IconPhrase": "Облачно"
            },
            "Night": {
                "IconPhrase": "Снег"
            }
        }
    ]
}
HTTP/1.1 200 OK
Content-Type: application/json
Matched-Stub-Id: 1ab60c7c-ae09-4f18-93e1-b74a743430f4
Vary: Accept-Encoding, User-Agent
Content-Encoding: gzip
Transfer-Encoding: chunked

{
    "Headline": {
        "Text": "Облачно с прояснениями"
    },
    "DailyForecasts": [
        {
            "Date": "2024-01-01T07:00:00+03:00",
            "Temperature": {
                "Minimum": {
                    "Value": -3,
                    "Unit": "C"
                },
                "Maximum": {
                    "Value": 1,
                    "Unit": "C"
                }
            },
            "Day": {
                "IconPhrase": "Облачно"
            },
            "Night": {
                "IconPhrase": "Снег"
            }
        }
    ]
}
HTTP/1.1 200 OK
Content-Type: application/json
Matched-Stub-Id: 1ab60c7c-ae09-4f18-93e1-b74a743430f4
Vary: Accept-Encoding, User-Agent
Content-Encoding: gzip
Transfer-Encoding: chunked

{
    "Headline": {
        "Text": "Облачно с прояснениями"
    },
    "DailyForecasts": [
        {
            "Date": "2024-01-01T07:00:00+03:00",
            "Temperature": {
                "Minimum": {
                    "Value": -3,
                    "Unit": "C"
                },
                "Maximum": {
                    "Value": 1,
                    "Unit": "C"
                }
            },
            "Day": {
                "IconPhrase": "Облачно"
            },
            "Night": {
                "IconPhrase": "Снег"
            }
        }
    ]
}
HTTP/1.1 200 OK
Content-Type: application/json
Matched-Stub-Id: 1ab60c7c-ae09-4f18-93e1-b74a743430f4
Vary: Accept-Encoding, User-Agent
Content-Encoding: gzip
Transfer-Encoding: chunked

{
    "Headline": {
        "Text": "Облачно с прояснениями"
    },
    "DailyForecasts": [
        {
            "Date": "2024-01-01T07:00:00+03:00",
            "Temperature": {
                "Minimum": {
                    "Value": -3,
                    "Unit": "C"
                },
                "Maximum": {
                    "Value": 1,
                    "Unit": "C"
                }
            },
            "Day": {
                "IconPhrase": "Облачно"
            },
            "Night": {
                "IconPhrase": "Снег"
            }
        }
    ]
}
HTTP/1.1 200 OK
Content-Type: application/json
Matched-Stub-Id: 1ab60c7c-ae09-4f18-93e1-b74a743430f4
Vary: Accept-Encoding, User-Agent
Content-Encoding: gzip
Transfer-Encoding: chunked

{
    "Headline": {
        "Text": "Облачно с прояснениями"
    },
    "DailyForecasts": [
        {
            "Date": "2024-01-01T07:00:00+03:00",
            "Temperature": {
                "Minimum": {
                    "Value": -3,
                    "Unit": "C"
                },
                "Maximum": {
                    "Value": 1,
                    "Unit": "C"
                }
            },
            "Day": {
                "IconPhrase": "Облачно"
            },
            "Night": {
                "IconPhrase": "Снег"
            }
        }
    ]
}
HTTP/1.1 200 OK
Content-Type: application/json
Matched-Stub-Id: 1ab60c7c-ae09-4f18-93e1-b74a743430f4
Vary: Accept-Encoding, User-Agent
Content-Encoding: gzip
Transfer-Encoding: chunked

{
    "Headline": {
        "Text": "Облачно с прояснениями"
    },
    "DailyForecasts": [
        {
            "Date": "2024-01-01T07:00:00+03:00",
            "Temperature": {
                "Minimum": {
                    "Value": -3,
                    "Unit": "C"
                },
                "Maximum": {
                    "Value": 1,
                    "Unit": "C"
                }
            },
            "Day": {
                "IconPhrase": "Облачно"
            },
            "Night": {
                "IconPhrase": "Снег"
            }
        }
    ]
}
HTTP/1.1 200 OK
Content-Type: application/json
Matched-Stub-Id: 1ab60c7c-ae09-4f18-93e1-b74a743430f4
Vary: Accept-Encoding, User-Agent
Content-Encoding: gzip
Transfer-Encoding: chunked

{
    "Headline": {
        "Text": "Облачно с прояснениями"
    },
    "DailyForecasts": [
        {
            "Date": "2024-01-01T07:00:00+03:00",
            "Temperature": {
                "Minimum": {
                    "Value": -3,
                    "Unit": "C"
                },
                "Maximum": {
                    "Value": 1,
                    "Unit": "C"
                }
            },
            "Day": {
                "IconPhrase": "Облачно"
            },
            "Night": {
                "IconPhrase": "Снег"
            }
        }
    ]
}
HTTP/1.1 200 OK
Content-Type: application/json
Matched-Stub-Id: 1ab60c7c-ae09-4f18-93e1-b74a743430f4
Vary: Accept-Encoding, User-Agent
Content-Encoding: gzip
Transfer-Encoding: chunked

{
    "Headline": {
        "Text": "Облачно с прояснениями"
    },
    "DailyForecasts": [
        {
            "Date": "2024-01-01T07:00:00+03:00",
            "Temperature": {
                "Minimum": {
                    "Value": -3,
                    "Unit": "C"
                },
                "Maximum": {
                    "Value": 1,
                    "Unit": "C"
                }
            },
            "Day": {
                "IconPhrase": "Облачно"
            },
            "Night": {
                "IconPhrase": "Снег"
            }
        }
    ]
}
HTTP/1.1 200 OK
Content-Type: application/json
Matched-Stub-Id: 1ab60c7c-ae09-4f18-93e1-b74a743430f4
Vary: Accept-Encoding, User-Agent
Content-Encoding: gzip
Transfer-Encoding: chunked

{
    "Headline": {
        "Text": "Облачно с прояснениями"
    },
    "DailyForecasts": [
        {
            "Date": "2024-01-01T07:00:00+03:00",
            "Temperature": {
                "Minimum": {
                    "Value": -3,
                    "Unit": "C"
                },
                "Maximum": {
                    "Value": 1,
                    "Unit": "C"
                }
            },
            "Day": {
                "IconPhrase": "Облачно"
            },
            "Night": {
                "IconPhrase": "Снег"
            }
        }
    ]
}
HTTP/1.1 200 OK
Content-Type: application/json
Matched-Stub-Id: 1ab60c7c-ae09-4f18-93e1-b74a743430f4
Vary: Accept-Encoding, User-Agent
Content-Encoding: gzip
Transfer-Encoding: chunked

{
    "Headline": {
        "Text": "Облачно с прояснениями"
    },
    "DailyForecasts": [
        {
            "Date": "2024-01-01T07:00:00+03:00",
            "Temperature": {
                "Minimum": {
                    "Value": -3,
                    "Unit": "C"
                },
                "Maximum": {
                    "Value": 1,
                    "Unit": "C"
                }
            },
            "Day": {
                "IconPhrase": "Облачно"
            },
            "Night": {
                "IconPhrase": "Снег"
            }
        }
    ]
}
HTTP/1.1 200 OK
Content-Type: application/json
Matched-Stub-Id: 1ab60c7c-ae09-4f18-93e1-b74a743430f4
Vary: Accept-Encoding, User-Agent
Content-Encoding: gzip
Transfer-Encoding: chunked

{
    "Headline": {
        "Text": "Облачно с прояснениями"
    },
    "DailyForecasts": [
        {
            "Date": "2024-01-01T07:00:00+03:00",
            "Temperature": {
                "Minimum": {
                    "Value": -3,
                    "Unit": "C"
                },
                "Maximum": {
                    "Value": 1,
                    "Unit": "C"
                }
            },
            "Day": {
                "IconPhrase": "Облачно"
            },
            "Night": {
                "IconPhrase": "Снег"
            }
        }
    ]
}
HTTP/1.1 200 OK
Content-Type: application/json
Matched-Stub-Id: 1ab60c7c-ae09-4f18-93e1-b74a743430f4
Vary: Accept-Encoding, User-Agent
Content-Encoding: gzip
Transfer-Encoding: chunked

{
    "Headline": {
        "Text": "Облачно с прояснениями"
    },
    "DailyForecasts": [
        {
            "Date": "2024-01-01T07:00:00+03:00",
            "Temperature": {
                "Minimum": {
                    "Value": -3,
                    "Unit": "C"
                },
                "Maximum": {
                    "Value": 1,
                    "Unit": "C"
                }
            },
            "Day": {
                "IconPhrase": "Облачно"
            },
            "Night": {
                "IconPhrase": "Снег"
            }
        }
    ]
}
HTTP/1.1 200 OK
Content-Type: application/json
Matched-Stub-Id: 1ab60c7c-ae09-4f18-93e1-b74a743430f4
Vary: Accept-Encoding, User-Agent
Content-Encoding: gzip
Transfer-Encoding: chunked

{
    "Headline": {
        "Text": "Облачно с прояснениями"
    },
    "DailyForecasts": [
        {
            "Date": "2024-01-01T07:00:00+03:00",
            "Temperature": {
                "Minimum": {
                    "Value": -3,
                    "Unit": "C"
                },
                "Maximum": {
                    "Value": 1,
                    "Unit": "C"
                }
            },
            "Day": {
                "IconPhrase": "Облачно"
            },
            "Night": {
                "IconPhrase": "Снег"
            }
        }
    ]
}
HTTP/1.1 200 OK
Content-Type: application/json
Matched-Stub-Id: 1ab60c7c-ae09-4f18-93e1-b74a743430f4
Vary: Accept-Encoding, User-Agent
Content-Encoding: gzip
Transfer-Encoding: chunked

{
    "Headline": {
        "Text": "Облачно с прояснениями"
    },
    "DailyForecasts": [
        {
            "Date": "2024-01-01T07:00:00+03:00",
            "Temperature": {
                "Minimum": {
                    "Value": -3,
                    "Unit": "C"
                },
                "Maximum": {
                    "Value": 1,
                    "Unit": "C"
                }
            },
            "Day": {
                "IconPhrase": "Облачно"
            },
            "Night": {
                "IconPhrase": "Снег"
            }
        }
    ]
}
HTTP/1.1 200 OK
Content-Type: application/json
Matched-Stub-Id: 1ab60c7c-ae09-4f18-93e1-b74a743430f4
Vary: Accept-Encoding, User-Agent
Content-Encoding: gzip
Transfer-Encoding: chunked

{
    "Headline": {
        "Text": "Облачно с прояснениями"
    },
    "DailyForecasts": [
        {
            "Date": "2024-01-01T07:00:00+03:00",
            "Temperature": {
                "Minimum": {
                    "Value": -3,
                    "Unit": "C"
                },
                "Maximum": {
                    "Value": 1,
                    "Unit": "C"
                }
            },
            "Day": {
                "IconPhrase": "Облачно"
            },
            "Night": {
                "IconPhrase": "Снег"
            }
        }
    ]
}
HTTP/1.1 200 OK
Content-Type: application/json
Matched-Stub-Id: 1ab60c7c-ae09-4f18-93e1-b74a743430f4
Vary: Accept-Encoding, User-Agent
Content-Encoding: gzip
Transfer-Encoding: chunked

{
    "Headline": {
        "Text": "Облачно с прояснениями"
    },
    "DailyForecasts": [
        {
            "Date": "2024-01-01T07:00:00+03:00",
            "Temperature": {
                "Minimum": {
                    "Value": -3,
                    "Unit": "C"
                },
                "Maximum": {
                    "Value": 1,
                    "Unit": "C"
                }
            },
            "Day": {
                "IconPhrase": "Облачно"
            },
            "Night": {
                "IconPhrase": "Снег"
            }
        }
    ]
}
HTTP/1.1 200 OK
Content-Type: application/json
Matched-Stub-Id: 1ab60c7c-ae09-4f18-93e1-b74a743430f4
Vary: Accept-Encoding, User-Agent
Content-Encoding: gzip
Transfer-Encoding: chunked

{
    "Headline": {
        "Text": "Облачно с прояснениями"
    },
    "DailyForecasts": [
        {
            "Date": "2024-01-01T07:00:00+03:00",
            "Temperature": {
                "Minimum": {
                    "Value": -3,
                    "Unit": "C"
                },
                "Maximum": {
                    "Value": 1,
                    "Unit": "C"
                }
            },
            "Day": {
                "IconPhrase": "Облачно"
            },
            "Night": {
                "IconPhrase": "Снег"
            }
        }
    ]
}
HTTP/1.1 200 OK
Content-Type: application/json
Matched-Stub-Id: 1ab60c7c-ae09-4f18-93e1-b74a743430f4
Vary: Accept-Encoding, User-Agent
Content-Encoding: gzip
Transfer-Encoding: chunked

{
    "Headline": {
        "Text": "Облачно с прояснениями"
    },
    "DailyForecasts": [
        {
            "Date": "2024-01-01T07:00:00+03:00",
            "Temperature": {
                "Minimum": {
                    "Value": -3,
                    "Unit": "C"
                },
                "Maximum": {
                    "Value": 1,
                    "Unit": "C"
                }
            },
            "Day": {
                "IconPhrase": "Облачно"
            },
            "Night": {
                "IconPhrase": "Снег"
            }
        }
    ]
}
HTTP/1.1 200 OK
Content-Type: application/json
Matched-Stub-Id: 1ab60c7c-ae09-4f18-93e1-b74a743430f4
Vary: Accept-Encoding, User-Agent
Content-Encoding: gzip
Transfer-Encoding: chunked

{
    "Headline": {
        "Text": "Облачно с прояснениями"
    },
    "DailyForecasts": [
        {
            "Date": "2024-01-01T07:00:00+03:00",
            "Temperature": {
                "Minimum": {
                    "Value": -3,
                    "Unit": "C"
                },
                "Maximum": {
                    "Value": 1,
                    "Unit": "C"
                }
            },
            "Day": {
                "IconPhrase": "Облачно"
            },
            "Night": {
                "IconPhrase": "Снег"
            }
        }
    ]
}
HTTP/1.1 200 OK
Content-Type: application/json
Matched-Stub-Id: 1ab60c7c-ae09-4f18-93e1-b74a743430f4
Vary: Accept-Encoding, User-Agent
Content-Encoding: gzip
Transfer-Encoding: chunked

{
    "Headline": {
        "Text": "Облачно с прояснениями"
    },
    "DailyForecasts": [
        {
            "Date": "2024-01-01T07:00:00+03:00",
            "Temperature": {
                "Minimum": {
                    "Value": -3,
                    "Unit": "C"
                },
                "Maximum": {
                    "Value": 1,
                    "Unit": "C"
                }
            },
            "Day": {
                "IconPhrase": "Облачно"
            },
            "Night": {
                "IconPhrase": "Снег"
            }
        }
    ]
}
HTTP/1.1 200 OK
Content-Type: application/json
Matched-Stub-Id: 1ab60c7c-ae09-4f18-93e1-b74a743430f4
Vary: Accept-Encoding, User-Agent
Content-Encoding: gzip
Transfer-Encoding: chunked

{
    "Headline": {
        "Text": "Облачно с прояснениями"
    },
    "DailyForecasts": [
        {
            "Date": "2024-01-01T07:00:00+03:00",
            "Temperature": {
                "Minimum": {
                    "Value": -3,
                    "Unit": "C"
                },
                "Maximum": {
                    "Value": 1,
                    "Unit": "C"
                }
            },
            "Day": {
                "IconPhrase": "Облачно"
            },
            "Night": {
                "IconPhrase": "Снег"
            }
        }
    ]
}
HTTP/1.1 200 OK
Content-Type: application/json
Matched-Stub-Id: 1ab60c7c-ae09-4f18-93e1-b74a743430f4
Vary: Accept-Encoding, User-Agent
Content-Encoding: gzip
Transfer-Encoding: chunked

{
    "Headline": {
        "Text": "Облачно с прояснениями"
    },
    "DailyForecasts": [
        {
            "Date": "2024-01-01T07:00:00+03:00",
            "Temperature": {
                "Minimum": {
                    "Value": -3,
                    "Unit": "C"
                },
                "Maximum": {
                    "Value": 1,
                    "Unit": "C"
                }
            },
            "Day": {
                "IconPhrase": "Облачно"
            },
            "Night": {
                "IconPhrase": "Снег"
            }
        }
    ]
}
HTTP/1.1 200 OK
Content-Type: application/json
Matched-Stub-Id: 1ab60c7c-ae09-4f18-93e1-b74a743430f4
Vary: Accept-Encoding, User-Agent
Content-Encoding: gzip
Transfer-Encoding: chunked

{
    "Headline": {
        "Text": "Облачно с прояснениями"
    },
    "DailyForecasts": [
        {
            "Date": "2024-01-01T07:00:00+03:00",
            "Temperature": {
                "Minimum": {
                    "Value": -3,
                    "Unit": "C"
                },
                "Maximum": {
                    "Value": 1,
                    "Unit": "C"
                }
            },
            "Day": {
                "IconPhrase": "Облачно"
            },
            "Night": {
                "IconPhrase": "Снег"
            }
        }
    ]
}
HTTP/1.1 200 OK
Content-Type: application/json
Matched-Stub-Id: 1ab60c7c-ae09-4f18-93e1-b74a743430f4
Vary: Accept-Encoding, User-Agent
Content-Encoding: gzip
Transfer-Encoding: chunked

{
    "Headline": {
        "Text": "Облачно с прояснениями"
    },
    "DailyForecasts": [
        {
            "Date": "2024-01-01T07:00:00+03:00",
            "Temperature": {
                "Minimum": {
                    "Value": -3,
                    "Unit": "C"
                },
                "Maximum": {
                    "Value": 1,
                    "Unit": "C"
                }
            },
            "Day": {
                "IconPhrase": "Облачно"
            },
            "Night": {
                "IconPhrase": "Снег"
            }
        }
    ]
}
HTTP/1.1 200 OK
Content-Type: application/json
Matched-Stub-Id: 1ab60c7c-ae09-4f18-93e1-b74a743430f4
Vary: Accept-Encoding, User-Agent
Content-Encoding: gzip
Transfer-Encoding: chunked

{
    "Headline": {
        "Text": "Облачно с прояснениями"
    },
    "DailyForecasts": [
        {
            "Date": "2024-01-01T07:00:00+03:00",
            "Temperature": {
                "Minimum": {
                    "Value": -3,
                    "Unit": "C"
                },
                "Maximum": {
                    "Value": 1,
                    "Unit": "C"
                }
            },
            "Day": {
                "IconPhrase": "Облачно"
            },
            "Night": {
                "IconPhrase": "Снег"
            }
        }
    ]
}
HTTP/1.1 200 OK
Content-Type: application/json
Matched-Stub-Id: 1ab60c7c-ae09-4f18-93e1-b74a743430f4
Vary: Accept-Encoding, User-Agent
Content-Encoding: gzip
Transfer-Encoding: chunked

{
    "Headline": {
        "Text": "Облачно с прояснениями"
    },
    "DailyForecasts": [
        {
            "Date": "2024-01-01T07:00:00+03:00",
            "Temperature": {
                "Minimum": {
                    "Value": -3,
                    "Unit": "C"
                },
                "Maximum": {
                    "Value": 1,
                    "Unit": "C"
                }
            },
            "Day": {
                "IconPhrase": "Облачно"
            },
            "Night": {
                "IconPhrase": "Снег"
            }
        }
    ]
}
HTTP/1.1 200 OK
Content-Type: application/json
Matched-Stub-Id: 1ab60c7c-ae09-4f18-93e1-b74a743430f4
Vary: Accept-Encoding, User-Agent
Content-Encoding: gzip
Transfer-Encoding: chunked

{
    "Headline": {
        "Text": "Облачно с прояснениями"
    },
    "DailyForecasts": [
        {
            "Date": "2024-01-01T07:00:00+03:00",
            "Temperature": {
                "Minimum": {
                    "Value": -3,
                    "Unit": "C"
                },
                "Maximum": {
                    "Value": 1,
                    "Unit": "C"
                }
            },
            "Day": {
                "IconPhrase": "Облачно"
            },
            "Night": {
                "IconPhrase": "Снег"
            }
        }
    ]
}
]]></system-out>
  </testcase>
  <testcase name="citiesAutocomplete_mock" classname="study.api.AccuWeatherMockTests" time="0.099">
    <system-out><![CDATA[Request method:	GET
Request URI:	http://localhost:54820/locations/v1/cities/autocomplete?apikey=TEST&q=Lon
Proxy:			<none>
Request params:	<none>
Query params:	apikey=TEST
				q=Lon
Form params:	<none>
Path params:	<none>
Headers:		Accept=*/*
Cookies:		<none>
Multiparts:		<none>
Body:			<none>
Request method:	GET
Request URI:	http://localhost:54820/locations/v1/cities/autocomplete?apikey=TEST&q=Lon
Proxy:			<none>
Request params:	<none>
Query params:	apikey=TEST
				q=Lon
Form params:	<none>
Path params:	<none>
Headers:		Accept=*/*
Cookies:		<none>
Multiparts:		<none>
Body:			<none>
Request method:	GET
Request URI:	http://localhost:54820/locations/v1/cities/autocomplete?apikey=TEST&q=Lon
Proxy:			<none>
Request params:	<none>
Query params:	apikey=TEST
				q=Lon
Form params:	<none>
Path params:	<none>
Headers:		Accept=*/*
Cookies:		<none>
Multiparts:		<none>
Body:			<none>
Request method:	GET
Request URI:	http://localhost:54820/locations/v1/cities/autocomplete?apikey=TEST&q=Lon
Proxy:			<none>
Request params:	<none>
Query params:	apikey=TEST
				q=Lon
Form params:	<none>
Path params:	<none>
Headers:		Accept=*/*
Cookies:		<none>
Multiparts:		<none>
Body:			<none>
Request method:	GET
Request URI:	http://localhost:54820/locations/v1/cities/autocomplete?apikey=TEST&q=Lon
Proxy:			<none>
Request params:	<none>
Query params:	apikey=TEST
				q=Lon
Form params:	<none>
Path params:	<none>
Headers:		Accept=*/*
Cookies:		<none>
Multiparts:		<none>
Body:			<none>
Request method:	GET
Request URI:	http://localhost:54820/locations/v1/cities/autocomplete?apikey=TEST&q=Lon
Proxy:			<none>
Request params:	<none>
Query params:	apikey=TEST
				q=Lon
Form params:	<none>
Path params:	<none>
Headers:		Accept=*/*
Cookies:		<none>
Multiparts:		<none>
Body:			<none>
Request method:	GET
Request URI:	http://localhost:54820/locations/v1/cities/autocomplete?apikey=TEST&q=Lon
Proxy:			<none>
Request params:	<none>
Query params:	apikey=TEST
				q=Lon
Form params:	<none>
Path params:	<none>
Headers:		Accept=*/*
Cookies:		<none>
Multiparts:		<none>
Body:			<none>
Request method:	GET
Request URI:	http://localhost:54820/locations/v1/cities/autocomplete?apikey=TEST&q=Lon
Proxy:			<none>
Request params:	<none>
Query params:	apikey=TEST
				q=Lon
Form params:	<none>
Path params:	<none>
Headers:		Accept=*/*
Cookies:		<none>
Multiparts:		<none>
Body:			<none>
Request method:	GET
Request URI:	http://localhost:54820/locations/v1/cities/autocomplete?apikey=TEST&q=Lon
Proxy:			<none>
Request params:	<none>
Query params:	apikey=TEST
				q=Lon
Form params:	<none>
Path params:	<none>
Headers:		Accept=*/*
Cookies:		<none>
Multiparts:		<none>
Body:			<none>
Request method:	GET
Request URI:	http://localhost:54820/locations/v1/cities/autocomplete?apikey=TEST&q=Lon
Proxy:			<none>
Request params:	<none>
Query params:	apikey=TEST
				q=Lon
Form params:	<none>
Path params:	<none>
Headers:		Accept=*/*
Cookies:		<none>
Multiparts:		<none>
Body:			<none>
Request method:	GET
Request URI:	http://localhost:54820/locations/v1/cities/autocomplete?apikey=TEST&q=Lon
Proxy:			<none>
Request params:	<none>
Query params:	apikey=TEST
				q=Lon
Form params:	<none>
Path params:	<none>
Headers:		Accept=*/*
Cookies:		<none>
Multiparts:		<none>
Body:			<none>
Request method:	GET
Request URI:	http://localhost:54820/locations/v1/cities/autocomplete?apikey=TEST&q=Lon
Proxy:			<none>
Request params:	<none>
Query params:	apikey=TEST
				q=Lon
Form params:	<none>
Path params:	<none>
Headers:		Accept=*/*
Cookies:		<none>
Multiparts:		<none>
Body:			<none>
Request method:	GET
Request URI:	http://localhost:54820/locations/v1/cities/autocomplete?apikey=TEST&q=Lon
Proxy:			<none>
Request params:	<none>
Query params:	apikey=TEST
				q=Lon
Form params:	<none>
Path params:	<none>
Headers:		Accept=*/*
Cookies:		<none>
Multiparts:		<none>
Body:			<none>
Request method:	GET
Request URI:	http://localhost:54820/locations/v1/cities/autocomplete?apikey=TEST&q=Lon
Proxy:			<none>
Request params:	<none>
Query params:	apikey=TEST
				q=Lon
Form params:	<none>
Path params:	<none>
Headers:		Accept=*/*
Cookies:		<none>
Multiparts:		<none>
Body:			<none>
Request method:	GET
Request URI:	http://localhost:54820/locations/v1/cities/autocomplete?apikey=TEST&q=Lon
Proxy:			<none>
Request params:	<none>
Query params:	apikey=TEST
				q=Lon
Form params:	<none>
Path params:	<none>
Headers:		Accept=*/*
Cookies:		<none>
Multiparts:		<none>
Body:			<none>
Request method:	GET
Request URI:	http://localhost:54820/locations/v1/cities/autocomplete?apikey=TEST&q=Lon
Proxy:			<none>
Request params:	<none>
Query params:	apikey=TEST
				q=Lon
Form params:	<none>
Path params:	<none>
Headers:		Accept=*/*
Cookies:		<none>
Multiparts:		<none>
Body:			<none>
Request method:	GET
Request URI:	http://localhost:54820/locations/v1/cities/autocomplete?apikey=TEST&q=Lon
Proxy:			<none>
Request params:	<none>
Query params:	apikey=TEST
				q=Lon
Form params:	<none>
Path params:	<none>
Headers:		Accept=*/*
Cookies:		<none>
Multiparts:		<none>
Body:			<none>
Request method:	GET
Request URI:	http://localhost:54820/locations/v1/cities/autocomplete?apikey=TEST&q=Lon
Proxy:			<none>
Request params:	<none>
Query params:	apikey=TEST
				q=Lon
Form params:	<none>
Path params:	<none>
Headers:		Accept=*/*
Cookies:		<none>
Multiparts:		<none>
Body:			<none>
Request method:	GET
Request URI:	http://localhost:54820/locations/v1/cities/autocomplete?apikey=TEST&q=Lon
Proxy:			<none>
Request params:	<none>
Query params:	apikey=TEST
				q=Lon
Form params:	<none>
Path params:	<none>
Headers:		Accept=*/*
Cookies:		<none>
Multiparts:		<none>
Body:			<none>
Request method:	GET
Request URI:	http://localhost:54820/locations/v1/cities/autocomplete?apikey=TEST&q=Lon
Proxy:			<none>
Request params:	<none>
Query params:	apikey=TEST
				q=Lon
Form params:	<none>
Path params:	<none>
Headers:		Accept=*/*
Cookies:		<none>
Multiparts:		<none>
Body:			<none>
Request method:	GET
Request URI:	http://localhost:54820/locations/v1/cities/autocomplete?apikey=TEST&q=Lon
Proxy:			<none>
Request params:	<none>
Query params:	apikey=TEST
				q=Lon
Form params:	<none>
Path params:	<none>
Headers:		Accept=*/*
Cookies:		<none>
Multiparts:		<none>
Body:			<none>
Request method:	GET
Request URI:	http://localhost:54820/locations/v1/cities/autocomplete?apikey=TEST&q=Lon
Proxy:			<none>
Request params:	<none>
Query params:	apikey=TEST
				q=Lon
Form params:	<none>
Path params:	<none>
Headers:		Accept=*/*
Cookies:		<none>
Multiparts:		<none>
Body:			<none>
Request method:	GET
Request URI:	http://localhost:54820/locations/v1/cities/autocomplete?apikey=TEST&q=Lon
Proxy:			<none>
Request params:	<none>
Query params:	apikey=TEST
				q=Lon
Form params:	<none>
Path params:	<none>
Headers:		Accept=*/*
Cookies:		<none>
Multiparts:		<none>
Body:			<none>
Request method:	GET
Request URI:	http://localhost:54820/locations/v1/cities/autocomplete?apikey=TEST&q=Lon
Proxy:			<none>
Request params:	<none>
Query params:	apikey=TEST
				q=Lon
Form params:	<none>
Path params:	<none>
Headers:		Accept=*/*
Cookies:		<none>
Multiparts:		<none>
Body:			<none>
Request method:	GET
Request URI:	http://localhost:54820/locations/v1/cities/autocomplete?apikey=TEST&q=Lon
Proxy:			<none>
Request params:	<none>
Query params:	apikey=TEST
				q=Lon
Form params:	<none>
Path params:	<none>
Headers:		Accept=*/*
Cookies:		<none>
Multiparts:		<none>
Body:			<none>
Request method:	GET
Request URI:	http://localhost:54820/locations/v1/cities/autocomplete?apikey=TEST&q=Lon
Proxy:			<none>
Request params:	<none>
Query params:	apikey=TEST
				q=Lon
Form params:	<none>
Path params:	<none>
Headers:		Accept=*/*
Cookies:		<none>
Multiparts:		<none>
Body:			<none>
Request method:	GET
Request URI:	http://localhost:54820/locations/v1/cities/autocomplete?apikey=TEST&q=Lon
Proxy:			<none>
Request params:	<none>
Query params:	apikey=TEST
				q=Lon
Form params:	<none>
Path params:	<none>
Headers:		Accept=*/*
Cookies:		<none>
Multiparts:		<none>
Body:			<none>
Request method:	GET
Request URI:	http://localhost:54820/locations/v1/cities/autocomplete?apikey=TEST&q=Lon
Proxy:			<none>
Request params:	<none>
Query params:	apikey=TEST
				q=Lon
Form params:	<none>
Path params:	<none>
Headers:		Accept=*/*
Cookies:		<none>
Multiparts:		<none>
Body:			<none>
Request method:	GET
Request URI:	http://localhost:54820/locations/v1/cities/autocomplete?apikey=TEST&q=Lon
Proxy:			<none>
Request params:	<none>
Query params:	apikey=TEST
				q=Lon
Form params:	<none>
Path params:	<none>
Headers:		Accept=*/*
Cookies:		<none>
Multiparts:		<none>
Body:			<none>
Request method:	GET
Request URI:	http://localhost:54820/locations/v1/cities/autocomplete?apikey=TEST&q=Lon
Proxy:			<none>
Request params:	<none>
Query params:	apikey=TEST
				q=Lon
Form params:	<none>
Path params:	<none>
Headers:		Accept=*/*
Cookies:		<none>
Multiparts:		<none>
Body:			<none>
Request method:	GET
Request URI:	http://localhost:54820/locations/v1/cities/autocomplete?apikey=TEST&q=Lon
Proxy:			<none>
Request params:	<none>
Query params:	apikey=TEST
				q=Lon
Form params:	<none>
Path params:	<none>
Headers:		Accept=*/*
Cookies:		<none>
Multiparts:		<none>
Body:			<none>
Request method:	GET
Request URI:	http://localhost:54820/locations/v1/cities/autocomplete?apikey=TEST&q=Lon
Proxy:			<none>
Request params:	<none>
Query params:	apikey=TEST
				q=Lon
Form params:	<none>
Path params:	<none>
Headers:		Accept=*/*
Cookies:		<none>
Multiparts:		<none>
Body:			<none>
HTTP/1.1 200 OK
Content-Type: application/json
Matched-Stub-Id: 964fe21a-4982-4d64-97c2-4f413eb3981b
Vary: Accept-Encoding, User-Agent
Content-Encoding: gzip
Transfer-Encoding: chunked

[
    {
        "Version": 1,
        "Key": "328328",
        "LocalizedName": "London",
        "Country": {
            "ID": "GB",
            "EnglishName": "United Kingdom"
        }
    },
    {
        "Version": 1,
        "Key": "60987",
        "LocalizedName": "Londonderry",
        "Country": {
            "ID": "GB",
            "EnglishName": "United Kingdom"
        }
    }
]
HTTP/1.1 200 OK
Content-Type: application/json
Matched-Stub-Id: 964fe21a-4982-4d64-97c2-4f413eb3981b
Vary: Accept-Encoding, User-Agent
Content-Encoding: gzip
Transfer-Encoding: chunked

[
    {
        "Version": 1,
        "Key": "328328",
        "LocalizedName": "London",
        "Country": {
            "ID": "GB",
            "EnglishName": "United Kingdom"
        }
    },
    {
        "Version": 1,
        "Key": "60987",
        "LocalizedName": "Londonderry",
        "Country": {
            "ID": "GB",
            "EnglishName": "United Kingdom"
        }
    }
]
HTTP/1.1 200 OK
Content-Type: application/json
Matched-Stub-Id: 964fe21a-4982-4d64-97c2-4f413eb3981b
Vary: Accept-Encoding, User-Agent
Content-Encoding: gzip
Transfer-Encoding: chunked

[
    {
        "Version": 1,
        "Key": "328328",
        "LocalizedName": "London",
        "Country": {
            "ID": "GB",
            "EnglishName": "United Kingdom"
        }
    },
    {
        "Version": 1,
        "Key": "60987",
        "LocalizedName": "Londonderry",
        "Country": {
            "ID": "GB",
            "EnglishName": "United Kingdom"
        }
    }
]
HTTP/1.1 200 OK
Content-Type: application/json
Matched-Stub-Id: 964fe21a-4982-4d64-97c2-4f413eb3981b
Vary: Accept-Encoding, User-Agent
Content-Encoding: gzip
Transfer-Encoding: chunked

[
    {
        "Version": 1,
        "Key": "328328",
        "LocalizedName": "London",
        "Country": {
            "ID": "GB",
            "EnglishName": "United Kingdom"
        }
    },
    {
        "Version": 1,
        "Key": "60987",
        "LocalizedName": "Londonderry",
        "Country": {
            "ID": "GB",
            "EnglishName": "United Kingdom"
        }
    }
]
HTTP/1.1 200 OK
Content-Type: application/json
Matched-Stub-Id: 964fe21a-4982-4d64-97c2-4f413eb3981b
Vary: Accept-Encoding, User-Agent
Content-Encoding: gzip
Transfer-Encoding: chunked

[
    {
        "Version": 1,
        "Key": "328328",
        "LocalizedName": "London",
        "Country": {
            "ID": "GB",
            "EnglishName": "United Kingdom"
        }
    },
    {
        "Version": 1,
        "Key": "60987",
        "LocalizedName": "Londonderry",
        "Country": {
            "ID": "GB",
            "EnglishName": "United Kingdom"
        }
    }
]
HTTP/1.1 200 OK
Content-Type: application/json
Matched-Stub-Id: 964fe21a-4982-4d64-97c2-4f413eb3981b
Vary: Accept-Encoding, User-Agent
Content-Encoding: gzip
Transfer-Encoding: chunked

[
    {
        "Version": 1,
        "Key": "328328",
        "LocalizedName": "London",
        "Country": {
            "ID": "GB",
            "EnglishName": "United Kingdom"
        }
    },
    {
        "Version": 1,
        "Key": "60987",
        "LocalizedName": "Londonderry",
        "Country": {
            "ID": "GB",
            "EnglishName": "United Kingdom"
        }
    }
]
HTTP/1.1 200 OK
Content-Type: application/json
Matched-Stub-Id: 964fe21a-4982-4d64-97c2-4f413eb3981b
Vary: Accept-Encoding, User-Agent
Content-Encoding: gzip
Transfer-Encoding: chunked

[
    {
        "Version": 1,
        "Key": "328328",
        "LocalizedName": "London",
        "Country": {
            "ID": "GB",
            "EnglishName": "United Kingdom"
        }
    },
    {
        "Version": 1,
        "Key": "60987",
        "LocalizedName": "Londonderry",
        "Country": {
            "ID": "GB",
            "EnglishName": "United Kingdom"
        }
    }
]
HTTP/1.1 200 OK
Content-Type: application/json
Matched-Stub-Id: 964fe21a-4982-4d64-97c2-4f413eb3981b
Vary: Accept-Encoding, User-Agent
Content-Encoding: gzip
Transfer-Encoding: chunked

[
    {
        "Version": 1,
        "Key": "328328",
        "LocalizedName": "London",
        "Country": {
            "ID": "GB",
            "EnglishName": "United Kingdom"
        }
    },
    {
        "Version": 1,
        "Key": "60987",
        "LocalizedName": "Londonderry",
        "Country": {
            "ID": "GB",
            "EnglishName": "United Kingdom"
        }
    }
]
HTTP/1.1 200 OK
Content-Type: application/json
Matched-Stub-Id: 964fe21a-4982-4d64-97c2-4f413eb3981b
Vary: Accept-Encoding, User-Agent
Content-Encoding: gzip
Transfer-Encoding: chunked

[
    {
        "Version": 1,
        "Key": "328328",
        "LocalizedName": "London",
        "Country": {
            "ID": "GB",
            "EnglishName": "United Kingdom"
        }
    },
    {
        "Version": 1,
        "Key": "60987",
        "LocalizedName": "Londonderry",
        "Country": {
            "ID": "GB",
            "EnglishName": "United Kingdom"
        }
    }
]
HTTP/1.1 200 OK
Content-Type: application/json
Matched-Stub-Id: 964fe21a-4982-4d64-97c2-4f413eb3981b
Vary: Accept-Encoding, User-Agent
Content-Encoding: gzip
Transfer-Encoding: chunked

[
    {
        "Version": 1,
        "Key": "328328",
        "LocalizedName": "London",
        "Country": {
            "ID": "GB",
            "EnglishName": "United Kingdom"
        }
    },
    {
        "Version": 1,
        "Key": "60987",
        "LocalizedName": "Londonderry",
        "Country": {
            "ID": "GB",
            "EnglishName": "United Kingdom"
        }
    }
]
HTTP/1.1 200 OK
Content-Type: application/json
Matched-Stub-Id: 964fe21a-4982-4d64-97c2-4f413eb3981b
Vary: Accept-Encoding, User-Agent
Content-Encoding: gzip
Transfer-Encoding: chunked

[
    {
        "Version": 1,
        "Key": "328328",
        "LocalizedName": "London",
        "Country": {
            "ID": "GB",
            "EnglishName": "United Kingdom"
        }
    },
    {
        "Version": 1,
        "Key": "60987",
        "LocalizedName": "Londonderry",
        "Country": {
            "ID": "GB",
            "EnglishName": "United Kingdom"
        }
    }
]
HTTP/1.1 200 OK
Content-Type: application/json
Matched-Stub-Id: 964fe21a-4982-4d64-97c2-4f413eb3981b
Vary: Accept-Encoding, User-Agent
Content-Encoding: gzip
Transfer-Encoding: chunked

[
    {
        "Version": 1,
        "Key": "328328",
        "LocalizedName": "London",
        "Country": {
            "ID": "GB",
            "EnglishName": "United Kingdom"
        }
    },
    {
        "Version": 1,
        "Key": "60987",
        "LocalizedName": "Londonderry",
        "Country": {
            "ID": "GB",
            "EnglishName": "United Kingdom"
        }
    }
]
HTTP/1.1 200 OK
Content-Type: application/json
Matched-Stub-Id: 964fe21a-4982-4d64-97c2-4f413eb3981b
Vary: Accept-Encoding, User-Agent
Content-Encoding: gzip
Transfer-Encoding: chunked

[
    {
        "Version": 1,
        "Key": "328328",
        "LocalizedName": "London",
        "Country": {
            "ID": "GB",
            "EnglishName": "United Kingdom"
        }
    },
    {
        "Version": 1,
        "Key": "60987",
        "LocalizedName": "Londonderry",
        "Country": {
            "ID": "GB",
            "EnglishName": "United Kingdom"
        }
    }
]
HTTP/1.1 200 OK
Content-Type: application/json
Matched-Stub-Id: 964fe21a-4982-4d64-97c2-4f413eb3981b
Vary: Accept-Encoding, User-Agent
Content-Encoding: gzip
Transfer-Encoding: chunked

[
    {
        "Version": 1,
        "Key": "328328",
        "LocalizedName": "London",
        "Country": {
            "ID": "GB",
            "EnglishName": "United Kingdom"
        }
    },
    {
        "Version": 1,
        "Key": "60987",
        "LocalizedName": "Londonderry",
        "Country": {
            "ID": "GB",
            "EnglishName": "United Kingdom"
        }
    }
]
HTTP/1.1 200 OK
Content-Type: application/json
Matched-Stub-Id: 964fe21a-4982-4d64-97c2-4f413eb3981b
Vary: Accept-Encoding, User-Agent
Content-Encoding: gzip
Transfer-Encoding: chunked

[
    {
        "Version": 1,
        "Key": "328328",
        "LocalizedName": "London",
        "Country": {
            "ID": "GB",
            "EnglishName": "United Kingdom"
        }
    },
    {
        "Version": 1,
        "Key": "60987",
        "LocalizedName": "Londonderry",
        "Country": {
            "ID": "GB",
            "EnglishName": "United Kingdom"
        }
    }
]
HTTP/1.1 200 OK
Content-Type: application/json
Matched-Stub-Id: 964fe21a-4982-4d64-97c2-4f413eb3981b
Vary: Accept-Encoding, User-Agent
Content-Encoding: gzip
Transfer-Encoding: chunked

[
    {
        "Version": 1,
        "Key": "328328",
        "LocalizedName": "London",
        "Country": {
            "ID": "GB",
            "EnglishName": "United Kingdom"
        }
    },
    {
        "Version": 1,
        "Key": "60987",
        "LocalizedName": "Londonderry",
        "Country": {
            "ID": "GB",
            "EnglishName": "United Kingdom"
        }
    }
]
HTTP/1.1 200 OK
Content-Type: application/json
Matched-Stub-Id: 964fe21a-4982-4d64-97c2-4f413eb3981b
Vary: Accept-Encoding, User-Agent
Content-Encoding: gzip
Transfer-Encoding: chunked

[
    {
        "Version": 1,
        "Key": "328328",
        "LocalizedName": "London",
        "Country": {
            "ID": "GB",
            "EnglishName": "United Kingdom"
        }
    },
    {
        "Version": 1,
        "Key": "60987",
        "LocalizedName": "Londonderry",
        "Country": {
            "ID": "GB",
            "EnglishName": "United Kingdom"
        }
    }
]
HTTP/1.1 200 OK
Content-Type: application/json
Matched-Stub-Id: 964fe21a-4982-4d64-97c2-4f413eb3981b
Vary: Accept-Encoding, User-Agent
Content-Encoding: gzip
Transfer-Encoding: chunked

[
    {
        "Version": 1,
        "Key": "328328",
        "LocalizedName": "London",
        "Country": {
            "ID": "GB",
            "EnglishName": "United Kingdom"
        }
    },
    {
        "Version": 1,
        "Key": "60987",
        "LocalizedName": "Londonderry",
        "Country": {
            "ID": "GB",
            "EnglishName": "United Kingdom"
        }
    }
]
HTTP/1.1 200 OK
Content-Type: application/json
Matched-Stub-Id: 964fe21a-4982-4d64-97c2-4f413eb3981b
Vary: Accept-Encoding, User-Agent
Content-Encoding: gzip
Transfer-Encoding: chunked

[
    {
        "Version": 1,
        "Key": "328328",
        "LocalizedName": "London",
        "Country": {
            "ID": "GB",
            "EnglishName": "United Kingdom"
        }
    },
    {
        "Version": 1,
        "Key": "60987",
        "LocalizedName": "Londonderry",
        "Country": {
            "ID": "GB",
            "EnglishName": "United Kingdom"
        }
    }
]
HTTP/1.1 200 OK
Content-Type: application/json
Matched-Stub-Id: 964fe21a-4982-4d64-97c2-4f413eb3981b
Vary: Accept-Encoding, User-Agent
Content-Encoding: gzip
Transfer-Encoding: chunked

[
    {
        "Version": 1,
        "Key": "328328",
        "LocalizedName": "London",
        "Country": {
            "ID": "GB",
            "EnglishName": "United Kingdom"
        }
    },
    {
        "Version": 1,
        "Key": "60987",
        "LocalizedName": "Londonderry",
        "Country": {
            "ID": "GB",
            "EnglishName": "United Kingdom"
        }
    }
]
HTTP/1.1 200 OK
Content-Type: application/json
Matched-Stub-Id: 964fe21a-4982-4d64-97c2-4f413eb3981b
Vary: Accept-Encoding, User-Agent
Content-Encoding: gzip
Transfer-Encoding: chunked

[
    {
        "Version": 1,
        "Key": "328328",
        "LocalizedName": "London",
        "Country": {
            "ID": "GB",
            "EnglishName": "United Kingdom"
        }
    },
    {
        "Version": 1,
        "Key": "60987",
        "LocalizedName": "Londonderry",
        "Country": {
            "ID": "GB",
            "EnglishName": "United Kingdom"
        }
    }
]
HTTP/1.1 200 OK
Content-Type: application/json
Matched-Stub-Id: 964fe21a-4982-4d64-97c2-4f413eb3981b
Vary: Accept-Encoding, User-Agent
Content-Encoding: gzip
Transfer-Encoding: chunked

[
    {
        "Version": 1,
        "Key": "328328",
        "LocalizedName": "London",
        "Country": {
            "ID": "GB",
            "EnglishName": "United Kingdom"
        }
    },
    {
        "Version": 1,
        "Key": "60987",
        "LocalizedName": "Londonderry",
        "Country": {
            "ID": "GB",
            "EnglishName": "United Kingdom"
        }
    }
]
HTTP/1.1 200 OK
Content-Type: application/json
Matched-Stub-Id: 964fe21a-4982-4d64-97c2-4f413eb3981b
Vary: Accept-Encoding, User-Agent
Content-Encoding: gzip
Transfer-Encoding: chunked

[
    {
        "Version": 1,
        "Key": "328328",
        "LocalizedName": "London",
        "Country": {
            "ID": "GB",
            "EnglishName": "United Kingdom"
        }
    },
    {
        "Version": 1,
        "Key": "60987",
        "LocalizedName": "Londonderry",
        "Country": {
            "ID": "GB",
            "EnglishName": "United Kingdom"
        }
    }
]
HTTP/1.1 200 OK
Content-Type: application/json
Matched-Stub-Id: 964fe21a-4982-4d64-97c2-4f413eb3981b
Vary: Accept-Encoding, User-Agent
Content-Encoding: gzip
Transfer-Encoding: chunked

[
    {
        "Version": 1,
        "Key": "328328",
        "LocalizedName": "London",
        "Country": {
            "ID": "GB",
            "EnglishName": "United Kingdom"
        }
    },
    {
        "Version": 1,
        "Key": "60987",
        "LocalizedName": "Londonderry",
        "Country": {
            "ID": "GB",
            "EnglishName": "United Kingdom"
        }
    }
]
HTTP/1.1 200 OK
Content-Type: application/json
Matched-Stub-Id: 964fe21a-4982-4d64-97c2-4f413eb3981b
Vary: Accept-Encoding, User-Agent
Content-Encoding: gzip
Transfer-Encoding: chunked

[
    {
        "Version": 1,
        "Key": "328328",
        "LocalizedName": "London",
        "Country": {
            "ID": "GB",
            "EnglishName": "United Kingdom"
        }
    },
    {
        "Version": 1,
        "Key": "60987",
        "LocalizedName": "Londonderry",
        "Country": {
            "ID": "GB",
            "EnglishName": "United Kingdom"
        }
    }
]
HTTP/1.1 200 OK
Content-Type: application/json
Matched-Stub-Id: 964fe21a-4982-4d64-97c2-4f413eb3981b
Vary: Accept-Encoding, User-Agent
Content-Encoding: gzip
Transfer-Encoding: chunked

[
    {
        "Version": 1,
        "Key": "328328",
        "LocalizedName": "London",
        "Country": {
            "ID": "GB",
            "EnglishName": "United Kingdom"
        }
    },
    {
        "Version": 1,
        "Key": "60987",
        "LocalizedName": "Londonderry",
        "Country": {
            "ID": "GB",
            "EnglishName": "United Kingdom"
        }
    }
]
HTTP/1.1 200 OK
Content-Type: application/json
Matched-Stub-Id: 964fe21a-4982-4d64-97c2-4f413eb3981b
Vary: Accept-Encoding, User-Agent
Content-Encoding: gzip
Transfer-Encoding: chunked

[
    {
        "Version": 1,
        "Key": "328328",
        "LocalizedName": "London",
        "Country": {
            "ID": "GB",
            "EnglishName": "United Kingdom"
        }
    },
    {
        "Version": 1,
        "Key": "60987",
        "LocalizedName": "Londonderry",
        "Country": {
            "ID": "GB",
            "EnglishName": "United Kingdom"
        }
    }
]
HTTP/1.1 200 OK
Content-Type: application/json
Matched-Stub-Id: 964fe21a-4982-4d64-97c2-4f413eb3981b
Vary: Accept-Encoding, User-Agent
Content-Encoding: gzip
Transfer-Encoding: chunked

[
    {
        "Version": 1,
        "Key": "328328",
        "LocalizedName": "London",
        "Country": {
            "ID": "GB",
            "EnglishName": "United Kingdom"
        }
    },
    {
        "Version": 1,
        "Key": "60987",
        "LocalizedName": "Londonderry",
        "Country": {
            "ID": "GB",
            "EnglishName": "United Kingdom"
        }
    }
]
HTTP/1.1 200 OK
Content-Type: application/json
Matched-Stub-Id: 964fe21a-4982-4d64-97c2-4f413eb3981b
Vary: Accept-Encoding, User-Agent
Content-Encoding: gzip
Transfer-Encoding: chunked

[
    {
        "Version": 1,
        "Key": "328328",
        "LocalizedName": "London",
        "Country": {
            "ID": "GB",
            "EnglishName": "United Kingdom"
        }
    },
    {
        "Version": 1,
        "Key": "60987",
        "LocalizedName": "Londonderry",
        "Country": {
            "ID": "GB",
            "EnglishName": "United Kingdom"
        }
    }
]
HTTP/1.1 200 OK
Content-Type: application/json
Matched-Stub-Id: 964fe21a-4982-4d64-97c2-4f413eb3981b
Vary: Accept-Encoding, User-Agent
Content-Encoding: gzip
Transfer-Encoding: chunked

[
    {
        "Version": 1,
        "Key": "328328",
        "LocalizedName": "London",
        "Country": {
            "ID": "GB",
            "EnglishName": "United Kingdom"
        }
    },
    {
        "Version": 1,
        "Key": "60987",
        "LocalizedName": "Londonderry",
        "Country": {
            "ID": "GB",
            "EnglishName": "United Kingdom"
        }
    }
]
HTTP/1.1 200 OK
Content-Type: application/json
Matched-Stub-Id: 964fe21a-4982-4d64-97c2-4f413eb3981b
Vary: Accept-Encoding, User-Agent
Content-Encoding: gzip
Transfer-Encoding: chunked

[
    {
        "Version": 1,
        "Key": "328328",
        "LocalizedName": "London",
        "Country": {
            "ID": "GB",
            "EnglishName": "United Kingdom"
        }
    },
    {
        "Version": 1,
        "Key": "60987",
        "LocalizedName": "Londonderry",
        "Country": {
            "ID": "GB",
            "EnglishName": "United Kingdom"
        }
    }
]
HTTP/1.1 200 OK
Content-Type: application/json
Matched-Stub-Id: 964fe21a-4982-4d64-97c2-4f413eb3981b
Vary: Accept-Encoding, User-Agent
Content-Encoding: gzip
Transfer-Encoding: chunked

[
    {
        "Version": 1,
        "Key": "328328",
        "LocalizedName": "London",
        "Country": {
            "ID": "GB",
            "EnglishName": "United Kingdom"
        }
    },
    {
        "Version": 1,
        "Key": "60987",
        "LocalizedName": "Londonderry",
        "Country": {
            "ID": "GB",
            "EnglishName": "United Kingdom"
        }
    }
]
]]></system-out>
  </testcase>
  <testcase name="currentConditionsPerf_mock" classname="study.api.AccuWeatherMockTests" time="0.053">
    <system-out><![CDATA[Request method:	GET
Request URI:	http://localhost:54820/currentconditions/v1/294021?apikey=TEST
Proxy:			<none>
Request params:	<none>
Query params:	apikey=TEST
Form params:	<none>
Path params:	<none>
Headers:		Accept=*/*
Cookies:		<none>
Multiparts:		<none>
Body:			<none>
Request method:	GET
Request URI:	http://localhost:54820/currentconditions/v1/294021?apikey=TEST
Proxy:			<none>
Request params:	<none>
Query params:	apikey=TEST
Form params:	<none>
Path params:	<none>
Headers:		Accept=*/*
Cookies:		<none>
Multiparts:		<none>
Body:			<none>
Request method:	GET
Request URI:	http://localhost:54820/currentconditions/v1/294021?apikey=TEST
Proxy:			<none>
Request params:	<none>
Query params:	apikey=TEST
Form params:	<none>
Path params:	<none>
Headers:		Accept=*/*
Cookies:		<none>
Multiparts:		<none>
Body:			<none>
Request method:	GET
Request URI:	http://localhost:54820/currentconditions/v1/294021?apikey=TEST
Proxy:			<none>
Request params:	<none>
Query params:	apikey=TEST
Form params:	<none>
Path params:	<none>
Headers:		Accept=*/*
Cookies:		<none>
Multiparts:		<none>
Body:			<none>
Request method:	GET
Request URI:	http://localhost:54820/currentconditions/v1/294021?apikey=TEST
Proxy:			<none>
Request params:	<none>
Query params:	apikey=TEST
Form params:	<none>
Path params:	<none>
Headers:		Accept=*/*
Cookies:		<none>
Multiparts:		<none>
Body:			<none>
Request method:	GET
Request URI:	http://localhost:54820/currentconditions/v1/294021?apikey=TEST
Proxy:			<none>
Request params:	<none>
Query params:	apikey=TEST
Form params:	<none>
Path params:	<none>
Headers:		Accept=*/*
Cookies:		<none>
Multiparts:		<none>
Body:			<none>
Request method:	GET
Request URI:	http://localhost:54820/currentconditions/v1/294021?apikey=TEST
Proxy:			<none>
Request params:	<none>
Query params:	apikey=TEST
Form params:	<none>
Path params:	<none>
Headers:		Accept=*/*
Cookies:		<none>
Multiparts:		<none>
Body:			<none>
Request method:	GET
Request URI:	http://localhost:54820/currentconditions/v1/294021?apikey=TEST
Proxy:			<none>
Request params:	<none>
Query params:	apikey=TEST
Form params:	<none>
Path params:	<none>
Headers:		Accept=*/*
Cookies:		<none>
Multiparts:		<none>
Body:			<none>
Request method:	GET
Request URI:	http://localhost:54820/currentconditions/v1/294021?apikey=TEST
Proxy:			<none>
Request params:	<none>
Query params:	apikey=TEST
Form params:	<none>
Path params:	<none>
Headers:		Accept=*/*
Cookies:		<none>
Multiparts:		<none>
Body:			<none>
Request method:	GET
Request URI:	http://localhost:54820/currentconditions/v1/294021?apikey=TEST
Proxy:			<none>
Request params:	<none>
Query params:	apikey=TEST
Form params:	<none>
Path params:	<none>
Headers:		Accept=*/*
Cookies:		<none>
Multiparts:		<none>
Body:			<none>
Request method:	GET
Request URI:	http://localhost:54820/currentconditions/v1/294021?apikey=TEST
Proxy:			<none>
Request params:	<none>
Query params:	apikey=TEST
Form params:	<none>
Path params:	<none>
Headers:		Accept=*/*
Cookies:		<none>
Multiparts:		<none>
Body:			<none>
Request method:	GET
Request URI:	http://localhost:54820/currentconditions/v1/294021?apikey=TEST
Proxy:			<none>
Request params:	<none>
Query params:	apikey=TEST
Form params:	<none>
Path params:	<none>
Headers:		Accept=*/*
Cookies:		<none>
Multiparts:		<none>
Body:			<none>
Request method:	GET
Request URI:	http://localhost:54820/currentconditions/v1/294021?apikey=TEST
Proxy:			<none>
Request params:	<none>
Query params:	apikey=TEST
Form params:	<none>
Path params:	<none>
Headers:		Accept=*/*
Cookies:		<none>
Multiparts:		<none>
Body:			<none>
Request method:	GET
Request URI:	http://localhost:54820/currentconditions/v1/294021?apikey=TEST
Proxy:			<none>
Request params:	<none>
Query params:	apikey=TEST
Form params:	<none>
Path params:	<none>
Headers:		Accept=*/*
Cookies:		<none>
Multiparts:		<none>
Body:			<none>
Request method:	GET
Request URI:	http://localhost:54820/currentconditions/v1/294021?apikey=TEST
Proxy:			<none>
Request params:	<none>
Query params:	apikey=TEST
Form params:	<none>
Path params:	<none>
Headers:		Accept=*/*
Cookies:		<none>
Multiparts:		<none>
Body:			<none>
Request method:	GET
Request URI:	http://localhost:54820/currentconditions/v1/294021?apikey=TEST
Proxy:			<none>
Request params:	<none>
Query params:	apikey=TEST
Form params:	<none>
Path params:	<none>
Headers:		Accept=*/*
Cookies:		<none>
Multiparts:		<none>
Body:			<none>
Request method:	GET
Request URI:	http://localhost:54820/currentconditions/v1/294021?apikey=TEST
Proxy:			<none>
Request params:	<none>
Query params:	apikey=TEST
Form params:	<none>
Path params:	<none>
Headers:		Accept=*/*
Cookies:		<none>
Multiparts:		<none>
Body:			<none>
Request method:	GET
Request URI:	http://localhost:54820/currentconditions/v1/294021?apikey=TEST
Proxy:			<none>
Request params:	<none>
Query params:	apikey=TEST
Form params:	<none>
Path params:	<none>
Headers:		Accept=*/*
Cookies:		<none>
Multiparts:		<none>
Body:			<none>
Request method:	GET
Request URI:	http://localhost:54820/currentconditions/v1/294021?apikey=TEST
Proxy:			<none>
Request params:	<none>
Query params:	apikey=TEST
Form params:	<none>
Path params:	<none>
Headers:		Accept=*/*
Cookies:		<none>
Multiparts:		<none>
Body:			<none>
Request method:	GET
Request URI:	http://localhost:54820/currentconditions/v1/294021?apikey=TEST
Proxy:			<none>
Request params:	<none>
Query params:	apikey=TEST
Form params:	<none>
Path params:	<none>
Headers:		Accept=*/*
Cookies:		<none>
Multiparts:		<none>
Body:			<none>
Request method:	GET
Request URI:	http://localhost:54820/currentconditions/v1/294021?apikey=TEST
Proxy:			<none>
Request params:	<none>
Query params:	apikey=TEST
Form params:	<none>
Path params:	<none>
Headers:		Accept=*/*
Cookies:		<none>
Multiparts:		<none>
Body:			<none>
Request method:	GET
Request URI:	http://localhost:54820/currentconditions/v1/294021?apikey=TEST
Proxy:			<none>
Request params:	<none>
Query params:	apikey=TEST
Form params:	<none>
Path params:	<none>
Headers:		Accept=*/*
Cookies:		<none>
Multiparts:		<none>
Body:			<none>
Request method:	GET
Request URI:	http://localhost:54820/currentconditions/v1/294021?apikey=TEST
Proxy:			<none>
Request params:	<none>
Query params:	apikey=TEST
Form params:	<none>
Path params:	<none>
Headers:		Accept=*/*
Cookies:		<none>
Multiparts:		<none>
Body:			<none>
Request method:	GET
Request URI:	http://localhost:54820/currentconditions/v1/294021?apikey=TEST
Proxy:			<none>
Request params:	<none>
Query params:	apikey=TEST
Form params:	<none>
Path params:	<none>
Headers:		Accept=*/*
Cookies:		<none>
Multiparts:		<none>
Body:			<none>
Request method:	GET
Request URI:	http://localhost:54820/currentconditions/v1/294021?apikey=TEST
Proxy:			<none>
Request params:	<none>
Query params:	apikey=TEST
Form params:	<none>
Path params:	<none>
Headers:		Accept=*/*
Cookies:		<none>
Multiparts:		<none>
Body:			<none>
Request method:	GET
Request URI:	http://localhost:54820/currentconditions/v1/294021?apikey=TEST
Proxy:			<none>
Request params:	<none>
Query params:	apikey=TEST
Form params:	<none>
Path params:	<none>
Headers:		Accept=*/*
Cookies:		<none>
Multiparts:		<none>
Body:			<none>
Request method:	GET
Request URI:	http://localhost:54820/currentconditions/v1/294021?apikey=TEST
Proxy:			<none>
Request params:	<none>
Query params:	apikey=TEST
Form params:	<none>
Path params:	<none>
Headers:		Accept=*/*
Cookies:		<none>
Multiparts:		<none>
Body:			<none>
Request method:	GET
Request URI:	http://localhost:54820/currentconditions/v1/294021?apikey=TEST
Proxy:			<none>
Request params:	<none>
Query params:	apikey=TEST
Form params:	<none>
Path params:	<none>
Headers:		Accept=*/*
Cookies:		<none>
Multiparts:		<none>
Body:			<none>
Request method:	GET
Request URI:	http://localhost:54820/currentconditions/v1/294021?apikey=TEST
Proxy:			<none>
Request params:	<none>
Query params:	apikey=TEST
Form params:	<none>
Path params:	<none>
Headers:		Accept=*/*
Cookies:		<none>
Multiparts:		<none>
Body:			<none>
Request method:	GET
Request URI:	http://localhost:54820/currentconditions/v1/294021?apikey=TEST
Proxy:			<none>
Request params:	<none>
Query params:	apikey=TEST
Form params:	<none>
Path params:	<none>
Headers:		Accept=*/*
Cookies:		<none>
Multiparts:		<none>
Body:			<none>
Request method:	GET
Request URI:	http://localhost:54820/currentconditions/v1/294021?apikey=TEST
Proxy:			<none>
Request params:	<none>
Query params:	apikey=TEST
Form params:	<none>
Path params:	<none>
Headers:		Accept=*/*
Cookies:		<none>
Multiparts:		<none>
Body:			<none>
Request method:	GET
Request URI:	http://localhost:54820/currentconditions/v1/294021?apikey=TEST
Proxy:			<none>
Request params:	<none>
Query params:	apikey=TEST
Form params:	<none>
Path params:	<none>
Headers:		Accept=*/*
Cookies:		<none>
Multiparts:		<none>
Body:			<none>
Request method:	GET
Request URI:	http://localhost:54820/currentconditions/v1/294021?apikey=TEST
Proxy:			<none>
Request params:	<none>
Query params:	apikey=TEST
Form params:	<none>
Path params:	<none>
Headers:		Accept=*/*
Cookies:		<none>
Multiparts:		<none>
Body:			<none>
HTTP/1.1 200 OK
Content-Type: application/json
Matched-Stub-Id: cb71fcf4-13eb-4fd5-a9ed-400194fbd8be
Vary: Accept-Encoding, User-Agent
Content-Encoding: gzip
Transfer-Encoding: chunked

[
    {
        "LocalObservationDateTime": "2024-01-01T10:00:00+03:00",
        "WeatherText": "Cloudy",
        "Temperature": {
            "Metric": {
                "Value": 1,
                "Unit": "C"
            }
        }
    }
]
HTTP/1.1 200 OK
Content-Type: application/json
Matched-Stub-Id: cb71fcf4-13eb-4fd5-a9ed-400194fbd8be
Vary: Accept-Encoding, User-Agent
Content-Encoding: gzip
Transfer-Encoding: chunked

[
    {
        "LocalObservationDateTime": "2024-01-01T10:00:00+03:00",
        "WeatherText": "Cloudy",
        "Temperature": {
            "Metric": {
                "Value": 1,
                "Unit": "C"
            }
        }
    }
]
HTTP/1.1 200 OK
Content-Type: application/json
Matched-Stub-Id: cb71fcf4-13eb-4fd5-a9ed-400194fbd8be
Vary: Accept-Encoding, User-Agent
Content-Encoding: gzip
Transfer-Encoding: chunked

[
    {
        "LocalObservationDateTime": "2024-01-01T10:00:00+03:00",
        "WeatherText": "Cloudy",
        "Temperature": {
            "Metric": {
                "Value": 1,
                "Unit": "C"
            }
        }
    }
]
HTTP/1.1 200 OK
Content-Type: application/json
Matched-Stub-Id: cb71fcf4-13eb-4fd5-a9ed-400194fbd8be
Vary: Accept-Encoding, User-Agent
Content-Encoding: gzip
Transfer-Encoding: chunked

[
    {
        "LocalObservationDateTime": "2024-01-01T10:00:00+03:00",
        "WeatherText": "Cloudy",
        "Temperature": {
            "Metric": {
                "Value": 1,
                "Unit": "C"
            }
        }
    }
]
HTTP/1.1 200 OK
Content-Type: application/json
Matched-Stub-Id: cb71fcf4-13eb-4fd5-a9ed-400194fbd8be
Vary: Accept-Encoding, User-Agent
Content-Encoding: gzip
Transfer-Encoding: chunked

[
    {
        "LocalObservationDateTime": "2024-01-01T10:00:00+03:00",
        "WeatherText": "Cloudy",
        "Temperature": {
            "Metric": {
                "Value": 1,
                "Unit": "C"
            }
        }
    }
]
HTTP/1.1 200 OK
Content-Type: application/json
Matched-Stub-Id: cb71fcf4-13eb-4fd5-a9ed-400194fbd8be
Vary: Accept-Encoding, User-Agent
Content-Encoding: gzip
Transfer-Encoding: chunked

[
    {
        "LocalObservationDateTime": "2024-01-01T10:00:00+03:00",
        "WeatherText": "Cloudy",
        "Temperature": {
            "Metric": {
                "Value": 1,
                "Unit": "C"
            }
        }
    }
]
HTTP/1.1 200 OK
Content-Type: application/json
Matched-Stub-Id: cb71fcf4-13eb-4fd5-a9ed-400194fbd8be
Vary: Accept-Encoding, User-Agent
Content-Encoding: gzip
Transfer-Encoding: chunked

[
    {
        "LocalObservationDateTime": "2024-01-01T10:00:00+03:00",
        "WeatherText": "Cloudy",
        "Temperature": {
            "Metric": {
                "Value": 1,
                "Unit": "C"
            }
        }
    }
]
HTTP/1.1 200 OK
Content-Type: application/json
Matched-Stub-Id: cb71fcf4-13eb-4fd5-a9ed-400194fbd8be
Vary: Accept-Encoding, User-Agent
Content-Encoding: gzip
Transfer-Encoding: chunked

[
    {
        "LocalObservationDateTime": "2024-01-01T10:00:00+03:00",
        "WeatherText": "Cloudy",
        "Temperature": {
            "Metric": {
                "Value": 1,
                "Unit": "C"
            }
        }
    }
]
HTTP/1.1 200 OK
Content-Type: application/json
Matched-Stub-Id: cb71fcf4-13eb-4fd5-a9ed-400194fbd8be
Vary: Accept-Encoding, User-Agent
Content-Encoding: gzip
Transfer-Encoding: chunked

[
    {
        "LocalObservationDateTime": "2024-01-01T10:00:00+03:00",
        "WeatherText": "Cloudy",
        "Temperature": {
            "Metric": {
                "Value": 1,
                "Unit": "C"
            }
        }
    }
]
HTTP/1.1 200 OK
Content-Type: application/json
Matched-Stub-Id: cb71fcf4-13eb-4fd5-a9ed-400194fbd8be
Vary: Accept-Encoding, User-Agent
Content-Encoding: gzip
Transfer-Encoding: chunked

[
    {
        "LocalObservationDateTime": "2024-01-01T10:00:00+03:00",
        "WeatherText": "Cloudy",
        "Temperature": {
            "Metric": {
                "Value": 1,
                "Unit": "C"
            }
        }
    }
]
HTTP/1.1 200 OK
Content-Type: application/json
Matched-Stub-Id: cb71fcf4-13eb-4fd5-a9ed-400194fbd8be
Vary: Accept-Encoding, User-Agent
Content-Encoding: gzip
Transfer-Encoding: chunked

[
    {
        "LocalObservationDateTime": "2024-01-01T10:00:00+03:00",
        "WeatherText": "Cloudy",
        "Temperature": {
            "Metric": {
                "Value": 1,
                "Unit": "C"
            }
        }
    }
]
HTTP/1.1 200 OK
Content-Type: application/json
Matched-Stub-Id: cb71fcf4-13eb-4fd5-a9ed-400194fbd8be
Vary: Accept-Encoding, User-Agent
Content-Encoding: gzip
Transfer-Encoding: chunked

[
    {
        "LocalObservationDateTime": "2024-01-01T10:00:00+03:00",
        "WeatherText": "Cloudy",
        "Temperature": {
            "Metric": {
                "Value": 1,
                "Unit": "C"
            }
        }
    }
]
HTTP/1.1 200 OK
Content-Type: application/json
Matched-Stub-Id: cb71fcf4-13eb-4fd5-a9ed-400194fbd8be
Vary: Accept-Encoding, User-Agent
Content-Encoding: gzip
Transfer-Encoding: chunked

[
    {
        "LocalObservationDateTime": "2024-01-01T10:00:00+03:00",
        "WeatherText": "Cloudy",
        "Temperature": {
            "Metric": {
                "Value": 1,
                "Unit": "C"
            }
        }
    }
]
HTTP/1.1 200 OK
Content-Type: application/json
Matched-Stub-Id: cb71fcf4-13eb-4fd5-a9ed-400194fbd8be
Vary: Accept-Encoding, User-Agent
Content-Encoding: gzip
Transfer-Encoding: chunked

[
    {
        "LocalObservationDateTime": "2024-01-01T10:00:00+03:00",
        "WeatherText": "Cloudy",
        "Temperature": {
            "Metric": {
                "Value": 1,
                "Unit": "C"
            }
        }
    }
]
HTTP/1.1 200 OK
Content-Type: application/json
Matched-Stub-Id: cb71fcf4-13eb-4fd5-a9ed-400194fbd8be
Vary: Accept-Encoding, User-Agent
Content-Encoding: gzip
Transfer-Encoding: chunked

[
    {
        "LocalObservationDateTime": "2024-01-01T10:00:00+03:00",
        "WeatherText": "Cloudy",
        "Temperature": {
            "Metric": {
                "Value": 1,
                "Unit": "C"
            }
        }
    }
]
HTTP/1.1 200 OK
Content-Type: application/json
Matched-Stub-Id: cb71fcf4-13eb-4fd5-a9ed-400194fbd8be
Vary: Accept-Encoding, User-Agent
Content-Encoding: gzip
Transfer-Encoding: chunked

[
    {
        "LocalObservationDateTime": "2024-01-01T10:00:00+03:00",
        "WeatherText": "Cloudy",
        "Temperature": {
            "Metric": {
                "Value": 1,
                "Unit": "C"
            }
        }
    }
]
HTTP/1.1 200 OK
Content-Type: application/json
Matched-Stub-Id: cb71fcf4-13eb-4fd5-a9ed-400194fbd8be
Vary: Accept-Encoding, User-Agent
Content-Encoding: gzip
Transfer-Encoding: chunked

[
    {
        "LocalObservationDateTime": "2024-01-01T10:00:00+03:00",
        "WeatherText": "Cloudy",
        "Temperature": {
            "Metric": {
                "Value": 1,
                "Unit": "C"
            }
        }
    }
]
HTTP/1.1 200 OK
Content-Type: application/json
Matched-Stub-Id: cb71fcf4-13eb-4fd5-a9ed-400194fbd8be
Vary: Accept-Encoding, User-Agent
Content-Encoding: gzip
Transfer-Encoding: chunked

[
    {
        "LocalObservationDateTime": "2024-01-01T10:00:00+03:00",
        "WeatherText": "Cloudy",
        "Temperature": {
            "Metric": {
                "Value": 1,
                "Unit": "C"
            }
        }
    }
]
HTTP/1.1 200 OK
Content-Type: application/json
Matched-Stub-Id: cb71fcf4-13eb-4fd5-a9ed-400194fbd8be
Vary: Accept-Encoding, User-Agent
Content-Encoding: gzip
Transfer-Encoding: chunked

[
    {
        "LocalObservationDateTime": "2024-01-01T10:00:00+03:00",
        "WeatherText": "Cloudy",
        "Temperature": {
            "Metric": {
                "Value": 1,
                "Unit": "C"
            }
        }
    }
]
HTTP/1.1 200 OK
Content-Type: application/json
Matched-Stub-Id: cb71fcf4-13eb-4fd5-a9ed-400194fbd8be
Vary: Accept-Encoding, User-Agent
Content-Encoding: gzip
Transfer-Encoding: chunked

[
    {
        "LocalObservationDateTime": "2024-01-01T10:00:00+03:00",
        "WeatherText": "Cloudy",
        "Temperature": {
            "Metric": {
                "Value": 1,
                "Unit": "C"
            }
        }
    }
]
HTTP/1.1 200 OK
Content-Type: application/json
Matched-Stub-Id: cb71fcf4-13eb-4fd5-a9ed-400194fbd8be
Vary: Accept-Encoding, User-Agent
Content-Encoding: gzip
Transfer-Encoding: chunked

[
    {
        "LocalObservationDateTime": "2024-01-01T10:00:00+03:00",
        "WeatherText": "Cloudy",
        "Temperature": {
            "Metric": {
                "Value": 1,
                "Unit": "C"
            }
        }
    }
]
HTTP/1.1 200 OK
Content-Type: application/json
Matched-Stub-Id: cb71fcf4-13eb-4fd5-a9ed-400194fbd8be
Vary: Accept-Encoding, User-Agent
Content-Encoding: gzip
Transfer-Encoding: chunked

[
    {
        "LocalObservationDateTime": "2024-01-01T10:00:00+03:00",
        "WeatherText": "Cloudy",
        "Temperature": {
            "Metric": {
                "Value": 1,
                "Unit": "C"
            }
        }
    }
]
HTTP/1.1 200 OK
Content-Type: application/json
Matched-Stub-Id: cb71fcf4-13eb-4fd5-a9ed-400194fbd8be
Vary: Accept-Encoding, User-Agent
Content-Encoding: gzip
Transfer-Encoding: chunked

[
    {
        "LocalObservationDateTime": "2024-01-01T10:00:00+03:00",
        "WeatherText": "Cloudy",
        "Temperature": {
            "Metric": {
                "Value": 1,
                "Unit": "C"
            }
        }
    }
]
HTTP/1.1 200 OK
Content-Type: application/json
Matched-Stub-Id: cb71fcf4-13eb-4fd5-a9ed-400194fbd8be
Vary: Accept-Encoding, User-Agent
Content-Encoding: gzip
Transfer-Encoding: chunked

[
    {
        "LocalObservationDateTime": "2024-01-01T10:00:00+03:00",
        "WeatherText": "Cloudy",
        "Temperature": {
            "Metric": {
                "Value": 1,
                "Unit": "C"
            }
        }
    }
]
HTTP/1.1 200 OK
Content-Type: application/json
Matched-Stub-Id: cb71fcf4-13eb-4fd5-a9ed-400194fbd8be
Vary: Accept-Encoding, User-Agent
Content-Encoding: gzip
Transfer-Encoding: chunked

[
    {
        "LocalObservationDateTime": "2024-01-01T10:00:00+03:00",
        "WeatherText": "Cloudy",
        "Temperature": {
            "Metric": {
                "Value": 1,
                "Unit": "C"
            }
        }
    }
]
HTTP/1.1 200 OK
Content-Type: application/json
Matched-Stub-Id: cb71fcf4-13eb-4fd5-a9ed-400194fbd8be
Vary: Accept-Encoding, User-Agent
Content-Encoding: gzip
Transfer-Encoding: chunked

[
    {
        "LocalObservationDateTime": "2024-01-01T10:00:00+03:00",
        "WeatherText": "Cloudy",
        "Temperature": {
            "Metric": {
                "Value": 1,
                "Unit": "C"
            }
        }
    }
]
HTTP/1.1 200 OK
Content-Type: application/json
Matched-Stub-Id: cb71fcf4-13eb-4fd5-a9ed-400194fbd8be
Vary: Accept-Encoding, User-Agent
Content-Encoding: gzip
Transfer-Encoding: chunked

[
    {
        "LocalObservationDateTime": "2024-01-01T10:00:00+03:00",
        "WeatherText": "Cloudy",
        "Temperature": {
            "Metric": {
                "Value": 1,
                "Unit": "C"
            }
        }
    }
]
HTTP/1.1 200 OK
Content-Type: application/json
Matched-Stub-Id: cb71fcf4-13eb-4fd5-a9ed-400194fbd8be
Vary: Accept-Encoding, User-Agent
Content-Encoding: gzip
Transfer-Encoding: chunked

[
    {
        "LocalObservationDateTime": "2024-01-01T10:00:00+03:00",
        "WeatherText": "Cloudy",
        "Temperature": {
            "Metric": {
                "Value": 1,
                "Unit": "C"
            }
        }
    }
]
HTTP/1.1 200 OK
Content-Type: application/json
Matched-Stub-Id: cb71fcf4-13eb-4fd5-a9ed-400194fbd8be
Vary: Accept-Encoding, User-Agent
Content-Encoding: gzip
Transfer-Encoding: chunked

[
    {
        "LocalObservationDateTime": "2024-01-01T10:00:00+03:00",
        "WeatherText": "Cloudy",
        "Temperature": {
            "Metric": {
                "Value": 1,
                "Unit": "C"
            }
        }
    }
]
HTTP/1.1 200 OK
Content-Type: application/json
Matched-Stub-Id: cb71fcf4-13eb-4fd5-a9ed-400194fbd8be
Vary: Accept-Encoding, User-Agent
Content-Encoding: gzip
Transfer-Encoding: chunked

[
    {
        "LocalObservationDateTime": "2024-01-01T10:00:00+03:00",
        "WeatherText": "Cloudy",
        "Temperature": {
            "Metric": {
                "Value": 1,
                "Unit": "C"
            }
        }
    }
]
HTTP/1.1 200 OK
Content-Type: application/json
Matched-Stub-Id: cb71fcf4-13eb-4fd5-a9ed-400194fbd8be
Vary: Accept-Encoding, User-Agent
Content-Encoding: gzip
Transfer-Encoding: chunked

[
    {
        "LocalObservationDateTime": "2024-01-01T10:00:00+03:00",
        "WeatherText": "Cloudy",
        "Temperature": {
            "Metric": {
                "Value": 1,
                "Unit": "C"
            }
        }
    }
]
HTTP/1.1 200 OK
Content-Type: application/json
Matched-Stub-Id: cb71fcf4-13eb-4fd5-a9ed-400194fbd8be
Vary: Accept-Encoding, User-Agent
Content-Encoding: gzip
Transfer-Encoding: chunked

[
    {
        "LocalObservationDateTime": "2024-01-01T10:00:00+03:00",
        "WeatherText": "Cloudy",
        "Temperature": {
            "Metric": {
                "Value": 1,
                "Unit": "C"
            }
        }
    }
]
HTTP/1.1 200 OK
Content-Type: application/json
Matched-Stub-Id: cb71fcf4-13eb-4fd5-a9ed-400194fbd8be
Vary: Accept-Encoding, User-Agent
Content-Encoding: gzip
Transfer-Encoding: chunked

[
    {
        "LocalObservationDateTime": "2024-01-01T10:00:00+03:00",
        "WeatherText": "Cloudy",
        "Temperature": {
            "Metric": {
                "Value": 1,
                "Unit": "C"
            }
        }
    }
]
]]></system-out>
  </testcase>
  <testcase name="geopositionSearch_mock" classname="study.api.AccuWeatherMockTests" time="0.092">
    <system-out><![CDATA[Request method:	GET
Request URI:	http://localhost:54820/locations/v1/cities/geoposition/search?apikey=TEST&q=53.9%2C27.5667
Proxy:			<none>
Request params:	<none>
Query params:	apikey=TEST
				q=53.9,27.5667
Form params:	<none>
Path params:	<none>
Headers:		Accept=*/*
Cookies:		<none>
Multiparts:		<none>
Body:			<none>
Request method:	GET
Request URI:	http://localhost:54820/locations/v1/cities/geoposition/search?apikey=TEST&q=53.9%2C27.5667
Proxy:			<none>
Request params:	<none>
Query params:	apikey=TEST
				q=53.9,27.5667
Form params:	<none>
Path params:	<none>
Headers:		Accept=*/*
Cookies:		<none>
Multiparts:		<none>
Body:			<none>
Request method:	GET
Request URI:	http://localhost:54820/locations/v1/cities/geoposition/search?apikey=TEST&q=53.9%2C27.5667
Proxy:			<none>
Request params:	<none>
Query params:	apikey=TEST
				q=53.9,27.5667
Form params:	<none>
Path params:	<none>
Headers:		Accept=*/*
Cookies:		<none>
Multiparts:		<none>
Body:			<none>
Request method:	GET
Request URI:	http://localhost:54820/locations/v1/cities/geoposition/search?apikey=TEST&q=53.9%2C27.5667
Proxy:			<none>
Request params:	<none>
Query params:	apikey=TEST
				q=53.9,27.5667
Form params:	<none>
Path params:	<none>
Headers:		Accept=*/*
Cookies:		<none>
Multiparts:		<none>
Body:			<none>
Request method:	GET
Request URI:	http://localhost:54820/locations/v1/cities/geoposition/search?apikey=TEST&q=53.9%2C27.5667
Proxy:			<none>
Request params:	<none>
Query params:	apikey=TEST
				q=53.9,27.5667
Form params:	<none>
Path params:	<none>
Headers:		Accept=*/*
Cookies:		<none>
Multiparts:		<none>
Body:			<none>
Request method:	GET
Request URI:	http://localhost:54820/locations/v1/cities/geoposition/search?apikey=TEST&q=53.9%2C27.5667
Proxy:			<none>
Request params:	<none>
Query params:	apikey=TEST
				q=53.9,27.5667
Form params:	<none>
Path params:	<none>
Headers:		Accept=*/*
Cookies:		<none>
Multiparts:		<none>
Body:			<none>
Request method:	GET
Request URI:	http://localhost:54820/locations/v1/cities/geoposition/search?apikey=TEST&q=53.9%2C27.5667
Proxy:			<none>
Request params:	<none>
Query params:	apikey=TEST
				q=53.9,27.5667
Form params:	<none>
Path params:	<none>
Headers:		Accept=*/*
Cookies:		<none>
Multiparts:		<none>
Body:			<none>
Request method:	GET
Request URI:	http://localhost:54820/locations/v1/cities/geoposition/search?apikey=TEST&q=53.9%2C27.5667
Proxy:			<none>
Request params:	<none>
Query params:	apikey=TEST
				q=53.9,27.5667
Form params:	<none>
Path params:	<none>
Headers:		Accept=*/*
Cookies:		<none>
Multiparts:		<none>
Body:			<none>
Request method:	GET
Request URI:	http://localhost:54820/locations/v1/cities/geoposition/search?apikey=TEST&q=53.9%2C27.5667
Proxy:			<none>
Request params:	<none>
Query params:	apikey=TEST
				q=53.9,27.5667
Form params:	<none>
Path params:	<none>
Headers:		Accept=*/*
Cookies:		<none>
Multiparts:		<none>
Body:			<none>
Request method:	GET
Request URI:	http://localhost:54820/locations/v1/cities/geoposition/search?apikey=TEST&q=53.9%2C27.5667
Proxy:			<none>
Request params:	<none>
Query params:	apikey=TEST
				q=53.9,27.5667
Form params:	<none>
Path params:	<none>
Headers:		Accept=*/*
Cookies:		<none>
Multiparts:		<none>
Body:			<none>
Request method:	GET
Request URI:	http://localhost:54820/locations/v1/cities/geoposition/search?apikey=TEST&q=53.9%2C27.5667
Proxy:			<none>
Request params:	<none>
Query params:	apikey=TEST
				q=53.9,27.5667
Form params:	<none>
Path params:	<none>
Headers:		Accept=*/*
Cookies:		<none>
Multiparts:		<none>
Body:			<none>
Request method:	GET
Request URI:	http://localhost:54820/locations/v1/cities/geoposition/search?apikey=TEST&q=53.9%2C27.5667
Proxy:			<none>
Request params:	<none>
Query params:	apikey=TEST
				q=53.9,27.5667
Form params:	<none>
Path params:	<none>
Headers:		Accept=*/*
Cookies:		<none>
Multiparts:		<none>
Body:			<none>
Request method:	GET
Request URI:	http://localhost:54820/locations/v1/cities/geoposition/search?apikey=TEST&q=53.9%2C27.5667
Proxy:			<none>
Request params:	<none>
Query params:	apikey=TEST
				q=53.9,27.5667
Form params:	<none>
Path params:	<none>
Headers:		Accept=*/*
Cookies:		<none>
Multiparts:		<none>
Body:			<none>
Request method:	GET
Request URI:	http://localhost:54820/locations/v1/cities/geoposition/search?apikey=TEST&q=53.9%2C27.5667
Proxy:			<none>
Request params:	<none>
Query params:	apikey=TEST
				q=53.9,27.5667
Form params:	<none>
Path params:	<none>
Headers:		Accept=*/*
Cookies:		<none>
Multiparts:		<none>
Body:			<none>
Request method:	GET
Request URI:	http://localhost:54820/locations/v1/cities/geoposition/search?apikey=TEST&q=53.9%2C27.5667
Proxy:			<none>
Request params:	<none>
Query params:	apikey=TEST
				q=53.9,27.5667
Form params:	<none>
Path params:	<none>
Headers:		Accept=*/*
Cookies:		<none>
Multiparts:		<none>
Body:			<none>
Request method:	GET
Request URI:	http://localhost:54820/locations/v1/cities/geoposition/search?apikey=TEST&q=53.9%2C27.5667
Proxy:			<none>
Request params:	<none>
Query params:	apikey=TEST
				q=53.9,27.5667
Form params:	<none>
Path params:	<none>
Headers:		Accept=*/*
Cookies:		<none>
Multiparts:		<none>
Body:			<none>
Request method:	GET
Request URI:	http://localhost:54820/locations/v1/cities/geoposition/search?apikey=TEST&q=53.9%2C27.5667
Proxy:			<none>
Request params:	<none>
Query params:	apikey=TEST
				q=53.9,27.5667
Form params:	<none>
Path params:	<none>
Headers:		Accept=*/*
Cookies:		<none>
Multiparts:		<none>
Body:			<none>
Request method:	GET
Request URI:	http://localhost:54820/locations/v1/cities/geoposition/search?apikey=TEST&q=53.9%2C27.5667
Proxy:			<none>
Request params:	<none>
Query params:	apikey=TEST
				q=53.9,27.5667
Form params:	<none>
Path params:	<none>
Headers:		Accept=*/*
Cookies:		<none>
Multiparts:		<none>
Body:			<none>
Request method:	GET
Request URI:	http://localhost:54820/locations/v1/cities/geoposition/search?apikey=TEST&q=53.9%2C27.5667
Proxy:			<none>
Request params:	<none>
Query params:	apikey=TEST
				q=53.9,27.5667
Form params:	<none>
Path params:	<none>
Headers:		Accept=*/*
Cookies:		<none>
Multiparts:		<none>
Body:			<none>
Request method:	GET
Request URI:	http://localhost:54820/locations/v1/cities/geoposition/search?apikey=TEST&q=53.9%2C27.5667
Proxy:			<none>
Request params:	<none>
Query params:	apikey=TEST
				q=53.9,27.5667
Form params:	<none>
Path params:	<none>
Headers:		Accept=*/*
Cookies:		<none>
Multiparts:		<none>
Body:			<none>
Request method:	GET
Request URI:	http://localhost:54820/locations/v1/cities/geoposition/search?apikey=TEST&q=53.9%2C27.5667
Proxy:			<none>
Request params:	<none>
Query params:	apikey=TEST
				q=53.9,27.5667
Form params:	<none>
Path params:	<none>
Headers:		Accept=*/*
Cookies:		<none>
Multiparts:		<none>
Body:			<none>
Request method:	GET
Request URI:	http://localhost:54820/locations/v1/cities/geoposition/search?apikey=TEST&q=53.9%2C27.5667
Proxy:			<none>
Request params:	<none>
Query params:	apikey=TEST
				q=53.9,27.5667
Form params:	<none>
Path params:	<none>
Headers:		Accept=*/*
Cookies:		<none>
Multiparts:		<none>
Body:			<none>
Request method:	GET
Request URI:	http://localhost:54820/locations/v1/cities/geoposition/search?apikey=TEST&q=53.9%2C27.5667
Proxy:			<none>
Request params:	<none>
Query params:	apikey=TEST
				q=53.9,27.5667
Form params:	<none>
Path params:	<none>
Headers:		Accept=*/*
Cookies:		<none>
Multiparts:		<none>
Body:			<none>
Request method:	GET
Request URI:	http://localhost:54820/locations/v1/cities/geoposition/search?apikey=TEST&q=53.9%2C27.5667
Proxy:			<none>
Request params:	<none>
Query params:	apikey=TEST
				q=53.9,27.5667
Form params:	<none>
Path params:	<none>
Headers:		Accept=*/*
Cookies:		<none>
Multiparts:		<none>
Body:			<none>
Request method:	GET
Request URI:	http://localhost:54820/locations/v1/cities/geoposition/search?apikey=TEST&q=53.9%2C27.5667
Proxy:			<none>
Request params:	<none>
Query params:	apikey=TEST
				q=53.9,27.5667
Form params:	<none>
Path params:	<none>
Headers:		Accept=*/*
Cookies:		<none>
Multiparts:		<none>
Body:			<none>
Request method:	GET
Request URI:	http://localhost:54820/locations/v1/cities/geoposition/search?apikey=TEST&q=53.9%2C27.5667
Proxy:			<none>
Request params:	<none>
Query params:	apikey=TEST
				q=53.9,27.5667
Form params:	<none>
Path params:	<none>
Headers:		Accept=*/*
Cookies:		<none>
Multiparts:		<none>
Body:			<none>
Request method:	GET
Request URI:	http://localhost:54820/locations/v1/cities/geoposition/search?apikey=TEST&q=53.9%2C27.5667
Proxy:			<none>
Request params:	<none>
Query params:	apikey=TEST
				q=53.9,27.5667
Form params:	<none>
Path params:	<none>
Headers:		Accept=*/*
Cookies:		<none>
Multiparts:		<none>
Body:			<none>
Request method:	GET
Request URI:	http://localhost:54820/locations/v1/cities/geoposition/search?apikey=TEST&q=53.9%2C27.5667
Proxy:			<none>
Request params:	<none>
Query params:	apikey=TEST
				q=53.9,27.5667
Form params:	<none>
Path params:	<none>
Headers:		Accept=*/*
Cookies:		<none>
Multiparts:		<none>
Body:			<none>
Request method:	GET
Request URI:	http://localhost:54820/locations/v1/cities/geoposition/search?apikey=TEST&q=53.9%2C27.5667
Proxy:			<none>
Request params:	<none>
Query params:	apikey=TEST
				q=53.9,27.5667
Form params:	<none>
Path params:	<none>
Headers:		Accept=*/*
Cookies:		<none>
Multiparts:		<none>
Body:			<none>
Request method:	GET
Request URI:	http://localhost:54820/locations/v1/cities/geoposition/search?apikey=TEST&q=53.9%2C27.5667
Proxy:			<none>
Request params:	<none>
Query params:	apikey=TEST
				q=53.9,27.5667
Form params:	<none>
Path params:	<none>
Headers:		Accept=*/*
Cookies:		<none>
Multiparts:		<none>
Body:			<none>
Request method:	GET
Request URI:	http://localhost:54820/locations/v1/cities/geoposition/search?apikey=TEST&q=53.9%2C27.5667
Proxy:			<none>
Request params:	<none>
Query params:	apikey=TEST
				q=53.9,27.5667
Form params:	<none>
Path params:	<none>
Headers:		Accept=*/*
Cookies:		<none>
Multiparts:		<none>
Body:			<none>
Request method:	GET
Request URI:	http://localhost:54820/locations/v1/cities/geoposition/search?apikey=TEST&q=53.9%2C27.5667
Proxy:			<none>
Request params:	<none>
Query params:	apikey=TEST
				q=53.9,27.5667
Form params:	<none>
Path params:	<none>
Headers:		Accept=*/*
Cookies:		<none>
Multiparts:		<none>
Body:			<none>
Request method:	GET
Request URI:	http://localhost:54820/locations/v1/cities/geoposition/search?apikey=TEST&q=53.9%2C27.5667
Proxy:			<none>
Request params:	<none>
Query params:	apikey=TEST
				q=53.9,27.5667
Form params:	<none>
Path params:	<none>
Headers:		Accept=*/*
Cookies:		<none>
Multiparts:		<none>
Body:			<none>
Request method:	GET
Request URI:	http://localhost:54820/locations/v1/cities/geoposition/search?apikey=TEST&q=53.9%2C27.5667
Proxy:			<none>
Request params:	<none>
Query params:	apikey=TEST
				q=53.9,27.5667
Form params:	<none>
Path params:	<none>
Headers:		Accept=*/*
Cookies:		<none>
Multiparts:		<none>
Body:			<none>
HTTP/1.1 200 OK
Content-Type: application/json
Matched-Stub-Id: ca8d11fd-e0d2-42af-9042-c0203205b18a
Vary: Accept-Encoding, User-Agent
Content-Encoding: gzip
Transfer-Encoding: chunked

{
    "Version": 1,
    "Key": "294021",
    "Type": "City",
    "LocalizedName": "Минск",
    "EnglishName": "Minsk",
    "Country": {
        "ID": "BY",
        "EnglishName": "Belarus"
    },
    "GeoPosition": {
        "Latitude": 53.9,
        "Longitude": 27.5667
    }
}
HTTP/1.1 200 OK
Content-Type: application/json
Matched-Stub-Id: ca8d11fd-e0d2-42af-9042-c0203205b18a
Vary: Accept-Encoding, User-Agent
Content-Encoding: gzip
Transfer-Encoding: chunked

{
    "Version": 1,
    "Key": "294021",
    "Type": "City",
    "LocalizedName": "Минск",
    "EnglishName": "Minsk",
    "Country": {
        "ID": "BY",
        "EnglishName": "Belarus"
    },
    "GeoPosition": {
        "Latitude": 53.9,
        "Longitude": 27.5667
    }
}
HTTP/1.1 200 OK
Content-Type: application/json
Matched-Stub-Id: ca8d11fd-e0d2-42af-9042-c0203205b18a
Vary: Accept-Encoding, User-Agent
Content-Encoding: gzip
Transfer-Encoding: chunked

{
    "Version": 1,
    "Key": "294021",
    "Type": "City",
    "LocalizedName": "Минск",
    "EnglishName": "Minsk",
    "Country": {
        "ID": "BY",
        "EnglishName": "Belarus"
    },
    "GeoPosition": {
        "Latitude": 53.9,
        "Longitude": 27.5667
    }
}
HTTP/1.1 200 OK
Content-Type: application/json
Matched-Stub-Id: ca8d11fd-e0d2-42af-9042-c0203205b18a
Vary: Accept-Encoding, User-Agent
Content-Encoding: gzip
Transfer-Encoding: chunked

{
    "Version": 1,
    "Key": "294021",
    "Type": "City",
    "LocalizedName": "Минск",
    "EnglishName": "Minsk",
    "Country": {
        "ID": "BY",
        "EnglishName": "Belarus"
    },
    "GeoPosition": {
        "Latitude": 53.9,
        "Longitude": 27.5667
    }
}
HTTP/1.1 200 OK
Content-Type: application/json
Matched-Stub-Id: ca8d11fd-e0d2-42af-9042-c0203205b18a
Vary: Accept-Encoding, User-Agent
Content-Encoding: gzip
Transfer-Encoding: chunked

{
    "Version": 1,
    "Key": "294021",
    "Type": "City",
    "LocalizedName": "Минск",
    "EnglishName": "Minsk",
    "Country": {
        "ID": "BY",
        "EnglishName": "Belarus"
    },
    "GeoPosition": {
        "Latitude": 53.9,
        "Longitude": 27.5667
    }
}
HTTP/1.1 200 OK
Content-Type: application/json
Matched-Stub-Id: ca8d11fd-e0d2-42af-9042-c0203205b18a
Vary: Accept-Encoding, User-Agent
Content-Encoding: gzip
Transfer-Encoding: chunked

{
    "Version": 1,
    "Key": "294021",
    "Type": "City",
    "LocalizedName": "Минск",
    "EnglishName": "Minsk",
    "Country": {
        "ID": "BY",
        "EnglishName": "Belarus"
    },
    "GeoPosition": {
        "Latitude": 53.9,
        "Longitude": 27.5667
    }
}
HTTP/1.1 200 OK
Content-Type: application/json
Matched-Stub-Id: ca8d11fd-e0d2-42af-9042-c0203205b18a
Vary: Accept-Encoding, User-Agent
Content-Encoding: gzip
Transfer-Encoding: chunked

{
    "Version": 1,
    "Key": "294021",
    "Type": "City",
    "LocalizedName": "Минск",
    "EnglishName": "Minsk",
    "Country": {
        "ID": "BY",
        "EnglishName": "Belarus"
    },
    "GeoPosition": {
        "Latitude": 53.9,
        "Longitude": 27.5667
    }
}
HTTP/1.1 200 OK
Content-Type: application/json
Matched-Stub-Id: ca8d11fd-e0d2-42af-9042-c0203205b18a
Vary: Accept-Encoding, User-Agent
Content-Encoding: gzip
Transfer-Encoding: chunked

{
    "Version": 1,
    "Key": "294021",
    "Type": "City",
    "LocalizedName": "Минск",
    "EnglishName": "Minsk",
    "Country": {
        "ID": "BY",
        "EnglishName": "Belarus"
    },
    "GeoPosition": {
        "Latitude": 53.9,
        "Longitude": 27.5667
    }
}
HTTP/1.1 200 OK
Content-Type: application/json
Matched-Stub-Id: ca8d11fd-e0d2-42af-9042-c0203205b18a
Vary: Accept-Encoding, User-Agent
Content-Encoding: gzip
Transfer-Encoding: chunked

{
    "Version": 1,
    "Key": "294021",
    "Type": "City",
    "LocalizedName": "Минск",
    "EnglishName": "Minsk",
    "Country": {
        "ID": "BY",
        "EnglishName": "Belarus"
    },
    "GeoPosition": {
        "Latitude": 53.9,
        "Longitude": 27.5667
    }
}
HTTP/1.1 200 OK
Content-Type: application/json
Matched-Stub-Id: ca8d11fd-e0d2-42af-9042-c0203205b18a
Vary: Accept-Encoding, User-Agent
Content-Encoding: gzip
Transfer-Encoding: chunked

{
    "Version": 1,
    "Key": "294021",
    "Type": "City",
    "LocalizedName": "Минск",
    "EnglishName": "Minsk",
    "Country": {
        "ID": "BY",
        "EnglishName": "Belarus"
    },
    "GeoPosition": {
        "Latitude": 53.9,
        "Longitude": 27.5667
    }
}
HTTP/1.1 200 OK
Content-Type: application/json
Matched-Stub-Id: ca8d11fd-e0d2-42af-9042-c0203205b18a
Vary: Accept-Encoding, User-Agent
Content-Encoding: gzip
Transfer-Encoding: chunked

{
    "Version": 1,
    "Key": "294021",
    "Type": "City",
    "LocalizedName": "Минск",
    "EnglishName": "Minsk",
    "Country": {
        "ID": "BY",
        "EnglishName": "Belarus"
    },
    "GeoPosition": {
        "Latitude": 53.9,
        "Longitude": 27.5667
    }
}
HTTP/1.1 200 OK
Content-Type: application/json
Matched-Stub-Id: ca8d11fd-e0d2-42af-9042-c0203205b18a
Vary: Accept-Encoding, User-Agent
Content-Encoding: gzip
Transfer-Encoding: chunked

{
    "Version": 1,
    "Key": "294021",
    "Type": "City",
    "LocalizedName": "Минск",
    "EnglishName": "Minsk",
    "Country": {
        "ID": "BY",
        "EnglishName": "Belarus"
    },
    "GeoPosition": {
        "Latitude": 53.9,
        "Longitude": 27.5667
    }
}
HTTP/1.1 200 OK
Content-Type: application/json
Matched-Stub-Id: ca8d11fd-e0d2-42af-9042-c0203205b18a
Vary: Accept-Encoding, User-Agent
Content-Encoding: gzip
Transfer-Encoding: chunked

{
    "Version": 1,
    "Key": "294021",
    "Type": "City",
    "LocalizedName": "Минск",
    "EnglishName": "Minsk",
    "Country": {
        "ID": "BY",
        "EnglishName": "Belarus"
    },
    "GeoPosition": {
        "Latitude": 53.9,
        "Longitude": 27.5667
    }
}
HTTP/1.1 200 OK
Content-Type: application/json
Matched-Stub-Id: ca8d11fd-e0d2-42af-9042-c0203205b18a
Vary: Accept-Encoding, User-Agent
Content-Encoding: gzip
Transfer-Encoding: chunked

{
    "Version": 1,
    "Key": "294021",
    "Type": "City",
    "LocalizedName": "Минск",
    "EnglishName": "Minsk",
    "Country": {
        "ID": "BY",
        "EnglishName": "Belarus"
    },
    "GeoPosition": {
        "Latitude": 53.9,
        "Longitude": 27.5667
    }
}
HTTP/1.1 200 OK
Content-Type: application/json
Matched-Stub-Id: ca8d11fd-e0d2-42af-9042-c0203205b18a
Vary: Accept-Encoding, User-Agent
Content-Encoding: gzip
Transfer-Encoding: chunked

{
    "Version": 1,
    "Key": "294021",
    "Type": "City",
    "LocalizedName": "Минск",
    "EnglishName": "Minsk",
    "Country": {
        "ID": "BY",
        "EnglishName": "Belarus"
    },
    "GeoPosition": {
        "Latitude": 53.9,
        "Longitude": 27.5667
    }
}
HTTP/1.1 200 OK
Content-Type: application/json
Matched-Stub-Id: ca8d11fd-e0d2-42af-9042-c0203205b18a
Vary: Accept-Encoding, User-Agent
Content-Encoding: gzip
Transfer-Encoding: chunked

{
    "Version": 1,
    "Key": "294021",
    "Type": "City",
    "LocalizedName": "Минск",
    "EnglishName": "Minsk",
    "Country": {
        "ID": "BY",
        "EnglishName": "Belarus"
    },
    "GeoPosition": {
        "Latitude": 53.9,
        "Longitude": 27.5667
    }
}
HTTP/1.1 200 OK
Content-Type: application/json
Matched-Stub-Id: ca8d11fd-e0d2-42af-9042-c0203205b18a
Vary: Accept-Encoding, User-Agent
Content-Encoding: gzip
Transfer-Encoding: chunked

{
    "Version": 1,
    "Key": "294021",
    "Type": "City",
    "LocalizedName": "Минск",
    "EnglishName": "Minsk",
    "Country": {
        "ID": "BY",
        "EnglishName": "Belarus"
    },
    "GeoPosition": {
        "Latitude": 53.9,
        "Longitude": 27.5667
    }
}
HTTP/1.1 200 OK
Content-Type: application/json
Matched-Stub-Id: ca8d11fd-e0d2-42af-9042-c0203205b18a
Vary: Accept-Encoding, User-Agent
Content-Encoding: gzip
Transfer-Encoding: chunked

{
    "Version": 1,
    "Key": "294021",
    "Type": "City",
    "LocalizedName": "Минск",
    "EnglishName": "Minsk",
    "Country": {
        "ID": "BY",
        "EnglishName": "Belarus"
    },
    "GeoPosition": {
        "Latitude": 53.9,
        "Longitude": 27.5667
    }
}
HTTP/1.1 200 OK
Content-Type: application/json
Matched-Stub-Id: ca8d11fd-e0d2-42af-9042-c0203205b18a
Vary: Accept-Encoding, User-Agent
Content-Encoding: gzip
Transfer-Encoding: chunked

{
    "Version": 1,
    "Key": "294021",
    "Type": "City",
    "LocalizedName": "Минск",
    "EnglishName": "Minsk",
    "Country": {
        "ID": "BY",
        "EnglishName": "Belarus"
    },
    "GeoPosition": {
        "Latitude": 53.9,
        "Longitude": 27.5667
    }
}
HTTP/1.1 200 OK
Content-Type: application/json
Matched-Stub-Id: ca8d11fd-e0d2-42af-9042-c0203205b18a
Vary: Accept-Encoding, User-Agent
Content-Encoding: gzip
Transfer-Encoding: chunked

{
    "Version": 1,
    "Key": "294021",
    "Type": "City",
    "LocalizedName": "Минск",
    "EnglishName": "Minsk",
    "Country": {
        "ID": "BY",
        "EnglishName": "Belarus"
    },
    "GeoPosition": {
        "Latitude": 53.9,
        "Longitude": 27.5667
    }
}
HTTP/1.1 200 OK
Content-Type: application/json
Matched-Stub-Id: ca8d11fd-e0d2-42af-9042-c0203205b18a
Vary: Accept-Encoding, User-Agent
Content-Encoding: gzip
Transfer-Encoding: chunked

{
    "Version": 1,
    "Key": "294021",
    "Type": "City",
    "LocalizedName": "Минск",
    "EnglishName": "Minsk",
    "Country": {
        "ID": "BY",
        "EnglishName": "Belarus"
    },
    "GeoPosition": {
        "Latitude": 53.9,
        "Longitude": 27.5667
    }
}
HTTP/1.1 200 OK
Content-Type: application/json
Matched-Stub-Id: ca8d11fd-e0d2-42af-9042-c0203205b18a
Vary: Accept-Encoding, User-Agent
Content-Encoding: gzip
Transfer-Encoding: chunked

{
    "Version": 1,
    "Key": "294021",
    "Type": "City",
    "LocalizedName": "Минск",
    "EnglishName": "Minsk",
    "Country": {
        "ID": "BY",
        "EnglishName": "Belarus"
    },
    "GeoPosition": {
        "Latitude": 53.9,
        "Longitude": 27.5667
    }
}
HTTP/1.1 200 OK
Content-Type: application/json
Matched-Stub-Id: ca8d11fd-e0d2-42af-9042-c0203205b18a
Vary: Accept-Encoding, User-Agent
Content-Encoding: gzip
Transfer-Encoding: chunked

{
    "Version": 1,
    "Key": "294021",
    "Type": "City",
    "LocalizedName": "Минск",
    "EnglishName": "Minsk",
    "Country": {
        "ID": "BY",
        "EnglishName": "Belarus"
    },
    "GeoPosition": {
        "Latitude": 53.9,
        "Longitude": 27.5667
    }
}
HTTP/1.1 200 OK
Content-Type: application/json
Matched-Stub-Id: ca8d11fd-e0d2-42af-9042-c0203205b18a
Vary: Accept-Encoding, User-Agent
Content-Encoding: gzip
Transfer-Encoding: chunked

{
    "Version": 1,
    "Key": "294021",
    "Type": "City",
    "LocalizedName": "Минск",
    "EnglishName": "Minsk",
    "Country": {
        "ID": "BY",
        "EnglishName": "Belarus"
    },
    "GeoPosition": {
        "Latitude": 53.9,
        "Longitude": 27.5667
    }
}
HTTP/1.1 200 OK
Content-Type: application/json
Matched-Stub-Id: ca8d11fd-e0d2-42af-9042-c0203205b18a
Vary: Accept-Encoding, User-Agent
Content-Encoding: gzip
Transfer-Encoding: chunked

{
    "Version": 1,
    "Key": "294021",
    "Type": "City",
    "LocalizedName": "Минск",
    "EnglishName": "Minsk",
    "Country": {
        "ID": "BY",
        "EnglishName": "Belarus"
    },
    "GeoPosition": {
        "Latitude": 53.9,
        "Longitude": 27.5667
    }
}
HTTP/1.1 200 OK
Content-Type: application/json
Matched-Stub-Id: ca8d11fd-e0d2-42af-9042-c0203205b18a
Vary: Accept-Encoding, User-Agent
Content-Encoding: gzip
Transfer-Encoding: chunked

{
    "Version": 1,
    "Key": "294021",
    "Type": "City",
    "LocalizedName": "Минск",
    "EnglishName": "Minsk",
    "Country": {
        "ID": "BY",
        "EnglishName": "Belarus"
    },
    "GeoPosition": {
        "Latitude": 53.9,
        "Longitude": 27.5667
    }
}
HTTP/1.1 200 OK
Content-Type: application/json
Matched-Stub-Id: ca8d11fd-e0d2-42af-9042-c0203205b18a
Vary: Accept-Encoding, User-Agent
Content-Encoding: gzip
Transfer-Encoding: chunked

{
    "Version": 1,
    "Key": "294021",
    "Type": "City",
    "LocalizedName": "Минск",
    "EnglishName": "Minsk",
    "Country": {
        "ID": "BY",
        "EnglishName": "Belarus"
    },
    "GeoPosition": {
        "Latitude": 53.9,
        "Longitude": 27.5667
    }
}
HTTP/1.1 200 OK
Content-Type: application/json
Matched-Stub-Id: ca8d11fd-e0d2-42af-9042-c0203205b18a
Vary: Accept-Encoding, User-Agent
Content-Encoding: gzip
Transfer-Encoding: chunked

{
    "Version": 1,
    "Key": "294021",
    "Type": "City",
    "LocalizedName": "Минск",
    "EnglishName": "Minsk",
    "Country": {
        "ID": "BY",
        "EnglishName": "Belarus"
    },
    "GeoPosition": {
        "Latitude": 53.9,
        "Longitude": 27.5667
    }
}
HTTP/1.1 200 OK
Content-Type: application/json
Matched-Stub-Id: ca8d11fd-e0d2-42af-9042-c0203205b18a
Vary: Accept-Encoding, User-Agent
Content-Encoding: gzip
Transfer-Encoding: chunked

{
    "Version": 1,
    "Key": "294021",
    "Type": "City",
    "LocalizedName": "Минск",
    "EnglishName": "Minsk",
    "Country": {
        "ID": "BY",
        "EnglishName": "Belarus"
    },
    "GeoPosition": {
        "Latitude": 53.9,
        "Longitude": 27.5667
    }
}
HTTP/1.1 200 OK
Content-Type: application/json
Matched-Stub-Id: ca8d11fd-e0d2-42af-9042-c0203205b18a
Vary: Accept-Encoding, User-Agent
Content-Encoding: gzip
Transfer-Encoding: chunked

{
    "Version": 1,
    "Key": "294021",
    "Type": "City",
    "LocalizedName": "Минск",
    "EnglishName": "Minsk",
    "Country": {
        "ID": "BY",
        "EnglishName": "Belarus"
    },
    "GeoPosition": {
        "Latitude": 53.9,
        "Longitude": 27.5667
    }
}
HTTP/1.1 200 OK
Content-Type: application/json
Matched-Stub-Id: ca8d11fd-e0d2-42af-9042-c0203205b18a
Vary: Accept-Encoding, User-Agent
Content-Encoding: gzip
Transfer-Encoding: chunked

{
    "Version": 1,
    "Key": "294021",
    "Type": "City",
    "LocalizedName": "Минск",
    "EnglishName": "Minsk",
    "Country": {
        "ID": "BY",
        "EnglishName": "Belarus"
    },
    "GeoPosition": {
        "Latitude": 53.9,
        "Longitude": 27.5667
    }
}
HTTP/1.1 200 OK
Content-Type: application/json
Matched-Stub-Id: ca8d11fd-e0d2-42af-9042-c0203205b18a
Vary: Accept-Encoding, User-Agent
Content-Encoding: gzip
Transfer-Encoding: chunked

{
    "Version": 1,
    "Key": "294021",
    "Type": "City",
    "LocalizedName": "Минск",
    "EnglishName": "Minsk",
    "Country": {
        "ID": "BY",
        "EnglishName": "Belarus"
    },
    "GeoPosition": {
        "Latitude": 53.9,
        "Longitude": 27.5667
    }
}
HTTP/1.1 200 OK
Content-Type: application/json
Matched-Stub-Id: ca8d11fd-e0d2-42af-9042-c0203205b18a
Vary: Accept-Encoding, User-Agent
Content-Encoding: gzip
Transfer-Encoding: chunked

{
    "Version": 1,
    "Key": "294021",
    "Type": "City",
    "LocalizedName": "Минск",
    "EnglishName": "Minsk",
    "Country": {
        "ID": "BY",
        "EnglishName": "Belarus"
    },
    "GeoPosition": {
        "Latitude": 53.9,
        "Longitude": 27.5667
    }
}
HTTP/1.1 200 OK
Content-Type: application/json
Matched-Stub-Id: ca8d11fd-e0d2-42af-9042-c0203205b18a
Vary: Accept-Encoding, User-Agent
Content-Encoding: gzip
Transfer-Encoding: chunked

{
    "Version": 1,
    "Key": "294021",
    "Type": "City",
    "LocalizedName": "Минск",
    "EnglishName": "Minsk",
    "Country": {
        "ID": "BY",
        "EnglishName": "Belarus"
    },
    "GeoPosition": {
        "Latitude": 53.9,
        "Longitude": 27.5667
    }
}
]]></system-out>
  </testcase>
  <testcase name="postalCodesSearch_mock" classname="study.api.AccuWeatherMockTests" time="0.101">
    <system-out><![CDATA[Request method:	GET
Request URI:	http://localhost:54820/locations/v1/postalcodes/search?apikey=TEST&q=10001
Proxy:			<none>
Request params:	<none>
Query params:	apikey=TEST
				q=10001
Form params:	<none>
Path params:	<none>
Headers:		Accept=*/*
Cookies:		<none>
Multiparts:		<none>
Body:			<none>
Request method:	GET
Request URI:	http://localhost:54820/locations/v1/postalcodes/search?apikey=TEST&q=10001
Proxy:			<none>
Request params:	<none>
Query params:	apikey=TEST
				q=10001
Form params:	<none>
Path params:	<none>
Headers:		Accept=*/*
Cookies:		<none>
Multiparts:		<none>
Body:			<none>
Request method:	GET
Request URI:	http://localhost:54820/locations/v1/postalcodes/search?apikey=TEST&q=10001
Proxy:			<none>
Request params:	<none>
Query params:	apikey=TEST
				q=10001
Form params:	<none>
Path params:	<none>
Headers:		Accept=*/*
Cookies:		<none>
Multiparts:		<none>
Body:			<none>
Request method:	GET
Request URI:	http://localhost:54820/locations/v1/postalcodes/search?apikey=TEST&q=10001
Proxy:			<none>
Request params:	<none>
Query params:	apikey=TEST
				q=10001
Form params:	<none>
Path params:	<none>
Headers:		Accept=*/*
Cookies:		<none>
Multiparts:		<none>
Body:			<none>
Request method:	GET
Request URI:	http://localhost:54820/locations/v1/postalcodes/search?apikey=TEST&q=10001
Proxy:			<none>
Request params:	<none>
Query params:	apikey=TEST
				q=10001
Form params:	<none>
Path params:	<none>
Headers:		Accept=*/*
Cookies:		<none>
Multiparts:		<none>
Body:			<none>
Request method:	GET
Request URI:	http://localhost:54820/locations/v1/postalcodes/search?apikey=TEST&q=10001
Proxy:			<none>
Request params:	<none>
Query params:	apikey=TEST
				q=10001
Form params:	<none>
Path params:	<none>
Headers:		Accept=*/*
Cookies:		<none>
Multiparts:		<none>
Body:			<none>
Request method:	GET
Request URI:	http://localhost:54820/locations/v1/postalcodes/search?apikey=TEST&q=10001
Proxy:			<none>
Request params:	<none>
Query params:	apikey=TEST
				q=10001
Form params:	<none>
Path params:	<none>
Headers:		Accept=*/*
Cookies:		<none>
Multiparts:		<none>
Body:			<none>
Request method:	GET
Request URI:	http://localhost:54820/locations/v1/postalcodes/search?apikey=TEST&q=10001
Proxy:			<none>
Request params:	<none>
Query params:	apikey=TEST
				q=10001
Form params:	<none>
Path params:	<none>
Headers:		Accept=*/*
Cookies:		<none>
Multiparts:		<none>
Body:			<none>
Request method:	GET
Request URI:	http://localhost:54820/locations/v1/postalcodes/search?apikey=TEST&q=10001
Proxy:			<none>
Request params:	<none>
Query params:	apikey=TEST
				q=10001
Form params:	<none>
Path params:	<none>
Headers:		Accept=*/*
Cookies:		<none>
Multiparts:		<none>
Body:			<none>
Request method:	GET
Request URI:	http://localhost:54820/locations/v1/postalcodes/search?apikey=TEST&q=10001
Proxy:			<none>
Request params:	<none>
Query params:	apikey=TEST
				q=10001
Form params:	<none>
Path params:	<none>
Headers:		Accept=*/*
Cookies:		<none>
Multiparts:		<none>
Body:			<none>
Request method:	GET
Request URI:	http://localhost:54820/locations/v1/postalcodes/search?apikey=TEST&q=10001
Proxy:			<none>
Request params:	<none>
Query params:	apikey=TEST
				q=10001
Form params:	<none>
Path params:	<none>
Headers:		Accept=*/*
Cookies:		<none>
Multiparts:		<none>
Body:			<none>
Request method:	GET
Request URI:	http://localhost:54820/locations/v1/postalcodes/search?apikey=TEST&q=10001
Proxy:			<none>
Request params:	<none>
Query params:	apikey=TEST
				q=10001
Form params:	<none>
Path params:	<none>
Headers:		Accept=*/*
Cookies:		<none>
Multiparts:		<none>
Body:			<none>
Request method:	GET
Request URI:	http://localhost:54820/locations/v1/postalcodes/search?apikey=TEST&q=10001
Proxy:			<none>
Request params:	<none>
Query params:	apikey=TEST
				q=10001
Form params:	<none>
Path params:	<none>
Headers:		Accept=*/*
Cookies:		<none>
Multiparts:		<none>
Body:			<none>
Request method:	GET
Request URI:	http://localhost:54820/locations/v1/postalcodes/search?apikey=TEST&q=10001
Proxy:			<none>
Request params:	<none>
Query params:	apikey=TEST
				q=10001
Form params:	<none>
Path params:	<none>
Headers:		Accept=*/*
Cookies:		<none>
Multiparts:		<none>
Body:			<none>
Request method:	GET
Request URI:	http://localhost:54820/locations/v1/postalcodes/search?apikey=TEST&q=10001
Proxy:			<none>
Request params:	<none>
Query params:	apikey=TEST
				q=10001
Form params:	<none>
Path params:	<none>
Headers:		Accept=*/*
Cookies:		<none>
Multiparts:		<none>
Body:			<none>
Request method:	GET
Request URI:	http://localhost:54820/locations/v1/postalcodes/search?apikey=TEST&q=10001
Proxy:			<none>
Request params:	<none>
Query params:	apikey=TEST
				q=10001
Form params:	<none>
Path params:	<none>
Headers:		Accept=*/*
Cookies:		<none>
Multiparts:		<none>
Body:			<none>
Request method:	GET
Request URI:	http://localhost:54820/locations/v1/postalcodes/search?apikey=TEST&q=10001
Proxy:			<none>
Request params:	<none>
Query params:	apikey=TEST
				q=10001
Form params:	<none>
Path params:	<none>
Headers:		Accept=*/*
Cookies:		<none>
Multiparts:		<none>
Body:			<none>
Request method:	GET
Request URI:	http://localhost:54820/locations/v1/postalcodes/search?apikey=TEST&q=10001
Proxy:			<none>
Request params:	<none>
Query params:	apikey=TEST
				q=10001
Form params:	<none>
Path params:	<none>
Headers:		Accept=*/*
Cookies:		<none>
Multiparts:		<none>
Body:			<none>
Request method:	GET
Request URI:	http://localhost:54820/locations/v1/postalcodes/search?apikey=TEST&q=10001
Proxy:			<none>
Request params:	<none>
Query params:	apikey=TEST
				q=10001
Form params:	<none>
Path params:	<none>
Headers:		Accept=*/*
Cookies:		<none>
Multiparts:		<none>
Body:			<none>
Request method:	GET
Request URI:	http://localhost:54820/locations/v1/postalcodes/search?apikey=TEST&q=10001
Proxy:			<none>
Request params:	<none>
Query params:	apikey=TEST
				q=10001
Form params:	<none>
Path params:	<none>
Headers:		Accept=*/*
Cookies:		<none>
Multiparts:		<none>
Body:			<none>
Request method:	GET
Request URI:	http://localhost:54820/locations/v1/postalcodes/search?apikey=TEST&q=10001
Proxy:			<none>
Request params:	<none>
Query params:	apikey=TEST
				q=10001
Form params:	<none>
Path params:	<none>
Headers:		Accept=*/*
Cookies:		<none>
Multiparts:		<none>
Body:			<none>
Request method:	GET
Request URI:	http://localhost:54820/locations/v1/postalcodes/search?apikey=TEST&q=10001
Proxy:			<none>
Request params:	<none>
Query params:	apikey=TEST
				q=10001
Form params:	<none>
Path params:	<none>
Headers:		Accept=*/*
Cookies:		<none>
Multiparts:		<none>
Body:			<none>
Request method:	GET
Request URI:	http://localhost:54820/locations/v1/postalcodes/search?apikey=TEST&q=10001
Proxy:			<none>
Request params:	<none>
Query params:	apikey=TEST
				q=10001
Form params:	<none>
Path params:	<none>
Headers:		Accept=*/*
Cookies:		<none>
Multiparts:		<none>
Body:			<none>
Request method:	GET
Request URI:	http://localhost:54820/locations/v1/postalcodes/search?apikey=TEST&q=10001
Proxy:			<none>
Request params:	<none>
Query params:	apikey=TEST
				q=10001
Form params:	<none>
Path params:	<none>
Headers:		Accept=*/*
Cookies:		<none>
Multiparts:		<none>
Body:			<none>
Request method:	GET
Request URI:	http://localhost:54820/locations/v1/postalcodes/search?apikey=TEST&q=10001
Proxy:			<none>
Request params:	<none>
Query params:	apikey=TEST
				q=10001
Form params:	<none>
Path params:	<none>
Headers:		Accept=*/*
Cookies:		<none>
Multiparts:		<none>
Body:			<none>
Request method:	GET
Request URI:	http://localhost:54820/locations/v1/postalcodes/search?apikey=TEST&q=10001
Proxy:			<none>
Request params:	<none>
Query params:	apikey=TEST
				q=10001
Form params:	<none>
Path params:	<none>
Headers:		Accept=*/*
Cookies:		<none>
Multiparts:		<none>
Body:			<none>
Request method:	GET
Request URI:	http://localhost:54820/locations/v1/postalcodes/search?apikey=TEST&q=10001
Proxy:			<none>
Request params:	<none>
Query params:	apikey=TEST
				q=10001
Form params:	<none>
Path params:	<none>
Headers:		Accept=*/*
Cookies:		<none>
Multiparts:		<none>
Body:			<none>
Request method:	GET
Request URI:	http://localhost:54820/locations/v1/postalcodes/search?apikey=TEST&q=10001
Proxy:			<none>
Request params:	<none>
Query params:	apikey=TEST
				q=10001
Form params:	<none>
Path params:	<none>
Headers:		Accept=*/*
Cookies:		<none>
Multiparts:		<none>
Body:			<none>
Request method:	GET
Request URI:	http://localhost:54820/locations/v1/postalcodes/search?apikey=TEST&q=10001
Proxy:			<none>
Request params:	<none>
Query params:	apikey=TEST
				q=10001
Form params:	<none>
Path params:	<none>
Headers:		Accept=*/*
Cookies:		<none>
Multiparts:		<none>
Body:			<none>
Request method:	GET
Request URI:	http://localhost:54820/locations/v1/postalcodes/search?apikey=TEST&q=10001
Proxy:			<none>
Request params:	<none>
Query params:	apikey=TEST
				q=10001
Form params:	<none>
Path params:	<none>
Headers:		Accept=*/*
Cookies:		<none>
Multiparts:		<none>
Body:			<none>
Request method:	GET
Request URI:	http://localhost:54820/locations/v1/postalcodes/search?apikey=TEST&q=10001
Proxy:			<none>
Request params:	<none>
Query params:	apikey=TEST
				q=10001
Form params:	<none>
Path params:	<none>
Headers:		Accept=*/*
Cookies:		<none>
Multiparts:		<none>
Body:			<none>
Request method:	GET
Request URI:	http://localhost:54820/locations/v1/postalcodes/search?apikey=TEST&q=10001
Proxy:			<none>
Request params:	<none>
Query params:	apikey=TEST
				q=10001
Form params:	<none>
Path params:	<none>
Headers:		Accept=*/*
Cookies:		<none>
Multiparts:		<none>
Body:			<none>
Request method:	GET
Request URI:	http://localhost:54820/locations/v1/postalcodes/search?apikey=TEST&q=10001
Proxy:			<none>
Request params:	<none>
Query params:	apikey=TEST
				q=10001
Form params:	<none>
Path params:	<none>
Headers:		Accept=*/*
Cookies:		<none>
Multiparts:		<none>
Body:			<none>
Request method:	GET
Request URI:	http://localhost:54820/locations/v1/postalcodes/search?apikey=TEST&q=10001
Proxy:			<none>
Request params:	<none>
Query params:	apikey=TEST
				q=10001
Form params:	<none>
Path params:	<none>
Headers:		Accept=*/*
Cookies:		<none>
Multiparts:		<none>
Body:			<none>
Request method:	GET
Request URI:	http://localhost:54820/locations/v1/postalcodes/search?apikey=TEST&q=10001
Proxy:			<none>
Request params:	<none>
Query params:	apikey=TEST
				q=10001
Form params:	<none>
Path params:	<none>
Headers:		Accept=*/*
Cookies:		<none>
Multiparts:		<none>
Body:			<none>
HTTP/1.1 200 OK
Content-Type: application/json
Matched-Stub-Id: 9415e3de-bf3e-4262-b2b8-2f509e3122f3
Vary: Accept-Encoding, User-Agent
Content-Encoding: gzip
Transfer-Encoding: chunked

[
    {
        "Key": "349727",
        "LocalizedName": "New York",
        "Country": {
            "ID": "US",
            "EnglishName": "United States"
        },
        "PrimaryPostalCode": "10001"
    }
]
HTTP/1.1 200 OK
Content-Type: application/json
Matched-Stub-Id: 9415e3de-bf3e-4262-b2b8-2f509e3122f3
Vary: Accept-Encoding, User-Agent
Content-Encoding: gzip
Transfer-Encoding: chunked

[
    {
        "Key": "349727",
        "LocalizedName": "New York",
        "Country": {
            "ID": "US",
            "EnglishName": "United States"
        },
        "PrimaryPostalCode": "10001"
    }
]
HTTP/1.1 200 OK
Content-Type: application/json
Matched-Stub-Id: 9415e3de-bf3e-4262-b2b8-2f509e3122f3
Vary: Accept-Encoding, User-Agent
Content-Encoding: gzip
Transfer-Encoding: chunked

[
    {
        "Key": "349727",
        "LocalizedName": "New York",
        "Country": {
            "ID": "US",
            "EnglishName": "United States"
        },
        "PrimaryPostalCode": "10001"
    }
]
HTTP/1.1 200 OK
Content-Type: application/json
Matched-Stub-Id: 9415e3de-bf3e-4262-b2b8-2f509e3122f3
Vary: Accept-Encoding, User-Agent
Content-Encoding: gzip
Transfer-Encoding: chunked

[
    {
        "Key": "349727",
        "LocalizedName": "New York",
        "Country": {
            "ID": "US",
            "EnglishName": "United States"
        },
        "PrimaryPostalCode": "10001"
    }
]
HTTP/1.1 200 OK
Content-Type: application/json
Matched-Stub-Id: 9415e3de-bf3e-4262-b2b8-2f509e3122f3
Vary: Accept-Encoding, User-Agent
Content-Encoding: gzip
Transfer-Encoding: chunked

[
    {
        "Key": "349727",
        "LocalizedName": "New York",
        "Country": {
            "ID": "US",
            "EnglishName": "United States"
        },
        "PrimaryPostalCode": "10001"
    }
]
HTTP/1.1 200 OK
Content-Type: application/json
Matched-Stub-Id: 9415e3de-bf3e-4262-b2b8-2f509e3122f3
Vary: Accept-Encoding, User-Agent
Content-Encoding: gzip
Transfer-Encoding: chunked

[
    {
        "Key": "349727",
        "LocalizedName": "New York",
        "Country": {
            "ID": "US",
            "EnglishName": "United States"
        },
        "PrimaryPostalCode": "10001"
    }
]
HTTP/1.1 200 OK
Content-Type: application/json
Matched-Stub-Id: 9415e3de-bf3e-4262-b2b8-2f509e3122f3
Vary: Accept-Encoding, User-Agent
Content-Encoding: gzip
Transfer-Encoding: chunked

[
    {
        "Key": "349727",
        "LocalizedName": "New York",
        "Country": {
            "ID": "US",
            "EnglishName": "United States"
        },
        "PrimaryPostalCode": "10001"
    }
]
HTTP/1.1 200 OK
Content-Type: application/json
Matched-Stub-Id: 9415e3de-bf3e-4262-b2b8-2f509e3122f3
Vary: Accept-Encoding, User-Agent
Content-Encoding: gzip
Transfer-Encoding: chunked

[
    {
        "Key": "349727",
        "LocalizedName": "New York",
        "Country": {
            "ID": "US",
            "EnglishName": "United States"
        },
        "PrimaryPostalCode": "10001"
    }
]
HTTP/1.1 200 OK
Content-Type: application/json
Matched-Stub-Id: 9415e3de-bf3e-4262-b2b8-2f509e3122f3
Vary: Accept-Encoding, User-Agent
Content-Encoding: gzip
Transfer-Encoding: chunked

[
    {
        "Key": "349727",
        "LocalizedName": "New York",
        "Country": {
            "ID": "US",
            "EnglishName": "United States"
        },
        "PrimaryPostalCode": "10001"
    }
]
HTTP/1.1 200 OK
Content-Type: application/json
Matched-Stub-Id: 9415e3de-bf3e-4262-b2b8-2f509e3122f3
Vary: Accept-Encoding, User-Agent
Content-Encoding: gzip
Transfer-Encoding: chunked

[
    {
        "Key": "349727",
        "LocalizedName": "New York",
        "Country": {
            "ID": "US",
            "EnglishName": "United States"
        },
        "PrimaryPostalCode": "10001"
    }
]
HTTP/1.1 200 OK
Content-Type: application/json
Matched-Stub-Id: 9415e3de-bf3e-4262-b2b8-2f509e3122f3
Vary: Accept-Encoding, User-Agent
Content-Encoding: gzip
Transfer-Encoding: chunked

[
    {
        "Key": "349727",
        "LocalizedName": "New York",
        "Country": {
            "ID": "US",
            "EnglishName": "United States"
        },
        "PrimaryPostalCode": "10001"
    }
]
HTTP/1.1 200 OK
Content-Type: application/json
Matched-Stub-Id: 9415e3de-bf3e-4262-b2b8-2f509e3122f3
Vary: Accept-Encoding, User-Agent
Content-Encoding: gzip
Transfer-Encoding: chunked

[
    {
        "Key": "349727",
        "LocalizedName": "New York",
        "Country": {
            "ID": "US",
            "EnglishName": "United States"
        },
        "PrimaryPostalCode": "10001"
    }
]
HTTP/1.1 200 OK
Content-Type: application/json
Matched-Stub-Id: 9415e3de-bf3e-4262-b2b8-2f509e3122f3
Vary: Accept-Encoding, User-Agent
Content-Encoding: gzip
Transfer-Encoding: chunked

[
    {
        "Key": "349727",
        "LocalizedName": "New York",
        "Country": {
            "ID": "US",
            "EnglishName": "United States"
        },
        "PrimaryPostalCode": "10001"
    }
]
HTTP/1.1 200 OK
Content-Type: application/json
Matched-Stub-Id: 9415e3de-bf3e-4262-b2b8-2f509e3122f3
Vary: Accept-Encoding, User-Agent
Content-Encoding: gzip
Transfer-Encoding: chunked

[
    {
        "Key": "349727",
        "LocalizedName": "New York",
        "Country": {
            "ID": "US",
            "EnglishName": "United States"
        },
        "PrimaryPostalCode": "10001"
    }
]
HTTP/1.1 200 OK
Content-Type: application/json
Matched-Stub-Id: 9415e3de-bf3e-4262-b2b8-2f509e3122f3
Vary: Accept-Encoding, User-Agent
Content-Encoding: gzip
Transfer-Encoding: chunked

[
    {
        "Key": "349727",
        "LocalizedName": "New York",
        "Country": {
            "ID": "US",
            "EnglishName": "United States"
        },
        "PrimaryPostalCode": "10001"
    }
]
HTTP/1.1 200 OK
Content-Type: application/json
Matched-Stub-Id: 9415e3de-bf3e-4262-b2b8-2f509e3122f3
Vary: Accept-Encoding, User-Agent
Content-Encoding: gzip
Transfer-Encoding: chunked

[
    {
        "Key": "349727",
        "LocalizedName": "New York",
        "Country": {
            "ID": "US",
            "EnglishName": "United States"
        },
        "PrimaryPostalCode": "10001"
    }
]
HTTP/1.1 200 OK
Content-Type: application/json
Matched-Stub-Id: 9415e3de-bf3e-4262-b2b8-2f509e3122f3
Vary: Accept-Encoding, User-Agent
Content-Encoding: gzip
Transfer-Encoding: chunked

[
    {
        "Key": "349727",
        "LocalizedName": "New York",
        "Country": {
            "ID": "US",
            "EnglishName": "United States"
        },
        "PrimaryPostalCode": "10001"
    }
]
HTTP/1.1 200 OK
Content-Type: application/json
Matched-Stub-Id: 9415e3de-bf3e-4262-b2b8-2f509e3122f3
Vary: Accept-Encoding, User-Agent
Content-Encoding: gzip
Transfer-Encoding: chunked

[
    {
        "Key": "349727",
        "LocalizedName": "New York",
        "Country": {
            "ID": "US",
            "EnglishName": "United States"
        },
        "PrimaryPostalCode": "10001"
    }
]
HTTP/1.1 200 OK
Content-Type: application/json
Matched-Stub-Id: 9415e3de-bf3e-4262-b2b8-2f509e3122f3
Vary: Accept-Encoding, User-Agent
Content-Encoding: gzip
Transfer-Encoding: chunked

[
    {
        "Key": "349727",
        "LocalizedName": "New York",
        "Country": {
            "ID": "US",
            "EnglishName": "United States"
        },
        "PrimaryPostalCode": "10001"
    }
]
HTTP/1.1 200 OK
Content-Type: application/json
Matched-Stub-Id: 9415e3de-bf3e-4262-b2b8-2f509e3122f3
Vary: Accept-Encoding, User-Agent
Content-Encoding: gzip
Transfer-Encoding: chunked

[
    {
        "Key": "349727",
        "LocalizedName": "New York",
        "Country": {
            "ID": "US",
            "EnglishName": "United States"
        },
        "PrimaryPostalCode": "10001"
    }
]
HTTP/1.1 200 OK
Content-Type: application/json
Matched-Stub-Id: 9415e3de-bf3e-4262-b2b8-2f509e3122f3
Vary: Accept-Encoding, User-Agent
Content-Encoding: gzip
Transfer-Encoding: chunked

[
    {
        "Key": "349727",
        "LocalizedName": "New York",
        "Country": {
            "ID": "US",
            "EnglishName": "United States"
        },
        "PrimaryPostalCode": "10001"
    }
]
HTTP/1.1 200 OK
Content-Type: application/json
Matched-Stub-Id: 9415e3de-bf3e-4262-b2b8-2f509e3122f3
Vary: Accept-Encoding, User-Agent
Content-Encoding: gzip
Transfer-Encoding: chunked

[
    {
        "Key": "349727",
        "LocalizedName": "New York",
        "Country": {
            "ID": "US",
            "EnglishName": "United States"
        },
        "PrimaryPostalCode": "10001"
    }
]
HTTP/1.1 200 OK
Content-Type: application/json
Matched-Stub-Id: 9415e3de-bf3e-4262-b2b8-2f509e3122f3
Vary: Accept-Encoding, User-Agent
Content-Encoding: gzip
Transfer-Encoding: chunked

[
    {
        "Key": "349727",
        "LocalizedName": "New York",
        "Country": {
            "ID": "US",
            "EnglishName": "United States"
        },
        "PrimaryPostalCode": "10001"
    }
]
HTTP/1.1 200 OK
Content-Type: application/json
Matched-Stub-Id: 9415e3de-bf3e-4262-b2b8-2f509e3122f3
Vary: Accept-Encoding, User-Agent
Content-Encoding: gzip
Transfer-Encoding: chunked

[
    {
        "Key": "349727",
        "LocalizedName": "New York",
        "Country": {
            "ID": "US",
            "EnglishName": "United States"
        },
        "PrimaryPostalCode": "10001"
    }
]
HTTP/1.1 200 OK
Content-Type: application/json
Matched-Stub-Id: 9415e3de-bf3e-4262-b2b8-2f509e3122f3
Vary: Accept-Encoding, User-Agent
Content-Encoding: gzip
Transfer-Encoding: chunked

[
    {
        "Key": "349727",
        "LocalizedName": "New York",
        "Country": {
            "ID": "US",
            "EnglishName": "United States"
        },
        "PrimaryPostalCode": "10001"
    }
]
HTTP/1.1 200 OK
Content-Type: application/json
Matched-Stub-Id: 9415e3de-bf3e-4262-b2b8-2f509e3122f3
Vary: Accept-Encoding, User-Agent
Content-Encoding: gzip
Transfer-Encoding: chunked

[
    {
        "Key": "349727",
        "LocalizedName": "New York",
        "Country": {
            "ID": "US",
            "EnglishName": "United States"
        },
        "PrimaryPostalCode": "10001"
    }
]
HTTP/1.1 200 OK
Content-Type: application/json
Matched-Stub-Id: 9415e3de-bf3e-4262-b2b8-2f509e3122f3
Vary: Accept-Encoding, User-Agent
Content-Encoding: gzip
Transfer-Encoding: chunked

[
    {
        "Key": "349727",
        "LocalizedName": "New York",
        "Country": {
            "ID": "US",
            "EnglishName": "United States"
        },
        "PrimaryPostalCode": "10001"
    }
]
HTTP/1.1 200 OK
Content-Type: application/json
Matched-Stub-Id: 9415e3de-bf3e-4262-b2b8-2f509e3122f3
Vary: Accept-Encoding, User-Agent
Content-Encoding: gzip
Transfer-Encoding: chunked

[
    {
        "Key": "349727",
        "LocalizedName": "New York",
        "Country": {
            "ID": "US",
            "EnglishName": "United States"
        },
        "PrimaryPostalCode": "10001"
    }
]
HTTP/1.1 200 OK
Content-Type: application/json
Matched-Stub-Id: 9415e3de-bf3e-4262-b2b8-2f509e3122f3
Vary: Accept-Encoding, User-Agent
Content-Encoding: gzip
Transfer-Encoding: chunked

[
    {
        "Key": "349727",
        "LocalizedName": "New York",
        "Country": {
            "ID": "US",
            "EnglishName": "United States"
        },
        "PrimaryPostalCode": "10001"
    }
]
HTTP/1.1 200 OK
Content-Type: application/json
Matched-Stub-Id: 9415e3de-bf3e-4262-b2b8-2f509e3122f3
Vary: Accept-Encoding, User-Agent
Content-Encoding: gzip
Transfer-Encoding: chunked

[
    {
        "Key": "349727",
        "LocalizedName": "New York",
        "Country": {
            "ID": "US",
            "EnglishName": "United States"
        },
        "PrimaryPostalCode": "10001"
    }
]
HTTP/1.1 200 OK
Content-Type: application/json
Matched-Stub-Id: 9415e3de-bf3e-4262-b2b8-2f509e3122f3
Vary: Accept-Encoding, User-Agent
Content-Encoding: gzip
Transfer-Encoding: chunked

[
    {
        "Key": "349727",
        "LocalizedName": "New York",
        "Country": {
            "ID": "US",
            "EnglishName": "United States"
        },
        "PrimaryPostalCode": "10001"
    }
]
HTTP/1.1 200 OK
Content-Type: application/json
Matched-Stub-Id: 9415e3de-bf3e-4262-b2b8-2f509e3122f3
Vary: Accept-Encoding, User-Agent
Content-Encoding: gzip
Transfer-Encoding: chunked

[
    {
        "Key": "349727",
        "LocalizedName": "New York",
        "Country": {
            "ID": "US",
            "EnglishName": "United States"
        },
        "PrimaryPostalCode": "10001"
    }
]
HTTP/1.1 200 OK
Content-Type: application/json
Matched-Stub-Id: 9415e3de-bf3e-4262-b2b8-2f509e3122f3
Vary: Accept-Encoding, User-Agent
Content-Encoding: gzip
Transfer-Encoding: chunked

[
    {
        "Key": "349727",
        "LocalizedName": "New York",
        "Country": {
            "ID": "US",
            "EnglishName": "United States"
        },
        "PrimaryPostalCode": "10001"
    }
]
HTTP/1.1 200 OK
Content-Type: application/json
Matched-Stub-Id: 9415e3de-bf3e-4262-b2b8-2f509e3122f3
Vary: Accept-Encoding, User-Agent
Content-Encoding: gzip
Transfer-Encoding: chunked

[
    {
        "Key": "349727",
        "LocalizedName": "New York",
        "Country": {
            "ID": "US",
            "EnglishName": "United States"
        },
        "PrimaryPostalCode": "10001"
    }
]
HTTP/1.1 200 OK
Content-Type: application/json
Matched-Stub-Id: 9415e3de-bf3e-4262-b2b8-2f509e3122f3
Vary: Accept-Encoding, User-Agent
Content-Encoding: gzip
Transfer-Encoding: chunked

[
    {
        "Key": "349727",
        "LocalizedName": "New York",
        "Country": {
            "ID": "US",
            "EnglishName": "United States"
        },
        "PrimaryPostalCode": "10001"
    }
]
]]></system-out>
  </testcase>
  <testcase name="top50Cities_mock" classname="study.api.AccuWeatherMockTests" time="0.099">
    <system-out><![CDATA[Request method:	GET
Request URI:	http://localhost:54820/locations/v1/topcities/50?apikey=TEST
Proxy:			<none>
Request params:	<none>
Query params:	apikey=TEST
Form params:	<none>
Path params:	<none>
Headers:		Accept=*/*
Cookies:		<none>
Multiparts:		<none>
Body:			<none>
Request method:	GET
Request URI:	http://localhost:54820/locations/v1/topcities/50?apikey=TEST
Proxy:			<none>
Request params:	<none>
Query params:	apikey=TEST
Form params:	<none>
Path params:	<none>
Headers:		Accept=*/*
Cookies:		<none>
Multiparts:		<none>
Body:			<none>
Request method:	GET
Request URI:	http://localhost:54820/locations/v1/topcities/50?apikey=TEST
Proxy:			<none>
Request params:	<none>
Query params:	apikey=TEST
Form params:	<none>
Path params:	<none>
Headers:		Accept=*/*
Cookies:		<none>
Multiparts:		<none>
Body:			<none>
Request method:	GET
Request URI:	http://localhost:54820/locations/v1/topcities/50?apikey=TEST
Proxy:			<none>
Request params:	<none>
Query params:	apikey=TEST
Form params:	<none>
Path params:	<none>
Headers:		Accept=*/*
Cookies:		<none>
Multiparts:		<none>
Body:			<none>
Request method:	GET
Request URI:	http://localhost:54820/locations/v1/topcities/50?apikey=TEST
Proxy:			<none>
Request params:	<none>
Query params:	apikey=TEST
Form params:	<none>
Path params:	<none>
Headers:		Accept=*/*
Cookies:		<none>
Multiparts:		<none>
Body:			<none>
Request method:	GET
Request URI:	http://localhost:54820/locations/v1/topcities/50?apikey=TEST
Proxy:			<none>
Request params:	<none>
Query params:	apikey=TEST
Form params:	<none>
Path params:	<none>
Headers:		Accept=*/*
Cookies:		<none>
Multiparts:		<none>
Body:			<none>
Request method:	GET
Request URI:	http://localhost:54820/locations/v1/topcities/50?apikey=TEST
Proxy:			<none>
Request params:	<none>
Query params:	apikey=TEST
Form params:	<none>
Path params:	<none>
Headers:		Accept=*/*
Cookies:		<none>
Multiparts:		<none>
Body:			<none>
Request method:	GET
Request URI:	http://localhost:54820/locations/v1/topcities/50?apikey=TEST
Proxy:			<none>
Request params:	<none>
Query params:	apikey=TEST
Form params:	<none>
Path params:	<none>
Headers:		Accept=*/*
Cookies:		<none>
Multiparts:		<none>
Body:			<none>
Request method:	GET
Request URI:	http://localhost:54820/locations/v1/topcities/50?apikey=TEST
Proxy:			<none>
Request params:	<none>
Query params:	apikey=TEST
Form params:	<none>
Path params:	<none>
Headers:		Accept=*/*
Cookies:		<none>
Multiparts:		<none>
Body:			<none>
Request method:	GET
Request URI:	http://localhost:54820/locations/v1/topcities/50?apikey=TEST
Proxy:			<none>
Request params:	<none>
Query params:	apikey=TEST
Form params:	<none>
Path params:	<none>
Headers:		Accept=*/*
Cookies:		<none>
Multiparts:		<none>
Body:			<none>
Request method:	GET
Request URI:	http://localhost:54820/locations/v1/topcities/50?apikey=TEST
Proxy:			<none>
Request params:	<none>
Query params:	apikey=TEST
Form params:	<none>
Path params:	<none>
Headers:		Accept=*/*
Cookies:		<none>
Multiparts:		<none>
Body:			<none>
Request method:	GET
Request URI:	http://localhost:54820/locations/v1/topcities/50?apikey=TEST
Proxy:			<none>
Request params:	<none>
Query params:	apikey=TEST
Form params:	<none>
Path params:	<none>
Headers:		Accept=*/*
Cookies:		<none>
Multiparts:		<none>
Body:			<none>
Request method:	GET
Request URI:	http://localhost:54820/locations/v1/topcities/50?apikey=TEST
Proxy:			<none>
Request params:	<none>
Query params:	apikey=TEST
Form params:	<none>
Path params:	<none>
Headers:		Accept=*/*
Cookies:		<none>
Multiparts:		<none>
Body:			<none>
Request method:	GET
Request URI:	http://localhost:54820/locations/v1/topcities/50?apikey=TEST
Proxy:			<none>
Request params:	<none>
Query params:	apikey=TEST
Form params:	<none>
Path params:	<none>
Headers:		Accept=*/*
Cookies:		<none>
Multiparts:		<none>
Body:			<none>
Request method:	GET
Request URI:	http://localhost:54820/locations/v1/topcities/50?apikey=TEST
Proxy:			<none>
Request params:	<none>
Query params:	apikey=TEST
Form params:	<none>
Path params:	<none>
Headers:		Accept=*/*
Cookies:		<none>
Multiparts:		<none>
Body:			<none>
Request method:	GET
Request URI:	http://localhost:54820/locations/v1/topcities/50?apikey=TEST
Proxy:			<none>
Request params:	<none>
Query params:	apikey=TEST
Form params:	<none>
Path params:	<none>
Headers:		Accept=*/*
Cookies:		<none>
Multiparts:		<none>
Body:			<none>
Request method:	GET
Request URI:	http://localhost:54820/locations/v1/topcities/50?apikey=TEST
Proxy:			<none>
Request params:	<none>
Query params:	apikey=TEST
Form params:	<none>
Path params:	<none>
Headers:		Accept=*/*
Cookies:		<none>
Multiparts:		<none>
Body:			<none>
Request method:	GET
Request URI:	http://localhost:54820/locations/v1/topcities/50?apikey=TEST
Proxy:			<none>
Request params:	<none>
Query params:	apikey=TEST
Form params:	<none>
Path params:	<none>
Headers:		Accept=*/*
Cookies:		<none>
Multiparts:		<none>
Body:			<none>
Request method:	GET
Request URI:	http://localhost:54820/locations/v1/topcities/50?apikey=TEST
Proxy:			<none>
Request params:	<none>
Query params:	apikey=TEST
Form params:	<none>
Path params:	<none>
Headers:		Accept=*/*
Cookies:		<none>
Multiparts:		<none>
Body:			<none>
Request method:	GET
Request URI:	http://localhost:54820/locations/v1/topcities/50?apikey=TEST
Proxy:			<none>
Request params:	<none>
Query params:	apikey=TEST
Form params:	<none>
Path params:	<none>
Headers:		Accept=*/*
Cookies:		<none>
Multiparts:		<none>
Body:			<none>
Request method:	GET
Request URI:	http://localhost:54820/locations/v1/topcities/50?apikey=TEST
Proxy:			<none>
Request params:	<none>
Query params:	apikey=TEST
Form params:	<none>
Path params:	<none>
Headers:		Accept=*/*
Cookies:		<none>
Multiparts:		<none>
Body:			<none>
Request method:	GET
Request URI:	http://localhost:54820/locations/v1/topcities/50?apikey=TEST
Proxy:			<none>
Request params:	<none>
Query params:	apikey=TEST
Form params:	<none>
Path params:	<none>
Headers:		Accept=*/*
Cookies:		<none>
Multiparts:		<none>
Body:			<none>
Request method:	GET
Request URI:	http://localhost:54820/locations/v1/topcities/50?apikey=TEST
Proxy:			<none>
Request params:	<none>
Query params:	apikey=TEST
Form params:	<none>
Path params:	<none>
Headers:		Accept=*/*
Cookies:		<none>
Multiparts:		<none>
Body:			<none>
Request method:	GET
Request URI:	http://localhost:54820/locations/v1/topcities/50?apikey=TEST
Proxy:			<none>
Request params:	<none>
Query params:	apikey=TEST
Form params:	<none>
Path params:	<none>
Headers:		Accept=*/*
Cookies:		<none>
Multiparts:		<none>
Body:			<none>
Request method:	GET
Request URI:	http://localhost:54820/locations/v1/topcities/50?apikey=TEST
Proxy:			<none>
Request params:	<none>
Query params:	apikey=TEST
Form params:	<none>
Path params:	<none>
Headers:		Accept=*/*
Cookies:		<none>
Multiparts:		<none>
Body:			<none>
Request method:	GET
Request URI:	http://localhost:54820/locations/v1/topcities/50?apikey=TEST
Proxy:			<none>
Request params:	<none>
Query params:	apikey=TEST
Form params:	<none>
Path params:	<none>
Headers:		Accept=*/*
Cookies:		<none>
Multiparts:		<none>
Body:			<none>
Request method:	GET
Request URI:	http://localhost:54820/locations/v1/topcities/50?apikey=TEST
Proxy:			<none>
Request params:	<none>
Query params:	apikey=TEST
Form params:	<none>
Path params:	<none>
Headers:		Accept=*/*
Cookies:		<none>
Multiparts:		<none>
Body:			<none>
Request method:	GET
Request URI:	http://localhost:54820/locations/v1/topcities/50?apikey=TEST
Proxy:			<none>
Request params:	<none>
Query params:	apikey=TEST
Form params:	<none>
Path params:	<none>
Headers:		Accept=*/*
Cookies:		<none>
Multiparts:		<none>
Body:			<none>
Request method:	GET
Request URI:	http://localhost:54820/locations/v1/topcities/50?apikey=TEST
Proxy:			<none>
Request params:	<none>
Query params:	apikey=TEST
Form params:	<none>
Path params:	<none>
Headers:		Accept=*/*
Cookies:		<none>
Multiparts:		<none>
Body:			<none>
Request method:	GET
Request URI:	http://localhost:54820/locations/v1/topcities/50?apikey=TEST
Proxy:			<none>
Request params:	<none>
Query params:	apikey=TEST
Form params:	<none>
Path params:	<none>
Headers:		Accept=*/*
Cookies:		<none>
Multiparts:		<none>
Body:			<none>
Request method:	GET
Request URI:	http://localhost:54820/locations/v1/topcities/50?apikey=TEST
Proxy:			<none>
Request params:	<none>
Query params:	apikey=TEST
Form params:	<none>
Path params:	<none>
Headers:		Accept=*/*
Cookies:		<none>
Multiparts:		<none>
Body:			<none>
Request method:	GET
Request URI:	http://localhost:54820/locations/v1/topcities/50?apikey=TEST
Proxy:			<none>
Request params:	<none>
Query params:	apikey=TEST
Form params:	<none>
Path params:	<none>
Headers:		Accept=*/*
Cookies:		<none>
Multiparts:		<none>
Body:			<none>
Request method:	GET
Request URI:	http://localhost:54820/locations/v1/topcities/50?apikey=TEST
Proxy:			<none>
Request params:	<none>
Query params:	apikey=TEST
Form params:	<none>
Path params:	<none>
Headers:		Accept=*/*
Cookies:		<none>
Multiparts:		<none>
Body:			<none>
Request method:	GET
Request URI:	http://localhost:54820/locations/v1/topcities/50?apikey=TEST
Proxy:			<none>
Request params:	<none>
Query params:	apikey=TEST
Form params:	<none>
Path params:	<none>
Headers:		Accept=*/*
Cookies:		<none>
Multiparts:		<none>
Body:			<none>
Request method:	GET
Request URI:	http://localhost:54820/locations/v1/topcities/50?apikey=TEST
Proxy:			<none>
Request params:	<none>
Query params:	apikey=TEST
Form params:	<none>
Path params:	<none>
Headers:		Accept=*/*
Cookies:		<none>
Multiparts:		<none>
Body:			<none>
Request method:	GET
Request URI:	http://localhost:54820/locations/v1/topcities/50?apikey=TEST
Proxy:			<none>
Request params:	<none>
Query params:	apikey=TEST
Form params:	<none>
Path params:	<none>
Headers:		Accept=*/*
Cookies:		<none>
Multiparts:		<none>
Body:			<none>
HTTP/1.1 200 OK
Content-Type: application/json
Matched-Stub-Id: 55b3e7f5-c1fc-43dc-8017-326e35eae3ca
Vary: Accept-Encoding, User-Agent
Content-Encoding: gzip
Transfer-Encoding: chunked

[
    {
        "Key": "349727",
        "LocalizedName": "New York",
        "Country": {
            "ID": "US",
            "EnglishName": "United States"
        }
    },
    {
        "Key": "328328",
        "LocalizedName": "London",
        "Country": {
            "ID": "GB",
            "EnglishName": "United Kingdom"
        }
    },
    {
        "Key": "294021",
        "LocalizedName": "Minsk",
        "Country": {
            "ID": "BY",
            "EnglishName": "Belarus"
        }
    }
]
HTTP/1.1 200 OK
Content-Type: application/json
Matched-Stub-Id: 55b3e7f5-c1fc-43dc-8017-326e35eae3ca
Vary: Accept-Encoding, User-Agent
Content-Encoding: gzip
Transfer-Encoding: chunked

[
    {
        "Key": "349727",
        "LocalizedName": "New York",
        "Country": {
            "ID": "US",
            "EnglishName": "United States"
        }
    },
    {
        "Key": "328328",
        "LocalizedName": "London",
        "Country": {
            "ID": "GB",
            "EnglishName": "United Kingdom"
        }
    },
    {
        "Key": "294021",
        "LocalizedName": "Minsk",
        "Country": {
            "ID": "BY",
            "EnglishName": "Belarus"
        }
    }
]
HTTP/1.1 200 OK
Content-Type: application/json
Matched-Stub-Id: 55b3e7f5-c1fc-43dc-8017-326e35eae3ca
Vary: Accept-Encoding, User-Agent
Content-Encoding: gzip
Transfer-Encoding: chunked

[
    {
        "Key": "349727",
        "LocalizedName": "New York",
        "Country": {
            "ID": "US",
            "EnglishName": "United States"
        }
    },
    {
        "Key": "328328",
        "LocalizedName": "London",
        "Country": {
            "ID": "GB",
            "EnglishName": "United Kingdom"
        }
    },
    {
        "Key": "294021",
        "LocalizedName": "Minsk",
        "Country": {
            "ID": "BY",
            "EnglishName": "Belarus"
        }
    }
]
HTTP/1.1 200 OK
Content-Type: application/json
Matched-Stub-Id: 55b3e7f5-c1fc-43dc-8017-326e35eae3ca
Vary: Accept-Encoding, User-Agent
Content-Encoding: gzip
Transfer-Encoding: chunked

[
    {
        "Key": "349727",
        "LocalizedName": "New York",
        "Country": {
            "ID": "US",
            "EnglishName": "United States"
        }
    },
    {
        "Key": "328328",
        "LocalizedName": "London",
        "Country": {
            "ID": "GB",
            "EnglishName": "United Kingdom"
        }
    },
    {
        "Key": "294021",
        "LocalizedName": "Minsk",
        "Country": {
            "ID": "BY",
            "EnglishName": "Belarus"
        }
    }
]
HTTP/1.1 200 OK
Content-Type: application/json
Matched-Stub-Id: 55b3e7f5-c1fc-43dc-8017-326e35eae3ca
Vary: Accept-Encoding, User-Agent
Content-Encoding: gzip
Transfer-Encoding: chunked

[
    {
        "Key": "349727",
        "LocalizedName": "New York",
        "Country": {
            "ID": "US",
            "EnglishName": "United States"
        }
    },
    {
        "Key": "328328",
        "LocalizedName": "London",
        "Country": {
            "ID": "GB",
            "EnglishName": "United Kingdom"
        }
    },
    {
        "Key": "294021",
        "LocalizedName": "Minsk",
        "Country": {
            "ID": "BY",
            "EnglishName": "Belarus"
        }
    }
]
HTTP/1.1 200 OK
Content-Type: application/json
Matched-Stub-Id: 55b3e7f5-c1fc-43dc-8017-326e35eae3ca
Vary: Accept-Encoding, User-Agent
Content-Encoding: gzip
Transfer-Encoding: chunked

[
    {
        "Key": "349727",
        "LocalizedName": "New York",
        "Country": {
            "ID": "US",
            "EnglishName": "United States"
        }
    },
    {
        "Key": "328328",
        "LocalizedName": "London",
        "Country": {
            "ID": "GB",
            "EnglishName": "United Kingdom"
        }
    },
    {
        "Key": "294021",
        "LocalizedName": "Minsk",
        "Country": {
            "ID": "BY",
            "EnglishName": "Belarus"
        }
    }
]
HTTP/1.1 200 OK
Content-Type: application/json
Matched-Stub-Id: 55b3e7f5-c1fc-43dc-8017-326e35eae3ca
Vary: Accept-Encoding, User-Agent
Content-Encoding: gzip
Transfer-Encoding: chunked

[
    {
        "Key": "349727",
        "LocalizedName": "New York",
        "Country": {
            "ID": "US",
            "EnglishName": "United States"
        }
    },
    {
        "Key": "328328",
        "LocalizedName": "London",
        "Country": {
            "ID": "GB",
            "EnglishName": "United Kingdom"
        }
    },
    {
        "Key": "294021",
        "LocalizedName": "Minsk",
        "Country": {
            "ID": "BY",
            "EnglishName": "Belarus"
        }
    }
]
HTTP/1.1 200 OK
Content-Type: application/json
Matched-Stub-Id: 55b3e7f5-c1fc-43dc-8017-326e35eae3ca
Vary: Accept-Encoding, User-Agent
Content-Encoding: gzip
Transfer-Encoding: chunked

[
    {
        "Key": "349727",
        "LocalizedName": "New York",
        "Country": {
            "ID": "US",
            "EnglishName": "United States"
        }
    },
    {
        "Key": "328328",
        "LocalizedName": "London",
        "Country": {
            "ID": "GB",
            "EnglishName": "United Kingdom"
        }
    },
    {
        "Key": "294021",
        "LocalizedName": "Minsk",
        "Country": {
            "ID": "BY",
            "EnglishName": "Belarus"
        }
    }
]
HTTP/1.1 200 OK
Content-Type: application/json
Matched-Stub-Id: 55b3e7f5-c1fc-43dc-8017-326e35eae3ca
Vary: Accept-Encoding, User-Agent
Content-Encoding: gzip
Transfer-Encoding: chunked

[
    {
        "Key": "349727",
        "LocalizedName": "New York",
        "Country": {
            "ID": "US",
            "EnglishName": "United States"
        }
    },
    {
        "Key": "328328",
        "LocalizedName": "London",
        "Country": {
            "ID": "GB",
            "EnglishName": "United Kingdom"
        }
    },
    {
        "Key": "294021",
        "LocalizedName": "Minsk",
        "Country": {
            "ID": "BY",
            "EnglishName": "Belarus"
        }
    }
]
HTTP/1.1 200 OK
Content-Type: application/json
Matched-Stub-Id: 55b3e7f5-c1fc-43dc-8017-326e35eae3ca
Vary: Accept-Encoding, User-Agent
Content-Encoding: gzip
Transfer-Encoding: chunked

[
    {
        "Key": "349727",
        "LocalizedName": "New York",
        "Country": {
            "ID": "US",
            "EnglishName": "United States"
        }
    },
    {
        "Key": "328328",
        "LocalizedName": "London",
        "Country": {
            "ID": "GB",
            "EnglishName": "United Kingdom"
        }
    },
    {
        "Key": "294021",
        "LocalizedName": "Minsk",
        "Country": {
            "ID": "BY",
            "EnglishName": "Belarus"
        }
    }
]
HTTP/1.1 200 OK
Content-Type: application/json
Matched-Stub-Id: 55b3e7f5-c1fc-43dc-8017-326e35eae3ca
Vary: Accept-Encoding, User-Agent
Content-Encoding: gzip
Transfer-Encoding: chunked

[
    {
        "Key": "349727",
        "LocalizedName": "New York",
        "Country": {
            "ID": "US",
            "EnglishName": "United States"
        }
    },
    {
        "Key": "328328",
        "LocalizedName": "London",
        "Country": {
            "ID": "GB",
            "EnglishName": "United Kingdom"
        }
    },
    {
        "Key": "294021",
        "LocalizedName": "Minsk",
        "Country": {
            "ID": "BY",
            "EnglishName": "Belarus"
        }
    }
]
HTTP/1.1 200 OK
Content-Type: application/json
Matched-Stub-Id: 55b3e7f5-c1fc-43dc-8017-326e35eae3ca
Vary: Accept-Encoding, User-Agent
Content-Encoding: gzip
Transfer-Encoding: chunked

[
    {
        "Key": "349727",
        "LocalizedName": "New York",
        "Country": {
            "ID": "US",
            "EnglishName": "United States"
        }
    },
    {
        "Key": "328328",
        "LocalizedName": "London",
        "Country": {
            "ID": "GB",
            "EnglishName": "United Kingdom"
        }
    },
    {
        "Key": "294021",
        "LocalizedName": "Minsk",
        "Country": {
            "ID": "BY",
            "EnglishName": "Belarus"
        }
    }
]
HTTP/1.1 200 OK
Content-Type: application/json
Matched-Stub-Id: 55b3e7f5-c1fc-43dc-8017-326e35eae3ca
Vary: Accept-Encoding, User-Agent
Content-Encoding: gzip
Transfer-Encoding: chunked

[
    {
        "Key": "349727",
        "LocalizedName": "New York",
        "Country": {
            "ID": "US",
            "EnglishName": "United States"
        }
    },
    {
        "Key": "328328",
        "LocalizedName": "London",
        "Country": {
            "ID": "GB",
            "EnglishName": "United Kingdom"
        }
    },
    {
        "Key": "294021",
        "LocalizedName": "Minsk",
        "Country": {
            "ID": "BY",
            "EnglishName": "Belarus"
        }
    }
]
HTTP/1.1 200 OK
Content-Type: application/json
Matched-Stub-Id: 55b3e7f5-c1fc-43dc-8017-326e35eae3ca
Vary: Accept-Encoding, User-Agent
Content-Encoding: gzip
Transfer-Encoding: chunked

[
    {
        "Key": "349727",
        "LocalizedName": "New York",
        "Country": {
            "ID": "US",
            "EnglishName": "United States"
        }
    },
    {
        "Key": "328328",
        "LocalizedName": "London",
        "Country": {
            "ID": "GB",
            "EnglishName": "United Kingdom"
        }
    },
    {
        "Key": "294021",
        "LocalizedName": "Minsk",
        "Country": {
            "ID": "BY",
            "EnglishName": "Belarus"
        }
    }
]
HTTP/1.1 200 OK
Content-Type: application/json
Matched-Stub-Id: 55b3e7f5-c1fc-43dc-8017-326e35eae3ca
Vary: Accept-Encoding, User-Agent
Content-Encoding: gzip
Transfer-Encoding: chunked

[
    {
        "Key": "349727",
        "LocalizedName": "New York",
        "Country": {
            "ID": "US",
            "EnglishName": "United States"
        }
    },
    {
        "Key": "328328",
        "LocalizedName": "London",
        "Country": {
            "ID": "GB",
            "EnglishName": "United Kingdom"
        }
    },
    {
        "Key": "294021",
        "LocalizedName": "Minsk",
        "Country": {
            "ID": "BY",
            "EnglishName": "Belarus"
        }
    }
]
HTTP/1.1 200 OK
Content-Type: application/json
Matched-Stub-Id: 55b3e7f5-c1fc-43dc-8017-326e35eae3ca
Vary: Accept-Encoding, User-Agent
Content-Encoding: gzip
Transfer-Encoding: chunked

[
    {
        "Key": "349727",
        "LocalizedName": "New York",
        "Country": {
            "ID": "US",
            "EnglishName": "United States"
        }
    },
    {
        "Key": "328328",
        "LocalizedName": "London",
        "Country": {
            "ID": "GB",
            "EnglishName": "United Kingdom"
        }
    },
    {
        "Key": "294021",
        "LocalizedName": "Minsk",
        "Country": {
            "ID": "BY",
            "EnglishName": "Belarus"
        }
    }
]
HTTP/1.1 200 OK
Content-Type: application/json
Matched-Stub-Id: 55b3e7f5-c1fc-43dc-8017-326e35eae3ca
Vary: Accept-Encoding, User-Agent
Content-Encoding: gzip
Transfer-Encoding: chunked

[
    {
        "Key": "349727",
        "LocalizedName": "New York",
        "Country": {
            "ID": "US",
            "EnglishName": "United States"
        }
    },
    {
        "Key": "328328",
        "LocalizedName": "London",
        "Country": {
            "ID": "GB",
            "EnglishName": "United Kingdom"
        }
    },
    {
        "Key": "294021",
        "LocalizedName": "Minsk",
        "Country": {
            "ID": "BY",
            "EnglishName": "Belarus"
        }
    }
]
HTTP/1.1 200 OK
Content-Type: application/json
Matched-Stub-Id: 55b3e7f5-c1fc-43dc-8017-326e35eae3ca
Vary: Accept-Encoding, User-Agent
Content-Encoding: gzip
Transfer-Encoding: chunked

[
    {
        "Key": "349727",
        "LocalizedName": "New York",
        "Country": {
            "ID": "US",
            "EnglishName": "United States"
        }
    },
    {
        "Key": "328328",
        "LocalizedName": "London",
        "Country": {
            "ID": "GB",
            "EnglishName": "United Kingdom"
        }
    },
    {
        "Key": "294021",
        "LocalizedName": "Minsk",
        "Country": {
            "ID": "BY",
            "EnglishName": "Belarus"
        }
    }
]
HTTP/1.1 200 OK
Content-Type: application/json
Matched-Stub-Id: 55b3e7f5-c1fc-43dc-8017-326e35eae3ca
Vary: Accept-Encoding, User-Agent
Content-Encoding: gzip
Transfer-Encoding: chunked

[
    {
        "Key": "349727",
        "LocalizedName": "New York",
        "Country": {
            "ID": "US",
            "EnglishName": "United States"
        }
    },
    {
        "Key": "328328",
        "LocalizedName": "London",
        "Country": {
            "ID": "GB",
            "EnglishName": "United Kingdom"
        }
    },
    {
        "Key": "294021",
        "LocalizedName": "Minsk",
        "Country": {
            "ID": "BY",
            "EnglishName": "Belarus"
        }
    }
]
HTTP/1.1 200 OK
Content-Type: application/json
Matched-Stub-Id: 55b3e7f5-c1fc-43dc-8017-326e35eae3ca
Vary: Accept-Encoding, User-Agent
Content-Encoding: gzip
Transfer-Encoding: chunked

[
    {
        "Key": "349727",
        "LocalizedName": "New York",
        "Country": {
            "ID": "US",
            "EnglishName": "United States"
        }
    },
    {
        "Key": "328328",
        "LocalizedName": "London",
        "Country": {
            "ID": "GB",
            "EnglishName": "United Kingdom"
        }
    },
    {
        "Key": "294021",
        "LocalizedName": "Minsk",
        "Country": {
            "ID": "BY",
            "EnglishName": "Belarus"
        }
    }
]
HTTP/1.1 200 OK
Content-Type: application/json
Matched-Stub-Id: 55b3e7f5-c1fc-43dc-8017-326e35eae3ca
Vary: Accept-Encoding, User-Agent
Content-Encoding: gzip
Transfer-Encoding: chunked

[
    {
        "Key": "349727",
        "LocalizedName": "New York",
        "Country": {
            "ID": "US",
            "EnglishName": "United States"
        }
    },
    {
        "Key": "328328",
        "LocalizedName": "London",
        "Country": {
            "ID": "GB",
            "EnglishName": "United Kingdom"
        }
    },
    {
        "Key": "294021",
        "LocalizedName": "Minsk",
        "Country": {
            "ID": "BY",
            "EnglishName": "Belarus"
        }
    }
]
HTTP/1.1 200 OK
Content-Type: application/json
Matched-Stub-Id: 55b3e7f5-c1fc-43dc-8017-326e35eae3ca
Vary: Accept-Encoding, User-Agent
Content-Encoding: gzip
Transfer-Encoding: chunked

[
    {
        "Key": "349727",
        "LocalizedName": "New York",
        "Country": {
            "ID": "US",
            "EnglishName": "United States"
        }
    },
    {
        "Key": "328328",
        "LocalizedName": "London",
        "Country": {
            "ID": "GB",
            "EnglishName": "United Kingdom"
        }
    },
    {
        "Key": "294021",
        "LocalizedName": "Minsk",
        "Country": {
            "ID": "BY",
            "EnglishName": "Belarus"
        }
    }
]
HTTP/1.1 200 OK
Content-Type: application/json
Matched-Stub-Id: 55b3e7f5-c1fc-43dc-8017-326e35eae3ca
Vary: Accept-Encoding, User-Agent
Content-Encoding: gzip
Transfer-Encoding: chunked

[
    {
        "Key": "349727",
        "LocalizedName": "New York",
        "Country": {
            "ID": "US",
            "EnglishName": "United States"
        }
    },
    {
        "Key": "328328",
        "LocalizedName": "London",
        "Country": {
            "ID": "GB",
            "EnglishName": "United Kingdom"
        }
    },
    {
        "Key": "294021",
        "LocalizedName": "Minsk",
        "Country": {
            "ID": "BY",
            "EnglishName": "Belarus"
        }
    }
]
HTTP/1.1 200 OK
Content-Type: application/json
Matched-Stub-Id: 55b3e7f5-c1fc-43dc-8017-326e35eae3ca
Vary: Accept-Encoding, User-Agent
Content-Encoding: gzip
Transfer-Encoding: chunked

[
    {
        "Key": "349727",
        "LocalizedName": "New York",
        "Country": {
            "ID": "US",
            "EnglishName": "United States"
        }
    },
    {
        "Key": "328328",
        "LocalizedName": "London",
        "Country": {
            "ID": "GB",
            "EnglishName": "United Kingdom"
        }
    },
    {
        "Key": "294021",
        "LocalizedName": "Minsk",
        "Country": {
            "ID": "BY",
            "EnglishName": "Belarus"
        }
    }
]
HTTP/1.1 200 OK
Content-Type: application/json
Matched-Stub-Id: 55b3e7f5-c1fc-43dc-8017-326e35eae3ca
Vary: Accept-Encoding, User-Agent
Content-Encoding: gzip
Transfer-Encoding: chunked

[
    {
        "Key": "349727",
        "LocalizedName": "New York",
        "Country": {
            "ID": "US",
            "EnglishName": "United States"
        }
    },
    {
        "Key": "328328",
        "LocalizedName": "London",
        "Country": {
            "ID": "GB",
            "EnglishName": "United Kingdom"
        }
    },
    {
        "Key": "294021",
        "LocalizedName": "Minsk",
        "Country": {
            "ID": "BY",
            "EnglishName": "Belarus"
        }
    }
]
HTTP/1.1 200 OK
Content-Type: application/json
Matched-Stub-Id: 55b3e7f5-c1fc-43dc-8017-326e35eae3ca
Vary: Accept-Encoding, User-Agent
Content-Encoding: gzip
Transfer-Encoding: chunked

[
    {
        "Key": "349727",
        "LocalizedName": "New York",
        "Country": {
            "ID": "US",
            "EnglishName": "United States"
        }
    },
    {
        "Key": "328328",
        "LocalizedName": "London",
        "Country": {
            "ID": "GB",
            "EnglishName": "United Kingdom"
        }
    },
    {
        "Key": "294021",
        "LocalizedName": "Minsk",
        "Country": {
            "ID": "BY",
            "EnglishName": "Belarus"
        }
    }
]
HTTP/1.1 200 OK
Content-Type: application/json
Matched-Stub-Id: 55b3e7f5-c1fc-43dc-8017-326e35eae3ca
Vary: Accept-Encoding, User-Agent
Content-Encoding: gzip
Transfer-Encoding: chunked

[
    {
        "Key": "349727",
        "LocalizedName": "New York",
        "Country": {
            "ID": "US",
            "EnglishName": "United States"
        }
    },
    {
        "Key": "328328",
        "LocalizedName": "London",
        "Country": {
            "ID": "GB",
            "EnglishName": "United Kingdom"
        }
    },
    {
        "Key": "294021",
        "LocalizedName": "Minsk",
        "Country": {
            "ID": "BY",
            "EnglishName": "Belarus"
        }
    }
]
HTTP/1.1 200 OK
Content-Type: application/json
Matched-Stub-Id: 55b3e7f5-c1fc-43dc-8017-326e35eae3ca
Vary: Accept-Encoding, User-Agent
Content-Encoding: gzip
Transfer-Encoding: chunked

[
    {
        "Key": "349727",
        "LocalizedName": "New York",
        "Country": {
            "ID": "US",
            "EnglishName": "United States"
        }
    },
    {
        "Key": "328328",
        "LocalizedName": "London",
        "Country": {
            "ID": "GB",
            "EnglishName": "United Kingdom"
        }
    },
    {
        "Key": "294021",
        "LocalizedName": "Minsk",
        "Country": {
            "ID": "BY",
            "EnglishName": "Belarus"
        }
    }
]
HTTP/1.1 200 OK
Content-Type: application/json
Matched-Stub-Id: 55b3e7f5-c1fc-43dc-8017-326e35eae3ca
Vary: Accept-Encoding, User-Agent
Content-Encoding: gzip
Transfer-Encoding: chunked

[
    {
        "Key": "349727",
        "LocalizedName": "New York",
        "Country": {
            "ID": "US",
            "EnglishName": "United States"
        }
    },
    {
        "Key": "328328",
        "LocalizedName": "London",
        "Country": {
            "ID": "GB",
            "EnglishName": "United Kingdom"
        }
    },
    {
        "Key": "294021",
        "LocalizedName": "Minsk",
        "Country": {
            "ID": "BY",
            "EnglishName": "Belarus"
        }
    }
]
HTTP/1.1 200 OK
Content-Type: application/json
Matched-Stub-Id: 55b3e7f5-c1fc-43dc-8017-326e35eae3ca
Vary: Accept-Encoding, User-Agent
Content-Encoding: gzip
Transfer-Encoding: chunked

[
    {
        "Key": "349727",
        "LocalizedName": "New York",
        "Country": {
            "ID": "US",
            "EnglishName": "United States"
        }
    },
    {
        "Key": "328328",
        "LocalizedName": "London",
        "Country": {
            "ID": "GB",
            "EnglishName": "United Kingdom"
        }
    },
    {
        "Key": "294021",
        "LocalizedName": "Minsk",
        "Country": {
            "ID": "BY",
            "EnglishName": "Belarus"
        }
    }
]
HTTP/1.1 200 OK
Content-Type: application/json
Matched-Stub-Id: 55b3e7f5-c1fc-43dc-8017-326e35eae3ca
Vary: Accept-Encoding, User-Agent
Content-Encoding: gzip
Transfer-Encoding: chunked

[
    {
        "Key": "349727",
        "LocalizedName": "New York",
        "Country": {
            "ID": "US",
            "EnglishName": "United States"
        }
    },
    {
        "Key": "328328",
        "LocalizedName": "London",
        "Country": {
            "ID": "GB",
            "EnglishName": "United Kingdom"
        }
    },
    {
        "Key": "294021",
        "LocalizedName": "Minsk",
        "Country": {
            "ID": "BY",
            "EnglishName": "Belarus"
        }
    }
]
HTTP/1.1 200 OK
Content-Type: application/json
Matched-Stub-Id: 55b3e7f5-c1fc-43dc-8017-326e35eae3ca
Vary: Accept-Encoding, User-Agent
Content-Encoding: gzip
Transfer-Encoding: chunked

[
    {
        "Key": "349727",
        "LocalizedName": "New York",
        "Country": {
            "ID": "US",
            "EnglishName": "United States"
        }
    },
    {
        "Key": "328328",
        "LocalizedName": "London",
        "Country": {
            "ID": "GB",
            "EnglishName": "United Kingdom"
        }
    },
    {
        "Key": "294021",
        "LocalizedName": "Minsk",
        "Country": {
            "ID": "BY",
            "EnglishName": "Belarus"
        }
    }
]
HTTP/1.1 200 OK
Content-Type: application/json
Matched-Stub-Id: 55b3e7f5-c1fc-43dc-8017-326e35eae3ca
Vary: Accept-Encoding, User-Agent
Content-Encoding: gzip
Transfer-Encoding: chunked

[
    {
        "Key": "349727",
        "LocalizedName": "New York",
        "Country": {
            "ID": "US",
            "EnglishName": "United States"
        }
    },
    {
        "Key": "328328",
        "LocalizedName": "London",
        "Country": {
            "ID": "GB",
            "EnglishName": "United Kingdom"
        }
    },
    {
        "Key": "294021",
        "LocalizedName": "Minsk",
        "Country": {
            "ID": "BY",
            "EnglishName": "Belarus"
        }
    }
]
HTTP/1.1 200 OK
Content-Type: application/json
Matched-Stub-Id: 55b3e7f5-c1fc-43dc-8017-326e35eae3ca
Vary: Accept-Encoding, User-Agent
Content-Encoding: gzip
Transfer-Encoding: chunked

[
    {
        "Key": "349727",
        "LocalizedName": "New York",
        "Country": {
            "ID": "US",
            "EnglishName": "United States"
        }
    },
    {
        "Key": "328328",
        "LocalizedName": "London",
        "Country": {
            "ID": "GB",
            "EnglishName": "United Kingdom"
        }
    },
    {
        "Key": "294021",
        "LocalizedName": "Minsk",
        "Country": {
            "ID": "BY",
            "EnglishName": "Belarus"
        }
    }
]
HTTP/1.1 200 OK
Content-Type: application/json
Matched-Stub-Id: 55b3e7f5-c1fc-43dc-8017-326e35eae3ca
Vary: Accept-Encoding, User-Agent
Content-Encoding: gzip
Transfer-Encoding: chunked

[
    {
        "Key": "349727",
        "LocalizedName": "New York",
        "Country": {
            "ID": "US",
            "EnglishName": "United States"
        }
    },
    {
        "Key": "328328",
        "LocalizedName": "London",
        "Country": {
            "ID": "GB",
            "EnglishName": "United Kingdom"
        }
    },
    {
        "Key": "294021",
        "LocalizedName": "Minsk",
        "Country": {
            "ID": "BY",
            "EnglishName": "Belarus"
        }
    }
]
HTTP/1.1 200 OK
Content-Type: application/json
Matched-Stub-Id: 55b3e7f5-c1fc-43dc-8017-326e35eae3ca
Vary: Accept-Encoding, User-Agent
Content-Encoding: gzip
Transfer-Encoding: chunked

[
    {
        "Key": "349727",
        "LocalizedName": "New York",
        "Country": {
            "ID": "US",
            "EnglishName": "United States"
        }
    },
    {
        "Key": "328328",
        "LocalizedName": "London",
        "Country": {
            "ID": "GB",
            "EnglishName": "United Kingdom"
        }
    },
    {
        "Key": "294021",
        "LocalizedName": "Minsk",
        "Country": {
            "ID": "BY",
            "EnglishName": "Belarus"
        }
    }
]
]]></system-out>
  </testcase>
  <testcase name="currentConditionsBasic_mock" classname="study.api.AccuWeatherMockTests" time="0.053">
    <system-out><![CDATA[Request method:	GET
Request URI:	http://localhost:54820/currentconditions/v1/294021?apikey=TEST
Proxy:			<none>
Request params:	<none>
Query params:	apikey=TEST
Form params:	<none>
Path params:	<none>
Headers:		Accept=*/*
Cookies:		<none>
Multiparts:		<none>
Body:			<none>
Request method:	GET
Request URI:	http://localhost:54820/currentconditions/v1/294021?apikey=TEST
Proxy:			<none>
Request params:	<none>
Query params:	apikey=TEST
Form params:	<none>
Path params:	<none>
Headers:		Accept=*/*
Cookies:		<none>
Multiparts:		<none>
Body:			<none>
Request method:	GET
Request URI:	http://localhost:54820/currentconditions/v1/294021?apikey=TEST
Proxy:			<none>
Request params:	<none>
Query params:	apikey=TEST
Form params:	<none>
Path params:	<none>
Headers:		Accept=*/*
Cookies:		<none>
Multiparts:		<none>
Body:			<none>
Request method:	GET
Request URI:	http://localhost:54820/currentconditions/v1/294021?apikey=TEST
Proxy:			<none>
Request params:	<none>
Query params:	apikey=TEST
Form params:	<none>
Path params:	<none>
Headers:		Accept=*/*
Cookies:		<none>
Multiparts:		<none>
Body:			<none>
Request method:	GET
Request URI:	http://localhost:54820/currentconditions/v1/294021?apikey=TEST
Proxy:			<none>
Request params:	<none>
Query params:	apikey=TEST
Form params:	<none>
Path params:	<none>
Headers:		Accept=*/*
Cookies:		<none>
Multiparts:		<none>
Body:			<none>
Request method:	GET
Request URI:	http://localhost:54820/currentconditions/v1/294021?apikey=TEST
Proxy:			<none>
Request params:	<none>
Query params:	apikey=TEST
Form params:	<none>
Path params:	<none>
Headers:		Accept=*/*
Cookies:		<none>
Multiparts:		<none>
Body:			<none>
Request method:	GET
Request URI:	http://localhost:54820/currentconditions/v1/294021?apikey=TEST
Proxy:			<none>
Request params:	<none>
Query params:	apikey=TEST
Form params:	<none>
Path params:	<none>
Headers:		Accept=*/*
Cookies:		<none>
Multiparts:		<none>
Body:			<none>
Request method:	GET
Request URI:	http://localhost:54820/currentconditions/v1/294021?apikey=TEST
Proxy:			<none>
Request params:	<none>
Query params:	apikey=TEST
Form params:	<none>
Path params:	<none>
Headers:		Accept=*/*
Cookies:		<none>
Multiparts:		<none>
Body:			<none>
Request method:	GET
Request URI:	http://localhost:54820/currentconditions/v1/294021?apikey=TEST
Proxy:			<none>
Request params:	<none>
Query params:	apikey=TEST
Form params:	<none>
Path params:	<none>
Headers:		Accept=*/*
Cookies:		<none>
Multiparts:		<none>
Body:			<none>
Request method:	GET
Request URI:	http://localhost:54820/currentconditions/v1/294021?apikey=TEST
Proxy:			<none>
Request params:	<none>
Query params:	apikey=TEST
Form params:	<none>
Path params:	<none>
Headers:		Accept=*/*
Cookies:		<none>
Multiparts:		<none>
Body:			<none>
Request method:	GET
Request URI:	http://localhost:54820/currentconditions/v1/294021?apikey=TEST
Proxy:			<none>
Request params:	<none>
Query params:	apikey=TEST
Form params:	<none>
Path params:	<none>
Headers:		Accept=*/*
Cookies:		<none>
Multiparts:		<none>
Body:			<none>
Request method:	GET
Request URI:	http://localhost:54820/currentconditions/v1/294021?apikey=TEST
Proxy:			<none>
Request params:	<none>
Query params:	apikey=TEST
Form params:	<none>
Path params:	<none>
Headers:		Accept=*/*
Cookies:		<none>
Multiparts:		<none>
Body:			<none>
Request method:	GET
Request URI:	http://localhost:54820/currentconditions/v1/294021?apikey=TEST
Proxy:			<none>
Request params:	<none>
Query params:	apikey=TEST
Form params:	<none>
Path params:	<none>
Headers:		Accept=*/*
Cookies:		<none>
Multiparts:		<none>
Body:			<none>
Request method:	GET
Request URI:	http://localhost:54820/currentconditions/v1/294021?apikey=TEST
Proxy:			<none>
Request params:	<none>
Query params:	apikey=TEST
Form params:	<none>
Path params:	<none>
Headers:		Accept=*/*
Cookies:		<none>
Multiparts:		<none>
Body:			<none>
Request method:	GET
Request URI:	http://localhost:54820/currentconditions/v1/294021?apikey=TEST
Proxy:			<none>
Request params:	<none>
Query params:	apikey=TEST
Form params:	<none>
Path params:	<none>
Headers:		Accept=*/*
Cookies:		<none>
Multiparts:		<none>
Body:			<none>
Request method:	GET
Request URI:	http://localhost:54820/currentconditions/v1/294021?apikey=TEST
Proxy:			<none>
Request params:	<none>
Query params:	apikey=TEST
Form params:	<none>
Path params:	<none>
Headers:		Accept=*/*
Cookies:		<none>
Multiparts:		<none>
Body:			<none>
Request method:	GET
Request URI:	http://localhost:54820/currentconditions/v1/294021?apikey=TEST
Proxy:			<none>
Request params:	<none>
Query params:	apikey=TEST
Form params:	<none>
Path params:	<none>
Headers:		Accept=*/*
Cookies:		<none>
Multiparts:		<none>
Body:			<none>
Request method:	GET
Request URI:	http://localhost:54820/currentconditions/v1/294021?apikey=TEST
Proxy:			<none>
Request params:	<none>
Query params:	apikey=TEST
Form params:	<none>
Path params:	<none>
Headers:		Accept=*/*
Cookies:		<none>
Multiparts:		<none>
Body:			<none>
Request method:	GET
Request URI:	http://localhost:54820/currentconditions/v1/294021?apikey=TEST
Proxy:			<none>
Request params:	<none>
Query params:	apikey=TEST
Form params:	<none>
Path params:	<none>
Headers:		Accept=*/*
Cookies:		<none>
Multiparts:		<none>
Body:			<none>
Request method:	GET
Request URI:	http://localhost:54820/currentconditions/v1/294021?apikey=TEST
Proxy:			<none>
Request params:	<none>
Query params:	apikey=TEST
Form params:	<none>
Path params:	<none>
Headers:		Accept=*/*
Cookies:		<none>
Multiparts:		<none>
Body:			<none>
Request method:	GET
Request URI:	http://localhost:54820/currentconditions/v1/294021?apikey=TEST
Proxy:			<none>
Request params:	<none>
Query params:	apikey=TEST
Form params:	<none>
Path params:	<none>
Headers:		Accept=*/*
Cookies:		<none>
Multiparts:		<none>
Body:			<none>
Request method:	GET
Request URI:	http://localhost:54820/currentconditions/v1/294021?apikey=TEST
Proxy:			<none>
Request params:	<none>
Query params:	apikey=TEST
Form params:	<none>
Path params:	<none>
Headers:		Accept=*/*
Cookies:		<none>
Multiparts:		<none>
Body:			<none>
Request method:	GET
Request URI:	http://localhost:54820/currentconditions/v1/294021?apikey=TEST
Proxy:			<none>
Request params:	<none>
Query params:	apikey=TEST
Form params:	<none>
Path params:	<none>
Headers:		Accept=*/*
Cookies:		<none>
Multiparts:		<none>
Body:			<none>
Request method:	GET
Request URI:	http://localhost:54820/currentconditions/v1/294021?apikey=TEST
Proxy:			<none>
Request params:	<none>
Query params:	apikey=TEST
Form params:	<none>
Path params:	<none>
Headers:		Accept=*/*
Cookies:		<none>
Multiparts:		<none>
Body:			<none>
Request method:	GET
Request URI:	http://localhost:54820/currentconditions/v1/294021?apikey=TEST
Proxy:			<none>
Request params:	<none>
Query params:	apikey=TEST
Form params:	<none>
Path params:	<none>
Headers:		Accept=*/*
Cookies:		<none>
Multiparts:		<none>
Body:			<none>
Request method:	GET
Request URI:	http://localhost:54820/currentconditions/v1/294021?apikey=TEST
Proxy:			<none>
Request params:	<none>
Query params:	apikey=TEST
Form params:	<none>
Path params:	<none>
Headers:		Accept=*/*
Cookies:		<none>
Multiparts:		<none>
Body:			<none>
Request method:	GET
Request URI:	http://localhost:54820/currentconditions/v1/294021?apikey=TEST
Proxy:			<none>
Request params:	<none>
Query params:	apikey=TEST
Form params:	<none>
Path params:	<none>
Headers:		Accept=*/*
Cookies:		<none>
Multiparts:		<none>
Body:			<none>
Request method:	GET
Request URI:	http://localhost:54820/currentconditions/v1/294021?apikey=TEST
Proxy:			<none>
Request params:	<none>
Query params:	apikey=TEST
Form params:	<none>
Path params:	<none>
Headers:		Accept=*/*
Cookies:		<none>
Multiparts:		<none>
Body:			<none>
Request method:	GET
Request URI:	http://localhost:54820/currentconditions/v1/294021?apikey=TEST
Proxy:			<none>
Request params:	<none>
Query params:	apikey=TEST
Form params:	<none>
Path params:	<none>
Headers:		Accept=*/*
Cookies:		<none>
Multiparts:		<none>
Body:			<none>
Request method:	GET
Request URI:	http://localhost:54820/currentconditions/v1/294021?apikey=TEST
Proxy:			<none>
Request params:	<none>
Query params:	apikey=TEST
Form params:	<none>
Path params:	<none>
Headers:		Accept=*/*
Cookies:		<none>
Multiparts:		<none>
Body:			<none>
Request method:	GET
Request URI:	http://localhost:54820/currentconditions/v1/294021?apikey=TEST
Proxy:			<none>
Request params:	<none>
Query params:	apikey=TEST
Form params:	<none>
Path params:	<none>
Headers:		Accept=*/*
Cookies:		<none>
Multiparts:		<none>
Body:			<none>
Request method:	GET
Request URI:	http://localhost:54820/currentconditions/v1/294021?apikey=TEST
Proxy:			<none>
Request params:	<none>
Query params:	apikey=TEST
Form params:	<none>
Path params:	<none>
Headers:		Accept=*/*
Cookies:		<none>
Multiparts:		<none>
Body:			<none>
Request method:	GET
Request URI:	http://localhost:54820/currentconditions/v1/294021?apikey=TEST
Proxy:			<none>
Request params:	<none>
Query params:	apikey=TEST
Form params:	<none>
Path params:	<none>
Headers:		Accept=*/*
Cookies:		<none>
Multiparts:		<none>
Body:			<none>
Request method:	GET
Request URI:	http://localhost:54820/currentconditions/v1/294021?apikey=TEST
Proxy:			<none>
Request params:	<none>
Query params:	apikey=TEST
Form params:	<none>
Path params:	<none>
Headers:		Accept=*/*
Cookies:		<none>
Multiparts:		<none>
Body:			<none>
Request method:	GET
Request URI:	http://localhost:54820/currentconditions/v1/294021?apikey=TEST
Proxy:			<none>
Request params:	<none>
Query params:	apikey=TEST
Form params:	<none>
Path params:	<none>
Headers:		Accept=*/*
Cookies:		<none>
Multiparts:		<none>
Body:			<none>
Request method:	GET
Request URI:	http://localhost:54820/currentconditions/v1/294021?apikey=TEST
Proxy:			<none>
Request params:	<none>
Query params:	apikey=TEST
Form params:	<none>
Path params:	<none>
Headers:		Accept=*/*
Cookies:		<none>
Multiparts:		<none>
Body:			<none>
Request method:	GET
Request URI:	http://localhost:54820/currentconditions/v1/294021?apikey=TEST
Proxy:			<none>
Request params:	<none>
Query params:	apikey=TEST
Form params:	<none>
Path params:	<none>
Headers:		Accept=*/*
Cookies:		<none>
Multiparts:		<none>
Body:			<none>
HTTP/1.1 200 OK
Content-Type: application/json
Matched-Stub-Id: cb71fcf4-13eb-4fd5-a9ed-400194fbd8be
Vary: Accept-Encoding, User-Agent
Content-Encoding: gzip
Transfer-Encoding: chunked

[
    {
        "LocalObservationDateTime": "2024-01-01T10:00:00+03:00",
        "WeatherText": "Cloudy",
        "Temperature": {
            "Metric": {
                "Value": 1,
                "Unit": "C"
            }
        }
    }
]
HTTP/1.1 200 OK
Content-Type: application/json
Matched-Stub-Id: cb71fcf4-13eb-4fd5-a9ed-400194fbd8be
Vary: Accept-Encoding, User-Agent
Content-Encoding: gzip
Transfer-Encoding: chunked

[
    {
        "LocalObservationDateTime": "2024-01-01T10:00:00+03:00",
        "WeatherText": "Cloudy",
        "Temperature": {
            "Metric": {
                "Value": 1,
                "Unit": "C"
            }
        }
    }
]
HTTP/1.1 200 OK
Content-Type: application/json
Matched-Stub-Id: cb71fcf4-13eb-4fd5-a9ed-400194fbd8be
Vary: Accept-Encoding, User-Agent
Content-Encoding: gzip
Transfer-Encoding: chunked

[
    {
        "LocalObservationDateTime": "2024-01-01T10:00:00+03:00",
        "WeatherText": "Cloudy",
        "Temperature": {
            "Metric": {
                "Value": 1,
                "Unit": "C"
            }
        }
    }
]
HTTP/1.1 200 OK
Content-Type: application/json
Matched-Stub-Id: cb71fcf4-13eb-4fd5-a9ed-400194fbd8be
Vary: Accept-Encoding, User-Agent
Content-Encoding: gzip
Transfer-Encoding: chunked

[
    {
        "LocalObservationDateTime": "2024-01-01T10:00:00+03:00",
        "WeatherText": "Cloudy",
        "Temperature": {
            "Metric": {
                "Value": 1,
                "Unit": "C"
            }
        }
    }
]
HTTP/1.1 200 OK
Content-Type: application/json
Matched-Stub-Id: cb71fcf4-13eb-4fd5-a9ed-400194fbd8be
Vary: Accept-Encoding, User-Agent
Content-Encoding: gzip
Transfer-Encoding: chunked

[
    {
        "LocalObservationDateTime": "2024-01-01T10:00:00+03:00",
        "WeatherText": "Cloudy",
        "Temperature": {
            "Metric": {
                "Value": 1,
                "Unit": "C"
            }
        }
    }
]
HTTP/1.1 200 OK
Content-Type: application/json
Matched-Stub-Id: cb71fcf4-13eb-4fd5-a9ed-400194fbd8be
Vary: Accept-Encoding, User-Agent
Content-Encoding: gzip
Transfer-Encoding: chunked

[
    {
        "LocalObservationDateTime": "2024-01-01T10:00:00+03:00",
        "WeatherText": "Cloudy",
        "Temperature": {
            "Metric": {
                "Value": 1,
                "Unit": "C"
            }
        }
    }
]
HTTP/1.1 200 OK
Content-Type: application/json
Matched-Stub-Id: cb71fcf4-13eb-4fd5-a9ed-400194fbd8be
Vary: Accept-Encoding, User-Agent
Content-Encoding: gzip
Transfer-Encoding: chunked

[
    {
        "LocalObservationDateTime": "2024-01-01T10:00:00+03:00",
        "WeatherText": "Cloudy",
        "Temperature": {
            "Metric": {
                "Value": 1,
                "Unit": "C"
            }
        }
    }
]
HTTP/1.1 200 OK
Content-Type: application/json
Matched-Stub-Id: cb71fcf4-13eb-4fd5-a9ed-400194fbd8be
Vary: Accept-Encoding, User-Agent
Content-Encoding: gzip
Transfer-Encoding: chunked

[
    {
        "LocalObservationDateTime": "2024-01-01T10:00:00+03:00",
        "WeatherText": "Cloudy",
        "Temperature": {
            "Metric": {
                "Value": 1,
                "Unit": "C"
            }
        }
    }
]
HTTP/1.1 200 OK
Content-Type: application/json
Matched-Stub-Id: cb71fcf4-13eb-4fd5-a9ed-400194fbd8be
Vary: Accept-Encoding, User-Agent
Content-Encoding: gzip
Transfer-Encoding: chunked

[
    {
        "LocalObservationDateTime": "2024-01-01T10:00:00+03:00",
        "WeatherText": "Cloudy",
        "Temperature": {
            "Metric": {
                "Value": 1,
                "Unit": "C"
            }
        }
    }
]
HTTP/1.1 200 OK
Content-Type: application/json
Matched-Stub-Id: cb71fcf4-13eb-4fd5-a9ed-400194fbd8be
Vary: Accept-Encoding, User-Agent
Content-Encoding: gzip
Transfer-Encoding: chunked

[
    {
        "LocalObservationDateTime": "2024-01-01T10:00:00+03:00",
        "WeatherText": "Cloudy",
        "Temperature": {
            "Metric": {
                "Value": 1,
                "Unit": "C"
            }
        }
    }
]
HTTP/1.1 200 OK
Content-Type: application/json
Matched-Stub-Id: cb71fcf4-13eb-4fd5-a9ed-400194fbd8be
Vary: Accept-Encoding, User-Agent
Content-Encoding: gzip
Transfer-Encoding: chunked

[
    {
        "LocalObservationDateTime": "2024-01-01T10:00:00+03:00",
        "WeatherText": "Cloudy",
        "Temperature": {
            "Metric": {
                "Value": 1,
                "Unit": "C"
            }
        }
    }
]
HTTP/1.1 200 OK
Content-Type: application/json
Matched-Stub-Id: cb71fcf4-13eb-4fd5-a9ed-400194fbd8be
Vary: Accept-Encoding, User-Agent
Content-Encoding: gzip
Transfer-Encoding: chunked

[
    {
        "LocalObservationDateTime": "2024-01-01T10:00:00+03:00",
        "WeatherText": "Cloudy",
        "Temperature": {
            "Metric": {
                "Value": 1,
                "Unit": "C"
            }
        }
    }
]
HTTP/1.1 200 OK
Content-Type: application/json
Matched-Stub-Id: cb71fcf4-13eb-4fd5-a9ed-400194fbd8be
Vary: Accept-Encoding, User-Agent
Content-Encoding: gzip
Transfer-Encoding: chunked

[
    {
        "LocalObservationDateTime": "2024-01-01T10:00:00+03:00",
        "WeatherText": "Cloudy",
        "Temperature": {
            "Metric": {
                "Value": 1,
                "Unit": "C"
            }
        }
    }
]
HTTP/1.1 200 OK
Content-Type: application/json
Matched-Stub-Id: cb71fcf4-13eb-4fd5-a9ed-400194fbd8be
Vary: Accept-Encoding, User-Agent
Content-Encoding: gzip
Transfer-Encoding: chunked

[
    {
        "LocalObservationDateTime": "2024-01-01T10:00:00+03:00",
        "WeatherText": "Cloudy",
        "Temperature": {
            "Metric": {
                "Value": 1,
                "Unit": "C"
            }
        }
    }
]
HTTP/1.1 200 OK
Content-Type: application/json
Matched-Stub-Id: cb71fcf4-13eb-4fd5-a9ed-400194fbd8be
Vary: Accept-Encoding, User-Agent
Content-Encoding: gzip
Transfer-Encoding: chunked

[
    {
        "LocalObservationDateTime": "2024-01-01T10:00:00+03:00",
        "WeatherText": "Cloudy",
        "Temperature": {
            "Metric": {
                "Value": 1,
                "Unit": "C"
            }
        }
    }
]
HTTP/1.1 200 OK
Content-Type: application/json
Matched-Stub-Id: cb71fcf4-13eb-4fd5-a9ed-400194fbd8be
Vary: Accept-Encoding, User-Agent
Content-Encoding: gzip
Transfer-Encoding: chunked

[
    {
        "LocalObservationDateTime": "2024-01-01T10:00:00+03:00",
        "WeatherText": "Cloudy",
        "Temperature": {
            "Metric": {
                "Value": 1,
                "Unit": "C"
            }
        }
    }
]
HTTP/1.1 200 OK
Content-Type: application/json
Matched-Stub-Id: cb71fcf4-13eb-4fd5-a9ed-400194fbd8be
Vary: Accept-Encoding, User-Agent
Content-Encoding: gzip
Transfer-Encoding: chunked

[
    {
        "LocalObservationDateTime": "2024-01-01T10:00:00+03:00",
        "WeatherText": "Cloudy",
        "Temperature": {
            "Metric": {
                "Value": 1,
                "Unit": "C"
            }
        }
    }
]
HTTP/1.1 200 OK
Content-Type: application/json
Matched-Stub-Id: cb71fcf4-13eb-4fd5-a9ed-400194fbd8be
Vary: Accept-Encoding, User-Agent
Content-Encoding: gzip
Transfer-Encoding: chunked

[
    {
        "LocalObservationDateTime": "2024-01-01T10:00:00+03:00",
        "WeatherText": "Cloudy",
        "Temperature": {
            "Metric": {
                "Value": 1,
                "Unit": "C"
            }
        }
    }
]
HTTP/1.1 200 OK
Content-Type: application/json
Matched-Stub-Id: cb71fcf4-13eb-4fd5-a9ed-400194fbd8be
Vary: Accept-Encoding, User-Agent
Content-Encoding: gzip
Transfer-Encoding: chunked

[
    {
        "LocalObservationDateTime": "2024-01-01T10:00:00+03:00",
        "WeatherText": "Cloudy",
        "Temperature": {
            "Metric": {
                "Value": 1,
                "Unit": "C"
            }
        }
    }
]
HTTP/1.1 200 OK
Content-Type: application/json
Matched-Stub-Id: cb71fcf4-13eb-4fd5-a9ed-400194fbd8be
Vary: Accept-Encoding, User-Agent
Content-Encoding: gzip
Transfer-Encoding: chunked

[
    {
        "LocalObservationDateTime": "2024-01-01T10:00:00+03:00",
        "WeatherText": "Cloudy",
        "Temperature": {
            "Metric": {
                "Value": 1,
                "Unit": "C"
            }
        }
    }
]
HTTP/1.1 200 OK
Content-Type: application/json
Matched-Stub-Id: cb71fcf4-13eb-4fd5-a9ed-400194fbd8be
Vary: Accept-Encoding, User-Agent
Content-Encoding: gzip
Transfer-Encoding: chunked

[
    {
        "LocalObservationDateTime": "2024-01-01T10:00:00+03:00",
        "WeatherText": "Cloudy",
        "Temperature": {
            "Metric": {
                "Value": 1,
                "Unit": "C"
            }
        }
    }
]
HTTP/1.1 200 OK
Content-Type: application/json
Matched-Stub-Id: cb71fcf4-13eb-4fd5-a9ed-400194fbd8be
Vary: Accept-Encoding, User-Agent
Content-Encoding: gzip
Transfer-Encoding: chunked

[
    {
        "LocalObservationDateTime": "2024-01-01T10:00:00+03:00",
        "WeatherText": "Cloudy",
        "Temperature": {
            "Metric": {
                "Value": 1,
                "Unit": "C"
            }
        }
    }
]
HTTP/1.1 200 OK
Content-Type: application/json
Matched-Stub-Id: cb71fcf4-13eb-4fd5-a9ed-400194fbd8be
Vary: Accept-Encoding, User-Agent
Content-Encoding: gzip
Transfer-Encoding: chunked

[
    {
        "LocalObservationDateTime": "2024-01-01T10:00:00+03:00",
        "WeatherText": "Cloudy",
        "Temperature": {
            "Metric": {
                "Value": 1,
                "Unit": "C"
            }
        }
    }
]
HTTP/1.1 200 OK
Content-Type: application/json
Matched-Stub-Id: cb71fcf4-13eb-4fd5-a9ed-400194fbd8be
Vary: Accept-Encoding, User-Agent
Content-Encoding: gzip
Transfer-Encoding: chunked

[
    {
        "LocalObservationDateTime": "2024-01-01T10:00:00+03:00",
        "WeatherText": "Cloudy",
        "Temperature": {
            "Metric": {
                "Value": 1,
                "Unit": "C"
            }
        }
    }
]
HTTP/1.1 200 OK
Content-Type: application/json
Matched-Stub-Id: cb71fcf4-13eb-4fd5-a9ed-400194fbd8be
Vary: Accept-Encoding, User-Agent
Content-Encoding: gzip
Transfer-Encoding: chunked

[
    {
        "LocalObservationDateTime": "2024-01-01T10:00:00+03:00",
        "WeatherText": "Cloudy",
        "Temperature": {
            "Metric": {
                "Value": 1,
                "Unit": "C"
            }
        }
    }
]
HTTP/1.1 200 OK
Content-Type: application/json
Matched-Stub-Id: cb71fcf4-13eb-4fd5-a9ed-400194fbd8be
Vary: Accept-Encoding, User-Agent
Content-Encoding: gzip
Transfer-Encoding: chunked

[
    {
        "LocalObservationDateTime": "2024-01-01T10:00:00+03:00",
        "WeatherText": "Cloudy",
        "Temperature": {
            "Metric": {
                "Value": 1,
                "Unit": "C"
            }
        }
    }
]
HTTP/1.1 200 OK
Content-Type: application/json
Matched-Stub-Id: cb71fcf4-13eb-4fd5-a9ed-400194fbd8be
Vary: Accept-Encoding, User-Agent
Content-Encoding: gzip
Transfer-Encoding: chunked

[
    {
        "LocalObservationDateTime": "2024-01-01T10:00:00+03:00",
        "WeatherText": "Cloudy",
        "Temperature": {
            "Metric": {
                "Value": 1,
                "Unit": "C"
            }
        }
    }
]
HTTP/1.1 200 OK
Content-Type: application/json
Matched-Stub-Id: cb71fcf4-13eb-4fd5-a9ed-400194fbd8be
Vary: Accept-Encoding, User-Agent
Content-Encoding: gzip
Transfer-Encoding: chunked

[
    {
        "LocalObservationDateTime": "2024-01-01T10:00:00+03:00",
        "WeatherText": "Cloudy",
        "Temperature": {
            "Metric": {
                "Value": 1,
                "Unit": "C"
            }
        }
    }
]
HTTP/1.1 200 OK
Content-Type: application/json
Matched-Stub-Id: cb71fcf4-13eb-4fd5-a9ed-400194fbd8be
Vary: Accept-Encoding, User-Agent
Content-Encoding: gzip
Transfer-Encoding: chunked

[
    {
        "LocalObservationDateTime": "2024-01-01T10:00:00+03:00",
        "WeatherText": "Cloudy",
        "Temperature": {
            "Metric": {
                "Value": 1,
                "Unit": "C"
            }
        }
    }
]
HTTP/1.1 200 OK
Content-Type: application/json
Matched-Stub-Id: cb71fcf4-13eb-4fd5-a9ed-400194fbd8be
Vary: Accept-Encoding, User-Agent
Content-Encoding: gzip
Transfer-Encoding: chunked

[
    {
        "LocalObservationDateTime": "2024-01-01T10:00:00+03:00",
        "WeatherText": "Cloudy",
        "Temperature": {
            "Metric": {
                "Value": 1,
                "Unit": "C"
            }
        }
    }
]
HTTP/1.1 200 OK
Content-Type: application/json
Matched-Stub-Id: cb71fcf4-13eb-4fd5-a9ed-400194fbd8be
Vary: Accept-Encoding, User-Agent
Content-Encoding: gzip
Transfer-Encoding: chunked

[
    {
        "LocalObservationDateTime": "2024-01-01T10:00:00+03:00",
        "WeatherText": "Cloudy",
        "Temperature": {
            "Metric": {
                "Value": 1,
                "Unit": "C"
            }
        }
    }
]
HTTP/1.1 200 OK
Content-Type: application/json
Matched-Stub-Id: cb71fcf4-13eb-4fd5-a9ed-400194fbd8be
Vary: Accept-Encoding, User-Agent
Content-Encoding: gzip
Transfer-Encoding: chunked

[
    {
        "LocalObservationDateTime": "2024-01-01T10:00:00+03:00",
        "WeatherText": "Cloudy",
        "Temperature": {
            "Metric": {
                "Value": 1,
                "Unit": "C"
            }
        }
    }
]
HTTP/1.1 200 OK
Content-Type: application/json
Matched-Stub-Id: cb71fcf4-13eb-4fd5-a9ed-400194fbd8be
Vary: Accept-Encoding, User-Agent
Content-Encoding: gzip
Transfer-Encoding: chunked

[
    {
        "LocalObservationDateTime": "2024-01-01T10:00:00+03:00",
        "WeatherText": "Cloudy",
        "Temperature": {
            "Metric": {
                "Value": 1,
                "Unit": "C"
            }
        }
    }
]
HTTP/1.1 200 OK
Content-Type: application/json
Matched-Stub-Id: cb71fcf4-13eb-4fd5-a9ed-400194fbd8be
Vary: Accept-Encoding, User-Agent
Content-Encoding: gzip
Transfer-Encoding: chunked

[
    {
        "LocalObservationDateTime": "2024-01-01T10:00:00+03:00",
        "WeatherText": "Cloudy",
        "Temperature": {
            "Metric": {
                "Value": 1,
                "Unit": "C"
            }
        }
    }
]
HTTP/1.1 200 OK
Content-Type: application/json
Matched-Stub-Id: cb71fcf4-13eb-4fd5-a9ed-400194fbd8be
Vary: Accept-Encoding, User-Agent
Content-Encoding: gzip
Transfer-Encoding: chunked

[
    {
        "LocalObservationDateTime": "2024-01-01T10:00:00+03:00",
        "WeatherText": "Cloudy",
        "Temperature": {
            "Metric": {
                "Value": 1,
                "Unit": "C"
            }
        }
    }
]
HTTP/1.1 200 OK
Content-Type: application/json
Matched-Stub-Id: cb71fcf4-13eb-4fd5-a9ed-400194fbd8be
Vary: Accept-Encoding, User-Agent
Content-Encoding: gzip
Transfer-Encoding: chunked

[
    {
        "LocalObservationDateTime": "2024-01-01T10:00:00+03:00",
        "WeatherText": "Cloudy",
        "Temperature": {
            "Metric": {
                "Value": 1,
                "Unit": "C"
            }
        }
    }
]
HTTP/1.1 200 OK
Content-Type: application/json
Matched-Stub-Id: cb71fcf4-13eb-4fd5-a9ed-400194fbd8be
Vary: Accept-Encoding, User-Agent
Content-Encoding: gzip
Transfer-Encoding: chunked

[
    {
        "LocalObservationDateTime": "2024-01-01T10:00:00+03:00",
        "WeatherText": "Cloudy",
        "Temperature": {
            "Metric": {
                "Value": 1,
                "Unit": "C"
            }
        }
    }
]
]]></system-out>
  </testcase>
  <testcase name="currentConditionsDetails_mock" classname="study.api.AccuWeatherMockTests" time="0.069">
    <system-out><![CDATA[Request method:	GET
Request URI:	http://localhost:54820/currentconditions/v1/294021?apikey=TEST&details=true
Proxy:			<none>
Request params:	<none>
Query params:	apikey=TEST
				details=true
Form params:	<none>
Path params:	<none>
Headers:		Accept=*/*
Cookies:		<none>
Multiparts:		<none>
Body:			<none>
Request method:	GET
Request URI:	http://localhost:54820/currentconditions/v1/294021?apikey=TEST&details=true
Proxy:			<none>
Request params:	<none>
Query params:	apikey=TEST
				details=true
Form params:	<none>
Path params:	<none>
Headers:		Accept=*/*
Cookies:		<none>
Multiparts:		<none>
Body:			<none>
Request method:	GET
Request URI:	http://localhost:54820/currentconditions/v1/294021?apikey=TEST&details=true
Proxy:			<none>
Request params:	<none>
Query params:	apikey=TEST
				details=true
Form params:	<none>
Path params:	<none>
Headers:		Accept=*/*
Cookies:		<none>
Multiparts:		<none>
Body:			<none>
Request method:	GET
Request URI:	http://localhost:54820/currentconditions/v1/294021?apikey=TEST&details=true
Proxy:			<none>
Request params:	<none>
Query params:	apikey=TEST
				details=true
Form params:	<none>
Path params:	<none>
Headers:		Accept=*/*
Cookies:		<none>
Multiparts:		<none>
Body:			<none>
Request method:	GET
Request URI:	http://localhost:54820/currentconditions/v1/294021?apikey=TEST&details=true
Proxy:			<none>
Request params:	<none>
Query params:	apikey=TEST
				details=true
Form params:	<none>
Path params:	<none>
Headers:		Accept=*/*
Cookies:		<none>
Multiparts:		<none>
Body:			<none>
Request method:	GET
Request URI:	http://localhost:54820/currentconditions/v1/294021?apikey=TEST&details=true
Proxy:			<none>
Request params:	<none>
Query params:	apikey=TEST
				details=true
Form params:	<none>
Path params:	<none>
Headers:		Accept=*/*
Cookies:		<none>
Multiparts:		<none>
Body:			<none>
Request method:	GET
Request URI:	http://localhost:54820/currentconditions/v1/294021?apikey=TEST&details=true
Proxy:			<none>
Request params:	<none>
Query params:	apikey=TEST
				details=true
Form params:	<none>
Path params:	<none>
Headers:		Accept=*/*
Cookies:		<none>
Multiparts:		<none>
Body:			<none>
Request method:	GET
Request URI:	http://localhost:54820/currentconditions/v1/294021?apikey=TEST&details=true
Proxy:			<none>
Request params:	<none>
Query params:	apikey=TEST
				details=true
Form params:	<none>
Path params:	<none>
Headers:		Accept=*/*
Cookies:		<none>
Multiparts:		<none>
Body:			<none>
Request method:	GET
Request URI:	http://localhost:54820/currentconditions/v1/294021?apikey=TEST&details=true
Proxy:			<none>
Request params:	<none>
Query params:	apikey=TEST
				details=true
Form params:	<none>
Path params:	<none>
Headers:		Accept=*/*
Cookies:		<none>
Multiparts:		<none>
Body:			<none>
Request method:	GET
Request URI:	http://localhost:54820/currentconditions/v1/294021?apikey=TEST&details=true
Proxy:			<none>
Request params:	<none>
Query params:	apikey=TEST
				details=true
Form params:	<none>
Path params:	<none>
Headers:		Accept=*/*
Cookies:		<none>
Multiparts:		<none>
Body:			<none>
Request method:	GET
Request URI:	http://localhost:54820/currentconditions/v1/294021?apikey=TEST&details=true
Proxy:			<none>
Request params:	<none>
Query params:	apikey=TEST
				details=true
Form params:	<none>
Path params:	<none>
Headers:		Accept=*/*
Cookies:		<none>
Multiparts:		<none>
Body:			<none>
Request method:	GET
Request URI:	http://localhost:54820/currentconditions/v1/294021?apikey=TEST&details=true
Proxy:			<none>
Request params:	<none>
Query params:	apikey=TEST
				details=true
Form params:	<none>
Path params:	<none>
Headers:		Accept=*/*
Cookies:		<none>
Multiparts:		<none>
Body:			<none>
Request method:	GET
Request URI:	http://localhost:54820/currentconditions/v1/294021?apikey=TEST&details=true
Proxy:			<none>
Request params:	<none>
Query params:	apikey=TEST
				details=true
Form params:	<none>
Path params:	<none>
Headers:		Accept=*/*
Cookies:		<none>
Multiparts:		<none>
Body:			<none>
Request method:	GET
Request URI:	http://localhost:54820/currentconditions/v1/294021?apikey=TEST&details=true
Proxy:			<none>
Request params:	<none>
Query params:	apikey=TEST
				details=true
Form params:	<none>
Path params:	<none>
Headers:		Accept=*/*
Cookies:		<none>
Multiparts:		<none>
Body:			<none>
Request method:	GET
Request URI:	http://localhost:54820/currentconditions/v1/294021?apikey=TEST&details=true
Proxy:			<none>
Request params:	<none>
Query params:	apikey=TEST
				details=true
Form params:	<none>
Path params:	<none>
Headers:		Accept=*/*
Cookies:		<none>
Multiparts:		<none>
Body:			<none>
Request method:	GET
Request URI:	http://localhost:54820/currentconditions/v1/294021?apikey=TEST&details=true
Proxy:			<none>
Request params:	<none>
Query params:	apikey=TEST
				details=true
Form params:	<none>
Path params:	<none>
Headers:		Accept=*/*
Cookies:		<none>
Multiparts:		<none>
Body:			<none>
Request method:	GET
Request URI:	http://localhost:54820/currentconditions/v1/294021?apikey=TEST&details=true
Proxy:			<none>
Request params:	<none>
Query params:	apikey=TEST
				details=true
Form params:	<none>
Path params:	<none>
Headers:		Accept=*/*
Cookies:		<none>
Multiparts:		<none>
Body:			<none>
Request method:	GET
Request URI:	http://localhost:54820/currentconditions/v1/294021?apikey=TEST&details=true
Proxy:			<none>
Request params:	<none>
Query params:	apikey=TEST
				details=true
Form params:	<none>
Path params:	<none>
Headers:		Accept=*/*
Cookies:		<none>
Multiparts:		<none>
Body:			<none>
Request method:	GET
Request URI:	http://localhost:54820/currentconditions/v1/294021?apikey=TEST&details=true
Proxy:			<none>
Request params:	<none>
Query params:	apikey=TEST
				details=true
Form params:	<none>
Path params:	<none>
Headers:		Accept=*/*
Cookies:		<none>
Multiparts:		<none>
Body:			<none>
Request method:	GET
Request URI:	http://localhost:54820/currentconditions/v1/294021?apikey=TEST&details=true
Proxy:			<none>
Request params:	<none>
Query params:	apikey=TEST
				details=true
Form params:	<none>
Path params:	<none>
Headers:		Accept=*/*
Cookies:		<none>
Multiparts:		<none>
Body:			<none>
Request method:	GET
Request URI:	http://localhost:54820/currentconditions/v1/294021?apikey=TEST&details=true
Proxy:			<none>
Request params:	<none>
Query params:	apikey=TEST
				details=true
Form params:	<none>
Path params:	<none>
Headers:		Accept=*/*
Cookies:		<none>
Multiparts:		<none>
Body:			<none>
Request method:	GET
Request URI:	http://localhost:54820/currentconditions/v1/294021?apikey=TEST&details=true
Proxy:			<none>
Request params:	<none>
Query params:	apikey=TEST
				details=true
Form params:	<none>
Path params:	<none>
Headers:		Accept=*/*
Cookies:		<none>
Multiparts:		<none>
Body:			<none>
Request method:	GET
Request URI:	http://localhost:54820/currentconditions/v1/294021?apikey=TEST&details=true
Proxy:			<none>
Request params:	<none>
Query params:	apikey=TEST
				details=true
Form params:	<none>
Path params:	<none>
Headers:		Accept=*/*
Cookies:		<none>
Multiparts:		<none>
Body:			<none>
Request method:	GET
Request URI:	http://localhost:54820/currentconditions/v1/294021?apikey=TEST&details=true
Proxy:			<none>
Request params:	<none>
Query params:	apikey=TEST
				details=true
Form params:	<none>
Path params:	<none>
Headers:		Accept=*/*
Cookies:		<none>
Multiparts:		<none>
Body:			<none>
Request method:	GET
Request URI:	http://localhost:54820/currentconditions/v1/294021?apikey=TEST&details=true
Proxy:			<none>
Request params:	<none>
Query params:	apikey=TEST
				details=true
Form params:	<none>
Path params:	<none>
Headers:		Accept=*/*
Cookies:		<none>
Multiparts:		<none>
Body:			<none>
Request method:	GET
Request URI:	http://localhost:54820/currentconditions/v1/294021?apikey=TEST&details=true
Proxy:			<none>
Request params:	<none>
Query params:	apikey=TEST
				details=true
Form params:	<none>
Path params:	<none>
Headers:		Accept=*/*
Cookies:		<none>
Multiparts:		<none>
Body:			<none>
Request method:	GET
Request URI:	http://localhost:54820/currentconditions/v1/294021?apikey=TEST&details=true
Proxy:			<none>
Request params:	<none>
Query params:	apikey=TEST
				details=true
Form params:	<none>
Path params:	<none>
Headers:		Accept=*/*
Cookies:		<none>
Multiparts:		<none>
Body:			<none>
Request method:	GET
Request URI:	http://localhost:54820/currentconditions/v1/294021?apikey=TEST&details=true
Proxy:			<none>
Request params:	<none>
Query params:	apikey=TEST
				details=true
Form params:	<none>
Path params:	<none>
Headers:		Accept=*/*
Cookies:		<none>
Multiparts:		<none>
Body:			<none>
Request method:	GET
Request URI:	http://localhost:54820/currentconditions/v1/294021?apikey=TEST&details=true
Proxy:			<none>
Request params:	<none>
Query params:	apikey=TEST
				details=true
Form params:	<none>
Path params:	<none>
Headers:		Accept=*/*
Cookies:		<none>
Multiparts:		<none>
Body:			<none>
Request method:	GET
Request URI:	http://localhost:54820/currentconditions/v1/294021?apikey=TEST&details=true
Proxy:			<none>
Request params:	<none>
Query params:	apikey=TEST
				details=true
Form params:	<none>
Path params:	<none>
Headers:		Accept=*/*
Cookies:		<none>
Multiparts:		<none>
Body:			<none>
Request method:	GET
Request URI:	http://localhost:54820/currentconditions/v1/294021?apikey=TEST&details=true
Proxy:			<none>
Request params:	<none>
Query params:	apikey=TEST
				details=true
Form params:	<none>
Path params:	<none>
Headers:		Accept=*/*
Cookies:		<none>
Multiparts:		<none>
Body:			<none>
Request method:	GET
Request URI:	http://localhost:54820/currentconditions/v1/294021?apikey=TEST&details=true
Proxy:			<none>
Request params:	<none>
Query params:	apikey=TEST
				details=true
Form params:	<none>
Path params:	<none>
Headers:		Accept=*/*
Cookies:		<none>
Multiparts:		<none>
Body:			<none>
Request method:	GET
Request URI:	http://localhost:54820/currentconditions/v1/294021?apikey=TEST&details=true
Proxy:			<none>
Request params:	<none>
Query params:	apikey=TEST
				details=true
Form params:	<none>
Path params:	<none>
Headers:		Accept=*/*
Cookies:		<none>
Multiparts:		<none>
Body:			<none>
Request method:	GET
Request URI:	http://localhost:54820/currentconditions/v1/294021?apikey=TEST&details=true
Proxy:			<none>
Request params:	<none>
Query params:	apikey=TEST
				details=true
Form params:	<none>
Path params:	<none>
Headers:		Accept=*/*
Cookies:		<none>
Multiparts:		<none>
Body:			<none>
Request method:	GET
Request URI:	http://localhost:54820/currentconditions/v1/294021?apikey=TEST&details=true
Proxy:			<none>
Request params:	<none>
Query params:	apikey=TEST
				details=true
Form params:	<none>
Path params:	<none>
Headers:		Accept=*/*
Cookies:		<none>
Multiparts:		<none>
Body:			<none>
Request method:	GET
Request URI:	http://localhost:54820/currentconditions/v1/294021?apikey=TEST&details=true
Proxy:			<none>
Request params:	<none>
Query params:	apikey=TEST
				details=true
Form params:	<none>
Path params:	<none>
Headers:		Accept=*/*
Cookies:		<none>
Multiparts:		<none>
Body:			<none>
Request method:	GET
Request URI:	http://localhost:54820/currentconditions/v1/294021?apikey=TEST&details=true
Proxy:			<none>
Request params:	<none>
Query params:	apikey=TEST
				details=true
Form params:	<none>
Path params:	<none>
Headers:		Accept=*/*
Cookies:		<none>
Multiparts:		<none>
Body:			<none>
Request method:	GET
Request URI:	http://localhost:54820/currentconditions/v1/294021?apikey=TEST&details=true
Proxy:			<none>
Request params:	<none>
Query params:	apikey=TEST
				details=true
Form params:	<none>
Path params:	<none>
Headers:		Accept=*/*
Cookies:		<none>
Multiparts:		<none>
Body:			<none>
HTTP/1.1 200 OK
Content-Type: application/json
Matched-Stub-Id: 8e36e120-cbdf-458c-8089-b219fc441be5
Vary: Accept-Encoding, User-Agent
Content-Encoding: gzip
Transfer-Encoding: chunked

[
    {
        "LocalObservationDateTime": "2024-01-01T10:00:00+03:00",
        "WeatherText": "Cloudy",
        "HasPrecipitation": false,
        "PrecipitationType": null,
        "Temperature": {
            "Metric": {
                "Value": 2.3,
                "Unit": "C"
            }
        },
        "RealFeelTemperature": {
            "Metric": {
                "Value": -1.0,
                "Unit": "C"
            }
        },
        "Pressure": {
            "Metric": {
                "Value": 1008,
                "Unit": "mb"
            }
        },
        "Wind": {
            "Speed": {
                "Metric": {
                    "Value": 12,
                    "Unit": "km/h"
                }
            },
            "Direction": {
                "Degrees": 270
            }
        }
    }
]
HTTP/1.1 200 OK
Content-Type: application/json
Matched-Stub-Id: 8e36e120-cbdf-458c-8089-b219fc441be5
Vary: Accept-Encoding, User-Agent
Content-Encoding: gzip
Transfer-Encoding: chunked

[
    {
        "LocalObservationDateTime": "2024-01-01T10:00:00+03:00",
        "WeatherText": "Cloudy",
        "HasPrecipitation": false,
        "PrecipitationType": null,
        "Temperature": {
            "Metric": {
                "Value": 2.3,
                "Unit": "C"
            }
        },
        "RealFeelTemperature": {
            "Metric": {
                "Value": -1.0,
                "Unit": "C"
            }
        },
        "Pressure": {
            "Metric": {
                "Value": 1008,
                "Unit": "mb"
            }
        },
        "Wind": {
            "Speed": {
                "Metric": {
                    "Value": 12,
                    "Unit": "km/h"
                }
            },
            "Direction": {
                "Degrees": 270
            }
        }
    }
]
HTTP/1.1 200 OK
Content-Type: application/json
Matched-Stub-Id: 8e36e120-cbdf-458c-8089-b219fc441be5
Vary: Accept-Encoding, User-Agent
Content-Encoding: gzip
Transfer-Encoding: chunked

[
    {
        "LocalObservationDateTime": "2024-01-01T10:00:00+03:00",
        "WeatherText": "Cloudy",
        "HasPrecipitation": false,
        "PrecipitationType": null,
        "Temperature": {
            "Metric": {
                "Value": 2.3,
                "Unit": "C"
            }
        },
        "RealFeelTemperature": {
            "Metric": {
                "Value": -1.0,
                "Unit": "C"
            }
        },
        "Pressure": {
            "Metric": {
                "Value": 1008,
                "Unit": "mb"
            }
        },
        "Wind": {
            "Speed": {
                "Metric": {
                    "Value": 12,
                    "Unit": "km/h"
                }
            },
            "Direction": {
                "Degrees": 270
            }
        }
    }
]
HTTP/1.1 200 OK
Content-Type: application/json
Matched-Stub-Id: 8e36e120-cbdf-458c-8089-b219fc441be5
Vary: Accept-Encoding, User-Agent
Content-Encoding: gzip
Transfer-Encoding: chunked

[
    {
        "LocalObservationDateTime": "2024-01-01T10:00:00+03:00",
        "WeatherText": "Cloudy",
        "HasPrecipitation": false,
        "PrecipitationType": null,
        "Temperature": {
            "Metric": {
                "Value": 2.3,
                "Unit": "C"
            }
        },
        "RealFeelTemperature": {
            "Metric": {
                "Value": -1.0,
                "Unit": "C"
            }
        },
        "Pressure": {
            "Metric": {
                "Value": 1008,
                "Unit": "mb"
            }
        },
        "Wind": {
            "Speed": {
                "Metric": {
                    "Value": 12,
                    "Unit": "km/h"
                }
            },
            "Direction": {
                "Degrees": 270
            }
        }
    }
]
HTTP/1.1 200 OK
Content-Type: application/json
Matched-Stub-Id: 8e36e120-cbdf-458c-8089-b219fc441be5
Vary: Accept-Encoding, User-Agent
Content-Encoding: gzip
Transfer-Encoding: chunked

[
    {
        "LocalObservationDateTime": "2024-01-01T10:00:00+03:00",
        "WeatherText": "Cloudy",
        "HasPrecipitation": false,
        "PrecipitationType": null,
        "Temperature": {
            "Metric": {
                "Value": 2.3,
                "Unit": "C"
            }
        },
        "RealFeelTemperature": {
            "Metric": {
                "Value": -1.0,
                "Unit": "C"
            }
        },
        "Pressure": {
            "Metric": {
                "Value": 1008,
                "Unit": "mb"
            }
        },
        "Wind": {
            "Speed": {
                "Metric": {
                    "Value": 12,
                    "Unit": "km/h"
                }
            },
            "Direction": {
                "Degrees": 270
            }
        }
    }
]
HTTP/1.1 200 OK
Content-Type: application/json
Matched-Stub-Id: 8e36e120-cbdf-458c-8089-b219fc441be5
Vary: Accept-Encoding, User-Agent
Content-Encoding: gzip
Transfer-Encoding: chunked

[
    {
        "LocalObservationDateTime": "2024-01-01T10:00:00+03:00",
        "WeatherText": "Cloudy",
        "HasPrecipitation": false,
        "PrecipitationType": null,
        "Temperature": {
            "Metric": {
                "Value": 2.3,
                "Unit": "C"
            }
        },
        "RealFeelTemperature": {
            "Metric": {
                "Value": -1.0,
                "Unit": "C"
            }
        },
        "Pressure": {
            "Metric": {
                "Value": 1008,
                "Unit": "mb"
            }
        },
        "Wind": {
            "Speed": {
                "Metric": {
                    "Value": 12,
                    "Unit": "km/h"
                }
            },
            "Direction": {
                "Degrees": 270
            }
        }
    }
]
HTTP/1.1 200 OK
Content-Type: application/json
Matched-Stub-Id: 8e36e120-cbdf-458c-8089-b219fc441be5
Vary: Accept-Encoding, User-Agent
Content-Encoding: gzip
Transfer-Encoding: chunked

[
    {
        "LocalObservationDateTime": "2024-01-01T10:00:00+03:00",
        "WeatherText": "Cloudy",
        "HasPrecipitation": false,
        "PrecipitationType": null,
        "Temperature": {
            "Metric": {
                "Value": 2.3,
                "Unit": "C"
            }
        },
        "RealFeelTemperature": {
            "Metric": {
                "Value": -1.0,
                "Unit": "C"
            }
        },
        "Pressure": {
            "Metric": {
                "Value": 1008,
                "Unit": "mb"
            }
        },
        "Wind": {
            "Speed": {
                "Metric": {
                    "Value": 12,
                    "Unit": "km/h"
                }
            },
            "Direction": {
                "Degrees": 270
            }
        }
    }
]
HTTP/1.1 200 OK
Content-Type: application/json
Matched-Stub-Id: 8e36e120-cbdf-458c-8089-b219fc441be5
Vary: Accept-Encoding, User-Agent
Content-Encoding: gzip
Transfer-Encoding: chunked

[
    {
        "LocalObservationDateTime": "2024-01-01T10:00:00+03:00",
        "WeatherText": "Cloudy",
        "HasPrecipitation": false,
        "PrecipitationType": null,
        "Temperature": {
            "Metric": {
                "Value": 2.3,
                "Unit": "C"
            }
        },
        "RealFeelTemperature": {
            "Metric": {
                "Value": -1.0,
                "Unit": "C"
            }
        },
        "Pressure": {
            "Metric": {
                "Value": 1008,
                "Unit": "mb"
            }
        },
        "Wind": {
            "Speed": {
                "Metric": {
                    "Value": 12,
                    "Unit": "km/h"
                }
            },
            "Direction": {
                "Degrees": 270
            }
        }
    }
]
HTTP/1.1 200 OK
Content-Type: application/json
Matched-Stub-Id: 8e36e120-cbdf-458c-8089-b219fc441be5
Vary: Accept-Encoding, User-Agent
Content-Encoding: gzip
Transfer-Encoding: chunked

[
    {
        "LocalObservationDateTime": "2024-01-01T10:00:00+03:00",
        "WeatherText": "Cloudy",
        "HasPrecipitation": false,
        "PrecipitationType": null,
        "Temperature": {
            "Metric": {
                "Value": 2.3,
                "Unit": "C"
            }
        },
        "RealFeelTemperature": {
            "Metric": {
                "Value": -1.0,
                "Unit": "C"
            }
        },
        "Pressure": {
            "Metric": {
                "Value": 1008,
                "Unit": "mb"
            }
        },
        "Wind": {
            "Speed": {
                "Metric": {
                    "Value": 12,
                    "Unit": "km/h"
                }
            },
            "Direction": {
                "Degrees": 270
            }
        }
    }
]
HTTP/1.1 200 OK
Content-Type: application/json
Matched-Stub-Id: 8e36e120-cbdf-458c-8089-b219fc441be5
Vary: Accept-Encoding, User-Agent
Content-Encoding: gzip
Transfer-Encoding: chunked

[
    {
        "LocalObservationDateTime": "2024-01-01T10:00:00+03:00",
        "WeatherText": "Cloudy",
        "HasPrecipitation": false,
        "PrecipitationType": null,
        "Temperature": {
            "Metric": {
                "Value": 2.3,
                "Unit": "C"
            }
        },
        "RealFeelTemperature": {
            "Metric": {
                "Value": -1.0,
                "Unit": "C"
            }
        },
        "Pressure": {
            "Metric": {
                "Value": 1008,
                "Unit": "mb"
            }
        },
        "Wind": {
            "Speed": {
                "Metric": {
                    "Value": 12,
                    "Unit": "km/h"
                }
            },
            "Direction": {
                "Degrees": 270
            }
        }
    }
]
HTTP/1.1 200 OK
Content-Type: application/json
Matched-Stub-Id: 8e36e120-cbdf-458c-8089-b219fc441be5
Vary: Accept-Encoding, User-Agent
Content-Encoding: gzip
Transfer-Encoding: chunked

[
    {
        "LocalObservationDateTime": "2024-01-01T10:00:00+03:00",
        "WeatherText": "Cloudy",
        "HasPrecipitation": false,
        "PrecipitationType": null,
        "Temperature": {
            "Metric": {
                "Value": 2.3,
                "Unit": "C"
            }
        },
        "RealFeelTemperature": {
            "Metric": {
                "Value": -1.0,
                "Unit": "C"
            }
        },
        "Pressure": {
            "Metric": {
                "Value": 1008,
                "Unit": "mb"
            }
        },
        "Wind": {
            "Speed": {
                "Metric": {
                    "Value": 12,
                    "Unit": "km/h"
                }
            },
            "Direction": {
                "Degrees": 270
            }
        }
    }
]
HTTP/1.1 200 OK
Content-Type: application/json
Matched-Stub-Id: 8e36e120-cbdf-458c-8089-b219fc441be5
Vary: Accept-Encoding, User-Agent
Content-Encoding: gzip
Transfer-Encoding: chunked

[
    {
        "LocalObservationDateTime": "2024-01-01T10:00:00+03:00",
        "WeatherText": "Cloudy",
        "HasPrecipitation": false,
        "PrecipitationType": null,
        "Temperature": {
            "Metric": {
                "Value": 2.3,
                "Unit": "C"
            }
        },
        "RealFeelTemperature": {
            "Metric": {
                "Value": -1.0,
                "Unit": "C"
            }
        },
        "Pressure": {
            "Metric": {
                "Value": 1008,
                "Unit": "mb"
            }
        },
        "Wind": {
            "Speed": {
                "Metric": {
                    "Value": 12,
                    "Unit": "km/h"
                }
            },
            "Direction": {
                "Degrees": 270
            }
        }
    }
]
HTTP/1.1 200 OK
Content-Type: application/json
Matched-Stub-Id: 8e36e120-cbdf-458c-8089-b219fc441be5
Vary: Accept-Encoding, User-Agent
Content-Encoding: gzip
Transfer-Encoding: chunked

[
    {
        "LocalObservationDateTime": "2024-01-01T10:00:00+03:00",
        "WeatherText": "Cloudy",
        "HasPrecipitation": false,
        "PrecipitationType": null,
        "Temperature": {
            "Metric": {
                "Value": 2.3,
                "Unit": "C"
            }
        },
        "RealFeelTemperature": {
            "Metric": {
                "Value": -1.0,
                "Unit": "C"
            }
        },
        "Pressure": {
            "Metric": {
                "Value": 1008,
                "Unit": "mb"
            }
        },
        "Wind": {
            "Speed": {
                "Metric": {
                    "Value": 12,
                    "Unit": "km/h"
                }
            },
            "Direction": {
                "Degrees": 270
            }
        }
    }
]
HTTP/1.1 200 OK
Content-Type: application/json
Matched-Stub-Id: 8e36e120-cbdf-458c-8089-b219fc441be5
Vary: Accept-Encoding, User-Agent
Content-Encoding: gzip
Transfer-Encoding: chunked

[
    {
        "LocalObservationDateTime": "2024-01-01T10:00:00+03:00",
        "WeatherText": "Cloudy",
        "HasPrecipitation": false,
        "PrecipitationType": null,
        "Temperature": {
            "Metric": {
                "Value": 2.3,
                "Unit": "C"
            }
        },
        "RealFeelTemperature": {
            "Metric": {
                "Value": -1.0,
                "Unit": "C"
            }
        },
        "Pressure": {
            "Metric": {
                "Value": 1008,
                "Unit": "mb"
            }
        },
        "Wind": {
            "Speed": {
                "Metric": {
                    "Value": 12,
                    "Unit": "km/h"
                }
            },
            "Direction": {
                "Degrees": 270
            }
        }
    }
]
HTTP/1.1 200 OK
Content-Type: application/json
Matched-Stub-Id: 8e36e120-cbdf-458c-8089-b219fc441be5
Vary: Accept-Encoding, User-Agent
Content-Encoding: gzip
Transfer-Encoding: chunked

[
    {
        "LocalObservationDateTime": "2024-01-01T10:00:00+03:00",
        "WeatherText": "Cloudy",
        "HasPrecipitation": false,
        "PrecipitationType": null,
        "Temperature": {
            "Metric": {
                "Value": 2.3,
                "Unit": "C"
            }
        },
        "RealFeelTemperature": {
            "Metric": {
                "Value": -1.0,
                "Unit": "C"
            }
        },
        "Pressure": {
            "Metric": {
                "Value": 1008,
                "Unit": "mb"
            }
        },
        "Wind": {
            "Speed": {
                "Metric": {
                    "Value": 12,
                    "Unit": "km/h"
                }
            },
            "Direction": {
                "Degrees": 270
            }
        }
    }
]
HTTP/1.1 200 OK
Content-Type: application/json
Matched-Stub-Id: 8e36e120-cbdf-458c-8089-b219fc441be5
Vary: Accept-Encoding, User-Agent
Content-Encoding: gzip
Transfer-Encoding: chunked

[
    {
        "LocalObservationDateTime": "2024-01-01T10:00:00+03:00",
        "WeatherText": "Cloudy",
        "HasPrecipitation": false,
        "PrecipitationType": null,
        "Temperature": {
            "Metric": {
                "Value": 2.3,
                "Unit": "C"
            }
        },
        "RealFeelTemperature": {
            "Metric": {
                "Value": -1.0,
                "Unit": "C"
            }
        },
        "Pressure": {
            "Metric": {
                "Value": 1008,
                "Unit": "mb"
            }
        },
        "Wind": {
            "Speed": {
                "Metric": {
                    "Value": 12,
                    "Unit": "km/h"
                }
            },
            "Direction": {
                "Degrees": 270
            }
        }
    }
]
HTTP/1.1 200 OK
Content-Type: application/json
Matched-Stub-Id: 8e36e120-cbdf-458c-8089-b219fc441be5
Vary: Accept-Encoding, User-Agent
Content-Encoding: gzip
Transfer-Encoding: chunked

[
    {
        "LocalObservationDateTime": "2024-01-01T10:00:00+03:00",
        "WeatherText": "Cloudy",
        "HasPrecipitation": false,
        "PrecipitationType": null,
        "Temperature": {
            "Metric": {
                "Value": 2.3,
                "Unit": "C"
            }
        },
        "RealFeelTemperature": {
            "Metric": {
                "Value": -1.0,
                "Unit": "C"
            }
        },
        "Pressure": {
            "Metric": {
                "Value": 1008,
                "Unit": "mb"
            }
        },
        "Wind": {
            "Speed": {
                "Metric": {
                    "Value": 12,
                    "Unit": "km/h"
                }
            },
            "Direction": {
                "Degrees": 270
            }
        }
    }
]
HTTP/1.1 200 OK
Content-Type: application/json
Matched-Stub-Id: 8e36e120-cbdf-458c-8089-b219fc441be5
Vary: Accept-Encoding, User-Agent
Content-Encoding: gzip
Transfer-Encoding: chunked

[
    {
        "LocalObservationDateTime": "2024-01-01T10:00:00+03:00",
        "WeatherText": "Cloudy",
        "HasPrecipitation": false,
        "PrecipitationType": null,
        "Temperature": {
            "Metric": {
                "Value": 2.3,
                "Unit": "C"
            }
        },
        "RealFeelTemperature": {
            "Metric": {
                "Value": -1.0,
                "Unit": "C"
            }
        },
        "Pressure": {
            "Metric": {
                "Value": 1008,
                "Unit": "mb"
            }
        },
        "Wind": {
            "Speed": {
                "Metric": {
                    "Value": 12,
                    "Unit": "km/h"
                }
            },
            "Direction": {
                "Degrees": 270
            }
        }
    }
]
HTTP/1.1 200 OK
Content-Type: application/json
Matched-Stub-Id: 8e36e120-cbdf-458c-8089-b219fc441be5
Vary: Accept-Encoding, User-Agent
Content-Encoding: gzip
Transfer-Encoding: chunked

[
    {
        "LocalObservationDateTime": "2024-01-01T10:00:00+03:00",
        "WeatherText": "Cloudy",
        "HasPrecipitation": false,
        "PrecipitationType": null,
        "Temperature": {
            "Metric": {
                "Value": 2.3,
                "Unit": "C"
            }
        },
        "RealFeelTemperature": {
            "Metric": {
                "Value": -1.0,
                "Unit": "C"
            }
        },
        "Pressure": {
            "Metric": {
                "Value": 1008,
                "Unit": "mb"
            }
        },
        "Wind": {
            "Speed": {
                "Metric": {
                    "Value": 12,
                    "Unit": "km/h"
                }
            },
            "Direction": {
                "Degrees": 270
            }
        }
    }
]
HTTP/1.1 200 OK
Content-Type: application/json
Matched-Stub-Id: 8e36e120-cbdf-458c-8089-b219fc441be5
Vary: Accept-Encoding, User-Agent
Content-Encoding: gzip
Transfer-Encoding: chunked

[
    {
        "LocalObservationDateTime": "2024-01-01T10:00:00+03:00",
        "WeatherText": "Cloudy",
        "HasPrecipitation": false,
        "PrecipitationType": null,
        "Temperature": {
            "Metric": {
                "Value": 2.3,
                "Unit": "C"
            }
        },
        "RealFeelTemperature": {
            "Metric": {
                "Value": -1.0,
                "Unit": "C"
            }
        },
        "Pressure": {
            "Metric": {
                "Value": 1008,
                "Unit": "mb"
            }
        },
        "Wind": {
            "Speed": {
                "Metric": {
                    "Value": 12,
                    "Unit": "km/h"
                }
            },
            "Direction": {
                "Degrees": 270
            }
        }
    }
]
HTTP/1.1 200 OK
Content-Type: application/json
Matched-Stub-Id: 8e36e120-cbdf-458c-8089-b219fc441be5
Vary: Accept-Encoding, User-Agent
Content-Encoding: gzip
Transfer-Encoding: chunked

[
    {
        "LocalObservationDateTime": "2024-01-01T10:00:00+03:00",
        "WeatherText": "Cloudy",
        "HasPrecipitation": false,
        "PrecipitationType": null,
        "Temperature": {
            "Metric": {
                "Value": 2.3,
                "Unit": "C"
            }
        },
        "RealFeelTemperature": {
            "Metric": {
                "Value": -1.0,
                "Unit": "C"
            }
        },
        "Pressure": {
            "Metric": {
                "Value": 1008,
                "Unit": "mb"
            }
        },
        "Wind": {
            "Speed": {
                "Metric": {
                    "Value": 12,
                    "Unit": "km/h"
                }
            },
            "Direction": {
                "Degrees": 270
            }
        }
    }
]
HTTP/1.1 200 OK
Content-Type: application/json
Matched-Stub-Id: 8e36e120-cbdf-458c-8089-b219fc441be5
Vary: Accept-Encoding, User-Agent
Content-Encoding: gzip
Transfer-Encoding: chunked

[
    {
        "LocalObservationDateTime": "2024-01-01T10:00:00+03:00",
        "WeatherText": "Cloudy",
        "HasPrecipitation": false,
        "PrecipitationType": null,
        "Temperature": {
            "Metric": {
                "Value": 2.3,
                "Unit": "C"
            }
        },
        "RealFeelTemperature": {
            "Metric": {
                "Value": -1.0,
                "Unit": "C"
            }
        },
        "Pressure": {
            "Metric": {
                "Value": 1008,
                "Unit": "mb"
            }
        },
        "Wind": {
            "Speed": {
                "Metric": {
                    "Value": 12,
                    "Unit": "km/h"
                }
            },
            "Direction": {
                "Degrees": 270
            }
        }
    }
]
HTTP/1.1 200 OK
Content-Type: application/json
Matched-Stub-Id: 8e36e120-cbdf-458c-8089-b219fc441be5
Vary: Accept-Encoding, User-Agent
Content-Encoding: gzip
Transfer-Encoding: chunked

[
    {
        "LocalObservationDateTime": "2024-01-01T10:00:00+03:00",
        "WeatherText": "Cloudy",
        "HasPrecipitation": false,
        "PrecipitationType": null,
        "Temperature": {
            "Metric": {
                "Value": 2.3,
                "Unit": "C"
            }
        },
        "RealFeelTemperature": {
            "Metric": {
                "Value": -1.0,
                "Unit": "C"
            }
        },
        "Pressure": {
            "Metric": {
                "Value": 1008,
                "Unit": "mb"
            }
        },
        "Wind": {
            "Speed": {
                "Metric": {
                    "Value": 12,
                    "Unit": "km/h"
                }
            },
            "Direction": {
                "Degrees": 270
            }
        }
    }
]
HTTP/1.1 200 OK
Content-Type: application/json
Matched-Stub-Id: 8e36e120-cbdf-458c-8089-b219fc441be5
Vary: Accept-Encoding, User-Agent
Content-Encoding: gzip
Transfer-Encoding: chunked

[
    {
        "LocalObservationDateTime": "2024-01-01T10:00:00+03:00",
        "WeatherText": "Cloudy",
        "HasPrecipitation": false,
        "PrecipitationType": null,
        "Temperature": {
            "Metric": {
                "Value": 2.3,
                "Unit": "C"
            }
        },
        "RealFeelTemperature": {
            "Metric": {
                "Value": -1.0,
                "Unit": "C"
            }
        },
        "Pressure": {
            "Metric": {
                "Value": 1008,
                "Unit": "mb"
            }
        },
        "Wind": {
            "Speed": {
                "Metric": {
                    "Value": 12,
                    "Unit": "km/h"
                }
            },
            "Direction": {
                "Degrees": 270
            }
        }
    }
]
HTTP/1.1 200 OK
Content-Type: application/json
Matched-Stub-Id: 8e36e120-cbdf-458c-8089-b219fc441be5
Vary: Accept-Encoding, User-Agent
Content-Encoding: gzip
Transfer-Encoding: chunked

[
    {
        "LocalObservationDateTime": "2024-01-01T10:00:00+03:00",
        "WeatherText": "Cloudy",
        "HasPrecipitation": false,
        "PrecipitationType": null,
        "Temperature": {
            "Metric": {
                "Value": 2.3,
                "Unit": "C"
            }
        },
        "RealFeelTemperature": {
            "Metric": {
                "Value": -1.0,
                "Unit": "C"
            }
        },
        "Pressure": {
            "Metric": {
                "Value": 1008,
                "Unit": "mb"
            }
        },
        "Wind": {
            "Speed": {
                "Metric": {
                    "Value": 12,
                    "Unit": "km/h"
                }
            },
            "Direction": {
                "Degrees": 270
            }
        }
    }
]
HTTP/1.1 200 OK
Content-Type: application/json
Matched-Stub-Id: 8e36e120-cbdf-458c-8089-b219fc441be5
Vary: Accept-Encoding, User-Agent
Content-Encoding: gzip
Transfer-Encoding: chunked

[
    {
        "LocalObservationDateTime": "2024-01-01T10:00:00+03:00",
        "WeatherText": "Cloudy",
        "HasPrecipitation": false,
        "PrecipitationType": null,
        "Temperature": {
            "Metric": {
                "Value": 2.3,
                "Unit": "C"
            }
        },
        "RealFeelTemperature": {
            "Metric": {
                "Value": -1.0,
                "Unit": "C"
            }
        },
        "Pressure": {
            "Metric": {
                "Value": 1008,
                "Unit": "mb"
            }
        },
        "Wind": {
            "Speed": {
                "Metric": {
                    "Value": 12,
                    "Unit": "km/h"
                }
            },
            "Direction": {
                "Degrees": 270
            }
        }
    }
]
HTTP/1.1 200 OK
Content-Type: application/json
Matched-Stub-Id: 8e36e120-cbdf-458c-8089-b219fc441be5
Vary: Accept-Encoding, User-Agent
Content-Encoding: gzip
Transfer-Encoding: chunked

[
    {
        "LocalObservationDateTime": "2024-01-01T10:00:00+03:00",
        "WeatherText": "Cloudy",
        "HasPrecipitation": false,
        "PrecipitationType": null,
        "Temperature": {
            "Metric": {
                "Value": 2.3,
                "Unit": "C"
            }
        },
        "RealFeelTemperature": {
            "Metric": {
                "Value": -1.0,
                "Unit": "C"
            }
        },
        "Pressure": {
            "Metric": {
                "Value": 1008,
                "Unit": "mb"
            }
        },
        "Wind": {
            "Speed": {
                "Metric": {
                    "Value": 12,
                    "Unit": "km/h"
                }
            },
            "Direction": {
                "Degrees": 270
            }
        }
    }
]
HTTP/1.1 200 OK
Content-Type: application/json
Matched-Stub-Id: 8e36e120-cbdf-458c-8089-b219fc441be5
Vary: Accept-Encoding, User-Agent
Content-Encoding: gzip
Transfer-Encoding: chunked

[
    {
        "LocalObservationDateTime": "2024-01-01T10:00:00+03:00",
        "WeatherText": "Cloudy",
        "HasPrecipitation": false,
        "PrecipitationType": null,
        "Temperature": {
            "Metric": {
                "Value": 2.3,
                "Unit": "C"
            }
        },
        "RealFeelTemperature": {
            "Metric": {
                "Value": -1.0,
                "Unit": "C"
            }
        },
        "Pressure": {
            "Metric": {
                "Value": 1008,
                "Unit": "mb"
            }
        },
        "Wind": {
            "Speed": {
                "Metric": {
                    "Value": 12,
                    "Unit": "km/h"
                }
            },
            "Direction": {
                "Degrees": 270
            }
        }
    }
]
HTTP/1.1 200 OK
Content-Type: application/json
Matched-Stub-Id: 8e36e120-cbdf-458c-8089-b219fc441be5
Vary: Accept-Encoding, User-Agent
Content-Encoding: gzip
Transfer-Encoding: chunked

[
    {
        "LocalObservationDateTime": "2024-01-01T10:00:00+03:00",
        "WeatherText": "Cloudy",
        "HasPrecipitation": false,
        "PrecipitationType": null,
        "Temperature": {
            "Metric": {
                "Value": 2.3,
                "Unit": "C"
            }
        },
        "RealFeelTemperature": {
            "Metric": {
                "Value": -1.0,
                "Unit": "C"
            }
        },
        "Pressure": {
            "Metric": {
                "Value": 1008,
                "Unit": "mb"
            }
        },
        "Wind": {
            "Speed": {
                "Metric": {
                    "Value": 12,
                    "Unit": "km/h"
                }
            },
            "Direction": {
                "Degrees": 270
            }
        }
    }
]
HTTP/1.1 200 OK
Content-Type: application/json
Matched-Stub-Id: 8e36e120-cbdf-458c-8089-b219fc441be5
Vary: Accept-Encoding, User-Agent
Content-Encoding: gzip
Transfer-Encoding: chunked

[
    {
        "LocalObservationDateTime": "2024-01-01T10:00:00+03:00",
        "WeatherText": "Cloudy",
        "HasPrecipitation": false,
        "PrecipitationType": null,
        "Temperature": {
            "Metric": {
                "Value": 2.3,
                "Unit": "C"
            }
        },
        "RealFeelTemperature": {
            "Metric": {
                "Value": -1.0,
                "Unit": "C"
            }
        },
        "Pressure": {
            "Metric": {
                "Value": 1008,
                "Unit": "mb"
            }
        },
        "Wind": {
            "Speed": {
                "Metric": {
                    "Value": 12,
                    "Unit": "km/h"
                }
            },
            "Direction": {
                "Degrees": 270
            }
        }
    }
]
HTTP/1.1 200 OK
Content-Type: application/json
Matched-Stub-Id: 8e36e120-cbdf-458c-8089-b219fc441be5
Vary: Accept-Encoding, User-Agent
Content-Encoding: gzip
Transfer-Encoding: chunked

[
    {
        "LocalObservationDateTime": "2024-01-01T10:00:00+03:00",
        "WeatherText": "Cloudy",
        "HasPrecipitation": false,
        "PrecipitationType": null,
        "Temperature": {
            "Metric": {
                "Value": 2.3,
                "Unit": "C"
            }
        },
        "RealFeelTemperature": {
            "Metric": {
                "Value": -1.0,
                "Unit": "C"
            }
        },
        "Pressure": {
            "Metric": {
                "Value": 1008,
                "Unit": "mb"
            }
        },
        "Wind": {
            "Speed": {
                "Metric": {
                    "Value": 12,
                    "Unit": "km/h"
                }
            },
            "Direction": {
                "Degrees": 270
            }
        }
    }
]
HTTP/1.1 200 OK
Content-Type: application/json
Matched-Stub-Id: 8e36e120-cbdf-458c-8089-b219fc441be5
Vary: Accept-Encoding, User-Agent
Content-Encoding: gzip
Transfer-Encoding: chunked

[
    {
        "LocalObservationDateTime": "2024-01-01T10:00:00+03:00",
        "WeatherText": "Cloudy",
        "HasPrecipitation": false,
        "PrecipitationType": null,
        "Temperature": {
            "Metric": {
                "Value": 2.3,
                "Unit": "C"
            }
        },
        "RealFeelTemperature": {
            "Metric": {
                "Value": -1.0,
                "Unit": "C"
            }
        },
        "Pressure": {
            "Metric": {
                "Value": 1008,
                "Unit": "mb"
            }
        },
        "Wind": {
            "Speed": {
                "Metric": {
                    "Value": 12,
                    "Unit": "km/h"
                }
            },
            "Direction": {
                "Degrees": 270
            }
        }
    }
]
HTTP/1.1 200 OK
Content-Type: application/json
Matched-Stub-Id: 8e36e120-cbdf-458c-8089-b219fc441be5
Vary: Accept-Encoding, User-Agent
Content-Encoding: gzip
Transfer-Encoding: chunked

[
    {
        "LocalObservationDateTime": "2024-01-01T10:00:00+03:00",
        "WeatherText": "Cloudy",
        "HasPrecipitation": false,
        "PrecipitationType": null,
        "Temperature": {
            "Metric": {
                "Value": 2.3,
                "Unit": "C"
            }
        },
        "RealFeelTemperature": {
            "Metric": {
                "Value": -1.0,
                "Unit": "C"
            }
        },
        "Pressure": {
            "Metric": {
                "Value": 1008,
                "Unit": "mb"
            }
        },
        "Wind": {
            "Speed": {
                "Metric": {
                    "Value": 12,
                    "Unit": "km/h"
                }
            },
            "Direction": {
                "Degrees": 270
            }
        }
    }
]
HTTP/1.1 200 OK
Content-Type: application/json
Matched-Stub-Id: 8e36e120-cbdf-458c-8089-b219fc441be5
Vary: Accept-Encoding, User-Agent
Content-Encoding: gzip
Transfer-Encoding: chunked

[
    {
        "LocalObservationDateTime": "2024-01-01T10:00:00+03:00",
        "WeatherText": "Cloudy",
        "HasPrecipitation": false,
        "PrecipitationType": null,
        "Temperature": {
            "Metric": {
                "Value": 2.3,
                "Unit": "C"
            }
        },
        "RealFeelTemperature": {
            "Metric": {
                "Value": -1.0,
                "Unit": "C"
            }
        },
        "Pressure": {
            "Metric": {
                "Value": 1008,
                "Unit": "mb"
            }
        },
        "Wind": {
            "Speed": {
                "Metric": {
                    "Value": 12,
                    "Unit": "km/h"
                }
            },
            "Direction": {
                "Degrees": 270
            }
        }
    }
]
HTTP/1.1 200 OK
Content-Type: application/json
Matched-Stub-Id: 8e36e120-cbdf-458c-8089-b219fc441be5
Vary: Accept-Encoding, User-Agent
Content-Encoding: gzip
Transfer-Encoding: chunked

[
    {
        "LocalObservationDateTime": "2024-01-01T10:00:00+03:00",
        "WeatherText": "Cloudy",
        "HasPrecipitation": false,
        "PrecipitationType": null,
        "Temperature": {
            "Metric": {
                "Value": 2.3,
                "Unit": "C"
            }
        },
        "RealFeelTemperature": {
            "Metric": {
                "Value": -1.0,
                "Unit": "C"
            }
        },
        "Pressure": {
            "Metric": {
                "Value": 1008,
                "Unit": "mb"
            }
        },
        "Wind": {
            "Speed": {
                "Metric": {
                    "Value": 12,
                    "Unit": "km/h"
                }
            },
            "Direction": {
                "Degrees": 270
            }
        }
    }
]
HTTP/1.1 200 OK
Content-Type: application/json
Matched-Stub-Id: 8e36e120-cbdf-458c-8089-b219fc441be5
Vary: Accept-Encoding, User-Agent
Content-Encoding: gzip
Transfer-Encoding: chunked

[
    {
        "LocalObservationDateTime": "2024-01-01T10:00:00+03:00",
        "WeatherText": "Cloudy",
        "HasPrecipitation": false,
        "PrecipitationType": null,
        "Temperature": {
            "Metric": {
                "Value": 2.3,
                "Unit": "C"
            }
        },
        "RealFeelTemperature": {
            "Metric": {
                "Value": -1.0,
                "Unit": "C"
            }
        },
        "Pressure": {
            "Metric": {
                "Value": 1008,
                "Unit": "mb"
            }
        },
        "Wind": {
            "Speed": {
                "Metric": {
                    "Value": 12,
                    "Unit": "km/h"
                }
            },
            "Direction": {
                "Degrees": 270
            }
        }
    }
]
HTTP/1.1 200 OK
Content-Type: application/json
Matched-Stub-Id: 8e36e120-cbdf-458c-8089-b219fc441be5
Vary: Accept-Encoding, User-Agent
Content-Encoding: gzip
Transfer-Encoding: chunked

[
    {
        "LocalObservationDateTime": "2024-01-01T10:00:00+03:00",
        "WeatherText": "Cloudy",
        "HasPrecipitation": false,
        "PrecipitationType": null,
        "Temperature": {
            "Metric": {
                "Value": 2.3,
                "Unit": "C"
            }
        },
        "RealFeelTemperature": {
            "Metric": {
                "Value": -1.0,
                "Unit": "C"
            }
        },
        "Pressure": {
            "Metric": {
                "Value": 1008,
                "Unit": "mb"
            }
        },
        "Wind": {
            "Speed": {
                "Metric": {
                    "Value": 12,
                    "Unit": "km/h"
                }
            },
            "Direction": {
                "Degrees": 270
            }
        }
    }
]
HTTP/1.1 200 OK
Content-Type: application/json
Matched-Stub-Id: 8e36e120-cbdf-458c-8089-b219fc441be5
Vary: Accept-Encoding, User-Agent
Content-Encoding: gzip
Transfer-Encoding: chunked

[
    {
        "LocalObservationDateTime": "2024-01-01T10:00:00+03:00",
        "WeatherText": "Cloudy",
        "HasPrecipitation": false,
        "PrecipitationType": null,
        "Temperature": {
            "Metric": {
                "Value": 2.3,
                "Unit": "C"
            }
        },
        "RealFeelTemperature": {
            "Metric": {
                "Value": -1.0,
                "Unit": "C"
            }
        },
        "Pressure": {
            "Metric": {
                "Value": 1008,
                "Unit": "mb"
            }
        },
        "Wind": {
            "Speed": {
                "Metric": {
                    "Value": 12,
                    "Unit": "km/h"
                }
            },
            "Direction": {
                "Degrees": 270
            }
        }
    }
]
]]></system-out>
  </testcase>
  <testcase name="historical6h_mock" classname="study.api.AccuWeatherMockTests" time="0.037">
    <system-out><![CDATA[Request method:	GET
Request URI:	http://localhost:54820/currentconditions/v1/294021/historical/6?apikey=TEST
Proxy:			<none>
Request params:	<none>
Query params:	apikey=TEST
Form params:	<none>
Path params:	<none>
Headers:		Accept=*/*
Cookies:		<none>
Multiparts:		<none>
Body:			<none>
Request method:	GET
Request URI:	http://localhost:54820/currentconditions/v1/294021/historical/6?apikey=TEST
Proxy:			<none>
Request params:	<none>
Query params:	apikey=TEST
Form params:	<none>
Path params:	<none>
Headers:		Accept=*/*
Cookies:		<none>
Multiparts:		<none>
Body:			<none>
Request method:	GET
Request URI:	http://localhost:54820/currentconditions/v1/294021/historical/6?apikey=TEST
Proxy:			<none>
Request params:	<none>
Query params:	apikey=TEST
Form params:	<none>
Path params:	<none>
Headers:		Accept=*/*
Cookies:		<none>
Multiparts:		<none>
Body:			<none>
Request method:	GET
Request URI:	http://localhost:54820/currentconditions/v1/294021/historical/6?apikey=TEST
Proxy:			<none>
Request params:	<none>
Query params:	apikey=TEST
Form params:	<none>
Path params:	<none>
Headers:		Accept=*/*
Cookies:		<none>
Multiparts:		<none>
Body:			<none>
Request method:	GET
Request URI:	http://localhost:54820/currentconditions/v1/294021/historical/6?apikey=TEST
Proxy:			<none>
Request params:	<none>
Query params:	apikey=TEST
Form params:	<none>
Path params:	<none>
Headers:		Accept=*/*
Cookies:		<none>
Multiparts:		<none>
Body:			<none>
Request method:	GET
Request URI:	http://localhost:54820/currentconditions/v1/294021/historical/6?apikey=TEST
Proxy:			<none>
Request params:	<none>
Query params:	apikey=TEST
Form params:	<none>
Path params:	<none>
Headers:		Accept=*/*
Cookies:		<none>
Multiparts:		<none>
Body:			<none>
Request method:	GET
Request URI:	http://localhost:54820/currentconditions/v1/294021/historical/6?apikey=TEST
Proxy:			<none>
Request params:	<none>
Query params:	apikey=TEST
Form params:	<none>
Path params:	<none>
Headers:		Accept=*/*
Cookies:		<none>
Multiparts:		<none>
Body:			<none>
Request method:	GET
Request URI:	http://localhost:54820/currentconditions/v1/294021/historical/6?apikey=TEST
Proxy:			<none>
Request params:	<none>
Query params:	apikey=TEST
Form params:	<none>
Path params:	<none>
Headers:		Accept=*/*
Cookies:		<none>
Multiparts:		<none>
Body:			<none>
Request method:	GET
Request URI:	http://localhost:54820/currentconditions/v1/294021/historical/6?apikey=TEST
Proxy:			<none>
Request params:	<none>
Query params:	apikey=TEST
Form params:	<none>
Path params:	<none>
Headers:		Accept=*/*
Cookies:		<none>
Multiparts:		<none>
Body:			<none>
Request method:	GET
Request URI:	http://localhost:54820/currentconditions/v1/294021/historical/6?apikey=TEST
Proxy:			<none>
Request params:	<none>
Query params:	apikey=TEST
Form params:	<none>
Path params:	<none>
Headers:		Accept=*/*
Cookies:		<none>
Multiparts:		<none>
Body:			<none>
Request method:	GET
Request URI:	http://localhost:54820/currentconditions/v1/294021/historical/6?apikey=TEST
Proxy:			<none>
Request params:	<none>
Query params:	apikey=TEST
Form params:	<none>
Path params:	<none>
Headers:		Accept=*/*
Cookies:		<none>
Multiparts:		<none>
Body:			<none>
Request method:	GET
Request URI:	http://localhost:54820/currentconditions/v1/294021/historical/6?apikey=TEST
Proxy:			<none>
Request params:	<none>
Query params:	apikey=TEST
Form params:	<none>
Path params:	<none>
Headers:		Accept=*/*
Cookies:		<none>
Multiparts:		<none>
Body:			<none>
Request method:	GET
Request URI:	http://localhost:54820/currentconditions/v1/294021/historical/6?apikey=TEST
Proxy:			<none>
Request params:	<none>
Query params:	apikey=TEST
Form params:	<none>
Path params:	<none>
Headers:		Accept=*/*
Cookies:		<none>
Multiparts:		<none>
Body:			<none>
Request method:	GET
Request URI:	http://localhost:54820/currentconditions/v1/294021/historical/6?apikey=TEST
Proxy:			<none>
Request params:	<none>
Query params:	apikey=TEST
Form params:	<none>
Path params:	<none>
Headers:		Accept=*/*
Cookies:		<none>
Multiparts:		<none>
Body:			<none>
Request method:	GET
Request URI:	http://localhost:54820/currentconditions/v1/294021/historical/6?apikey=TEST
Proxy:			<none>
Request params:	<none>
Query params:	apikey=TEST
Form params:	<none>
Path params:	<none>
Headers:		Accept=*/*
Cookies:		<none>
Multiparts:		<none>
Body:			<none>
Request method:	GET
Request URI:	http://localhost:54820/currentconditions/v1/294021/historical/6?apikey=TEST
Proxy:			<none>
Request params:	<none>
Query params:	apikey=TEST
Form params:	<none>
Path params:	<none>
Headers:		Accept=*/*
Cookies:		<none>
Multiparts:		<none>
Body:			<none>
Request method:	GET
Request URI:	http://localhost:54820/currentconditions/v1/294021/historical/6?apikey=TEST
Proxy:			<none>
Request params:	<none>
Query params:	apikey=TEST
Form params:	<none>
Path params:	<none>
Headers:		Accept=*/*
Cookies:		<none>
Multiparts:		<none>
Body:			<none>
Request method:	GET
Request URI:	http://localhost:54820/currentconditions/v1/294021/historical/6?apikey=TEST
Proxy:			<none>
Request params:	<none>
Query params:	apikey=TEST
Form params:	<none>
Path params:	<none>
Headers:		Accept=*/*
Cookies:		<none>
Multiparts:		<none>
Body:			<none>
Request method:	GET
Request URI:	http://localhost:54820/currentconditions/v1/294021/historical/6?apikey=TEST
Proxy:			<none>
Request params:	<none>
Query params:	apikey=TEST
Form params:	<none>
Path params:	<none>
Headers:		Accept=*/*
Cookies:		<none>
Multiparts:		<none>
Body:			<none>
Request method:	GET
Request URI:	http://localhost:54820/currentconditions/v1/294021/historical/6?apikey=TEST
Proxy:			<none>
Request params:	<none>
Query params:	apikey=TEST
Form params:	<none>
Path params:	<none>
Headers:		Accept=*/*
Cookies:		<none>
Multiparts:		<none>
Body:			<none>
Request method:	GET
Request URI:	http://localhost:54820/currentconditions/v1/294021/historical/6?apikey=TEST
Proxy:			<none>
Request params:	<none>
Query params:	apikey=TEST
Form params:	<none>
Path params:	<none>
Headers:		Accept=*/*
Cookies:		<none>
Multiparts:		<none>
Body:			<none>
Request method:	GET
Request URI:	http://localhost:54820/currentconditions/v1/294021/historical/6?apikey=TEST
Proxy:			<none>
Request params:	<none>
Query params:	apikey=TEST
Form params:	<none>
Path params:	<none>
Headers:		Accept=*/*
Cookies:		<none>
Multiparts:		<none>
Body:			<none>
Request method:	GET
Request URI:	http://localhost:54820/currentconditions/v1/294021/historical/6?apikey=TEST
Proxy:			<none>
Request params:	<none>
Query params:	apikey=TEST
Form params:	<none>
Path params:	<none>
Headers:		Accept=*/*
Cookies:		<none>
Multiparts:		<none>
Body:			<none>
Request method:	GET
Request URI:	http://localhost:54820/currentconditions/v1/294021/historical/6?apikey=TEST
Proxy:			<none>
Request params:	<none>
Query params:	apikey=TEST
Form params:	<none>
Path params:	<none>
Headers:		Accept=*/*
Cookies:		<none>
Multiparts:		<none>
Body:			<none>
Request method:	GET
Request URI:	http://localhost:54820/currentconditions/v1/294021/historical/6?apikey=TEST
Proxy:			<none>
Request params:	<none>
Query params:	apikey=TEST
Form params:	<none>
Path params:	<none>
Headers:		Accept=*/*
Cookies:		<none>
Multiparts:		<none>
Body:			<none>
Request method:	GET
Request URI:	http://localhost:54820/currentconditions/v1/294021/historical/6?apikey=TEST
Proxy:			<none>
Request params:	<none>
Query params:	apikey=TEST
Form params:	<none>
Path params:	<none>
Headers:		Accept=*/*
Cookies:		<none>
Multiparts:		<none>
Body:			<none>
Request method:	GET
Request URI:	http://localhost:54820/currentconditions/v1/294021/historical/6?apikey=TEST
Proxy:			<none>
Request params:	<none>
Query params:	apikey=TEST
Form params:	<none>
Path params:	<none>
Headers:		Accept=*/*
Cookies:		<none>
Multiparts:		<none>
Body:			<none>
Request method:	GET
Request URI:	http://localhost:54820/currentconditions/v1/294021/historical/6?apikey=TEST
Proxy:			<none>
Request params:	<none>
Query params:	apikey=TEST
Form params:	<none>
Path params:	<none>
Headers:		Accept=*/*
Cookies:		<none>
Multiparts:		<none>
Body:			<none>
Request method:	GET
Request URI:	http://localhost:54820/currentconditions/v1/294021/historical/6?apikey=TEST
Proxy:			<none>
Request params:	<none>
Query params:	apikey=TEST
Form params:	<none>
Path params:	<none>
Headers:		Accept=*/*
Cookies:		<none>
Multiparts:		<none>
Body:			<none>
Request method:	GET
Request URI:	http://localhost:54820/currentconditions/v1/294021/historical/6?apikey=TEST
Proxy:			<none>
Request params:	<none>
Query params:	apikey=TEST
Form params:	<none>
Path params:	<none>
Headers:		Accept=*/*
Cookies:		<none>
Multiparts:		<none>
Body:			<none>
Request method:	GET
Request URI:	http://localhost:54820/currentconditions/v1/294021/historical/6?apikey=TEST
Proxy:			<none>
Request params:	<none>
Query params:	apikey=TEST
Form params:	<none>
Path params:	<none>
Headers:		Accept=*/*
Cookies:		<none>
Multiparts:		<none>
Body:			<none>
Request method:	GET
Request URI:	http://localhost:54820/currentconditions/v1/294021/historical/6?apikey=TEST
Proxy:			<none>
Request params:	<none>
Query params:	apikey=TEST
Form params:	<none>
Path params:	<none>
Headers:		Accept=*/*
Cookies:		<none>
Multiparts:		<none>
Body:			<none>
Request method:	GET
Request URI:	http://localhost:54820/currentconditions/v1/294021/historical/6?apikey=TEST
Proxy:			<none>
Request params:	<none>
Query params:	apikey=TEST
Form params:	<none>
Path params:	<none>
Headers:		Accept=*/*
Cookies:		<none>
Multiparts:		<none>
Body:			<none>
Request method:	GET
Request URI:	http://localhost:54820/currentconditions/v1/294021/historical/6?apikey=TEST
Proxy:			<none>
Request params:	<none>
Query params:	apikey=TEST
Form params:	<none>
Path params:	<none>
Headers:		Accept=*/*
Cookies:		<none>
Multiparts:		<none>
Body:			<none>
Request method:	GET
Request URI:	http://localhost:54820/currentconditions/v1/294021/historical/6?apikey=TEST
Proxy:			<none>
Request params:	<none>
Query params:	apikey=TEST
Form params:	<none>
Path params:	<none>
Headers:		Accept=*/*
Cookies:		<none>
Multiparts:		<none>
Body:			<none>
Request method:	GET
Request URI:	http://localhost:54820/currentconditions/v1/294021/historical/6?apikey=TEST
Proxy:			<none>
Request params:	<none>
Query params:	apikey=TEST
Form params:	<none>
Path params:	<none>
Headers:		Accept=*/*
Cookies:		<none>
Multiparts:		<none>
Body:			<none>
Request method:	GET
Request URI:	http://localhost:54820/currentconditions/v1/294021/historical/6?apikey=TEST
Proxy:			<none>
Request params:	<none>
Query params:	apikey=TEST
Form params:	<none>
Path params:	<none>
Headers:		Accept=*/*
Cookies:		<none>
Multiparts:		<none>
Body:			<none>
Request method:	GET
Request URI:	http://localhost:54820/currentconditions/v1/294021/historical/6?apikey=TEST
Proxy:			<none>
Request params:	<none>
Query params:	apikey=TEST
Form params:	<none>
Path params:	<none>
Headers:		Accept=*/*
Cookies:		<none>
Multiparts:		<none>
Body:			<none>
Request method:	GET
Request URI:	http://localhost:54820/currentconditions/v1/294021/historical/6?apikey=TEST
Proxy:			<none>
Request params:	<none>
Query params:	apikey=TEST
Form params:	<none>
Path params:	<none>
Headers:		Accept=*/*
Cookies:		<none>
Multiparts:		<none>
Body:			<none>
HTTP/1.1 200 OK
Content-Type: application/json
Matched-Stub-Id: 1a6bf520-fc8b-4da9-b2a9-d088f0451119
Vary: Accept-Encoding, User-Agent
Content-Encoding: gzip
Transfer-Encoding: chunked

[
    {
        "EpochTime": 1704092400,
        "WeatherText": "Cloudy",
        "Temperature": {
            "Metric": {
                "Value": 2,
                "Unit": "C"
            }
        }
    },
    {
        "EpochTime": 1704088800,
        "WeatherText": "Overcast",
        "Temperature": {
            "Metric": {
                "Value": 1,
                "Unit": "C"
            }
        }
    },
    {
        "EpochTime": 1704085200,
        "WeatherText": "Snow",
        "Temperature": {
            "Metric": {
                "Value": 0,
                "Unit": "C"
            }
        }
    }
]
HTTP/1.1 200 OK
Content-Type: application/json
Matched-Stub-Id: 1a6bf520-fc8b-4da9-b2a9-d088f0451119
Vary: Accept-Encoding, User-Agent
Content-Encoding: gzip
Transfer-Encoding: chunked

[
    {
        "EpochTime": 1704092400,
        "WeatherText": "Cloudy",
        "Temperature": {
            "Metric": {
                "Value": 2,
                "Unit": "C"
            }
        }
    },
    {
        "EpochTime": 1704088800,
        "WeatherText": "Overcast",
        "Temperature": {
            "Metric": {
                "Value": 1,
                "Unit": "C"
            }
        }
    },
    {
        "EpochTime": 1704085200,
        "WeatherText": "Snow",
        "Temperature": {
            "Metric": {
                "Value": 0,
                "Unit": "C"
            }
        }
    }
]
HTTP/1.1 200 OK
Content-Type: application/json
Matched-Stub-Id: 1a6bf520-fc8b-4da9-b2a9-d088f0451119
Vary: Accept-Encoding, User-Agent
Content-Encoding: gzip
Transfer-Encoding: chunked

[
    {
        "EpochTime": 1704092400,
        "WeatherText": "Cloudy",
        "Temperature": {
            "Metric": {
                "Value": 2,
                "Unit": "C"
            }
        }
    },
    {
        "EpochTime": 1704088800,
        "WeatherText": "Overcast",
        "Temperature": {
            "Metric": {
                "Value": 1,
                "Unit": "C"
            }
        }
    },
    {
        "EpochTime": 1704085200,
        "WeatherText": "Snow",
        "Temperature": {
            "Metric": {
                "Value": 0,
                "Unit": "C"
            }
        }
    }
]
HTTP/1.1 200 OK
Content-Type: application/json
Matched-Stub-Id: 1a6bf520-fc8b-4da9-b2a9-d088f0451119
Vary: Accept-Encoding, User-Agent
Content-Encoding: gzip
Transfer-Encoding: chunked

[
    {
        "EpochTime": 1704092400,
        "WeatherText": "Cloudy",
        "Temperature": {
            "Metric": {
                "Value": 2,
                "Unit": "C"
            }
        }
    },
    {
        "EpochTime": 1704088800,
        "WeatherText": "Overcast",
        "Temperature": {
            "Metric": {
                "Value": 1,
                "Unit": "C"
            }
        }
    },
    {
        "EpochTime": 1704085200,
        "WeatherText": "Snow",
        "Temperature": {
            "Metric": {
                "Value": 0,
                "Unit": "C"
            }
        }
    }
]
HTTP/1.1 200 OK
Content-Type: application/json
Matched-Stub-Id: 1a6bf520-fc8b-4da9-b2a9-d088f0451119
Vary: Accept-Encoding, User-Agent
Content-Encoding: gzip
Transfer-Encoding: chunked

[
    {
        "EpochTime": 1704092400,
        "WeatherText": "Cloudy",
        "Temperature": {
            "Metric": {
                "Value": 2,
                "Unit": "C"
            }
        }
    },
    {
        "EpochTime": 1704088800,
        "WeatherText": "Overcast",
        "Temperature": {
            "Metric": {
                "Value": 1,
                "Unit": "C"
            }
        }
    },
    {
        "EpochTime": 1704085200,
        "WeatherText": "Snow",
        "Temperature": {
            "Metric": {
                "Value": 0,
                "Unit": "C"
            }
        }
    }
]
HTTP/1.1 200 OK
Content-Type: application/json
Matched-Stub-Id: 1a6bf520-fc8b-4da9-b2a9-d088f0451119
Vary: Accept-Encoding, User-Agent
Content-Encoding: gzip
Transfer-Encoding: chunked

[
    {
        "EpochTime": 1704092400,
        "WeatherText": "Cloudy",
        "Temperature": {
            "Metric": {
                "Value": 2,
                "Unit": "C"
            }
        }
    },
    {
        "EpochTime": 1704088800,
        "WeatherText": "Overcast",
        "Temperature": {
            "Metric": {
                "Value": 1,
                "Unit": "C"
            }
        }
    },
    {
        "EpochTime": 1704085200,
        "WeatherText": "Snow",
        "Temperature": {
            "Metric": {
                "Value": 0,
                "Unit": "C"
            }
        }
    }
]
HTTP/1.1 200 OK
Content-Type: application/json
Matched-Stub-Id: 1a6bf520-fc8b-4da9-b2a9-d088f0451119
Vary: Accept-Encoding, User-Agent
Content-Encoding: gzip
Transfer-Encoding: chunked

[
    {
        "EpochTime": 1704092400,
        "WeatherText": "Cloudy",
        "Temperature": {
            "Metric": {
                "Value": 2,
                "Unit": "C"
            }
        }
    },
    {
        "EpochTime": 1704088800,
        "WeatherText": "Overcast",
        "Temperature": {
            "Metric": {
                "Value": 1,
                "Unit": "C"
            }
        }
    },
    {
        "EpochTime": 1704085200,
        "WeatherText": "Snow",
        "Temperature": {
            "Metric": {
                "Value": 0,
                "Unit": "C"
            }
        }
    }
]
HTTP/1.1 200 OK
Content-Type: application/json
Matched-Stub-Id: 1a6bf520-fc8b-4da9-b2a9-d088f0451119
Vary: Accept-Encoding, User-Agent
Content-Encoding: gzip
Transfer-Encoding: chunked

[
    {
        "EpochTime": 1704092400,
        "WeatherText": "Cloudy",
        "Temperature": {
            "Metric": {
                "Value": 2,
                "Unit": "C"
            }
        }
    },
    {
        "EpochTime": 1704088800,
        "WeatherText": "Overcast",
        "Temperature": {
            "Metric": {
                "Value": 1,
                "Unit": "C"
            }
        }
    },
    {
        "EpochTime": 1704085200,
        "WeatherText": "Snow",
        "Temperature": {
            "Metric": {
                "Value": 0,
                "Unit": "C"
            }
        }
    }
]
HTTP/1.1 200 OK
Content-Type: application/json
Matched-Stub-Id: 1a6bf520-fc8b-4da9-b2a9-d088f0451119
Vary: Accept-Encoding, User-Agent
Content-Encoding: gzip
Transfer-Encoding: chunked

[
    {
        "EpochTime": 1704092400,
        "WeatherText": "Cloudy",
        "Temperature": {
            "Metric": {
                "Value": 2,
                "Unit": "C"
            }
        }
    },
    {
        "EpochTime": 1704088800,
        "WeatherText": "Overcast",
        "Temperature": {
            "Metric": {
                "Value": 1,
                "Unit": "C"
            }
        }
    },
    {
        "EpochTime": 1704085200,
        "WeatherText": "Snow",
        "Temperature": {
            "Metric": {
                "Value": 0,
                "Unit": "C"
            }
        }
    }
]
HTTP/1.1 200 OK
Content-Type: application/json
Matched-Stub-Id: 1a6bf520-fc8b-4da9-b2a9-d088f0451119
Vary: Accept-Encoding, User-Agent
Content-Encoding: gzip
Transfer-Encoding: chunked

[
    {
        "EpochTime": 1704092400,
        "WeatherText": "Cloudy",
        "Temperature": {
            "Metric": {
                "Value": 2,
                "Unit": "C"
            }
        }
    },
    {
        "EpochTime": 1704088800,
        "WeatherText": "Overcast",
        "Temperature": {
            "Metric": {
                "Value": 1,
                "Unit": "C"
            }
        }
    },
    {
        "EpochTime": 1704085200,
        "WeatherText": "Snow",
        "Temperature": {
            "Metric": {
                "Value": 0,
                "Unit": "C"
            }
        }
    }
]
HTTP/1.1 200 OK
Content-Type: application/json
Matched-Stub-Id: 1a6bf520-fc8b-4da9-b2a9-d088f0451119
Vary: Accept-Encoding, User-Agent
Content-Encoding: gzip
Transfer-Encoding: chunked

[
    {
        "EpochTime": 1704092400,
        "WeatherText": "Cloudy",
        "Temperature": {
            "Metric": {
                "Value": 2,
                "Unit": "C"
            }
        }
    },
    {
        "EpochTime": 1704088800,
        "WeatherText": "Overcast",
        "Temperature": {
            "Metric": {
                "Value": 1,
                "Unit": "C"
            }
        }
    },
    {
        "EpochTime": 1704085200,
        "WeatherText": "Snow",
        "Temperature": {
            "Metric": {
                "Value": 0,
                "Unit": "C"
            }
        }
    }
]
HTTP/1.1 200 OK
Content-Type: application/json
Matched-Stub-Id: 1a6bf520-fc8b-4da9-b2a9-d088f0451119
Vary: Accept-Encoding, User-Agent
Content-Encoding: gzip
Transfer-Encoding: chunked

[
    {
        "EpochTime": 1704092400,
        "WeatherText": "Cloudy",
        "Temperature": {
            "Metric": {
                "Value": 2,
                "Unit": "C"
            }
        }
    },
    {
        "EpochTime": 1704088800,
        "WeatherText": "Overcast",
        "Temperature": {
            "Metric": {
                "Value": 1,
                "Unit": "C"
            }
        }
    },
    {
        "EpochTime": 1704085200,
        "WeatherText": "Snow",
        "Temperature": {
            "Metric": {
                "Value": 0,
                "Unit": "C"
            }
        }
    }
]
HTTP/1.1 200 OK
Content-Type: application/json
Matched-Stub-Id: 1a6bf520-fc8b-4da9-b2a9-d088f0451119
Vary: Accept-Encoding, User-Agent
Content-Encoding: gzip
Transfer-Encoding: chunked

[
    {
        "EpochTime": 1704092400,
        "WeatherText": "Cloudy",
        "Temperature": {
            "Metric": {
                "Value": 2,
                "Unit": "C"
            }
        }
    },
    {
        "EpochTime": 1704088800,
        "WeatherText": "Overcast",
        "Temperature": {
            "Metric": {
                "Value": 1,
                "Unit": "C"
            }
        }
    },
    {
        "EpochTime": 1704085200,
        "WeatherText": "Snow",
        "Temperature": {
            "Metric": {
                "Value": 0,
                "Unit": "C"
            }
        }
    }
]
HTTP/1.1 200 OK
Content-Type: application/json
Matched-Stub-Id: 1a6bf520-fc8b-4da9-b2a9-d088f0451119
Vary: Accept-Encoding, User-Agent
Content-Encoding: gzip
Transfer-Encoding: chunked

[
    {
        "EpochTime": 1704092400,
        "WeatherText": "Cloudy",
        "Temperature": {
            "Metric": {
                "Value": 2,
                "Unit": "C"
            }
        }
    },
    {
        "EpochTime": 1704088800,
        "WeatherText": "Overcast",
        "Temperature": {
            "Metric": {
                "Value": 1,
                "Unit": "C"
            }
        }
    },
    {
        "EpochTime": 1704085200,
        "WeatherText": "Snow",
        "Temperature": {
            "Metric": {
                "Value": 0,
                "Unit": "C"
            }
        }
    }
]
HTTP/1.1 200 OK
Content-Type: application/json
Matched-Stub-Id: 1a6bf520-fc8b-4da9-b2a9-d088f0451119
Vary: Accept-Encoding, User-Agent
Content-Encoding: gzip
Transfer-Encoding: chunked

[
    {
        "EpochTime": 1704092400,
        "WeatherText": "Cloudy",
        "Temperature": {
            "Metric": {
                "Value": 2,
                "Unit": "C"
            }
        }
    },
    {
        "EpochTime": 1704088800,
        "WeatherText": "Overcast",
        "Temperature": {
            "Metric": {
                "Value": 1,
                "Unit": "C"
            }
        }
    },
    {
        "EpochTime": 1704085200,
        "WeatherText": "Snow",
        "Temperature": {
            "Metric": {
                "Value": 0,
                "Unit": "C"
            }
        }
    }
]
HTTP/1.1 200 OK
Content-Type: application/json
Matched-Stub-Id: 1a6bf520-fc8b-4da9-b2a9-d088f0451119
Vary: Accept-Encoding, User-Agent
Content-Encoding: gzip
Transfer-Encoding: chunked

[
    {
        "EpochTime": 1704092400,
        "WeatherText": "Cloudy",
        "Temperature": {
            "Metric": {
                "Value": 2,
                "Unit": "C"
            }
        }
    },
    {
        "EpochTime": 1704088800,
        "WeatherText": "Overcast",
        "Temperature": {
            "Metric": {
                "Value": 1,
                "Unit": "C"
            }
        }
    },
    {
        "EpochTime": 1704085200,
        "WeatherText": "Snow",
        "Temperature": {
            "Metric": {
                "Value": 0,
                "Unit": "C"
            }
        }
    }
]
HTTP/1.1 200 OK
Content-Type: application/json
Matched-Stub-Id: 1a6bf520-fc8b-4da9-b2a9-d088f0451119
Vary: Accept-Encoding, User-Agent
Content-Encoding: gzip
Transfer-Encoding: chunked

[
    {
        "EpochTime": 1704092400,
        "WeatherText": "Cloudy",
        "Temperature": {
            "Metric": {
                "Value": 2,
                "Unit": "C"
            }
        }
    },
    {
        "EpochTime": 1704088800,
        "WeatherText": "Overcast",
        "Temperature": {
            "Metric": {
                "Value": 1,
                "Unit": "C"
            }
        }
    },
    {
        "EpochTime": 1704085200,
        "WeatherText": "Snow",
        "Temperature": {
            "Metric": {
                "Value": 0,
                "Unit": "C"
            }
        }
    }
]
HTTP/1.1 200 OK
Content-Type: application/json
Matched-Stub-Id: 1a6bf520-fc8b-4da9-b2a9-d088f0451119
Vary: Accept-Encoding, User-Agent
Content-Encoding: gzip
Transfer-Encoding: chunked

[
    {
        "EpochTime": 1704092400,
        "WeatherText": "Cloudy",
        "Temperature": {
            "Metric": {
                "Value": 2,
                "Unit": "C"
            }
        }
    },
    {
        "EpochTime": 1704088800,
        "WeatherText": "Overcast",
        "Temperature": {
            "Metric": {
                "Value": 1,
                "Unit": "C"
            }
        }
    },
    {
        "EpochTime": 1704085200,
        "WeatherText": "Snow",
        "Temperature": {
            "Metric": {
                "Value": 0,
                "Unit": "C"
            }
        }
    }
]
HTTP/1.1 200 OK
Content-Type: application/json
Matched-Stub-Id: 1a6bf520-fc8b-4da9-b2a9-d088f0451119
Vary: Accept-Encoding, User-Agent
Content-Encoding: gzip
Transfer-Encoding: chunked

[
    {
        "EpochTime": 1704092400,
        "WeatherText": "Cloudy",
        "Temperature": {
            "Metric": {
                "Value": 2,
                "Unit": "C"
            }
        }
    },
    {
        "EpochTime": 1704088800,
        "WeatherText": "Overcast",
        "Temperature": {
            "Metric": {
                "Value": 1,
                "Unit": "C"
            }
        }
    },
    {
        "EpochTime": 1704085200,
        "WeatherText": "Snow",
        "Temperature": {
            "Metric": {
                "Value": 0,
                "Unit": "C"
            }
        }
    }
]
HTTP/1.1 200 OK
Content-Type: application/json
Matched-Stub-Id: 1a6bf520-fc8b-4da9-b2a9-d088f0451119
Vary: Accept-Encoding, User-Agent
Content-Encoding: gzip
Transfer-Encoding: chunked

[
    {
        "EpochTime": 1704092400,
        "WeatherText": "Cloudy",
        "Temperature": {
            "Metric": {
                "Value": 2,
                "Unit": "C"
            }
        }
    },
    {
        "EpochTime": 1704088800,
        "WeatherText": "Overcast",
        "Temperature": {
            "Metric": {
                "Value": 1,
                "Unit": "C"
            }
        }
    },
    {
        "EpochTime": 1704085200,
        "WeatherText": "Snow",
        "Temperature": {
            "Metric": {
                "Value": 0,
                "Unit": "C"
            }
        }
    }
]
HTTP/1.1 200 OK
Content-Type: application/json
Matched-Stub-Id: 1a6bf520-fc8b-4da9-b2a9-d088f0451119
Vary: Accept-Encoding, User-Agent
Content-Encoding: gzip
Transfer-Encoding: chunked

[
    {
        "EpochTime": 1704092400,
        "WeatherText": "Cloudy",
        "Temperature": {
            "Metric": {
                "Value": 2,
                "Unit": "C"
            }
        }
    },
    {
        "EpochTime": 1704088800,
        "WeatherText": "Overcast",
        "Temperature": {
            "Metric": {
                "Value": 1,
                "Unit": "C"
            }
        }
    },
    {
        "EpochTime": 1704085200,
        "WeatherText": "Snow",
        "Temperature": {
            "Metric": {
                "Value": 0,
                "Unit": "C"
            }
        }
    }
]
HTTP/1.1 200 OK
Content-Type: application/json
Matched-Stub-Id: 1a6bf520-fc8b-4da9-b2a9-d088f0451119
Vary: Accept-Encoding, User-Agent
Content-Encoding: gzip
Transfer-Encoding: chunked

[
    {
        "EpochTime": 1704092400,
        "WeatherText": "Cloudy",
        "Temperature": {
            "Metric": {
                "Value": 2,
                "Unit": "C"
            }
        }
    },
    {
        "EpochTime": 1704088800,
        "WeatherText": "Overcast",
        "Temperature": {
            "Metric": {
                "Value": 1,
                "Unit": "C"
            }
        }
    },
    {
        "EpochTime": 1704085200,
        "WeatherText": "Snow",
        "Temperature": {
            "Metric": {
                "Value": 0,
                "Unit": "C"
            }
        }
    }
]
HTTP/1.1 200 OK
Content-Type: application/json
Matched-Stub-Id: 1a6bf520-fc8b-4da9-b2a9-d088f0451119
Vary: Accept-Encoding, User-Agent
Content-Encoding: gzip
Transfer-Encoding: chunked

[
    {
        "EpochTime": 1704092400,
        "WeatherText": "Cloudy",
        "Temperature": {
            "Metric": {
                "Value": 2,
                "Unit": "C"
            }
        }
    },
    {
        "EpochTime": 1704088800,
        "WeatherText": "Overcast",
        "Temperature": {
            "Metric": {
                "Value": 1,
                "Unit": "C"
            }
        }
    },
    {
        "EpochTime": 1704085200,
        "WeatherText": "Snow",
        "Temperature": {
            "Metric": {
                "Value": 0,
                "Unit": "C"
            }
        }
    }
]
HTTP/1.1 200 OK
Content-Type: application/json
Matched-Stub-Id: 1a6bf520-fc8b-4da9-b2a9-d088f0451119
Vary: Accept-Encoding, User-Agent
Content-Encoding: gzip
Transfer-Encoding: chunked

[
    {
        "EpochTime": 1704092400,
        "WeatherText": "Cloudy",
        "Temperature": {
            "Metric": {
                "Value": 2,
                "Unit": "C"
            }
        }
    },
    {
        "EpochTime": 1704088800,
        "WeatherText": "Overcast",
        "Temperature": {
            "Metric": {
                "Value": 1,
                "Unit": "C"
            }
        }
    },
    {
        "EpochTime": 1704085200,
        "WeatherText": "Snow",
        "Temperature": {
            "Metric": {
                "Value": 0,
                "Unit": "C"
            }
        }
    }
]
HTTP/1.1 200 OK
Content-Type: application/json
Matched-Stub-Id: 1a6bf520-fc8b-4da9-b2a9-d088f0451119
Vary: Accept-Encoding, User-Agent
Content-Encoding: gzip
Transfer-Encoding: chunked

[
    {
        "EpochTime": 1704092400,
        "WeatherText": "Cloudy",
        "Temperature": {
            "Metric": {
                "Value": 2,
                "Unit": "C"
            }
        }
    },
    {
        "EpochTime": 1704088800,
        "WeatherText": "Overcast",
        "Temperature": {
            "Metric": {
                "Value": 1,
                "Unit": "C"
            }
        }
    },
    {
        "EpochTime": 1704085200,
        "WeatherText": "Snow",
        "Temperature": {
            "Metric": {
                "Value": 0,
                "Unit": "C"
            }
        }
    }
]
HTTP/1.1 200 OK
Content-Type: application/json
Matched-Stub-Id: 1a6bf520-fc8b-4da9-b2a9-d088f0451119
Vary: Accept-Encoding, User-Agent
Content-Encoding: gzip
Transfer-Encoding: chunked

[
    {
        "EpochTime": 1704092400,
        "WeatherText": "Cloudy",
        "Temperature": {
            "Metric": {
                "Value": 2,
                "Unit": "C"
            }
        }
    },
    {
        "EpochTime": 1704088800,
        "WeatherText": "Overcast",
        "Temperature": {
            "Metric": {
                "Value": 1,
                "Unit": "C"
            }
        }
    },
    {
        "EpochTime": 1704085200,
        "WeatherText": "Snow",
        "Temperature": {
            "Metric": {
                "Value": 0,
                "Unit": "C"
            }
        }
    }
]
HTTP/1.1 200 OK
Content-Type: application/json
Matched-Stub-Id: 1a6bf520-fc8b-4da9-b2a9-d088f0451119
Vary: Accept-Encoding, User-Agent
Content-Encoding: gzip
Transfer-Encoding: chunked

[
    {
        "EpochTime": 1704092400,
        "WeatherText": "Cloudy",
        "Temperature": {
            "Metric": {
                "Value": 2,
                "Unit": "C"
            }
        }
    },
    {
        "EpochTime": 1704088800,
        "WeatherText": "Overcast",
        "Temperature": {
            "Metric": {
                "Value": 1,
                "Unit": "C"
            }
        }
    },
    {
        "EpochTime": 1704085200,
        "WeatherText": "Snow",
        "Temperature": {
            "Metric": {
                "Value": 0,
                "Unit": "C"
            }
        }
    }
]
HTTP/1.1 200 OK
Content-Type: application/json
Matched-Stub-Id: 1a6bf520-fc8b-4da9-b2a9-d088f0451119
Vary: Accept-Encoding, User-Agent
Content-Encoding: gzip
Transfer-Encoding: chunked

[
    {
        "EpochTime": 1704092400,
        "WeatherText": "Cloudy",
        "Temperature": {
            "Metric": {
                "Value": 2,
                "Unit": "C"
            }
        }
    },
    {
        "EpochTime": 1704088800,
        "WeatherText": "Overcast",
        "Temperature": {
            "Metric": {
                "Value": 1,
                "Unit": "C"
            }
        }
    },
    {
        "EpochTime": 1704085200,
        "WeatherText": "Snow",
        "Temperature": {
            "Metric": {
                "Value": 0,
                "Unit": "C"
            }
        }
    }
]
HTTP/1.1 200 OK
Content-Type: application/json
Matched-Stub-Id: 1a6bf520-fc8b-4da9-b2a9-d088f0451119
Vary: Accept-Encoding, User-Agent
Content-Encoding: gzip
Transfer-Encoding: chunked

[
    {
        "EpochTime": 1704092400,
        "WeatherText": "Cloudy",
        "Temperature": {
            "Metric": {
                "Value": 2,
                "Unit": "C"
            }
        }
    },
    {
        "EpochTime": 1704088800,
        "WeatherText": "Overcast",
        "Temperature": {
            "Metric": {
                "Value": 1,
                "Unit": "C"
            }
        }
    },
    {
        "EpochTime": 1704085200,
        "WeatherText": "Snow",
        "Temperature": {
            "Metric": {
                "Value": 0,
                "Unit": "C"
            }
        }
    }
]
HTTP/1.1 200 OK
Content-Type: application/json
Matched-Stub-Id: 1a6bf520-fc8b-4da9-b2a9-d088f0451119
Vary: Accept-Encoding, User-Agent
Content-Encoding: gzip
Transfer-Encoding: chunked

[
    {
        "EpochTime": 1704092400,
        "WeatherText": "Cloudy",
        "Temperature": {
            "Metric": {
                "Value": 2,
                "Unit": "C"
            }
        }
    },
    {
        "EpochTime": 1704088800,
        "WeatherText": "Overcast",
        "Temperature": {
            "Metric": {
                "Value": 1,
                "Unit": "C"
            }
        }
    },
    {
        "EpochTime": 1704085200,
        "WeatherText": "Snow",
        "Temperature": {
            "Metric": {
                "Value": 0,
                "Unit": "C"
            }
        }
    }
]
HTTP/1.1 200 OK
Content-Type: application/json
Matched-Stub-Id: 1a6bf520-fc8b-4da9-b2a9-d088f0451119
Vary: Accept-Encoding, User-Agent
Content-Encoding: gzip
Transfer-Encoding: chunked

[
    {
        "EpochTime": 1704092400,
        "WeatherText": "Cloudy",
        "Temperature": {
            "Metric": {
                "Value": 2,
                "Unit": "C"
            }
        }
    },
    {
        "EpochTime": 1704088800,
        "WeatherText": "Overcast",
        "Temperature": {
            "Metric": {
                "Value": 1,
                "Unit": "C"
            }
        }
    },
    {
        "EpochTime": 1704085200,
        "WeatherText": "Snow",
        "Temperature": {
            "Metric": {
                "Value": 0,
                "Unit": "C"
            }
        }
    }
]
HTTP/1.1 200 OK
Content-Type: application/json
Matched-Stub-Id: 1a6bf520-fc8b-4da9-b2a9-d088f0451119
Vary: Accept-Encoding, User-Agent
Content-Encoding: gzip
Transfer-Encoding: chunked

[
    {
        "EpochTime": 1704092400,
        "WeatherText": "Cloudy",
        "Temperature": {
            "Metric": {
                "Value": 2,
                "Unit": "C"
            }
        }
    },
    {
        "EpochTime": 1704088800,
        "WeatherText": "Overcast",
        "Temperature": {
            "Metric": {
                "Value": 1,
                "Unit": "C"
            }
        }
    },
    {
        "EpochTime": 1704085200,
        "WeatherText": "Snow",
        "Temperature": {
            "Metric": {
                "Value": 0,
                "Unit": "C"
            }
        }
    }
]
HTTP/1.1 200 OK
Content-Type: application/json
Matched-Stub-Id: 1a6bf520-fc8b-4da9-b2a9-d088f0451119
Vary: Accept-Encoding, User-Agent
Content-Encoding: gzip
Transfer-Encoding: chunked

[
    {
        "EpochTime": 1704092400,
        "WeatherText": "Cloudy",
        "Temperature": {
            "Metric": {
                "Value": 2,
                "Unit": "C"
            }
        }
    },
    {
        "EpochTime": 1704088800,
        "WeatherText": "Overcast",
        "Temperature": {
            "Metric": {
                "Value": 1,
                "Unit": "C"
            }
        }
    },
    {
        "EpochTime": 1704085200,
        "WeatherText": "Snow",
        "Temperature": {
            "Metric": {
                "Value": 0,
                "Unit": "C"
            }
        }
    }
]
HTTP/1.1 200 OK
Content-Type: application/json
Matched-Stub-Id: 1a6bf520-fc8b-4da9-b2a9-d088f0451119
Vary: Accept-Encoding, User-Agent
Content-Encoding: gzip
Transfer-Encoding: chunked

[
    {
        "EpochTime": 1704092400,
        "WeatherText": "Cloudy",
        "Temperature": {
            "Metric": {
                "Value": 2,
                "Unit": "C"
            }
        }
    },
    {
        "EpochTime": 1704088800,
        "WeatherText": "Overcast",
        "Temperature": {
            "Metric": {
                "Value": 1,
                "Unit": "C"
            }
        }
    },
    {
        "EpochTime": 1704085200,
        "WeatherText": "Snow",
        "Temperature": {
            "Metric": {
                "Value": 0,
                "Unit": "C"
            }
        }
    }
]
HTTP/1.1 200 OK
Content-Type: application/json
Matched-Stub-Id: 1a6bf520-fc8b-4da9-b2a9-d088f0451119
Vary: Accept-Encoding, User-Agent
Content-Encoding: gzip
Transfer-Encoding: chunked

[
    {
        "EpochTime": 1704092400,
        "WeatherText": "Cloudy",
        "Temperature": {
            "Metric": {
                "Value": 2,
                "Unit": "C"
            }
        }
    },
    {
        "EpochTime": 1704088800,
        "WeatherText": "Overcast",
        "Temperature": {
            "Metric": {
                "Value": 1,
                "Unit": "C"
            }
        }
    },
    {
        "EpochTime": 1704085200,
        "WeatherText": "Snow",
        "Temperature": {
            "Metric": {
                "Value": 0,
                "Unit": "C"
            }
        }
    }
]
HTTP/1.1 200 OK
Content-Type: application/json
Matched-Stub-Id: 1a6bf520-fc8b-4da9-b2a9-d088f0451119
Vary: Accept-Encoding, User-Agent
Content-Encoding: gzip
Transfer-Encoding: chunked

[
    {
        "EpochTime": 1704092400,
        "WeatherText": "Cloudy",
        "Temperature": {
            "Metric": {
                "Value": 2,
                "Unit": "C"
            }
        }
    },
    {
        "EpochTime": 1704088800,
        "WeatherText": "Overcast",
        "Temperature": {
            "Metric": {
                "Value": 1,
                "Unit": "C"
            }
        }
    },
    {
        "EpochTime": 1704085200,
        "WeatherText": "Snow",
        "Temperature": {
            "Metric": {
                "Value": 0,
                "Unit": "C"
            }
        }
    }
]
HTTP/1.1 200 OK
Content-Type: application/json
Matched-Stub-Id: 1a6bf520-fc8b-4da9-b2a9-d088f0451119
Vary: Accept-Encoding, User-Agent
Content-Encoding: gzip
Transfer-Encoding: chunked

[
    {
        "EpochTime": 1704092400,
        "WeatherText": "Cloudy",
        "Temperature": {
            "Metric": {
                "Value": 2,
                "Unit": "C"
            }
        }
    },
    {
        "EpochTime": 1704088800,
        "WeatherText": "Overcast",
        "Temperature": {
            "Metric": {
                "Value": 1,
                "Unit": "C"
            }
        }
    },
    {
        "EpochTime": 1704085200,
        "WeatherText": "Snow",
        "Temperature": {
            "Metric": {
                "Value": 0,
                "Unit": "C"
            }
        }
    }
]
HTTP/1.1 200 OK
Content-Type: application/json
Matched-Stub-Id: 1a6bf520-fc8b-4da9-b2a9-d088f0451119
Vary: Accept-Encoding, User-Agent
Content-Encoding: gzip
Transfer-Encoding: chunked

[
    {
        "EpochTime": 1704092400,
        "WeatherText": "Cloudy",
        "Temperature": {
            "Metric": {
                "Value": 2,
                "Unit": "C"
            }
        }
    },
    {
        "EpochTime": 1704088800,
        "WeatherText": "Overcast",
        "Temperature": {
            "Metric": {
                "Value": 1,
                "Unit": "C"
            }
        }
    },
    {
        "EpochTime": 1704085200,
        "WeatherText": "Snow",
        "Temperature": {
            "Metric": {
                "Value": 0,
                "Unit": "C"
            }
        }
    }
]
HTTP/1.1 200 OK
Content-Type: application/json
Matched-Stub-Id: 1a6bf520-fc8b-4da9-b2a9-d088f0451119
Vary: Accept-Encoding, User-Agent
Content-Encoding: gzip
Transfer-Encoding: chunked

[
    {
        "EpochTime": 1704092400,
        "WeatherText": "Cloudy",
        "Temperature": {
            "Metric": {
                "Value": 2,
                "Unit": "C"
            }
        }
    },
    {
        "EpochTime": 1704088800,
        "WeatherText": "Overcast",
        "Temperature": {
            "Metric": {
                "Value": 1,
                "Unit": "C"
            }
        }
    },
    {
        "EpochTime": 1704085200,
        "WeatherText": "Snow",
        "Temperature": {
            "Metric": {
                "Value": 0,
                "Unit": "C"
            }
        }
    }
]
]]></system-out>
  </testcase>
  <testcase name="historical24h_mock" classname="study.api.AccuWeatherMockTests" time="0.038">
    <system-out><![CDATA[Request method:	GET
Request URI:	http://localhost:54820/currentconditions/v1/294021/historical/24?apikey=TEST
Proxy:			<none>
Request params:	<none>
Query params:	apikey=TEST
Form params:	<none>
Path params:	<none>
Headers:		Accept=*/*
Cookies:		<none>
Multiparts:		<none>
Body:			<none>
Request method:	GET
Request URI:	http://localhost:54820/currentconditions/v1/294021/historical/24?apikey=TEST
Proxy:			<none>
Request params:	<none>
Query params:	apikey=TEST
Form params:	<none>
Path params:	<none>
Headers:		Accept=*/*
Cookies:		<none>
Multiparts:		<none>
Body:			<none>
Request method:	GET
Request URI:	http://localhost:54820/currentconditions/v1/294021/historical/24?apikey=TEST
Proxy:			<none>
Request params:	<none>
Query params:	apikey=TEST
Form params:	<none>
Path params:	<none>
Headers:		Accept=*/*
Cookies:		<none>
Multiparts:		<none>
Body:			<none>
Request method:	GET
Request URI:	http://localhost:54820/currentconditions/v1/294021/historical/24?apikey=TEST
Proxy:			<none>
Request params:	<none>
Query params:	apikey=TEST
Form params:	<none>
Path params:	<none>
Headers:		Accept=*/*
Cookies:		<none>
Multiparts:		<none>
Body:			<none>
Request method:	GET
Request URI:	http://localhost:54820/currentconditions/v1/294021/historical/24?apikey=TEST
Proxy:			<none>
Request params:	<none>
Query params:	apikey=TEST
Form params:	<none>
Path params:	<none>
Headers:		Accept=*/*
Cookies:		<none>
Multiparts:		<none>
Body:			<none>
Request method:	GET
Request URI:	http://localhost:54820/currentconditions/v1/294021/historical/24?apikey=TEST
Proxy:			<none>
Request params:	<none>
Query params:	apikey=TEST
Form params:	<none>
Path params:	<none>
Headers:		Accept=*/*
Cookies:		<none>
Multiparts:		<none>
Body:			<none>
Request method:	GET
Request URI:	http://localhost:54820/currentconditions/v1/294021/historical/24?apikey=TEST
Proxy:			<none>
Request params:	<none>
Query params:	apikey=TEST
Form params:	<none>
Path params:	<none>
Headers:		Accept=*/*
Cookies:		<none>
Multiparts:		<none>
Body:			<none>
Request method:	GET
Request URI:	http://localhost:54820/currentconditions/v1/294021/historical/24?apikey=TEST
Proxy:			<none>
Request params:	<none>
Query params:	apikey=TEST
Form params:	<none>
Path params:	<none>
Headers:		Accept=*/*
Cookies:		<none>
Multiparts:		<none>
Body:			<none>
Request method:	GET
Request URI:	http://localhost:54820/currentconditions/v1/294021/historical/24?apikey=TEST
Proxy:			<none>
Request params:	<none>
Query params:	apikey=TEST
Form params:	<none>
Path params:	<none>
Headers:		Accept=*/*
Cookies:		<none>
Multiparts:		<none>
Body:			<none>
Request method:	GET
Request URI:	http://localhost:54820/currentconditions/v1/294021/historical/24?apikey=TEST
Proxy:			<none>
Request params:	<none>
Query params:	apikey=TEST
Form params:	<none>
Path params:	<none>
Headers:		Accept=*/*
Cookies:		<none>
Multiparts:		<none>
Body:			<none>
Request method:	GET
Request URI:	http://localhost:54820/currentconditions/v1/294021/historical/24?apikey=TEST
Proxy:			<none>
Request params:	<none>
Query params:	apikey=TEST
Form params:	<none>
Path params:	<none>
Headers:		Accept=*/*
Cookies:		<none>
Multiparts:		<none>
Body:			<none>
Request method:	GET
Request URI:	http://localhost:54820/currentconditions/v1/294021/historical/24?apikey=TEST
Proxy:			<none>
Request params:	<none>
Query params:	apikey=TEST
Form params:	<none>
Path params:	<none>
Headers:		Accept=*/*
Cookies:		<none>
Multiparts:		<none>
Body:			<none>
Request method:	GET
Request URI:	http://localhost:54820/currentconditions/v1/294021/historical/24?apikey=TEST
Proxy:			<none>
Request params:	<none>
Query params:	apikey=TEST
Form params:	<none>
Path params:	<none>
Headers:		Accept=*/*
Cookies:		<none>
Multiparts:		<none>
Body:			<none>
Request method:	GET
Request URI:	http://localhost:54820/currentconditions/v1/294021/historical/24?apikey=TEST
Proxy:			<none>
Request params:	<none>
Query params:	apikey=TEST
Form params:	<none>
Path params:	<none>
Headers:		Accept=*/*
Cookies:		<none>
Multiparts:		<none>
Body:			<none>
Request method:	GET
Request URI:	http://localhost:54820/currentconditions/v1/294021/historical/24?apikey=TEST
Proxy:			<none>
Request params:	<none>
Query params:	apikey=TEST
Form params:	<none>
Path params:	<none>
Headers:		Accept=*/*
Cookies:		<none>
Multiparts:		<none>
Body:			<none>
Request method:	GET
Request URI:	http://localhost:54820/currentconditions/v1/294021/historical/24?apikey=TEST
Proxy:			<none>
Request params:	<none>
Query params:	apikey=TEST
Form params:	<none>
Path params:	<none>
Headers:		Accept=*/*
Cookies:		<none>
Multiparts:		<none>
Body:			<none>
Request method:	GET
Request URI:	http://localhost:54820/currentconditions/v1/294021/historical/24?apikey=TEST
Proxy:			<none>
Request params:	<none>
Query params:	apikey=TEST
Form params:	<none>
Path params:	<none>
Headers:		Accept=*/*
Cookies:		<none>
Multiparts:		<none>
Body:			<none>
Request method:	GET
Request URI:	http://localhost:54820/currentconditions/v1/294021/historical/24?apikey=TEST
Proxy:			<none>
Request params:	<none>
Query params:	apikey=TEST
Form params:	<none>
Path params:	<none>
Headers:		Accept=*/*
Cookies:		<none>
Multiparts:		<none>
Body:			<none>
Request method:	GET
Request URI:	http://localhost:54820/currentconditions/v1/294021/historical/24?apikey=TEST
Proxy:			<none>
Request params:	<none>
Query params:	apikey=TEST
Form params:	<none>
Path params:	<none>
Headers:		Accept=*/*
Cookies:		<none>
Multiparts:		<none>
Body:			<none>
Request method:	GET
Request URI:	http://localhost:54820/currentconditions/v1/294021/historical/24?apikey=TEST
Proxy:			<none>
Request params:	<none>
Query params:	apikey=TEST
Form params:	<none>
Path params:	<none>
Headers:		Accept=*/*
Cookies:		<none>
Multiparts:		<none>
Body:			<none>
Request method:	GET
Request URI:	http://localhost:54820/currentconditions/v1/294021/historical/24?apikey=TEST
Proxy:			<none>
Request params:	<none>
Query params:	apikey=TEST
Form params:	<none>
Path params:	<none>
Headers:		Accept=*/*
Cookies:		<none>
Multiparts:		<none>
Body:			<none>
Request method:	GET
Request URI:	http://localhost:54820/currentconditions/v1/294021/historical/24?apikey=TEST
Proxy:			<none>
Request params:	<none>
Query params:	apikey=TEST
Form params:	<none>
Path params:	<none>
Headers:		Accept=*/*
Cookies:		<none>
Multiparts:		<none>
Body:			<none>
Request method:	GET
Request URI:	http://localhost:54820/currentconditions/v1/294021/historical/24?apikey=TEST
Proxy:			<none>
Request params:	<none>
Query params:	apikey=TEST
Form params:	<none>
Path params:	<none>
Headers:		Accept=*/*
Cookies:		<none>
Multiparts:		<none>
Body:			<none>
Request method:	GET
Request URI:	http://localhost:54820/currentconditions/v1/294021/historical/24?apikey=TEST
Proxy:			<none>
Request params:	<none>
Query params:	apikey=TEST
Form params:	<none>
Path params:	<none>
Headers:		Accept=*/*
Cookies:		<none>
Multiparts:		<none>
Body:			<none>
Request method:	GET
Request URI:	http://localhost:54820/currentconditions/v1/294021/historical/24?apikey=TEST
Proxy:			<none>
Request params:	<none>
Query params:	apikey=TEST
Form params:	<none>
Path params:	<none>
Headers:		Accept=*/*
Cookies:		<none>
Multiparts:		<none>
Body:			<none>
Request method:	GET
Request URI:	http://localhost:54820/currentconditions/v1/294021/historical/24?apikey=TEST
Proxy:			<none>
Request params:	<none>
Query params:	apikey=TEST
Form params:	<none>
Path params:	<none>
Headers:		Accept=*/*
Cookies:		<none>
Multiparts:		<none>
Body:			<none>
Request method:	GET
Request URI:	http://localhost:54820/currentconditions/v1/294021/historical/24?apikey=TEST
Proxy:			<none>
Request params:	<none>
Query params:	apikey=TEST
Form params:	<none>
Path params:	<none>
Headers:		Accept=*/*
Cookies:		<none>
Multiparts:		<none>
Body:			<none>
Request method:	GET
Request URI:	http://localhost:54820/currentconditions/v1/294021/historical/24?apikey=TEST
Proxy:			<none>
Request params:	<none>
Query params:	apikey=TEST
Form params:	<none>
Path params:	<none>
Headers:		Accept=*/*
Cookies:		<none>
Multiparts:		<none>
Body:			<none>
Request method:	GET
Request URI:	http://localhost:54820/currentconditions/v1/294021/historical/24?apikey=TEST
Proxy:			<none>
Request params:	<none>
Query params:	apikey=TEST
Form params:	<none>
Path params:	<none>
Headers:		Accept=*/*
Cookies:		<none>
Multiparts:		<none>
Body:			<none>
Request method:	GET
Request URI:	http://localhost:54820/currentconditions/v1/294021/historical/24?apikey=TEST
Proxy:			<none>
Request params:	<none>
Query params:	apikey=TEST
Form params:	<none>
Path params:	<none>
Headers:		Accept=*/*
Cookies:		<none>
Multiparts:		<none>
Body:			<none>
Request method:	GET
Request URI:	http://localhost:54820/currentconditions/v1/294021/historical/24?apikey=TEST
Proxy:			<none>
Request params:	<none>
Query params:	apikey=TEST
Form params:	<none>
Path params:	<none>
Headers:		Accept=*/*
Cookies:		<none>
Multiparts:		<none>
Body:			<none>
Request method:	GET
Request URI:	http://localhost:54820/currentconditions/v1/294021/historical/24?apikey=TEST
Proxy:			<none>
Request params:	<none>
Query params:	apikey=TEST
Form params:	<none>
Path params:	<none>
Headers:		Accept=*/*
Cookies:		<none>
Multiparts:		<none>
Body:			<none>
Request method:	GET
Request URI:	http://localhost:54820/currentconditions/v1/294021/historical/24?apikey=TEST
Proxy:			<none>
Request params:	<none>
Query params:	apikey=TEST
Form params:	<none>
Path params:	<none>
Headers:		Accept=*/*
Cookies:		<none>
Multiparts:		<none>
Body:			<none>
Request method:	GET
Request URI:	http://localhost:54820/currentconditions/v1/294021/historical/24?apikey=TEST
Proxy:			<none>
Request params:	<none>
Query params:	apikey=TEST
Form params:	<none>
Path params:	<none>
Headers:		Accept=*/*
Cookies:		<none>
Multiparts:		<none>
Body:			<none>
Request method:	GET
Request URI:	http://localhost:54820/currentconditions/v1/294021/historical/24?apikey=TEST
Proxy:			<none>
Request params:	<none>
Query params:	apikey=TEST
Form params:	<none>
Path params:	<none>
Headers:		Accept=*/*
Cookies:		<none>
Multiparts:		<none>
Body:			<none>
Request method:	GET
Request URI:	http://localhost:54820/currentconditions/v1/294021/historical/24?apikey=TEST
Proxy:			<none>
Request params:	<none>
Query params:	apikey=TEST
Form params:	<none>
Path params:	<none>
Headers:		Accept=*/*
Cookies:		<none>
Multiparts:		<none>
Body:			<none>
Request method:	GET
Request URI:	http://localhost:54820/currentconditions/v1/294021/historical/24?apikey=TEST
Proxy:			<none>
Request params:	<none>
Query params:	apikey=TEST
Form params:	<none>
Path params:	<none>
Headers:		Accept=*/*
Cookies:		<none>
Multiparts:		<none>
Body:			<none>
Request method:	GET
Request URI:	http://localhost:54820/currentconditions/v1/294021/historical/24?apikey=TEST
Proxy:			<none>
Request params:	<none>
Query params:	apikey=TEST
Form params:	<none>
Path params:	<none>
Headers:		Accept=*/*
Cookies:		<none>
Multiparts:		<none>
Body:			<none>
Request method:	GET
Request URI:	http://localhost:54820/currentconditions/v1/294021/historical/24?apikey=TEST
Proxy:			<none>
Request params:	<none>
Query params:	apikey=TEST
Form params:	<none>
Path params:	<none>
Headers:		Accept=*/*
Cookies:		<none>
Multiparts:		<none>
Body:			<none>
Request method:	GET
Request URI:	http://localhost:54820/currentconditions/v1/294021/historical/24?apikey=TEST
Proxy:			<none>
Request params:	<none>
Query params:	apikey=TEST
Form params:	<none>
Path params:	<none>
Headers:		Accept=*/*
Cookies:		<none>
Multiparts:		<none>
Body:			<none>
HTTP/1.1 200 OK
Content-Type: application/json
Matched-Stub-Id: f5282f5b-b8e4-4a53-9e91-d4079e4dae42
Vary: Accept-Encoding, User-Agent
Content-Encoding: gzip
Transfer-Encoding: chunked

[
    {
        "EpochTime": 1704052800,
        "WeatherText": "Cloudy",
        "Temperature": {
            "Metric": {
                "Value": 1,
                "Unit": "C"
            }
        }
    },
    {
        "EpochTime": 1704016800,
        "WeatherText": "Clear",
        "Temperature": {
            "Metric": {
                "Value": -2,
                "Unit": "C"
            }
        }
    }
]
HTTP/1.1 200 OK
Content-Type: application/json
Matched-Stub-Id: f5282f5b-b8e4-4a53-9e91-d4079e4dae42
Vary: Accept-Encoding, User-Agent
Content-Encoding: gzip
Transfer-Encoding: chunked

[
    {
        "EpochTime": 1704052800,
        "WeatherText": "Cloudy",
        "Temperature": {
            "Metric": {
                "Value": 1,
                "Unit": "C"
            }
        }
    },
    {
        "EpochTime": 1704016800,
        "WeatherText": "Clear",
        "Temperature": {
            "Metric": {
                "Value": -2,
                "Unit": "C"
            }
        }
    }
]
HTTP/1.1 200 OK
Content-Type: application/json
Matched-Stub-Id: f5282f5b-b8e4-4a53-9e91-d4079e4dae42
Vary: Accept-Encoding, User-Agent
Content-Encoding: gzip
Transfer-Encoding: chunked

[
    {
        "EpochTime": 1704052800,
        "WeatherText": "Cloudy",
        "Temperature": {
            "Metric": {
                "Value": 1,
                "Unit": "C"
            }
        }
    },
    {
        "EpochTime": 1704016800,
        "WeatherText": "Clear",
        "Temperature": {
            "Metric": {
                "Value": -2,
                "Unit": "C"
            }
        }
    }
]
HTTP/1.1 200 OK
Content-Type: application/json
Matched-Stub-Id: f5282f5b-b8e4-4a53-9e91-d4079e4dae42
Vary: Accept-Encoding, User-Agent
Content-Encoding: gzip
Transfer-Encoding: chunked

[
    {
        "EpochTime": 1704052800,
        "WeatherText": "Cloudy",
        "Temperature": {
            "Metric": {
                "Value": 1,
                "Unit": "C"
            }
        }
    },
    {
        "EpochTime": 1704016800,
        "WeatherText": "Clear",
        "Temperature": {
            "Metric": {
                "Value": -2,
                "Unit": "C"
            }
        }
    }
]
HTTP/1.1 200 OK
Content-Type: application/json
Matched-Stub-Id: f5282f5b-b8e4-4a53-9e91-d4079e4dae42
Vary: Accept-Encoding, User-Agent
Content-Encoding: gzip
Transfer-Encoding: chunked

[
    {
        "EpochTime": 1704052800,
        "WeatherText": "Cloudy",
        "Temperature": {
            "Metric": {
                "Value": 1,
                "Unit": "C"
            }
        }
    },
    {
        "EpochTime": 1704016800,
        "WeatherText": "Clear",
        "Temperature": {
            "Metric": {
                "Value": -2,
                "Unit": "C"
            }
        }
    }
]
HTTP/1.1 200 OK
Content-Type: application/json
Matched-Stub-Id: f5282f5b-b8e4-4a53-9e91-d4079e4dae42
Vary: Accept-Encoding, User-Agent
Content-Encoding: gzip
Transfer-Encoding: chunked

[
    {
        "EpochTime": 1704052800,
        "WeatherText": "Cloudy",
        "Temperature": {
            "Metric": {
                "Value": 1,
                "Unit": "C"
            }
        }
    },
    {
        "EpochTime": 1704016800,
        "WeatherText": "Clear",
        "Temperature": {
            "Metric": {
                "Value": -2,
                "Unit": "C"
            }
        }
    }
]
HTTP/1.1 200 OK
Content-Type: application/json
Matched-Stub-Id: f5282f5b-b8e4-4a53-9e91-d4079e4dae42
Vary: Accept-Encoding, User-Agent
Content-Encoding: gzip
Transfer-Encoding: chunked

[
    {
        "EpochTime": 1704052800,
        "WeatherText": "Cloudy",
        "Temperature": {
            "Metric": {
                "Value": 1,
                "Unit": "C"
            }
        }
    },
    {
        "EpochTime": 1704016800,
        "WeatherText": "Clear",
        "Temperature": {
            "Metric": {
                "Value": -2,
                "Unit": "C"
            }
        }
    }
]
HTTP/1.1 200 OK
Content-Type: application/json
Matched-Stub-Id: f5282f5b-b8e4-4a53-9e91-d4079e4dae42
Vary: Accept-Encoding, User-Agent
Content-Encoding: gzip
Transfer-Encoding: chunked

[
    {
        "EpochTime": 1704052800,
        "WeatherText": "Cloudy",
        "Temperature": {
            "Metric": {
                "Value": 1,
                "Unit": "C"
            }
        }
    },
    {
        "EpochTime": 1704016800,
        "WeatherText": "Clear",
        "Temperature": {
            "Metric": {
                "Value": -2,
                "Unit": "C"
            }
        }
    }
]
HTTP/1.1 200 OK
Content-Type: application/json
Matched-Stub-Id: f5282f5b-b8e4-4a53-9e91-d4079e4dae42
Vary: Accept-Encoding, User-Agent
Content-Encoding: gzip
Transfer-Encoding: chunked

[
    {
        "EpochTime": 1704052800,
        "WeatherText": "Cloudy",
        "Temperature": {
            "Metric": {
                "Value": 1,
                "Unit": "C"
            }
        }
    },
    {
        "EpochTime": 1704016800,
        "WeatherText": "Clear",
        "Temperature": {
            "Metric": {
                "Value": -2,
                "Unit": "C"
            }
        }
    }
]
HTTP/1.1 200 OK
Content-Type: application/json
Matched-Stub-Id: f5282f5b-b8e4-4a53-9e91-d4079e4dae42
Vary: Accept-Encoding, User-Agent
Content-Encoding: gzip
Transfer-Encoding: chunked

[
    {
        "EpochTime": 1704052800,
        "WeatherText": "Cloudy",
        "Temperature": {
            "Metric": {
                "Value": 1,
                "Unit": "C"
            }
        }
    },
    {
        "EpochTime": 1704016800,
        "WeatherText": "Clear",
        "Temperature": {
            "Metric": {
                "Value": -2,
                "Unit": "C"
            }
        }
    }
]
HTTP/1.1 200 OK
Content-Type: application/json
Matched-Stub-Id: f5282f5b-b8e4-4a53-9e91-d4079e4dae42
Vary: Accept-Encoding, User-Agent
Content-Encoding: gzip
Transfer-Encoding: chunked

[
    {
        "EpochTime": 1704052800,
        "WeatherText": "Cloudy",
        "Temperature": {
            "Metric": {
                "Value": 1,
                "Unit": "C"
            }
        }
    },
    {
        "EpochTime": 1704016800,
        "WeatherText": "Clear",
        "Temperature": {
            "Metric": {
                "Value": -2,
                "Unit": "C"
            }
        }
    }
]
HTTP/1.1 200 OK
Content-Type: application/json
Matched-Stub-Id: f5282f5b-b8e4-4a53-9e91-d4079e4dae42
Vary: Accept-Encoding, User-Agent
Content-Encoding: gzip
Transfer-Encoding: chunked

[
    {
        "EpochTime": 1704052800,
        "WeatherText": "Cloudy",
        "Temperature": {
            "Metric": {
                "Value": 1,
                "Unit": "C"
            }
        }
    },
    {
        "EpochTime": 1704016800,
        "WeatherText": "Clear",
        "Temperature": {
            "Metric": {
                "Value": -2,
                "Unit": "C"
            }
        }
    }
]
HTTP/1.1 200 OK
Content-Type: application/json
Matched-Stub-Id: f5282f5b-b8e4-4a53-9e91-d4079e4dae42
Vary: Accept-Encoding, User-Agent
Content-Encoding: gzip
Transfer-Encoding: chunked

[
    {
        "EpochTime": 1704052800,
        "WeatherText": "Cloudy",
        "Temperature": {
            "Metric": {
                "Value": 1,
                "Unit": "C"
            }
        }
    },
    {
        "EpochTime": 1704016800,
        "WeatherText": "Clear",
        "Temperature": {
            "Metric": {
                "Value": -2,
                "Unit": "C"
            }
        }
    }
]
HTTP/1.1 200 OK
Content-Type: application/json
Matched-Stub-Id: f5282f5b-b8e4-4a53-9e91-d4079e4dae42
Vary: Accept-Encoding, User-Agent
Content-Encoding: gzip
Transfer-Encoding: chunked

[
    {
        "EpochTime": 1704052800,
        "WeatherText": "Cloudy",
        "Temperature": {
            "Metric": {
                "Value": 1,
                "Unit": "C"
            }
        }
    },
    {
        "EpochTime": 1704016800,
        "WeatherText": "Clear",
        "Temperature": {
            "Metric": {
                "Value": -2,
                "Unit": "C"
            }
        }
    }
]
HTTP/1.1 200 OK
Content-Type: application/json
Matched-Stub-Id: f5282f5b-b8e4-4a53-9e91-d4079e4dae42
Vary: Accept-Encoding, User-Agent
Content-Encoding: gzip
Transfer-Encoding: chunked

[
    {
        "EpochTime": 1704052800,
        "WeatherText": "Cloudy",
        "Temperature": {
            "Metric": {
                "Value": 1,
                "Unit": "C"
            }
        }
    },
    {
        "EpochTime": 1704016800,
        "WeatherText": "Clear",
        "Temperature": {
            "Metric": {
                "Value": -2,
                "Unit": "C"
            }
        }
    }
]
HTTP/1.1 200 OK
Content-Type: application/json
Matched-Stub-Id: f5282f5b-b8e4-4a53-9e91-d4079e4dae42
Vary: Accept-Encoding, User-Agent
Content-Encoding: gzip
Transfer-Encoding: chunked

[
    {
        "EpochTime": 1704052800,
        "WeatherText": "Cloudy",
        "Temperature": {
            "Metric": {
                "Value": 1,
                "Unit": "C"
            }
        }
    },
    {
        "EpochTime": 1704016800,
        "WeatherText": "Clear",
        "Temperature": {
            "Metric": {
                "Value": -2,
                "Unit": "C"
            }
        }
    }
]
HTTP/1.1 200 OK
Content-Type: application/json
Matched-Stub-Id: f5282f5b-b8e4-4a53-9e91-d4079e4dae42
Vary: Accept-Encoding, User-Agent
Content-Encoding: gzip
Transfer-Encoding: chunked

[
    {
        "EpochTime": 1704052800,
        "WeatherText": "Cloudy",
        "Temperature": {
            "Metric": {
                "Value": 1,
                "Unit": "C"
            }
        }
    },
    {
        "EpochTime": 1704016800,
        "WeatherText": "Clear",
        "Temperature": {
            "Metric": {
                "Value": -2,
                "Unit": "C"
            }
        }
    }
]
HTTP/1.1 200 OK
Content-Type: application/json
Matched-Stub-Id: f5282f5b-b8e4-4a53-9e91-d4079e4dae42
Vary: Accept-Encoding, User-Agent
Content-Encoding: gzip
Transfer-Encoding: chunked

[
    {
        "EpochTime": 1704052800,
        "WeatherText": "Cloudy",
        "Temperature": {
            "Metric": {
                "Value": 1,
                "Unit": "C"
            }
        }
    },
    {
        "EpochTime": 1704016800,
        "WeatherText": "Clear",
        "Temperature": {
            "Metric": {
                "Value": -2,
                "Unit": "C"
            }
        }
    }
]
HTTP/1.1 200 OK
Content-Type: application/json
Matched-Stub-Id: f5282f5b-b8e4-4a53-9e91-d4079e4dae42
Vary: Accept-Encoding, User-Agent
Content-Encoding: gzip
Transfer-Encoding: chunked

[
    {
        "EpochTime": 1704052800,
        "WeatherText": "Cloudy",
        "Temperature": {
            "Metric": {
                "Value": 1,
                "Unit": "C"
            }
        }
    },
    {
        "EpochTime": 1704016800,
        "WeatherText": "Clear",
        "Temperature": {
            "Metric": {
                "Value": -2,
                "Unit": "C"
            }
        }
    }
]
HTTP/1.1 200 OK
Content-Type: application/json
Matched-Stub-Id: f5282f5b-b8e4-4a53-9e91-d4079e4dae42
Vary: Accept-Encoding, User-Agent
Content-Encoding: gzip
Transfer-Encoding: chunked

[
    {
        "EpochTime": 1704052800,
        "WeatherText": "Cloudy",
        "Temperature": {
            "Metric": {
                "Value": 1,
                "Unit": "C"
            }
        }
    },
    {
        "EpochTime": 1704016800,
        "WeatherText": "Clear",
        "Temperature": {
            "Metric": {
                "Value": -2,
                "Unit": "C"
            }
        }
    }
]
HTTP/1.1 200 OK
Content-Type: application/json
Matched-Stub-Id: f5282f5b-b8e4-4a53-9e91-d4079e4dae42
Vary: Accept-Encoding, User-Agent
Content-Encoding: gzip
Transfer-Encoding: chunked

[
    {
        "EpochTime": 1704052800,
        "WeatherText": "Cloudy",
        "Temperature": {
            "Metric": {
                "Value": 1,
                "Unit": "C"
            }
        }
    },
    {
        "EpochTime": 1704016800,
        "WeatherText": "Clear",
        "Temperature": {
            "Metric": {
                "Value": -2,
                "Unit": "C"
            }
        }
    }
]
HTTP/1.1 200 OK
Content-Type: application/json
Matched-Stub-Id: f5282f5b-b8e4-4a53-9e91-d4079e4dae42
Vary: Accept-Encoding, User-Agent
Content-Encoding: gzip
Transfer-Encoding: chunked

[
    {
        "EpochTime": 1704052800,
        "WeatherText": "Cloudy",
        "Temperature": {
            "Metric": {
                "Value": 1,
                "Unit": "C"
            }
        }
    },
    {
        "EpochTime": 1704016800,
        "WeatherText": "Clear",
        "Temperature": {
            "Metric": {
                "Value": -2,
                "Unit": "C"
            }
        }
    }
]
HTTP/1.1 200 OK
Content-Type: application/json
Matched-Stub-Id: f5282f5b-b8e4-4a53-9e91-d4079e4dae42
Vary: Accept-Encoding, User-Agent
Content-Encoding: gzip
Transfer-Encoding: chunked

[
    {
        "EpochTime": 1704052800,
        "WeatherText": "Cloudy",
        "Temperature": {
            "Metric": {
                "Value": 1,
                "Unit": "C"
            }
        }
    },
    {
        "EpochTime": 1704016800,
        "WeatherText": "Clear",
        "Temperature": {
            "Metric": {
                "Value": -2,
                "Unit": "C"
            }
        }
    }
]
HTTP/1.1 200 OK
Content-Type: application/json
Matched-Stub-Id: f5282f5b-b8e4-4a53-9e91-d4079e4dae42
Vary: Accept-Encoding, User-Agent
Content-Encoding: gzip
Transfer-Encoding: chunked

[
    {
        "EpochTime": 1704052800,
        "WeatherText": "Cloudy",
        "Temperature": {
            "Metric": {
                "Value": 1,
                "Unit": "C"
            }
        }
    },
    {
        "EpochTime": 1704016800,
        "WeatherText": "Clear",
        "Temperature": {
            "Metric": {
                "Value": -2,
                "Unit": "C"
            }
        }
    }
]
HTTP/1.1 200 OK
Content-Type: application/json
Matched-Stub-Id: f5282f5b-b8e4-4a53-9e91-d4079e4dae42
Vary: Accept-Encoding, User-Agent
Content-Encoding: gzip
Transfer-Encoding: chunked

[
    {
        "EpochTime": 1704052800,
        "WeatherText": "Cloudy",
        "Temperature": {
            "Metric": {
                "Value": 1,
                "Unit": "C"
            }
        }
    },
    {
        "EpochTime": 1704016800,
        "WeatherText": "Clear",
        "Temperature": {
            "Metric": {
                "Value": -2,
                "Unit": "C"
            }
        }
    }
]
HTTP/1.1 200 OK
Content-Type: application/json
Matched-Stub-Id: f5282f5b-b8e4-4a53-9e91-d4079e4dae42
Vary: Accept-Encoding, User-Agent
Content-Encoding: gzip
Transfer-Encoding: chunked

[
    {
        "EpochTime": 1704052800,
        "WeatherText": "Cloudy",
        "Temperature": {
            "Metric": {
                "Value": 1,
                "Unit": "C"
            }
        }
    },
    {
        "EpochTime": 1704016800,
        "WeatherText": "Clear",
        "Temperature": {
            "Metric": {
                "Value": -2,
                "Unit": "C"
            }
        }
    }
]
HTTP/1.1 200 OK
Content-Type: application/json
Matched-Stub-Id: f5282f5b-b8e4-4a53-9e91-d4079e4dae42
Vary: Accept-Encoding, User-Agent
Content-Encoding: gzip
Transfer-Encoding: chunked

[
    {
        "EpochTime": 1704052800,
        "WeatherText": "Cloudy",
        "Temperature": {
            "Metric": {
                "Value": 1,
                "Unit": "C"
            }
        }
    },
    {
        "EpochTime": 1704016800,
        "WeatherText": "Clear",
        "Temperature": {
            "Metric": {
                "Value": -2,
                "Unit": "C"
            }
        }
    }
]
HTTP/1.1 200 OK
Content-Type: application/json
Matched-Stub-Id: f5282f5b-b8e4-4a53-9e91-d4079e4dae42
Vary: Accept-Encoding, User-Agent
Content-Encoding: gzip
Transfer-Encoding: chunked

[
    {
        "EpochTime": 1704052800,
        "WeatherText": "Cloudy",
        "Temperature": {
            "Metric": {
                "Value": 1,
                "Unit": "C"
            }
        }
    },
    {
        "EpochTime": 1704016800,
        "WeatherText": "Clear",
        "Temperature": {
            "Metric": {
                "Value": -2,
                "Unit": "C"
            }
        }
    }
]
HTTP/1.1 200 OK
Content-Type: application/json
Matched-Stub-Id: f5282f5b-b8e4-4a53-9e91-d4079e4dae42
Vary: Accept-Encoding, User-Agent
Content-Encoding: gzip
Transfer-Encoding: chunked

[
    {
        "EpochTime": 1704052800,
        "WeatherText": "Cloudy",
        "Temperature": {
            "Metric": {
                "Value": 1,
                "Unit": "C"
            }
        }
    },
    {
        "EpochTime": 1704016800,
        "WeatherText": "Clear",
        "Temperature": {
            "Metric": {
                "Value": -2,
                "Unit": "C"
            }
        }
    }
]
HTTP/1.1 200 OK
Content-Type: application/json
Matched-Stub-Id: f5282f5b-b8e4-4a53-9e91-d4079e4dae42
Vary: Accept-Encoding, User-Agent
Content-Encoding: gzip
Transfer-Encoding: chunked

[
    {
        "EpochTime": 1704052800,
        "WeatherText": "Cloudy",
        "Temperature": {
            "Metric": {
                "Value": 1,
                "Unit": "C"
            }
        }
    },
    {
        "EpochTime": 1704016800,
        "WeatherText": "Clear",
        "Temperature": {
            "Metric": {
                "Value": -2,
                "Unit": "C"
            }
        }
    }
]
HTTP/1.1 200 OK
Content-Type: application/json
Matched-Stub-Id: f5282f5b-b8e4-4a53-9e91-d4079e4dae42
Vary: Accept-Encoding, User-Agent
Content-Encoding: gzip
Transfer-Encoding: chunked

[
    {
        "EpochTime": 1704052800,
        "WeatherText": "Cloudy",
        "Temperature": {
            "Metric": {
                "Value": 1,
                "Unit": "C"
            }
        }
    },
    {
        "EpochTime": 1704016800,
        "WeatherText": "Clear",
        "Temperature": {
            "Metric": {
                "Value": -2,
                "Unit": "C"
            }
        }
    }
]
HTTP/1.1 200 OK
Content-Type: application/json
Matched-Stub-Id: f5282f5b-b8e4-4a53-9e91-d4079e4dae42
Vary: Accept-Encoding, User-Agent
Content-Encoding: gzip
Transfer-Encoding: chunked

[
    {
        "EpochTime": 1704052800,
        "WeatherText": "Cloudy",
        "Temperature": {
            "Metric": {
                "Value": 1,
                "Unit": "C"
            }
        }
    },
    {
        "EpochTime": 1704016800,
        "WeatherText": "Clear",
        "Temperature": {
            "Metric": {
                "Value": -2,
                "Unit": "C"
            }
        }
    }
]
HTTP/1.1 200 OK
Content-Type: application/json
Matched-Stub-Id: f5282f5b-b8e4-4a53-9e91-d4079e4dae42
Vary: Accept-Encoding, User-Agent
Content-Encoding: gzip
Transfer-Encoding: chunked

[
    {
        "EpochTime": 1704052800,
        "WeatherText": "Cloudy",
        "Temperature": {
            "Metric": {
                "Value": 1,
                "Unit": "C"
            }
        }
    },
    {
        "EpochTime": 1704016800,
        "WeatherText": "Clear",
        "Temperature": {
            "Metric": {
                "Value": -2,
                "Unit": "C"
            }
        }
    }
]
HTTP/1.1 200 OK
Content-Type: application/json
Matched-Stub-Id: f5282f5b-b8e4-4a53-9e91-d4079e4dae42
Vary: Accept-Encoding, User-Agent
Content-Encoding: gzip
Transfer-Encoding: chunked

[
    {
        "EpochTime": 1704052800,
        "WeatherText": "Cloudy",
        "Temperature": {
            "Metric": {
                "Value": 1,
                "Unit": "C"
            }
        }
    },
    {
        "EpochTime": 1704016800,
        "WeatherText": "Clear",
        "Temperature": {
            "Metric": {
                "Value": -2,
                "Unit": "C"
            }
        }
    }
]
HTTP/1.1 200 OK
Content-Type: application/json
Matched-Stub-Id: f5282f5b-b8e4-4a53-9e91-d4079e4dae42
Vary: Accept-Encoding, User-Agent
Content-Encoding: gzip
Transfer-Encoding: chunked

[
    {
        "EpochTime": 1704052800,
        "WeatherText": "Cloudy",
        "Temperature": {
            "Metric": {
                "Value": 1,
                "Unit": "C"
            }
        }
    },
    {
        "EpochTime": 1704016800,
        "WeatherText": "Clear",
        "Temperature": {
            "Metric": {
                "Value": -2,
                "Unit": "C"
            }
        }
    }
]
HTTP/1.1 200 OK
Content-Type: application/json
Matched-Stub-Id: f5282f5b-b8e4-4a53-9e91-d4079e4dae42
Vary: Accept-Encoding, User-Agent
Content-Encoding: gzip
Transfer-Encoding: chunked

[
    {
        "EpochTime": 1704052800,
        "WeatherText": "Cloudy",
        "Temperature": {
            "Metric": {
                "Value": 1,
                "Unit": "C"
            }
        }
    },
    {
        "EpochTime": 1704016800,
        "WeatherText": "Clear",
        "Temperature": {
            "Metric": {
                "Value": -2,
                "Unit": "C"
            }
        }
    }
]
HTTP/1.1 200 OK
Content-Type: application/json
Matched-Stub-Id: f5282f5b-b8e4-4a53-9e91-d4079e4dae42
Vary: Accept-Encoding, User-Agent
Content-Encoding: gzip
Transfer-Encoding: chunked

[
    {
        "EpochTime": 1704052800,
        "WeatherText": "Cloudy",
        "Temperature": {
            "Metric": {
                "Value": 1,
                "Unit": "C"
            }
        }
    },
    {
        "EpochTime": 1704016800,
        "WeatherText": "Clear",
        "Temperature": {
            "Metric": {
                "Value": -2,
                "Unit": "C"
            }
        }
    }
]
HTTP/1.1 200 OK
Content-Type: application/json
Matched-Stub-Id: f5282f5b-b8e4-4a53-9e91-d4079e4dae42
Vary: Accept-Encoding, User-Agent
Content-Encoding: gzip
Transfer-Encoding: chunked

[
    {
        "EpochTime": 1704052800,
        "WeatherText": "Cloudy",
        "Temperature": {
            "Metric": {
                "Value": 1,
                "Unit": "C"
            }
        }
    },
    {
        "EpochTime": 1704016800,
        "WeatherText": "Clear",
        "Temperature": {
            "Metric": {
                "Value": -2,
                "Unit": "C"
            }
        }
    }
]
HTTP/1.1 200 OK
Content-Type: application/json
Matched-Stub-Id: f5282f5b-b8e4-4a53-9e91-d4079e4dae42
Vary: Accept-Encoding, User-Agent
Content-Encoding: gzip
Transfer-Encoding: chunked

[
    {
        "EpochTime": 1704052800,
        "WeatherText": "Cloudy",
        "Temperature": {
            "Metric": {
                "Value": 1,
                "Unit": "C"
            }
        }
    },
    {
        "EpochTime": 1704016800,
        "WeatherText": "Clear",
        "Temperature": {
            "Metric": {
                "Value": -2,
                "Unit": "C"
            }
        }
    }
]
HTTP/1.1 200 OK
Content-Type: application/json
Matched-Stub-Id: f5282f5b-b8e4-4a53-9e91-d4079e4dae42
Vary: Accept-Encoding, User-Agent
Content-Encoding: gzip
Transfer-Encoding: chunked

[
    {
        "EpochTime": 1704052800,
        "WeatherText": "Cloudy",
        "Temperature": {
            "Metric": {
                "Value": 1,
                "Unit": "C"
            }
        }
    },
    {
        "EpochTime": 1704016800,
        "WeatherText": "Clear",
        "Temperature": {
            "Metric": {
                "Value": -2,
                "Unit": "C"
            }
        }
    }
]
]]></system-out>
  </testcase>
</testsuite>